#
# There is insufficient memory for the Java Runtime Environment to continue.
# Native memory allocation (malloc) failed to allocate 1701776 bytes for Chunk::new
# Possible reasons:
#   The system is out of physical RAM or swap space
#   The process is running with CompressedOops enabled, and the Java Heap may be blocking the growth of the native heap
# Possible solutions:
#   Reduce memory load on the system
#   Increase physical memory or swap space
#   Check if swap backing store is full
#   Decrease Java heap size (-Xmx/-Xms)
#   Decrease number of Java threads
#   Decrease Java thread stack sizes (-Xss)
#   Set larger code cache with -XX:ReservedCodeCacheSize=
#   JVM is running with Unscaled Compressed Oops mode in which the Java heap is
#     placed in the first 4GB address space. The Java Heap base address is the
#     maximum limit for the native heap growth. Please use -XX:HeapBaseMinAddress
#     to set the Java Heap base and to place the Java Heap above 4GB virtual address.
# This output file may be truncated or incomplete.
#
#  Out of Memory Error (./src/hotspot/share/memory/arena.cpp:197), pid=6392, tid=2428
#
# JRE version: OpenJDK Runtime Environment (11.0.8+10) (build 11.0.8+10-b944.6842174)
# Java VM: OpenJDK 64-Bit Server VM (11.0.8+10-b944.6842174, mixed mode, tiered, compressed oops, g1 gc, windows-amd64)
# No core dump will be written. Minidumps are not enabled by default on client versions of Windows
#

---------------  S U M M A R Y ------------

Command Line: --add-opens=java.base/java.util=ALL-UNNAMED --add-opens=java.base/java.lang=ALL-UNNAMED --add-opens=java.base/java.lang.invoke=ALL-UNNAMED --add-opens=java.prefs/java.util.prefs=ALL-UNNAMED -Xmx2048m -Dfile.encoding=UTF-8 -Duser.country=US -Duser.language=en -Duser.variant org.gradle.launcher.daemon.bootstrap.GradleDaemon 6.7.1

Host: Intel(R) Core(TM) i3-5005U CPU @ 2.00GHz, 4 cores, 3G,  Windows 10 , 64 bit Build 19041 (10.0.19041.1023)
Time: Thu Jul  8 22:28:10 2021 SE Asia Standard Time elapsed time: 45 seconds (0d 0h 0m 45s)

---------------  T H R E A D  ---------------

Current thread (0x000001d743597000):  JavaThread "C2 CompilerThread0" daemon [_thread_in_native, id=2428, stack(0x000000646e600000,0x000000646e700000)]


Current CompileTask:
C2:  45374 8731   !   4       java.util.jar.Attributes::read (388 bytes)

Stack: [0x000000646e600000,0x000000646e700000]
Native frames: (J=compiled Java code, j=interpreted, Vv=VM code, C=native code)
V  [jvm.dll+0x5de50a]
V  [jvm.dll+0x7122f5]
V  [jvm.dll+0x71384d]
V  [jvm.dll+0x713f03]
V  [jvm.dll+0x23e728]
V  [jvm.dll+0xb899c]
V  [jvm.dll+0xb8e9c]
V  [jvm.dll+0x35024d]
V  [jvm.dll+0x31dea3]
V  [jvm.dll+0x31d39a]
V  [jvm.dll+0x1f7702]
V  [jvm.dll+0x1f68d4]
V  [jvm.dll+0x17f32c]
V  [jvm.dll+0x205047]
V  [jvm.dll+0x203891]
V  [jvm.dll+0x6dad3f]
V  [jvm.dll+0x6d3895]
V  [jvm.dll+0x5dd4a6]
C  [ucrtbase.dll+0x21bb2]
C  [KERNEL32.DLL+0x17034]
C  [ntdll.dll+0x52651]


---------------  P R O C E S S  ---------------

Threads class SMR info:
_java_thread_list=0x000001d748daa060, length=134, elements={
0x000001d72935a000, 0x000001d74353c800, 0x000001d743547800, 0x000001d743592800,
0x000001d743593800, 0x000001d743597000, 0x000001d7435a1800, 0x000001d7435a3000,
0x000001d744005800, 0x000001d74402b800, 0x000001d7458f1000, 0x000001d7458f0000,
0x000001d7458fc000, 0x000001d745831800, 0x000001d745bd1800, 0x000001d744a85800,
0x000001d744cf5800, 0x000001d745a79800, 0x000001d745a7a000, 0x000001d745207000,
0x000001d744d52000, 0x000001d744d53800, 0x000001d744d54800, 0x000001d744d57800,
0x000001d744d55000, 0x000001d744d58800, 0x000001d744d53000, 0x000001d744d56000,
0x000001d744d57000, 0x000001d7465f5000, 0x000001d7465f9000, 0x000001d7465f4800,
0x000001d7465fa000, 0x000001d7465f8800, 0x000001d7465f6800, 0x000001d7465fb000,
0x000001d7465f7800, 0x000001d7465fb800, 0x000001d7465f6000, 0x000001d7465ff000,
0x000001d7465fe000, 0x000001d746602000, 0x000001d7465fd000, 0x000001d7465fc800,
0x000001d7465ff800, 0x000001d746601800, 0x000001d746600800, 0x000001d746603000,
0x000001d748a3b000, 0x000001d748a40000, 0x000001d748a41800, 0x000001d748a3c000,
0x000001d748a42800, 0x000001d748a3f000, 0x000001d748a3c800, 0x000001d748a43800,
0x000001d748a44000, 0x000001d748a3e800, 0x000001d748a46800, 0x000001d748a47800,
0x000001d748a45000, 0x000001d748a48000, 0x000001d748a45800, 0x000001d748a49000,
0x000001d74a054800, 0x000001d74a055800, 0x000001d74a052800, 0x000001d74a057000,
0x000001d74a056800, 0x000001d74a053000, 0x000001d74a058000, 0x000001d74a059000,
0x000001d74a059800, 0x000001d74a054000, 0x000001d74a05c000, 0x000001d74a05e800,
0x000001d74a05f800, 0x000001d74a05d000, 0x000001d74a05d800, 0x000001d74a05a800,
0x000001d74a05b800, 0x000001d74a060000, 0x000001d74a061000, 0x000001d74619e800,
0x000001d7461a0800, 0x000001d7461a3000, 0x000001d74619f800, 0x000001d7461a2000,
0x000001d74619d000, 0x000001d7461a1000, 0x000001d7461a3800, 0x000001d74619e000,
0x000001d7461aa000, 0x000001d7461a8800, 0x000001d7461a5800, 0x000001d7461a7000,
0x000001d7461a4800, 0x000001d7461a9800, 0x000001d7461ab000, 0x000001d7461ac000,
0x000001d7461a7800, 0x000001d7461a6000, 0x000001d746b9d000, 0x000001d746b9f800,
0x000001d746ba1800, 0x000001d746ba0800, 0x000001d746ba2000, 0x000001d746b9c800,
0x000001d746ba3000, 0x000001d746b9e000, 0x000001d746b9f000, 0x000001d746ba8000,
0x000001d746ba5800, 0x000001d746ba9800, 0x000001d746ba6000, 0x000001d746ba7000,
0x000001d746ba3800, 0x000001d746ba4800, 0x000001d746ba8800, 0x000001d746baa000,
0x000001d746bab000, 0x000001d746b08800, 0x000001d746b07000, 0x000001d746b07800,
0x000001d746b09800, 0x000001d746b05000, 0x000001d746b0a000, 0x000001d746b06000,
0x000001d746b04800, 0x000001d746b0e000, 0x000001d746b0f000, 0x000001d746b0c800,
0x000001d746b0c000, 0x000001d746b10000
}

Java Threads: ( => current thread )
  0x000001d72935a000 JavaThread "main" [_thread_blocked, id=13596, stack(0x000000646db00000,0x000000646dc00000)]
  0x000001d74353c800 JavaThread "Reference Handler" daemon [_thread_blocked, id=14720, stack(0x000000646e200000,0x000000646e300000)]
  0x000001d743547800 JavaThread "Finalizer" daemon [_thread_blocked, id=15164, stack(0x000000646e300000,0x000000646e400000)]
  0x000001d743592800 JavaThread "Signal Dispatcher" daemon [_thread_blocked, id=10100, stack(0x000000646e400000,0x000000646e500000)]
  0x000001d743593800 JavaThread "Attach Listener" daemon [_thread_blocked, id=676, stack(0x000000646e500000,0x000000646e600000)]
=>0x000001d743597000 JavaThread "C2 CompilerThread0" daemon [_thread_in_native, id=2428, stack(0x000000646e600000,0x000000646e700000)]
  0x000001d7435a1800 JavaThread "C1 CompilerThread0" daemon [_thread_in_vm, id=4924, stack(0x000000646e700000,0x000000646e800000)]
  0x000001d7435a3000 JavaThread "Sweeper thread" daemon [_thread_blocked, id=7080, stack(0x000000646e800000,0x000000646e900000)]
  0x000001d744005800 JavaThread "Common-Cleaner" daemon [_thread_blocked, id=15160, stack(0x000000646e900000,0x000000646ea00000)]
  0x000001d74402b800 JavaThread "Service Thread" daemon [_thread_blocked, id=7600, stack(0x000000646ea00000,0x000000646eb00000)]
  0x000001d7458f1000 JavaThread "Daemon health stats" [_thread_blocked, id=5576, stack(0x000000646ed00000,0x000000646ee00000)]
  0x000001d7458f0000 JavaThread "Incoming local TCP Connector on port 65474" [_thread_in_native, id=14500, stack(0x000000646f200000,0x000000646f300000)]
  0x000001d7458fc000 JavaThread "Daemon periodic checks" [_thread_blocked, id=3076, stack(0x000000646f300000,0x000000646f400000)]
  0x000001d745831800 JavaThread "Daemon" [_thread_blocked, id=10172, stack(0x000000646f400000,0x000000646f500000)]
  0x000001d745bd1800 JavaThread "Handler for socket connection from /127.0.0.1:65474 to /127.0.0.1:65475" [_thread_in_native, id=14700, stack(0x000000646f500000,0x000000646f600000)]
  0x000001d744a85800 JavaThread "Cancel handler" [_thread_blocked, id=6732, stack(0x000000646f600000,0x000000646f700000)]
  0x000001d744cf5800 JavaThread "Daemon worker" [_thread_in_vm, id=2260, stack(0x000000646f700000,0x000000646f800000)]
  0x000001d745a79800 JavaThread "Asynchronous log dispatcher for DefaultDaemonConnection: socket connection from /127.0.0.1:65474 to /127.0.0.1:65475" [_thread_blocked, id=14176, stack(0x000000646f800000,0x000000646f900000)]
  0x000001d745a7a000 JavaThread "Stdin handler" [_thread_blocked, id=3556, stack(0x000000646f900000,0x000000646fa00000)]
  0x000001d745207000 JavaThread "Thread-8" [_thread_blocked, id=432, stack(0x000000646fa00000,0x000000646fb00000)]
  0x000001d744d52000 JavaThread "Cache worker for file hash cache (C:\Users\Admin\.gradle\caches\6.7.1\fileHashes)" [_thread_blocked, id=11664, stack(0x000000646fb00000,0x000000646fc00000)]
  0x000001d744d53800 JavaThread "File lock request listener" [_thread_in_native, id=7664, stack(0x000000646fc00000,0x000000646fd00000)]
  0x000001d744d54800 JavaThread "Cache worker for journal cache (C:\Users\Admin\.gradle\caches\journal-1)" [_thread_blocked, id=14940, stack(0x000000646fd00000,0x000000646fe00000)]
  0x000001d744d57800 JavaThread "Cache worker for file hash cache (D:\AndroidStudioProjects\Eat_Simple\.gradle\6.7.1\fileHashes)" [_thread_blocked, id=12864, stack(0x000000646fe00000,0x000000646ff00000)]
  0x000001d744d55000 JavaThread "jar transforms" [_thread_blocked, id=13652, stack(0x000000646ff00000,0x0000006470000000)]
  0x000001d744d58800 JavaThread "jar transforms Thread 2" [_thread_blocked, id=8112, stack(0x0000006470000000,0x0000006470100000)]
  0x000001d744d53000 JavaThread "jar transforms Thread 3" [_thread_blocked, id=12004, stack(0x0000006470100000,0x0000006470200000)]
  0x000001d744d56000 JavaThread "jar transforms Thread 4" [_thread_blocked, id=1628, stack(0x0000006470200000,0x0000006470300000)]
  0x000001d744d57000 JavaThread "jar transforms Thread 5" [_thread_blocked, id=7964, stack(0x0000006470300000,0x0000006470400000)]
  0x000001d7465f5000 JavaThread "jar transforms Thread 6" [_thread_blocked, id=5412, stack(0x0000006470400000,0x0000006470500000)]
  0x000001d7465f9000 JavaThread "jar transforms Thread 7" [_thread_blocked, id=3948, stack(0x0000006470500000,0x0000006470600000)]
  0x000001d7465f4800 JavaThread "jar transforms Thread 8" [_thread_blocked, id=14916, stack(0x0000006470600000,0x0000006470700000)]
  0x000001d7465fa000 JavaThread "jar transforms Thread 9" [_thread_blocked, id=8960, stack(0x0000006470700000,0x0000006470800000)]
  0x000001d7465f8800 JavaThread "jar transforms Thread 10" [_thread_blocked, id=9024, stack(0x0000006470800000,0x0000006470900000)]
  0x000001d7465f6800 JavaThread "jar transforms Thread 11" [_thread_blocked, id=3924, stack(0x0000006470900000,0x0000006470a00000)]
  0x000001d7465fb000 JavaThread "jar transforms Thread 12" [_thread_blocked, id=14684, stack(0x0000006470a00000,0x0000006470b00000)]
  0x000001d7465f7800 JavaThread "jar transforms Thread 13" [_thread_blocked, id=11640, stack(0x0000006470b00000,0x0000006470c00000)]
  0x000001d7465fb800 JavaThread "jar transforms Thread 14" [_thread_blocked, id=10716, stack(0x0000006470c00000,0x0000006470d00000)]
  0x000001d7465f6000 JavaThread "jar transforms Thread 15" [_thread_blocked, id=4872, stack(0x0000006470d00000,0x0000006470e00000)]
  0x000001d7465ff000 JavaThread "jar transforms Thread 16" [_thread_blocked, id=10176, stack(0x0000006470e00000,0x0000006470f00000)]
  0x000001d7465fe000 JavaThread "jar transforms Thread 17" [_thread_blocked, id=5092, stack(0x0000006470f00000,0x0000006471000000)]
  0x000001d746602000 JavaThread "jar transforms Thread 18" [_thread_blocked, id=11704, stack(0x0000006471000000,0x0000006471100000)]
  0x000001d7465fd000 JavaThread "jar transforms Thread 19" [_thread_blocked, id=15324, stack(0x0000006471100000,0x0000006471200000)]
  0x000001d7465fc800 JavaThread "jar transforms Thread 20" [_thread_blocked, id=9156, stack(0x0000006471200000,0x0000006471300000)]
  0x000001d7465ff800 JavaThread "jar transforms Thread 21" [_thread_blocked, id=14712, stack(0x0000006471300000,0x0000006471400000)]
  0x000001d746601800 JavaThread "Cache worker for checksums cache (D:\AndroidStudioProjects\Eat_Simple\.gradle\checksums)" [_thread_blocked, id=7428, stack(0x0000006471400000,0x0000006471500000)]
  0x000001d746600800 JavaThread "Cache worker for cache directory md-supplier (C:\Users\Admin\.gradle\caches\6.7.1\md-supplier)" [_thread_blocked, id=14144, stack(0x0000006471500000,0x0000006471600000)]
  0x000001d746603000 JavaThread "Cache worker for cache directory md-rule (C:\Users\Admin\.gradle\caches\6.7.1\md-rule)" [_thread_blocked, id=14168, stack(0x0000006471600000,0x0000006471700000)]
  0x000001d748a3b000 JavaThread "Cache worker for execution history cache (C:\Users\Admin\.gradle\caches\6.7.1\executionHistory)" [_thread_blocked, id=4036, stack(0x0000006471700000,0x0000006471800000)]
  0x000001d748a40000 JavaThread "Cache worker for file content cache (C:\Users\Admin\.gradle\caches\6.7.1\fileContent)" [_thread_blocked, id=9748, stack(0x0000006471800000,0x0000006471900000)]
  0x000001d748a41800 JavaThread "Cache worker for Build Output Cleanup Cache (D:\AndroidStudioProjects\Eat_Simple\.gradle\buildOutputCleanup)" [_thread_blocked, id=7516, stack(0x0000006471900000,0x0000006471a00000)]
  0x000001d748a3c000 JavaThread "Build operations" [_thread_blocked, id=12512, stack(0x0000006471a00000,0x0000006471b00000)]
  0x000001d748a42800 JavaThread "Build operations Thread 2" [_thread_blocked, id=14572, stack(0x0000006471b00000,0x0000006471c00000)]
  0x000001d748a3f000 JavaThread "Build operations Thread 3" [_thread_blocked, id=12916, stack(0x0000006471c00000,0x0000006471d00000)]
  0x000001d748a3c800 JavaThread "Build operations Thread 4" [_thread_blocked, id=6120, stack(0x0000006471d00000,0x0000006471e00000)]
  0x000001d748a43800 JavaThread "jar transforms Thread 22" [_thread_blocked, id=1612, stack(0x0000006471f00000,0x0000006472000000)]
  0x000001d748a44000 JavaThread "jar transforms Thread 23" [_thread_blocked, id=15212, stack(0x0000006472000000,0x0000006472100000)]
  0x000001d748a3e800 JavaThread "jar transforms Thread 24" [_thread_blocked, id=4520, stack(0x0000006472100000,0x0000006472200000)]
  0x000001d748a46800 JavaThread "jar transforms Thread 25" [_thread_blocked, id=13120, stack(0x0000006472200000,0x0000006472300000)]
  0x000001d748a47800 JavaThread "jar transforms Thread 26" [_thread_blocked, id=12672, stack(0x0000006472300000,0x0000006472400000)]
  0x000001d748a45000 JavaThread "jar transforms Thread 27" [_thread_blocked, id=12496, stack(0x0000006472400000,0x0000006472500000)]
  0x000001d748a48000 JavaThread "jar transforms Thread 28" [_thread_blocked, id=9460, stack(0x0000006472500000,0x0000006472600000)]
  0x000001d748a45800 JavaThread "jar transforms Thread 29" [_thread_blocked, id=9008, stack(0x0000006472600000,0x0000006472700000)]
  0x000001d748a49000 JavaThread "jar transforms Thread 30" [_thread_blocked, id=11932, stack(0x0000006472700000,0x0000006472800000)]
  0x000001d74a054800 JavaThread "jar transforms Thread 31" [_thread_blocked, id=6864, stack(0x0000006472800000,0x0000006472900000)]
  0x000001d74a055800 JavaThread "jar transforms Thread 32" [_thread_blocked, id=11304, stack(0x0000006472900000,0x0000006472a00000)]
  0x000001d74a052800 JavaThread "jar transforms Thread 33" [_thread_blocked, id=8016, stack(0x0000006472a00000,0x0000006472b00000)]
  0x000001d74a057000 JavaThread "jar transforms Thread 34" [_thread_blocked, id=9648, stack(0x0000006472b00000,0x0000006472c00000)]
  0x000001d74a056800 JavaThread "jar transforms Thread 35" [_thread_blocked, id=4508, stack(0x0000006472c00000,0x0000006472d00000)]
  0x000001d74a053000 JavaThread "jar transforms Thread 36" [_thread_blocked, id=5396, stack(0x0000006472d00000,0x0000006472e00000)]
  0x000001d74a058000 JavaThread "jar transforms Thread 37" [_thread_blocked, id=2164, stack(0x0000006472e00000,0x0000006472f00000)]
  0x000001d74a059000 JavaThread "jar transforms Thread 38" [_thread_blocked, id=8424, stack(0x0000006472f00000,0x0000006473000000)]
  0x000001d74a059800 JavaThread "jar transforms Thread 39" [_thread_blocked, id=15352, stack(0x0000006473000000,0x0000006473100000)]
  0x000001d74a054000 JavaThread "jar transforms Thread 40" [_thread_blocked, id=12084, stack(0x0000006473100000,0x0000006473200000)]
  0x000001d74a05c000 JavaThread "jar transforms Thread 41" [_thread_blocked, id=11572, stack(0x0000006473200000,0x0000006473300000)]
  0x000001d74a05e800 JavaThread "jar transforms Thread 42" [_thread_blocked, id=12252, stack(0x0000006473300000,0x0000006473400000)]
  0x000001d74a05f800 JavaThread "jar transforms Thread 43" [_thread_blocked, id=3544, stack(0x0000006473400000,0x0000006473500000)]
  0x000001d74a05d000 JavaThread "jar transforms Thread 44" [_thread_blocked, id=8908, stack(0x0000006473500000,0x0000006473600000)]
  0x000001d74a05d800 JavaThread "jar transforms Thread 45" [_thread_blocked, id=13240, stack(0x0000006473600000,0x0000006473700000)]
  0x000001d74a05a800 JavaThread "jar transforms Thread 46" [_thread_blocked, id=12744, stack(0x0000006473700000,0x0000006473800000)]
  0x000001d74a05b800 JavaThread "jar transforms Thread 47" [_thread_blocked, id=11960, stack(0x0000006473800000,0x0000006473900000)]
  0x000001d74a060000 JavaThread "jar transforms Thread 48" [_thread_blocked, id=1848, stack(0x0000006473900000,0x0000006473a00000)]
  0x000001d74a061000 JavaThread "jar transforms Thread 49" [_thread_blocked, id=7416, stack(0x0000006473a00000,0x0000006473b00000)]
  0x000001d74619e800 JavaThread "jar transforms Thread 50" [_thread_blocked, id=1072, stack(0x0000006473b00000,0x0000006473c00000)]
  0x000001d7461a0800 JavaThread "jar transforms Thread 51" [_thread_blocked, id=15064, stack(0x0000006473c00000,0x0000006473d00000)]
  0x000001d7461a3000 JavaThread "jar transforms Thread 52" [_thread_blocked, id=7260, stack(0x0000006473d00000,0x0000006473e00000)]
  0x000001d74619f800 JavaThread "jar transforms Thread 53" [_thread_blocked, id=2964, stack(0x0000006473e00000,0x0000006473f00000)]
  0x000001d7461a2000 JavaThread "jar transforms Thread 54" [_thread_blocked, id=6796, stack(0x0000006473f00000,0x0000006474000000)]
  0x000001d74619d000 JavaThread "jar transforms Thread 55" [_thread_blocked, id=13048, stack(0x0000006474000000,0x0000006474100000)]
  0x000001d7461a1000 JavaThread "jar transforms Thread 56" [_thread_blocked, id=9160, stack(0x0000006474100000,0x0000006474200000)]
  0x000001d7461a3800 JavaThread "jar transforms Thread 57" [_thread_blocked, id=11180, stack(0x0000006474200000,0x0000006474300000)]
  0x000001d74619e000 JavaThread "jar transforms Thread 58" [_thread_blocked, id=11576, stack(0x0000006474300000,0x0000006474400000)]
  0x000001d7461aa000 JavaThread "jar transforms Thread 59" [_thread_blocked, id=3920, stack(0x0000006474400000,0x0000006474500000)]
  0x000001d7461a8800 JavaThread "jar transforms Thread 60" [_thread_blocked, id=1960, stack(0x0000006474500000,0x0000006474600000)]
  0x000001d7461a5800 JavaThread "jar transforms Thread 61" [_thread_blocked, id=12620, stack(0x0000006474600000,0x0000006474700000)]
  0x000001d7461a7000 JavaThread "jar transforms Thread 62" [_thread_blocked, id=9760, stack(0x0000006474700000,0x0000006474800000)]
  0x000001d7461a4800 JavaThread "jar transforms Thread 63" [_thread_blocked, id=14184, stack(0x0000006474800000,0x0000006474900000)]
  0x000001d7461a9800 JavaThread "jar transforms Thread 64" [_thread_blocked, id=11260, stack(0x0000006474900000,0x0000006474a00000)]
  0x000001d7461ab000 JavaThread "jar transforms Thread 65" [_thread_blocked, id=6056, stack(0x0000006474a00000,0x0000006474b00000)]
  0x000001d7461ac000 JavaThread "jar transforms Thread 66" [_thread_blocked, id=6724, stack(0x0000006474b00000,0x0000006474c00000)]
  0x000001d7461a7800 JavaThread "jar transforms Thread 67" [_thread_blocked, id=2252, stack(0x0000006474c00000,0x0000006474d00000)]
  0x000001d7461a6000 JavaThread "jar transforms Thread 68" [_thread_blocked, id=15264, stack(0x0000006474d00000,0x0000006474e00000)]
  0x000001d746b9d000 JavaThread "jar transforms Thread 69" [_thread_blocked, id=5560, stack(0x0000006474e00000,0x0000006474f00000)]
  0x000001d746b9f800 JavaThread "jar transforms Thread 70" [_thread_blocked, id=11508, stack(0x0000006474f00000,0x0000006475000000)]
  0x000001d746ba1800 JavaThread "jar transforms Thread 71" [_thread_blocked, id=14488, stack(0x0000006475000000,0x0000006475100000)]
  0x000001d746ba0800 JavaThread "jar transforms Thread 72" [_thread_blocked, id=8984, stack(0x0000006475100000,0x0000006475200000)]
  0x000001d746ba2000 JavaThread "jar transforms Thread 73" [_thread_blocked, id=2804, stack(0x0000006475200000,0x0000006475300000)]
  0x000001d746b9c800 JavaThread "jar transforms Thread 74" [_thread_blocked, id=14788, stack(0x0000006475300000,0x0000006475400000)]
  0x000001d746ba3000 JavaThread "jar transforms Thread 75" [_thread_blocked, id=2560, stack(0x0000006475400000,0x0000006475500000)]
  0x000001d746b9e000 JavaThread "jar transforms Thread 76" [_thread_blocked, id=13276, stack(0x0000006475500000,0x0000006475600000)]
  0x000001d746b9f000 JavaThread "jar transforms Thread 77" [_thread_blocked, id=13384, stack(0x0000006475600000,0x0000006475700000)]
  0x000001d746ba8000 JavaThread "jar transforms Thread 78" [_thread_blocked, id=2292, stack(0x0000006475700000,0x0000006475800000)]
  0x000001d746ba5800 JavaThread "jar transforms Thread 79" [_thread_blocked, id=8480, stack(0x0000006475800000,0x0000006475900000)]
  0x000001d746ba9800 JavaThread "jar transforms Thread 80" [_thread_blocked, id=13928, stack(0x0000006475900000,0x0000006475a00000)]
  0x000001d746ba6000 JavaThread "jar transforms Thread 81" [_thread_blocked, id=3292, stack(0x0000006475a00000,0x0000006475b00000)]
  0x000001d746ba7000 JavaThread "jar transforms Thread 82" [_thread_blocked, id=2752, stack(0x0000006475b00000,0x0000006475c00000)]
  0x000001d746ba3800 JavaThread "jar transforms Thread 83" [_thread_blocked, id=4356, stack(0x0000006475c00000,0x0000006475d00000)]
  0x000001d746ba4800 JavaThread "jar transforms Thread 84" [_thread_blocked, id=6504, stack(0x0000006475d00000,0x0000006475e00000)]
  0x000001d746ba8800 JavaThread "jar transforms Thread 85" [_thread_blocked, id=9448, stack(0x0000006475e00000,0x0000006475f00000)]
  0x000001d746baa000 JavaThread "jar transforms Thread 86" [_thread_blocked, id=9856, stack(0x0000006475f00000,0x0000006476000000)]
  0x000001d746bab000 JavaThread "jar transforms Thread 87" [_thread_blocked, id=6468, stack(0x0000006476000000,0x0000006476100000)]
  0x000001d746b08800 JavaThread "jar transforms Thread 88" [_thread_blocked, id=12752, stack(0x0000006476100000,0x0000006476200000)]
  0x000001d746b07000 JavaThread "jar transforms Thread 89" [_thread_blocked, id=7668, stack(0x0000006476200000,0x0000006476300000)]
  0x000001d746b07800 JavaThread "jar transforms Thread 90" [_thread_blocked, id=14504, stack(0x0000006476300000,0x0000006476400000)]
  0x000001d746b09800 JavaThread "jar transforms Thread 91" [_thread_blocked, id=14896, stack(0x0000006476400000,0x0000006476500000)]
  0x000001d746b05000 JavaThread "jar transforms Thread 92" [_thread_blocked, id=2100, stack(0x0000006476500000,0x0000006476600000)]
  0x000001d746b0a000 JavaThread "jar transforms Thread 93" [_thread_blocked, id=8956, stack(0x0000006476600000,0x0000006476700000)]
  0x000001d746b06000 JavaThread "jar transforms Thread 94" [_thread_blocked, id=924, stack(0x0000006476700000,0x0000006476800000)]
  0x000001d746b04800 JavaThread "jar transforms Thread 95" [_thread_blocked, id=9000, stack(0x0000006476800000,0x0000006476900000)]
  0x000001d746b0e000 JavaThread "jar transforms Thread 96" [_thread_blocked, id=13024, stack(0x0000006476900000,0x0000006476a00000)]
  0x000001d746b0f000 JavaThread "jar transforms Thread 97" [_thread_blocked, id=14664, stack(0x0000006476a00000,0x0000006476b00000)]
  0x000001d746b0c800 JavaThread "jar transforms Thread 98" [_thread_blocked, id=10096, stack(0x0000006476b00000,0x0000006476c00000)]
  0x000001d746b0c000 JavaThread "jar transforms Thread 99" [_thread_blocked, id=10388, stack(0x0000006476c00000,0x0000006476d00000)]
  0x000001d746b10000 JavaThread "Memory manager" [_thread_blocked, id=14952, stack(0x0000006476d00000,0x0000006476e00000)]

Other Threads:
  0x000001d743536000 VMThread "VM Thread" [stack: 0x000000646e100000,0x000000646e200000] [id=12964]
  0x000001d74402c800 WatcherThread [stack: 0x000000646eb00000,0x000000646ec00000] [id=5780]
  0x000001d729372800 GCTaskThread "GC Thread#0" [stack: 0x000000646dc00000,0x000000646dd00000] [id=6744]
  0x000001d744200800 GCTaskThread "GC Thread#1" [stack: 0x000000646ec00000,0x000000646ed00000] [id=13744]
  0x000001d746301800 GCTaskThread "GC Thread#2" [stack: 0x000000646ee00000,0x000000646ef00000] [id=11392]
  0x000001d7465f3800 GCTaskThread "GC Thread#3" [stack: 0x000000646ef00000,0x000000646f000000] [id=11764]
  0x000001d7293a4800 ConcurrentGCThread "G1 Main Marker" [stack: 0x000000646dd00000,0x000000646de00000] [id=10820]
  0x000001d7293a8000 ConcurrentGCThread "G1 Conc#0" [stack: 0x000000646de00000,0x000000646df00000] [id=11768]
  0x000001d7293ff800 ConcurrentGCThread "G1 Refine#0" [stack: 0x000000646df00000,0x000000646e000000] [id=3936]
  0x000001d729400800 ConcurrentGCThread "G1 Young RemSet Sampling" [stack: 0x000000646e000000,0x000000646e100000] [id=8880]

Threads with active compile tasks:
C2 CompilerThread0  45449 8731   !   4       java.util.jar.Attributes::read (388 bytes)

VM state:not at safepoint (normal execution)

VM Mutex/Monitor currently owned by a thread: None

Heap address: 0x0000000080000000, size: 2048 MB, Compressed Oops mode: 32-bit
Narrow klass base: 0x0000000000000000, Narrow klass shift: 3
Compressed class space size: 1073741824 Address: 0x0000000100000000

Heap:
 garbage-first heap   total 124928K, used 88544K [0x0000000080000000, 0x0000000100000000)
  region size 1024K, 20 young (20480K), 4 survivors (4096K)
 Metaspace       used 72232K, capacity 74114K, committed 74312K, reserved 1114112K
  class space    used 8845K, capacity 9470K, committed 9472K, reserved 1048576K
Heap Regions: E=young(eden), S=young(survivor), O=old, HS=humongous(starts), HC=humongous(continues), CS=collection set, F=free, A=archive, TAMS=top-at-mark-start (previous, next)
|   0|0x0000000080000000, 0x0000000080100000, 0x0000000080100000|100%| O|  |TAMS 0x0000000080100000, 0x0000000080000000| Untracked 
|   1|0x0000000080100000, 0x0000000080200000, 0x0000000080200000|100%| O|  |TAMS 0x0000000080200000, 0x0000000080100000| Untracked 
|   2|0x0000000080200000, 0x0000000080300000, 0x0000000080300000|100%| O|  |TAMS 0x0000000080300000, 0x0000000080200000| Untracked 
|   3|0x0000000080300000, 0x0000000080400000, 0x0000000080400000|100%|HS|  |TAMS 0x0000000080400000, 0x0000000080300000| Complete 
|   4|0x0000000080400000, 0x0000000080500000, 0x0000000080500000|100%|HC|  |TAMS 0x0000000080500000, 0x0000000080400000| Complete 
|   5|0x0000000080500000, 0x0000000080600000, 0x0000000080600000|100%|HC|  |TAMS 0x0000000080600000, 0x0000000080500000| Complete 
|   6|0x0000000080600000, 0x0000000080700000, 0x0000000080700000|100%| O|  |TAMS 0x0000000080700000, 0x0000000080600000| Untracked 
|   7|0x0000000080700000, 0x0000000080800000, 0x0000000080800000|100%| O|  |TAMS 0x0000000080800000, 0x0000000080700000| Untracked 
|   8|0x0000000080800000, 0x0000000080900000, 0x0000000080900000|100%| O|  |TAMS 0x0000000080900000, 0x0000000080800000| Untracked 
|   9|0x0000000080900000, 0x0000000080a00000, 0x0000000080a00000|100%| O|  |TAMS 0x0000000080a00000, 0x0000000080900000| Untracked 
|  10|0x0000000080a00000, 0x0000000080b00000, 0x0000000080b00000|100%| O|  |TAMS 0x0000000080b00000, 0x0000000080a00000| Untracked 
|  11|0x0000000080b00000, 0x0000000080c00000, 0x0000000080c00000|100%| O|  |TAMS 0x0000000080c00000, 0x0000000080b00000| Untracked 
|  12|0x0000000080c00000, 0x0000000080d00000, 0x0000000080d00000|100%| O|  |TAMS 0x0000000080d00000, 0x0000000080c00000| Untracked 
|  13|0x0000000080d00000, 0x0000000080e00000, 0x0000000080e00000|100%| O|  |TAMS 0x0000000080e00000, 0x0000000080d00000| Untracked 
|  14|0x0000000080e00000, 0x0000000080f00000, 0x0000000080f00000|100%| O|  |TAMS 0x0000000080f00000, 0x0000000080e00000| Untracked 
|  15|0x0000000080f00000, 0x0000000081000000, 0x0000000081000000|100%|HS|  |TAMS 0x0000000081000000, 0x0000000080f00000| Complete 
|  16|0x0000000081000000, 0x0000000081100000, 0x0000000081100000|100%|HC|  |TAMS 0x0000000081100000, 0x0000000081000000| Complete 
|  17|0x0000000081100000, 0x0000000081200000, 0x0000000081200000|100%| O|  |TAMS 0x0000000081200000, 0x0000000081100000| Untracked 
|  18|0x0000000081200000, 0x0000000081300000, 0x0000000081300000|100%|HS|  |TAMS 0x0000000081300000, 0x0000000081200000| Complete 
|  19|0x0000000081300000, 0x0000000081400000, 0x0000000081400000|100%|HC|  |TAMS 0x0000000081400000, 0x0000000081300000| Complete 
|  20|0x0000000081400000, 0x0000000081500000, 0x0000000081500000|100%|HC|  |TAMS 0x0000000081500000, 0x0000000081400000| Complete 
|  21|0x0000000081500000, 0x0000000081600000, 0x0000000081600000|100%|HS|  |TAMS 0x0000000081600000, 0x0000000081500000| Complete 
|  22|0x0000000081600000, 0x0000000081700000, 0x0000000081700000|100%|HC|  |TAMS 0x0000000081700000, 0x0000000081600000| Complete 
|  23|0x0000000081700000, 0x0000000081800000, 0x0000000081800000|100%|HC|  |TAMS 0x0000000081800000, 0x0000000081700000| Complete 
|  24|0x0000000081800000, 0x0000000081900000, 0x0000000081900000|100%|HC|  |TAMS 0x0000000081900000, 0x0000000081800000| Complete 
|  25|0x0000000081900000, 0x0000000081a00000, 0x0000000081a00000|100%| O|  |TAMS 0x0000000081a00000, 0x0000000081900000| Untracked 
|  26|0x0000000081a00000, 0x0000000081b00000, 0x0000000081b00000|100%| O|  |TAMS 0x0000000081b00000, 0x0000000081a00000| Untracked 
|  27|0x0000000081b00000, 0x0000000081c00000, 0x0000000081c00000|100%| O|  |TAMS 0x0000000081c00000, 0x0000000081b00000| Untracked 
|  28|0x0000000081c00000, 0x0000000081d00000, 0x0000000081d00000|100%| O|  |TAMS 0x0000000081d00000, 0x0000000081c00000| Untracked 
|  29|0x0000000081d00000, 0x0000000081e00000, 0x0000000081e00000|100%| O|  |TAMS 0x0000000081e00000, 0x0000000081d00000| Untracked 
|  30|0x0000000081e00000, 0x0000000081f00000, 0x0000000081f00000|100%| O|  |TAMS 0x0000000081f00000, 0x0000000081e00000| Untracked 
|  31|0x0000000081f00000, 0x0000000082000000, 0x0000000082000000|100%| O|  |TAMS 0x0000000082000000, 0x0000000081f00000| Untracked 
|  32|0x0000000082000000, 0x0000000082100000, 0x0000000082100000|100%| O|  |TAMS 0x0000000082100000, 0x0000000082000000| Untracked 
|  33|0x0000000082100000, 0x0000000082200000, 0x0000000082200000|100%| O|  |TAMS 0x0000000082200000, 0x0000000082100000| Untracked 
|  34|0x0000000082200000, 0x0000000082300000, 0x0000000082300000|100%| O|  |TAMS 0x0000000082300000, 0x0000000082200000| Untracked 
|  35|0x0000000082300000, 0x0000000082400000, 0x0000000082400000|100%| O|  |TAMS 0x0000000082400000, 0x0000000082300000| Untracked 
|  36|0x0000000082400000, 0x0000000082500000, 0x0000000082500000|100%|HS|  |TAMS 0x0000000082500000, 0x0000000082400000| Complete 
|  37|0x0000000082500000, 0x0000000082600000, 0x0000000082600000|100%|HC|  |TAMS 0x0000000082600000, 0x0000000082500000| Complete 
|  38|0x0000000082600000, 0x0000000082700000, 0x0000000082700000|100%|HC|  |TAMS 0x0000000082700000, 0x0000000082600000| Complete 
|  39|0x0000000082700000, 0x0000000082800000, 0x0000000082800000|100%|HC|  |TAMS 0x0000000082800000, 0x0000000082700000| Complete 
|  40|0x0000000082800000, 0x0000000082900000, 0x0000000082900000|100%|HS|  |TAMS 0x0000000082900000, 0x0000000082800000| Complete 
|  41|0x0000000082900000, 0x0000000082a00000, 0x0000000082a00000|100%|HC|  |TAMS 0x0000000082a00000, 0x0000000082900000| Complete 
|  42|0x0000000082a00000, 0x0000000082b00000, 0x0000000082b00000|100%|HC|  |TAMS 0x0000000082b00000, 0x0000000082a00000| Complete 
|  43|0x0000000082b00000, 0x0000000082c00000, 0x0000000082c00000|100%| O|  |TAMS 0x0000000082c00000, 0x0000000082b00000| Untracked 
|  44|0x0000000082c00000, 0x0000000082d00000, 0x0000000082d00000|100%| O|  |TAMS 0x0000000082d00000, 0x0000000082c00000| Untracked 
|  45|0x0000000082d00000, 0x0000000082e00000, 0x0000000082e00000|100%| O|  |TAMS 0x0000000082e00000, 0x0000000082d00000| Untracked 
|  46|0x0000000082e00000, 0x0000000082f00000, 0x0000000082f00000|100%| O|  |TAMS 0x0000000082f00000, 0x0000000082e00000| Untracked 
|  47|0x0000000082f00000, 0x0000000083000000, 0x0000000083000000|100%| O|  |TAMS 0x0000000083000000, 0x0000000082f00000| Untracked 
|  48|0x0000000083000000, 0x0000000083100000, 0x0000000083100000|100%| O|  |TAMS 0x0000000083100000, 0x0000000083000000| Untracked 
|  49|0x0000000083100000, 0x0000000083200000, 0x0000000083200000|100%| O|  |TAMS 0x0000000083200000, 0x0000000083100000| Untracked 
|  50|0x0000000083200000, 0x0000000083300000, 0x0000000083300000|100%| O|  |TAMS 0x0000000083300000, 0x0000000083200000| Untracked 
|  51|0x0000000083300000, 0x0000000083400000, 0x0000000083400000|100%| O|  |TAMS 0x0000000083400000, 0x0000000083300000| Untracked 
|  52|0x0000000083400000, 0x0000000083500000, 0x0000000083500000|100%| O|  |TAMS 0x0000000083500000, 0x0000000083400000| Untracked 
|  53|0x0000000083500000, 0x0000000083600000, 0x0000000083600000|100%| O|  |TAMS 0x0000000083600000, 0x0000000083500000| Untracked 
|  54|0x0000000083600000, 0x0000000083700000, 0x0000000083700000|100%|HS|  |TAMS 0x0000000083700000, 0x0000000083600000| Complete 
|  55|0x0000000083700000, 0x0000000083800000, 0x0000000083800000|100%| O|  |TAMS 0x0000000083800000, 0x0000000083700000| Untracked 
|  56|0x0000000083800000, 0x0000000083900000, 0x0000000083900000|100%| O|  |TAMS 0x0000000083900000, 0x0000000083800000| Untracked 
|  57|0x0000000083900000, 0x0000000083a00000, 0x0000000083a00000|100%| O|  |TAMS 0x0000000083a00000, 0x0000000083900000| Untracked 
|  58|0x0000000083a00000, 0x0000000083b00000, 0x0000000083b00000|100%| O|  |TAMS 0x0000000083b00000, 0x0000000083a00000| Untracked 
|  59|0x0000000083b00000, 0x0000000083c00000, 0x0000000083c00000|100%| O|  |TAMS 0x0000000083c00000, 0x0000000083b00000| Untracked 
|  60|0x0000000083c00000, 0x0000000083d00000, 0x0000000083d00000|100%| O|  |TAMS 0x0000000083d00000, 0x0000000083c00000| Untracked 
|  61|0x0000000083d00000, 0x0000000083e00000, 0x0000000083e00000|100%| O|  |TAMS 0x0000000083e00000, 0x0000000083d00000| Untracked 
|  62|0x0000000083e00000, 0x0000000083f00000, 0x0000000083f00000|100%| O|  |TAMS 0x0000000083f00000, 0x0000000083e00000| Untracked 
|  63|0x0000000083f00000, 0x0000000084000000, 0x0000000084000000|100%|HS|  |TAMS 0x0000000084000000, 0x0000000083f00000| Complete 
|  64|0x0000000084000000, 0x0000000084100000, 0x0000000084100000|100%|HC|  |TAMS 0x0000000084100000, 0x0000000084000000| Complete 
|  65|0x0000000084100000, 0x0000000084200000, 0x0000000084200000|100%| O|  |TAMS 0x0000000084200000, 0x0000000084100000| Untracked 
|  66|0x0000000084200000, 0x0000000084300000, 0x0000000084300000|100%| O|  |TAMS 0x0000000084300000, 0x0000000084200000| Untracked 
|  67|0x0000000084300000, 0x0000000084400000, 0x0000000084400000|100%| O|  |TAMS 0x0000000084400000, 0x0000000084300000| Untracked 
|  68|0x0000000084400000, 0x000000008440e800, 0x0000000084500000|  5%| O|  |TAMS 0x000000008440e800, 0x0000000084400000| Untracked 
|  69|0x0000000084500000, 0x0000000084500000, 0x0000000084600000|  0%| F|  |TAMS 0x0000000084500000, 0x0000000084500000| Untracked 
|  70|0x0000000084600000, 0x0000000084600000, 0x0000000084700000|  0%| F|  |TAMS 0x0000000084600000, 0x0000000084600000| Untracked 
|  71|0x0000000084700000, 0x0000000084700000, 0x0000000084800000|  0%| F|  |TAMS 0x0000000084700000, 0x0000000084700000| Untracked 
|  72|0x0000000084800000, 0x0000000084800000, 0x0000000084900000|  0%| F|  |TAMS 0x0000000084800000, 0x0000000084800000| Untracked 
|  73|0x0000000084900000, 0x0000000084900000, 0x0000000084a00000|  0%| F|  |TAMS 0x0000000084900000, 0x0000000084900000| Untracked 
|  74|0x0000000084a00000, 0x0000000084a00000, 0x0000000084b00000|  0%| F|  |TAMS 0x0000000084a00000, 0x0000000084a00000| Untracked 
|  75|0x0000000084b00000, 0x0000000084b00000, 0x0000000084c00000|  0%| F|  |TAMS 0x0000000084b00000, 0x0000000084b00000| Untracked 
|  76|0x0000000084c00000, 0x0000000084c00000, 0x0000000084d00000|  0%| F|  |TAMS 0x0000000084c00000, 0x0000000084c00000| Untracked 
|  77|0x0000000084d00000, 0x0000000084d00000, 0x0000000084e00000|  0%| F|  |TAMS 0x0000000084d00000, 0x0000000084d00000| Untracked 
|  78|0x0000000084e00000, 0x0000000084e00000, 0x0000000084f00000|  0%| F|  |TAMS 0x0000000084e00000, 0x0000000084e00000| Untracked 
|  79|0x0000000084f00000, 0x0000000084f00000, 0x0000000085000000|  0%| F|  |TAMS 0x0000000084f00000, 0x0000000084f00000| Untracked 
|  80|0x0000000085000000, 0x0000000085000000, 0x0000000085100000|  0%| F|  |TAMS 0x0000000085000000, 0x0000000085000000| Untracked 
|  81|0x0000000085100000, 0x0000000085100000, 0x0000000085200000|  0%| F|  |TAMS 0x0000000085100000, 0x0000000085100000| Untracked 
|  82|0x0000000085200000, 0x0000000085200000, 0x0000000085300000|  0%| F|  |TAMS 0x0000000085200000, 0x0000000085200000| Untracked 
|  83|0x0000000085300000, 0x0000000085300000, 0x0000000085400000|  0%| F|  |TAMS 0x0000000085300000, 0x0000000085300000| Untracked 
|  84|0x0000000085400000, 0x0000000085400000, 0x0000000085500000|  0%| F|  |TAMS 0x0000000085400000, 0x0000000085400000| Untracked 
|  85|0x0000000085500000, 0x0000000085500000, 0x0000000085600000|  0%| F|  |TAMS 0x0000000085500000, 0x0000000085500000| Untracked 
|  86|0x0000000085600000, 0x0000000085669930, 0x0000000085700000| 41%| S|CS|TAMS 0x0000000085600000, 0x0000000085600000| Complete 
|  87|0x0000000085700000, 0x0000000085800000, 0x0000000085800000|100%| S|CS|TAMS 0x0000000085700000, 0x0000000085700000| Complete 
|  88|0x0000000085800000, 0x0000000085900000, 0x0000000085900000|100%| S|CS|TAMS 0x0000000085800000, 0x0000000085800000| Complete 
|  89|0x0000000085900000, 0x0000000085a00000, 0x0000000085a00000|100%| S|CS|TAMS 0x0000000085900000, 0x0000000085900000| Complete 
|  90|0x0000000085a00000, 0x0000000085a00000, 0x0000000085b00000|  0%| F|  |TAMS 0x0000000085a00000, 0x0000000085a00000| Untracked 
|  91|0x0000000085b00000, 0x0000000085b00000, 0x0000000085c00000|  0%| F|  |TAMS 0x0000000085b00000, 0x0000000085b00000| Untracked 
|  92|0x0000000085c00000, 0x0000000085c00000, 0x0000000085d00000|  0%| F|  |TAMS 0x0000000085c00000, 0x0000000085c00000| Untracked 
|  93|0x0000000085d00000, 0x0000000085d00000, 0x0000000085e00000|  0%| F|  |TAMS 0x0000000085d00000, 0x0000000085d00000| Untracked 
|  94|0x0000000085e00000, 0x0000000085e00000, 0x0000000085f00000|  0%| F|  |TAMS 0x0000000085e00000, 0x0000000085e00000| Untracked 
|  95|0x0000000085f00000, 0x0000000085f00000, 0x0000000086000000|  0%| F|  |TAMS 0x0000000085f00000, 0x0000000085f00000| Untracked 
|  96|0x0000000086000000, 0x0000000086000000, 0x0000000086100000|  0%| F|  |TAMS 0x0000000086000000, 0x0000000086000000| Untracked 
|  97|0x0000000086100000, 0x0000000086100000, 0x0000000086200000|  0%| F|  |TAMS 0x0000000086100000, 0x0000000086100000| Untracked 
|  98|0x0000000086200000, 0x0000000086200000, 0x0000000086300000|  0%| F|  |TAMS 0x0000000086200000, 0x0000000086200000| Untracked 
|  99|0x0000000086300000, 0x0000000086300000, 0x0000000086400000|  0%| F|  |TAMS 0x0000000086300000, 0x0000000086300000| Untracked 
| 100|0x0000000086400000, 0x0000000086400000, 0x0000000086500000|  0%| F|  |TAMS 0x0000000086400000, 0x0000000086400000| Untracked 
| 101|0x0000000086500000, 0x0000000086500000, 0x0000000086600000|  0%| F|  |TAMS 0x0000000086500000, 0x0000000086500000| Untracked 
| 102|0x0000000086600000, 0x0000000086600000, 0x0000000086700000|  0%| F|  |TAMS 0x0000000086600000, 0x0000000086600000| Untracked 
| 103|0x0000000086700000, 0x0000000086700000, 0x0000000086800000|  0%| F|  |TAMS 0x0000000086700000, 0x0000000086700000| Untracked 
| 104|0x0000000086800000, 0x0000000086800000, 0x0000000086900000|  0%| F|  |TAMS 0x0000000086800000, 0x0000000086800000| Untracked 
| 105|0x0000000086900000, 0x000000008697da38, 0x0000000086a00000| 49%| E|  |TAMS 0x0000000086900000, 0x0000000086900000| Complete 
| 106|0x0000000086a00000, 0x0000000086b00000, 0x0000000086b00000|100%| E|CS|TAMS 0x0000000086a00000, 0x0000000086a00000| Complete 
| 107|0x0000000086b00000, 0x0000000086c00000, 0x0000000086c00000|100%| E|CS|TAMS 0x0000000086b00000, 0x0000000086b00000| Complete 
| 108|0x0000000086c00000, 0x0000000086d00000, 0x0000000086d00000|100%| E|CS|TAMS 0x0000000086c00000, 0x0000000086c00000| Complete 
| 109|0x0000000086d00000, 0x0000000086e00000, 0x0000000086e00000|100%| E|CS|TAMS 0x0000000086d00000, 0x0000000086d00000| Complete 
| 110|0x0000000086e00000, 0x0000000086f00000, 0x0000000086f00000|100%| E|CS|TAMS 0x0000000086e00000, 0x0000000086e00000| Complete 
| 111|0x0000000086f00000, 0x0000000087000000, 0x0000000087000000|100%| E|CS|TAMS 0x0000000086f00000, 0x0000000086f00000| Complete 
| 112|0x0000000087000000, 0x0000000087100000, 0x0000000087100000|100%| E|CS|TAMS 0x0000000087000000, 0x0000000087000000| Complete 
| 113|0x0000000087100000, 0x0000000087200000, 0x0000000087200000|100%| E|CS|TAMS 0x0000000087100000, 0x0000000087100000| Complete 
| 114|0x0000000087200000, 0x0000000087300000, 0x0000000087300000|100%| E|CS|TAMS 0x0000000087200000, 0x0000000087200000| Complete 
| 115|0x0000000087300000, 0x0000000087400000, 0x0000000087400000|100%| E|CS|TAMS 0x0000000087300000, 0x0000000087300000| Complete 
| 116|0x0000000087400000, 0x0000000087500000, 0x0000000087500000|100%| E|CS|TAMS 0x0000000087400000, 0x0000000087400000| Complete 
| 117|0x0000000087500000, 0x0000000087600000, 0x0000000087600000|100%| E|CS|TAMS 0x0000000087500000, 0x0000000087500000| Complete 
| 118|0x0000000087600000, 0x0000000087700000, 0x0000000087700000|100%| E|CS|TAMS 0x0000000087600000, 0x0000000087600000| Complete 
| 119|0x0000000087700000, 0x0000000087800000, 0x0000000087800000|100%| E|CS|TAMS 0x0000000087700000, 0x0000000087700000| Complete 
| 120|0x0000000087800000, 0x0000000087900000, 0x0000000087900000|100%| E|CS|TAMS 0x0000000087800000, 0x0000000087800000| Complete 
| 121|0x0000000087900000, 0x0000000087a00000, 0x0000000087a00000|100%| E|CS|TAMS 0x0000000087900000, 0x0000000087900000| Complete 

Card table byte_map: [0x000001d73c730000,0x000001d73cb30000] _byte_map_base: 0x000001d73c330000

Marking Bits (Prev, Next): (CMBitMap*) 0x000001d72939bcc0, (CMBitMap*) 0x000001d72939bc88
 Prev Bits: [0x000001d73ef30000, 0x000001d740f30000)
 Next Bits: [0x000001d73cf30000, 0x000001d73ef30000)

Polling page: 0x000001d72cce0000

Metaspace:

Usage:
  Non-class:     63.20 MB capacity,    61.92 MB ( 98%) used,     1.12 MB (  2%) free+waste,   156.19 KB ( <1%) overhead. 
      Class:      9.25 MB capacity,     8.64 MB ( 93%) used,   552.42 KB (  6%) free+waste,    71.06 KB ( <1%) overhead. 
       Both:     72.45 MB capacity,    70.57 MB ( 97%) used,     1.66 MB (  2%) free+waste,   227.25 KB ( <1%) overhead. 

Virtual space:
  Non-class space:       64.00 MB reserved,      63.32 MB ( 99%) committed 
      Class space:        1.00 GB reserved,       9.38 MB ( <1%) committed 
             Both:        1.06 GB reserved,      72.70 MB (  7%) committed 

Chunk freelists:
   Non-Class:  0 bytes
       Class:  0 bytes
        Both:  0 bytes

MaxMetaspaceSize: 17179869184.00 GB
CompressedClassSpaceSize: 1.00 GB

CodeHeap 'non-profiled nmethods': size=120064Kb used=4294Kb max_used=4294Kb free=115769Kb
 bounds [0x000001d7347c0000, 0x000001d734c00000, 0x000001d73bd00000]
CodeHeap 'profiled nmethods': size=120000Kb used=19211Kb max_used=19211Kb free=100788Kb
 bounds [0x000001d72d290000, 0x000001d72e560000, 0x000001d7347c0000]
CodeHeap 'non-nmethods': size=5696Kb used=2288Kb max_used=2322Kb free=3407Kb
 bounds [0x000001d72cd00000, 0x000001d72cf70000, 0x000001d72d290000]
 total_blobs=9278 nmethods=8386 adapters=802
 compilation: enabled
              stopped_count=0, restarted_count=0
 full_count=0

Compilation events (20 events):
Event: 45.323 Thread 0x000001d7435a1800 8788       2       org.gradle.cache.internal.DefaultCrossBuildInMemoryCacheFactory$DefaultClassMap::retainValue (14 bytes)
Event: 45.323 Thread 0x000001d7435a1800 nmethod 8788 0x000001d72e545d10 code [0x000001d72e545ee0, 0x000001d72e546038]
Event: 45.326 Thread 0x000001d7435a1800 8789       2       jdk.internal.org.objectweb.asm.ClassReader::readUTF (194 bytes)
Event: 45.327 Thread 0x000001d7435a1800 nmethod 8789 0x000001d72e546110 code [0x000001d72e546300, 0x000001d72e546698]
Event: 45.328 Thread 0x000001d7435a1800 8790   !   2       org.gradle.internal.instantiation.generator.AbstractClassGenerator::generateUnderLock (658 bytes)
Event: 45.337 Thread 0x000001d7435a1800 nmethod 8790 0x000001d72e546910 code [0x000001d72e546fe0, 0x000001d72e54a098]
Event: 45.337 Thread 0x000001d7435a1800 8791       1       org.gradle.internal.reflect.MutableClassDetails::getInstanceFields (5 bytes)
Event: 45.337 Thread 0x000001d7435a1800 nmethod 8791 0x000001d734bf1110 code [0x000001d734bf12c0, 0x000001d734bf1378]
Event: 45.346 Thread 0x000001d7435a1800 8792       2       org.gradle.internal.instantiation.generator.AsmBackedClassGenerator$ClassBuilderImpl$$Lambda$123/0x00000001002a2040::<init> (26 bytes)
Event: 45.346 Thread 0x000001d7435a1800 nmethod 8792 0x000001d72e54c390 code [0x000001d72e54c540, 0x000001d72e54c7b8]
Event: 45.346 Thread 0x000001d7435a1800 8793       2       org.gradle.internal.instantiation.generator.AsmBackedClassGenerator$ClassBuilderImpl::lambda$addLazyGetter$5 (131 bytes)
Event: 45.347 Thread 0x000001d7435a1800 nmethod 8793 0x000001d72e54c890 code [0x000001d72e54cb20, 0x000001d72e54cfd8]
Event: 45.352 Thread 0x000001d7435a1800 8794       2       sun.reflect.annotation.AnnotationParser::parseStringArray (85 bytes)
Event: 45.353 Thread 0x000001d7435a1800 nmethod 8794 0x000001d72e54d390 code [0x000001d72e54d5e0, 0x000001d72e54dba8]
Event: 45.361 Thread 0x000001d7435a1800 8795       2       com.google.common.reflect.TypeResolver$TypeTable::where (115 bytes)
Event: 45.363 Thread 0x000001d7435a1800 nmethod 8795 0x000001d72e54df10 code [0x000001d72e54e1c0, 0x000001d72e54eb38]
Event: 45.363 Thread 0x000001d7435a1800 8796       2       com.google.common.reflect.TypeResolver::resolveTypes (32 bytes)
Event: 45.363 Thread 0x000001d7435a1800 nmethod 8796 0x000001d72e54f010 code [0x000001d72e54f1e0, 0x000001d72e54f508]
Event: 45.364 Thread 0x000001d7435a1800 8797       2       java.lang.reflect.Constructor::getExceptionTypes (11 bytes)
Event: 45.365 Thread 0x000001d7435a1800 nmethod 8797 0x000001d72e54f690 code [0x000001d72e54f840, 0x000001d72e54f988]

GC Heap History (20 events):
Event: 15.074 GC heap before
{Heap before GC invocations=21 (full 0):
 garbage-first heap   total 103424K, used 76463K [0x0000000080000000, 0x0000000100000000)
  region size 1024K, 29 young (29696K), 3 survivors (3072K)
 Metaspace       used 48598K, capacity 49940K, committed 50248K, reserved 1093632K
  class space    used 6126K, capacity 6572K, committed 6656K, reserved 1048576K
}
Event: 15.084 GC heap after
{Heap after GC invocations=22 (full 0):
 garbage-first heap   total 103424K, used 52344K [0x0000000080000000, 0x0000000100000000)
  region size 1024K, 4 young (4096K), 4 survivors (4096K)
 Metaspace       used 48598K, capacity 49940K, committed 50248K, reserved 1093632K
  class space    used 6126K, capacity 6572K, committed 6656K, reserved 1048576K
}
Event: 15.937 GC heap before
{Heap before GC invocations=23 (full 0):
 garbage-first heap   total 103424K, used 79992K [0x0000000080000000, 0x0000000100000000)
  region size 1024K, 31 young (31744K), 4 survivors (4096K)
 Metaspace       used 52265K, capacity 53630K, committed 53704K, reserved 1095680K
  class space    used 6588K, capacity 7007K, committed 7040K, reserved 1048576K
}
Event: 15.954 GC heap after
{Heap after GC invocations=24 (full 0):
 garbage-first heap   total 124928K, used 55037K [0x0000000080000000, 0x0000000100000000)
  region size 1024K, 4 young (4096K), 4 survivors (4096K)
 Metaspace       used 52265K, capacity 53630K, committed 53704K, reserved 1095680K
  class space    used 6588K, capacity 7007K, committed 7040K, reserved 1048576K
}
Event: 19.431 GC heap before
{Heap before GC invocations=24 (full 0):
 garbage-first heap   total 124928K, used 91901K [0x0000000080000000, 0x0000000100000000)
  region size 1024K, 41 young (41984K), 4 survivors (4096K)
 Metaspace       used 58881K, capacity 60389K, committed 60744K, reserved 1101824K
  class space    used 7333K, capacity 7827K, committed 7936K, reserved 1048576K
}
Event: 19.444 GC heap after
{Heap after GC invocations=25 (full 0):
 garbage-first heap   total 124928K, used 57667K [0x0000000080000000, 0x0000000100000000)
  region size 1024K, 6 young (6144K), 6 survivors (6144K)
 Metaspace       used 58881K, capacity 60389K, committed 60744K, reserved 1101824K
  class space    used 7333K, capacity 7827K, committed 7936K, reserved 1048576K
}
Event: 24.378 GC heap before
{Heap before GC invocations=25 (full 0):
 garbage-first heap   total 124928K, used 94531K [0x0000000080000000, 0x0000000100000000)
  region size 1024K, 43 young (44032K), 6 survivors (6144K)
 Metaspace       used 59617K, capacity 61103K, committed 61256K, reserved 1103872K
  class space    used 7342K, capacity 7827K, committed 7936K, reserved 1048576K
}
Event: 24.388 GC heap after
{Heap after GC invocations=26 (full 0):
 garbage-first heap   total 124928K, used 58435K [0x0000000080000000, 0x0000000100000000)
  region size 1024K, 4 young (4096K), 4 survivors (4096K)
 Metaspace       used 59617K, capacity 61103K, committed 61256K, reserved 1103872K
  class space    used 7342K, capacity 7827K, committed 7936K, reserved 1048576K
}
Event: 30.772 GC heap before
{Heap before GC invocations=26 (full 0):
 garbage-first heap   total 124928K, used 96323K [0x0000000080000000, 0x0000000100000000)
  region size 1024K, 42 young (43008K), 4 survivors (4096K)
 Metaspace       used 59972K, capacity 61499K, committed 61768K, reserved 1103872K
  class space    used 7342K, capacity 7827K, committed 7936K, reserved 1048576K
}
Event: 30.783 GC heap after
{Heap after GC invocations=27 (full 0):
 garbage-first heap   total 124928K, used 58918K [0x0000000080000000, 0x0000000100000000)
  region size 1024K, 4 young (4096K), 4 survivors (4096K)
 Metaspace       used 59972K, capacity 61499K, committed 61768K, reserved 1103872K
  class space    used 7342K, capacity 7827K, committed 7936K, reserved 1048576K
}
Event: 40.976 GC heap before
{Heap before GC invocations=27 (full 0):
 garbage-first heap   total 124928K, used 101926K [0x0000000080000000, 0x0000000100000000)
  region size 1024K, 46 young (47104K), 4 survivors (4096K)
 Metaspace       used 60424K, capacity 61896K, committed 62024K, reserved 1103872K
  class space    used 7363K, capacity 7868K, committed 7936K, reserved 1048576K
}
Event: 40.989 GC heap after
{Heap after GC invocations=28 (full 0):
 garbage-first heap   total 124928K, used 64096K [0x0000000080000000, 0x0000000100000000)
  region size 1024K, 6 young (6144K), 6 survivors (6144K)
 Metaspace       used 60424K, capacity 61896K, committed 62024K, reserved 1103872K
  class space    used 7363K, capacity 7868K, committed 7936K, reserved 1048576K
}
Event: 40.996 GC heap before
{Heap before GC invocations=28 (full 0):
 garbage-first heap   total 124928K, used 64096K [0x0000000080000000, 0x0000000100000000)
  region size 1024K, 7 young (7168K), 6 survivors (6144K)
 Metaspace       used 60424K, capacity 61896K, committed 62024K, reserved 1103872K
  class space    used 7363K, capacity 7868K, committed 7936K, reserved 1048576K
}
Event: 41.005 GC heap after
{Heap after GC invocations=29 (full 0):
 garbage-first heap   total 124928K, used 64187K [0x0000000080000000, 0x0000000100000000)
  region size 1024K, 1 young (1024K), 1 survivors (1024K)
 Metaspace       used 60424K, capacity 61896K, committed 62024K, reserved 1103872K
  class space    used 7363K, capacity 7868K, committed 7936K, reserved 1048576K
}
Event: 42.499 GC heap before
{Heap before GC invocations=30 (full 0):
 garbage-first heap   total 124928K, used 101051K [0x0000000080000000, 0x0000000100000000)
  region size 1024K, 36 young (36864K), 1 survivors (1024K)
 Metaspace       used 62633K, capacity 64371K, committed 64584K, reserved 1105920K
  class space    used 7618K, capacity 8172K, committed 8192K, reserved 1048576K
}
Event: 42.509 GC heap after
{Heap after GC invocations=31 (full 0):
 garbage-first heap   total 124928K, used 69980K [0x0000000080000000, 0x0000000100000000)
  region size 1024K, 5 young (5120K), 5 survivors (5120K)
 Metaspace       used 62633K, capacity 64371K, committed 64584K, reserved 1105920K
  class space    used 7618K, capacity 8172K, committed 8192K, reserved 1048576K
}
Event: 43.638 GC heap before
{Heap before GC invocations=31 (full 0):
 garbage-first heap   total 124928K, used 100700K [0x0000000080000000, 0x0000000100000000)
  region size 1024K, 35 young (35840K), 5 survivors (5120K)
 Metaspace       used 67197K, capacity 68880K, committed 69064K, reserved 1110016K
  class space    used 8185K, capacity 8738K, committed 8832K, reserved 1048576K
}
Event: 43.650 GC heap after
{Heap after GC invocations=32 (full 0):
 garbage-first heap   total 124928K, used 70951K [0x0000000080000000, 0x0000000100000000)
  region size 1024K, 2 young (2048K), 2 survivors (2048K)
 Metaspace       used 67197K, capacity 68880K, committed 69064K, reserved 1110016K
  class space    used 8185K, capacity 8738K, committed 8832K, reserved 1048576K
}
Event: 44.975 GC heap before
{Heap before GC invocations=33 (full 0):
 garbage-first heap   total 124928K, used 100647K [0x0000000080000000, 0x0000000100000000)
  region size 1024K, 32 young (32768K), 2 survivors (2048K)
 Metaspace       used 70664K, capacity 72572K, committed 72904K, reserved 1114112K
  class space    used 8632K, capacity 9239K, committed 9344K, reserved 1048576K
}
Event: 44.988 GC heap after
{Heap after GC invocations=34 (full 0):
 garbage-first heap   total 124928K, used 73184K [0x0000000080000000, 0x0000000100000000)
  region size 1024K, 4 young (4096K), 4 survivors (4096K)
 Metaspace       used 70664K, capacity 72572K, committed 72904K, reserved 1114112K
  class space    used 8632K, capacity 9239K, committed 9344K, reserved 1048576K
}

Deoptimization events (20 events):
Event: 44.826 Thread 0x000001d744cf5800 DEOPT PACKING pc=0x000001d72dc0f910 sp=0x000000646f7f7e30
Event: 44.826 Thread 0x000001d744cf5800 DEOPT UNPACKING pc=0x000001d72cd272ce sp=0x000000646f7f7330 mode 0
Event: 44.893 Thread 0x000001d744cf5800 Uncommon trap: trap_request=0xffffff4d fr.pc=0x000001d73493a0f8 relative=0x0000000000006b58
Event: 44.893 Thread 0x000001d744cf5800 Uncommon trap: reason=unstable_if action=reinterpret pc=0x000001d73493a0f8 method=java.util.jar.JarFile.maybeInstantiateVerifier()V @ 61 c2
Event: 44.893 Thread 0x000001d744cf5800 DEOPT PACKING pc=0x000001d73493a0f8 sp=0x000000646f7f5000
Event: 44.893 Thread 0x000001d744cf5800 DEOPT UNPACKING pc=0x000001d72cd274af sp=0x000000646f7f4d90 mode 2
Event: 44.916 Thread 0x000001d744cf5800 Uncommon trap: trap_request=0xffffff4d fr.pc=0x000001d7348b53f8 relative=0x0000000000000138
Event: 44.916 Thread 0x000001d744cf5800 Uncommon trap: reason=unstable_if action=reinterpret pc=0x000001d7348b53f8 method=java.lang.ThreadLocal.get()Ljava/lang/Object; @ 11 c2
Event: 44.916 Thread 0x000001d744cf5800 DEOPT PACKING pc=0x000001d7348b53f8 sp=0x000000646f7f4a80
Event: 44.916 Thread 0x000001d744cf5800 DEOPT UNPACKING pc=0x000001d72cd274af sp=0x000000646f7f4a30 mode 2
Event: 44.928 Thread 0x000001d744cf5800 Uncommon trap: trap_request=0xffffff4d fr.pc=0x000001d7348753e8 relative=0x0000000000000388
Event: 44.928 Thread 0x000001d744cf5800 Uncommon trap: reason=unstable_if action=reinterpret pc=0x000001d7348753e8 method=java.util.jar.JarFile.maybeInstantiateVerifier()V @ 61 c2
Event: 44.928 Thread 0x000001d744cf5800 DEOPT PACKING pc=0x000001d7348753e8 sp=0x000000646f7f4810
Event: 44.928 Thread 0x000001d744cf5800 DEOPT UNPACKING pc=0x000001d72cd274af sp=0x000000646f7f4798 mode 2
Event: 45.147 Thread 0x000001d744cf5800 Uncommon trap: trap_request=0xffffff4d fr.pc=0x000001d734b9a634 relative=0x0000000000001fb4
Event: 45.147 Thread 0x000001d744cf5800 Uncommon trap: reason=unstable_if action=reinterpret pc=0x000001d734b9a634 method=java.util.regex.Pattern.compile()V @ 133 c2
Event: 45.147 Thread 0x000001d744cf5800 DEOPT PACKING pc=0x000001d734b9a634 sp=0x000000646f7f6ff0
Event: 45.147 Thread 0x000001d744cf5800 DEOPT UNPACKING pc=0x000001d72cd274af sp=0x000000646f7f6fd8 mode 2
Event: 45.262 Thread 0x000001d744cf5800 DEOPT PACKING pc=0x000001d72dc0f910 sp=0x000000646f7f7dc0
Event: 45.262 Thread 0x000001d744cf5800 DEOPT UNPACKING pc=0x000001d72cd272ce sp=0x000000646f7f72c0 mode 0

Classes redefined (0 events):
No events

Internal exceptions (20 events):
Event: 42.025 Thread 0x000001d744cf5800 Exception <a 'java/lang/ClassNotFoundException'{0x0000000086681370}: org/gradle/api/internal/ConventionTaskBeanInfo> (0x0000000086681370) thrown at [./src/hotspot/share/classfile/systemDictionary.cpp, line 231]
Event: 42.027 Thread 0x000001d744cf5800 Exception <a 'java/lang/ClassNotFoundException'{0x00000000866a3e60}: org/gradle/api/DefaultTaskBeanInfo> (0x00000000866a3e60) thrown at [./src/hotspot/share/classfile/systemDictionary.cpp, line 231]
Event: 42.028 Thread 0x000001d744cf5800 Exception <a 'java/lang/ClassNotFoundException'{0x00000000866c9c30}: org/gradle/api/internal/AbstractTaskBeanInfo> (0x00000000866c9c30) thrown at [./src/hotspot/share/classfile/systemDictionary.cpp, line 231]
Event: 42.030 Thread 0x000001d744cf5800 Exception <a 'java/lang/ClassNotFoundException'{0x00000000866ef970}: org/gradle/api/internal/AbstractTaskCustomizer> (0x00000000866ef970) thrown at [./src/hotspot/share/classfile/systemDictionary.cpp, line 231]
Event: 42.034 Thread 0x000001d744cf5800 Exception <a 'java/lang/ClassNotFoundException'{0x0000000086554f38}: org/gradle/api/DefaultTaskCustomizer> (0x0000000086554f38) thrown at [./src/hotspot/share/classfile/systemDictionary.cpp, line 231]
Event: 42.039 Thread 0x000001d744cf5800 Exception <a 'java/lang/ClassNotFoundException'{0x00000000865cf268}: org/gradle/api/internal/ConventionTaskCustomizer> (0x00000000865cf268) thrown at [./src/hotspot/share/classfile/systemDictionary.cpp, line 231]
Event: 42.042 Thread 0x000001d744cf5800 Exception <a 'java/lang/ClassNotFoundException'{0x0000000086401278}: org/gradle/api/tasks/DeleteCustomizer> (0x0000000086401278) thrown at [./src/hotspot/share/classfile/systemDictionary.cpp, line 231]
Event: 42.045 Thread 0x000001d744cf5800 Exception <a 'java/lang/ClassNotFoundException'{0x0000000086439418}: org/gradle/api/tasks/Delete_DecoratedCustomizer> (0x0000000086439418) thrown at [./src/hotspot/share/classfile/systemDictionary.cpp, line 231]
Event: 42.090 Thread 0x000001d744cf5800 Exception <a 'java/lang/ClassNotFoundException'{0x000000008636c9e0}: build_ev12tbt67ji9k1gotrs34pk2iBeanInfo> (0x000000008636c9e0) thrown at [./src/hotspot/share/classfile/systemDictionary.cpp, line 231]
Event: 42.091 Thread 0x000001d744cf5800 Exception <a 'java/lang/ClassNotFoundException'{0x00000000863757e8}: build_ev12tbt67ji9k1gotrs34pk2iCustomizer> (0x00000000863757e8) thrown at [./src/hotspot/share/classfile/systemDictionary.cpp, line 231]
Event: 42.101 Thread 0x000001d744cf5800 Exception <a 'java/lang/ClassNotFoundException'{0x00000000863e8e88}: org/gradle/plugin/use/internal/PluginRequestCollector$PluginDependenciesSpecImplBeanInfo> (0x00000000863e8e88) thrown at [./src/hotspot/share/classfile/systemDictionary.cpp, line 231]
Event: 42.103 Thread 0x000001d744cf5800 Exception <a 'java/lang/ClassNotFoundException'{0x000000008620f340}: org/gradle/plugin/use/internal/PluginRequestCollector$PluginDependenciesSpecImplCustomizer> (0x000000008620f340) thrown at [./src/hotspot/share/classfile/systemDictionary.cpp, line 231]
Event: 42.117 Thread 0x000001d744cf5800 Exception <a 'java/lang/NoSuchMethodError'{0x0000000086287910}: 'void java.lang.invoke.DirectMethodHandle$Holder.invokeInterface(java.lang.Object, java.lang.Object)'> (0x0000000086287910) thrown at [./src/hotspot/share/interpreter/linkResolver.cpp, line 773]
Event: 42.413 Thread 0x000001d744cf5800 Exception <a 'java/lang/NoSuchMethodError'{0x00000000858dce90}: 'java.lang.Object java.lang.invoke.DirectMethodHandle$Holder.invokeSpecial(java.lang.Object, java.lang.Object, java.lang.Object, java.lang.Object, java.lang.Object, int)'> (0x00000000858dce90) thrown at [./src/hotspot/share/interpreter/linkResolver.cpp, line 773]
Event: 42.414 Thread 0x000001d744cf5800 Exception <a 'java/lang/NoSuchMethodError'{0x00000000858e14d0}: 'java.lang.Object java.lang.invoke.Invokers$Holder.linkToTargetMethod(java.lang.Object, java.lang.Object, java.lang.Object, int, java.lang.Object)'> (0x00000000858e14d0) thrown at [./src/hotspot/share/interpreter/linkResolver.cpp, line 773]
Event: 43.591 Thread 0x000001d744cf5800 Exception <a 'java/lang/NoSuchMethodError'{0x0000000085d9cff0}: 'int java.lang.invoke.DirectMethodHandle$Holder.invokeInterface(java.lang.Object, java.lang.Object, java.lang.Object, java.lang.Object)'> (0x0000000085d9cff0) thrown at [./src/hotspot/share/interpreter/linkResolver.cpp, line 773]
Event: 44.147 Thread 0x000001d744cf5800 Exception <a 'java/lang/NoSuchMethodError'{0x00000000871080e0}: 'void java.lang.invoke.DirectMethodHandle$Holder.invokeInterface(java.lang.Object, java.lang.Object, java.lang.Object, java.lang.Object)'> (0x00000000871080e0) thrown at [./src/hotspot/share/interpreter/linkResolver.cpp, line 773]
Event: 44.618 Thread 0x000001d744cf5800 Exception <a 'java/lang/IncompatibleClassChangeError'{0x0000000086a24eb8}: Found class java.lang.Object, but interface was expected> (0x0000000086a24eb8) thrown at [./src/hotspot/share/interpreter/linkResolver.cpp, line 839]
Event: 44.699 Thread 0x000001d744cf5800 Exception <a 'java/lang/NoSuchMethodError'{0x0000000086ac0768}: 'void java.lang.invoke.DirectMethodHandle$Holder.invokeStatic(java.lang.Object, java.lang.Object, java.lang.Object, java.lang.Object, java.lang.Object)'> (0x0000000086ac0768) thrown at [./src/hotspot/share/interpreter/linkResolver.cpp, line 773]
Event: 44.916 Thread 0x000001d744cf5800 Implicit null exception at 0x000001d7348b530b to 0x000001d7348b53e4

Events (20 events):
Event: 45.348 loading class com/android/build/api/dsl/TestOptions
Event: 45.348 loading class com/android/build/api/dsl/TestOptions done
Event: 45.349 loading class com/android/build/api/dsl/FailureRetention
Event: 45.349 loading class com/android/build/api/dsl/FailureRetention done
Event: 45.349 loading class com/android/build/gradle/internal/dsl/TestOptions$UnitTestOptions
Event: 45.349 loading class com/android/build/gradle/internal/dsl/TestOptions$UnitTestOptions done
Event: 45.350 loading class com/android/build/api/dsl/UnitTestOptions
Event: 45.350 loading class com/android/build/api/dsl/UnitTestOptions done
Event: 45.350 loading class org/gradle/api/ExtensiblePolymorphicDomainObjectContainer
Event: 45.350 loading class org/gradle/api/ExtensiblePolymorphicDomainObjectContainer done
Event: 45.350 loading class com/android/builder/model/TestOptions$Execution
Event: 45.350 loading class com/android/builder/model/TestOptions$Execution done
Event: 45.351 loading class com/android/build/api/dsl/DeviceGroup
Event: 45.351 loading class com/android/build/api/dsl/DeviceGroup done
Event: 45.352 loading class com/android/build/api/dsl/Device
Event: 45.352 loading class com/android/build/api/dsl/Device done
Event: 45.356 loading class org/gradle/api/DomainObjectSet
Event: 45.356 loading class org/gradle/api/DomainObjectSet done
Event: 45.367 loading class com/android/build/gradle/internal/dsl/DeviceGroupFactory
Event: 45.367 loading class com/android/build/gradle/internal/dsl/DeviceGroupFactory done


Dynamic libraries:
0x00007ff681550000 - 0x00007ff68155a000 	C:\Program Files\Android\Android Studio\jre\bin\java.exe
0x00007ffa14370000 - 0x00007ffa14565000 	C:\WINDOWS\SYSTEM32\ntdll.dll
0x00007ffa12c70000 - 0x00007ffa12d2d000 	C:\WINDOWS\System32\KERNEL32.DLL
0x00007ffa11b40000 - 0x00007ffa11e08000 	C:\WINDOWS\System32\KERNELBASE.dll
0x00007ffa12130000 - 0x00007ffa12230000 	C:\WINDOWS\System32\ucrtbase.dll
0x00007ffa0b210000 - 0x00007ffa0b227000 	C:\Program Files\Android\Android Studio\jre\bin\VCRUNTIME140.dll
0x00007ffa0c500000 - 0x00007ffa0c519000 	C:\Program Files\Android\Android Studio\jre\bin\jli.dll
0x00007ffa124a0000 - 0x00007ffa12640000 	C:\WINDOWS\System32\USER32.dll
0x00007ffa04bd0000 - 0x00007ffa04e6a000 	C:\WINDOWS\WinSxS\amd64_microsoft.windows.common-controls_6595b64144ccf1df_6.0.19041.1052_none_60b8f8fd71f5e8cb\COMCTL32.dll
0x00007ffa12100000 - 0x00007ffa12122000 	C:\WINDOWS\System32\win32u.dll
0x00007ffa14250000 - 0x00007ffa1427a000 	C:\WINDOWS\System32\GDI32.dll
0x00007ffa12bd0000 - 0x00007ffa12c6e000 	C:\WINDOWS\System32\msvcrt.dll
0x00007ffa12230000 - 0x00007ffa1233b000 	C:\WINDOWS\System32\gdi32full.dll
0x00007ffa12340000 - 0x00007ffa123dd000 	C:\WINDOWS\System32\msvcp_win.dll
0x00007ffa12b20000 - 0x00007ffa12b50000 	C:\WINDOWS\System32\IMM32.DLL
0x00007ff9f5730000 - 0x00007ff9f57cd000 	C:\Program Files\Android\Android Studio\jre\bin\msvcp140.dll
0x00007ff9de7c0000 - 0x00007ff9df27c000 	C:\Program Files\Android\Android Studio\jre\bin\server\jvm.dll
0x00007ffa14280000 - 0x00007ffa1432c000 	C:\WINDOWS\System32\ADVAPI32.dll
0x00007ffa12700000 - 0x00007ffa1279b000 	C:\WINDOWS\System32\sechost.dll
0x00007ffa13f70000 - 0x00007ffa1409b000 	C:\WINDOWS\System32\RPCRT4.dll
0x00007ffa13f60000 - 0x00007ffa13f68000 	C:\WINDOWS\System32\PSAPI.DLL
0x00007ffa0d810000 - 0x00007ffa0d819000 	C:\WINDOWS\SYSTEM32\WSOCK32.dll
0x00007ffa05950000 - 0x00007ffa05977000 	C:\WINDOWS\SYSTEM32\WINMM.dll
0x00007ffa12df0000 - 0x00007ffa12e5b000 	C:\WINDOWS\System32\WS2_32.dll
0x00007ffa06090000 - 0x00007ffa0609a000 	C:\WINDOWS\SYSTEM32\VERSION.dll
0x00007ffa0fa00000 - 0x00007ffa0fa12000 	C:\WINDOWS\SYSTEM32\kernel.appcore.dll
0x00007ffa0cba0000 - 0x00007ffa0cbb1000 	C:\Program Files\Android\Android Studio\jre\bin\verify.dll
0x00007ffa03bc0000 - 0x00007ffa03da4000 	C:\WINDOWS\SYSTEM32\DBGHELP.DLL
0x00007ff9fadc0000 - 0x00007ff9fadec000 	C:\WINDOWS\SYSTEM32\dbgcore.DLL
0x00007ffa11ab0000 - 0x00007ffa11b33000 	C:\WINDOWS\System32\bcryptPrimitives.dll
0x00007ffa0cb70000 - 0x00007ffa0cb99000 	C:\Program Files\Android\Android Studio\jre\bin\java.dll
0x00007ffa0d800000 - 0x00007ffa0d80b000 	C:\Program Files\Android\Android Studio\jre\bin\jimage.dll
0x00007ffa0af20000 - 0x00007ffa0af38000 	C:\Program Files\Android\Android Studio\jre\bin\zip.dll
0x00007ffa13620000 - 0x00007ffa13d5f000 	C:\WINDOWS\System32\SHELL32.dll
0x00007ffa0fc00000 - 0x00007ffa10390000 	C:\WINDOWS\SYSTEM32\windows.storage.dll
0x00007ffa127c0000 - 0x00007ffa12b15000 	C:\WINDOWS\System32\combase.dll
0x00007ffa11450000 - 0x00007ffa1147c000 	C:\WINDOWS\SYSTEM32\Wldp.dll
0x00007ffa132e0000 - 0x00007ffa1338e000 	C:\WINDOWS\System32\SHCORE.dll
0x00007ffa126a0000 - 0x00007ffa126f5000 	C:\WINDOWS\System32\shlwapi.dll
0x00007ffa119f0000 - 0x00007ffa11a0f000 	C:\WINDOWS\SYSTEM32\profapi.dll
0x00007ffa03220000 - 0x00007ffa0323a000 	C:\Program Files\Android\Android Studio\jre\bin\net.dll
0x00007ffa064e0000 - 0x00007ffa065eb000 	C:\WINDOWS\SYSTEM32\WINHTTP.dll
0x00007ffa111c0000 - 0x00007ffa1122a000 	C:\WINDOWS\system32\mswsock.dll
0x00007ffa01e50000 - 0x00007ffa01e64000 	C:\Program Files\Android\Android Studio\jre\bin\nio.dll
0x00007ffa0c680000 - 0x00007ffa0c6a7000 	C:\Users\Admin\.gradle\native\fdc75f09e3144964f2cf3f50f0aa648679c211496f362492102eb8c894070792\windows-amd64\native-platform.dll
0x00007ff9e2c90000 - 0x00007ff9e2e26000 	C:\Users\Admin\.gradle\native\12488b8bf47d2d4c9fbf2f6322a914ad602e24e48041cd04a747c6da556b65c4\windows-amd64\native-platform-file-events.dll
0x00007ffa0d690000 - 0x00007ffa0d69a000 	C:\Program Files\Android\Android Studio\jre\bin\management.dll
0x00007ffa0d5b0000 - 0x00007ffa0d5bc000 	C:\Program Files\Android\Android Studio\jre\bin\management_ext.dll
0x00007ffa11390000 - 0x00007ffa113a8000 	C:\WINDOWS\SYSTEM32\CRYPTSP.dll
0x00007ffa10b60000 - 0x00007ffa10b94000 	C:\WINDOWS\system32\rsaenh.dll
0x00007ffa11e10000 - 0x00007ffa11e37000 	C:\WINDOWS\System32\bcrypt.dll
0x00007ffa11970000 - 0x00007ffa1199e000 	C:\WINDOWS\SYSTEM32\USERENV.dll
0x00007ffa113b0000 - 0x00007ffa113bc000 	C:\WINDOWS\SYSTEM32\CRYPTBASE.dll
0x00007ffa10eb0000 - 0x00007ffa10eeb000 	C:\WINDOWS\SYSTEM32\IPHLPAPI.DLL
0x00007ffa12de0000 - 0x00007ffa12de8000 	C:\WINDOWS\System32\NSI.dll
0x00007ffa08a30000 - 0x00007ffa08a47000 	C:\WINDOWS\SYSTEM32\dhcpcsvc6.DLL
0x00007ffa089f0000 - 0x00007ffa08a0d000 	C:\WINDOWS\SYSTEM32\dhcpcsvc.DLL
0x00007ffa10ef0000 - 0x00007ffa10fbc000 	C:\WINDOWS\SYSTEM32\DNSAPI.dll
0x00007ffa0a9d0000 - 0x00007ffa0a9db000 	C:\WINDOWS\SYSTEM32\WINNSI.DLL
0x00007ffa00b60000 - 0x00007ffa00b87000 	C:\Program Files\Android\Android Studio\jre\bin\sunec.dll
0x00007ffa06220000 - 0x00007ffa0622a000 	C:\Windows\System32\rasadhlp.dll
0x00007ffa06120000 - 0x00007ffa0619f000 	C:\WINDOWS\System32\fwpuclnt.dll

dbghelp: loaded successfully - version: 4.0.5 - missing functions: none
symbol engine: initialized successfully - sym options: 0x614 - pdb path: .;C:\Program Files\Android\Android Studio\jre\bin;C:\WINDOWS\SYSTEM32;C:\WINDOWS\WinSxS\amd64_microsoft.windows.common-controls_6595b64144ccf1df_6.0.19041.1052_none_60b8f8fd71f5e8cb;C:\Program Files\Android\Android Studio\jre\bin\server;C:\Users\Admin\.gradle\native\fdc75f09e3144964f2cf3f50f0aa648679c211496f362492102eb8c894070792\windows-amd64;C:\Users\Admin\.gradle\native\12488b8bf47d2d4c9fbf2f6322a914ad602e24e48041cd04a747c6da556b65c4\windows-amd64

VM Arguments:
jvm_args: --add-opens=java.base/java.util=ALL-UNNAMED --add-opens=java.base/java.lang=ALL-UNNAMED --add-opens=java.base/java.lang.invoke=ALL-UNNAMED --add-opens=java.prefs/java.util.prefs=ALL-UNNAMED -Xmx2048m -Dfile.encoding=UTF-8 -Duser.country=US -Duser.language=en -Duser.variant 
java_command: org.gradle.launcher.daemon.bootstrap.GradleDaemon 6.7.1
java_class_path (initial): C:\Users\Admin\.gradle\wrapper\dists\gradle-6.7.1-all\2moa8rlfac5eqlcfgk98k0deb\gradle-6.7.1\lib\gradle-launcher-6.7.1.jar
Launcher Type: SUN_STANDARD

[Global flags]
     intx CICompilerCount                          = 3                                         {product} {ergonomic}
     uint ConcGCThreads                            = 1                                         {product} {ergonomic}
     uint G1ConcRefinementThreads                  = 4                                         {product} {ergonomic}
   size_t G1HeapRegionSize                         = 1048576                                   {product} {ergonomic}
    uintx GCDrainStackTargetSize                   = 64                                        {product} {ergonomic}
   size_t InitialHeapSize                          = 67108864                                  {product} {ergonomic}
   size_t MarkStackSize                            = 4194304                                   {product} {ergonomic}
   size_t MaxHeapSize                              = 2147483648                                {product} {command line}
   size_t MaxNewSize                               = 1287651328                                {product} {ergonomic}
   size_t MinHeapDeltaBytes                        = 1048576                                   {product} {ergonomic}
    uintx NonNMethodCodeHeapSize                   = 5830732                                {pd product} {ergonomic}
    uintx NonProfiledCodeHeapSize                  = 122913754                              {pd product} {ergonomic}
    uintx ProfiledCodeHeapSize                     = 122913754                              {pd product} {ergonomic}
    uintx ReservedCodeCacheSize                    = 251658240                              {pd product} {ergonomic}
     bool SegmentedCodeCache                       = true                                      {product} {ergonomic}
     bool UseCompressedClassPointers               = true                                 {lp64_product} {ergonomic}
     bool UseCompressedOops                        = true                                 {lp64_product} {ergonomic}
     bool UseG1GC                                  = true                                      {product} {ergonomic}
     bool UseLargePagesIndividualAllocation        = false                                  {pd product} {ergonomic}

Logging:
Log output configuration:
 #0: stdout all=warning uptime,level,tags
 #1: stderr all=off uptime,level,tags

Environment Variables:
PATH=C:\Program Files\Common Files\Oracle\Java\javapath;C:\WINDOWS\system32;C:\WINDOWS;C:\WINDOWS\System32\Wbem;C:\WINDOWS\System32\WindowsPowerShell\v1.0\;C:\WINDOWS\System32\OpenSSH\;C:\Program Files\Java\jdk-15.0.1\bin;C:\Program Files\Microsoft SQL Server\130\Tools\Binn\;C:\Program Files\Git\cmd;C:\Program Files\Microsoft SQL Server\110\Tools\Binn\;C:\Program Files (x86)\Microsoft SQL Server\110\Tools\Binn\ManagementStudio\;C:\Program Files (x86)\Microsoft SQL Server\110\Tools\Binn\;C:\Program Files (x86)\Microsoft Visual Studio 10.0\Common7\IDE\PrivateAssemblies\;C:\Program Files (x86)\Microsoft SQL Server\110\DTS\Binn\;C:\Program Files\Microsoft SQL Server\110\DTS\Binn\;D:\NodeJs\;D:\apache-maven-3.6.0\bin;C:\Users\Admin\AppData\Local\Programs\Python\Python39\Scripts\;C:\Users\Admin\AppData\Local\Programs\Python\Python39\;C:\Users\Admin\AppData\Local\Microsoft\WindowsApps;C:\Users\Admin\AppData\Local\Programs\Microsoft VS Code\bin;C:\Users\Admin\AppData\Roaming\npm;
USERNAME=Admin
OS=Windows_NT
PROCESSOR_IDENTIFIER=Intel64 Family 6 Model 61 Stepping 4, GenuineIntel



---------------  S Y S T E M  ---------------

OS: Windows 10 , 64 bit Build 19041 (10.0.19041.1023)
OS uptime: 23 days 23:29 hours

CPU:total 4 (initial active 4) (2 cores per cpu, 2 threads per core) family 6 model 61 stepping 4, cmov, cx8, fxsr, mmx, sse, sse2, sse3, ssse3, sse4.1, sse4.2, popcnt, avx, avx2, aes, clmul, erms, 3dnowpref, lzcnt, ht, tsc, tscinvbit, bmi1, bmi2, adx, fma

Memory: 4k page, system-wide physical 4005M (287M free)
TotalPageFile size 15839M (AvailPageFile size 7M)
current process WorkingSet (physical memory assigned to process): 332M, peak: 332M
current process commit charge ("private bytes"): 362M, peak: 363M

vm_info: OpenJDK 64-Bit Server VM (11.0.8+10-b944.6842174) for windows-amd64 JRE (11.0.8+10-b944.6842174), built on Sep 19 2020 01:11:42 by "builder" with MS VC++ 14.0 (VS2015)

END.
