#
# There is insufficient memory for the Java Runtime Environment to continue.
# Native memory allocation (malloc) failed to allocate 937136 bytes for Chunk::new
# Possible reasons:
#   The system is out of physical RAM or swap space
#   The process is running with CompressedOops enabled, and the Java Heap may be blocking the growth of the native heap
# Possible solutions:
#   Reduce memory load on the system
#   Increase physical memory or swap space
#   Check if swap backing store is full
#   Decrease Java heap size (-Xmx/-Xms)
#   Decrease number of Java threads
#   Decrease Java thread stack sizes (-Xss)
#   Set larger code cache with -XX:ReservedCodeCacheSize=
#   JVM is running with Unscaled Compressed Oops mode in which the Java heap is
#     placed in the first 4GB address space. The Java Heap base address is the
#     maximum limit for the native heap growth. Please use -XX:HeapBaseMinAddress
#     to set the Java Heap base and to place the Java Heap above 4GB virtual address.
# This output file may be truncated or incomplete.
#
#  Out of Memory Error (./src/hotspot/share/memory/arena.cpp:197), pid=14904, tid=12456
#
# JRE version: OpenJDK Runtime Environment (11.0.8+10) (build 11.0.8+10-b944.6842174)
# Java VM: OpenJDK 64-Bit Server VM (11.0.8+10-b944.6842174, mixed mode, tiered, compressed oops, g1 gc, windows-amd64)
# No core dump will be written. Minidumps are not enabled by default on client versions of Windows
#

---------------  S U M M A R Y ------------

Command Line: --add-opens=java.base/java.util=ALL-UNNAMED --add-opens=java.base/java.lang=ALL-UNNAMED --add-opens=java.base/java.lang.invoke=ALL-UNNAMED --add-opens=java.prefs/java.util.prefs=ALL-UNNAMED -Xmx2048m -Dfile.encoding=UTF-8 -Duser.country=US -Duser.language=en -Duser.variant org.gradle.launcher.daemon.bootstrap.GradleDaemon 6.7.1

Host: Intel(R) Core(TM) i3-5005U CPU @ 2.00GHz, 4 cores, 3G,  Windows 10 , 64 bit Build 19041 (10.0.19041.1023)
Time: Thu Jul  8 22:19:58 2021 SE Asia Standard Time elapsed time: 48 seconds (0d 0h 0m 48s)

---------------  T H R E A D  ---------------

Current thread (0x000001e376ba9000):  JavaThread "C2 CompilerThread0" daemon [_thread_in_native, id=12456, stack(0x000000df5e900000,0x000000df5ea00000)]


Current CompileTask:
C2:  48041 9732       4       com.android.utils.XmlUtils::append (647 bytes)

Stack: [0x000000df5e900000,0x000000df5ea00000]
Native frames: (J=compiled Java code, j=interpreted, Vv=VM code, C=native code)
V  [jvm.dll+0x5de50a]
V  [jvm.dll+0x7122f5]
V  [jvm.dll+0x71384d]
V  [jvm.dll+0x713f03]
V  [jvm.dll+0x23e728]
V  [jvm.dll+0xb899c]
V  [jvm.dll+0xb8e9c]
V  [jvm.dll+0x2b20e4]
V  [jvm.dll+0x502098]
V  [jvm.dll+0x1ff393]
V  [jvm.dll+0x1f917c]
V  [jvm.dll+0x1f685f]
V  [jvm.dll+0x17f32c]
V  [jvm.dll+0x205047]
V  [jvm.dll+0x203891]
V  [jvm.dll+0x6dad3f]
V  [jvm.dll+0x6d3895]
V  [jvm.dll+0x5dd4a6]
C  [ucrtbase.dll+0x21bb2]
C  [KERNEL32.DLL+0x17034]
C  [ntdll.dll+0x52651]


---------------  P R O C E S S  ---------------

Threads class SMR info:
_java_thread_list=0x000001e37a0ee200, length=142, elements={
0x000001e35b1bb000, 0x000001e376b4a800, 0x000001e376b57800, 0x000001e376ba3800,
0x000001e376ba4800, 0x000001e376ba9000, 0x000001e377519000, 0x000001e377536800,
0x000001e377619000, 0x000001e377637800, 0x000001e378d8d000, 0x000001e378fd2000,
0x000001e378b25800, 0x000001e378cfd000, 0x000001e378d0c000, 0x000001e379240000,
0x000001e37923d800, 0x000001e379090800, 0x000001e379e99800, 0x000001e3791b8800,
0x000001e37800a800, 0x000001e37800b800, 0x000001e378005800, 0x000001e37800c800,
0x000001e378006800, 0x000001e378007800, 0x000001e378008000, 0x000001e378009000,
0x000001e379d1b000, 0x000001e379d1c000, 0x000001e379d1e800, 0x000001e379d1d000,
0x000001e379d1d800, 0x000001e379d19800, 0x000001e379d22800, 0x000001e379d25000,
0x000001e379d20000, 0x000001e379d21000, 0x000001e379d23800, 0x000001e379d27800,
0x000001e379d26000, 0x000001e379d24000, 0x000001e379d26800, 0x000001e379d22000,
0x000001e379d28800, 0x000001e37ba09000, 0x000001e37ba09800, 0x000001e37ba08000,
0x000001e37ba0a800, 0x000001e37ba06800, 0x000001e37ba0b800, 0x000001e37ba05800,
0x000001e37ba07000, 0x000001e37ba0e800, 0x000001e37ba0f800, 0x000001e37ba10000,
0x000001e37ba11000, 0x000001e37ba12000, 0x000001e37ba0c000, 0x000001e37ba12800,
0x000001e37ba0d000, 0x000001e37ba13800, 0x000001e37ba0d800, 0x000001e37ba14000,
0x000001e3783fc000, 0x000001e3783fe800, 0x000001e378401000, 0x000001e378400000,
0x000001e3783fb000, 0x000001e3783fc800, 0x000001e378401800, 0x000001e378403800,
0x000001e378402800, 0x000001e3783fd800, 0x000001e378404000, 0x000001e3783ff000,
0x000001e37840a000, 0x000001e378408000, 0x000001e378409000, 0x000001e378405800,
0x000001e378406800, 0x000001e378405000, 0x000001e378407800, 0x000001e37a591000,
0x000001e37a592000, 0x000001e37a58e800, 0x000001e37a593000, 0x000001e37a58d000,
0x000001e37a58e000, 0x000001e37a58f800, 0x000001e37a593800, 0x000001e37a590800,
0x000001e37a650000, 0x000001e37a64d000, 0x000001e37a651000, 0x000001e37a652000,
0x000001e37a64e800, 0x000001e37a64f800, 0x000001e37a652800, 0x000001e37a653800,
0x000001e37a64e000, 0x000001e37a656800, 0x000001e37a656000, 0x000001e37a658800,
0x000001e37a657800, 0x000001e37a659000, 0x000001e37a655000, 0x000001e37a65a000,
0x000001e37a654800, 0x000001e37a65b000, 0x000001e37a65b800, 0x000001e37a217800,
0x000001e37a219000, 0x000001e37a217000, 0x000001e37a21c800, 0x000001e37a21a000,
0x000001e37a21d800, 0x000001e37a21b000, 0x000001e37a21b800, 0x000001e37a21e000,
0x000001e37a218800, 0x000001e37a21f000, 0x000001e37a224800, 0x000001e37a220800,
0x000001e37a225800, 0x000001e37a21f800, 0x000001e37a223000, 0x000001e37a221800,
0x000001e37a222000, 0x000001e37a224000, 0x000001e37a11b000, 0x000001e37a119800,
0x000001e37a11a000, 0x000001e37a11c000, 0x000001e37a11c800, 0x000001e37a11d800,
0x000001e37a117800, 0x000001e37a11e000, 0x000001e37a118800, 0x000001e37a120000,
0x000001e37a123000, 0x000001e37a120800
}

Java Threads: ( => current thread )
  0x000001e35b1bb000 JavaThread "main" [_thread_blocked, id=4828, stack(0x000000df5de00000,0x000000df5df00000)]
  0x000001e376b4a800 JavaThread "Reference Handler" daemon [_thread_blocked, id=2036, stack(0x000000df5e500000,0x000000df5e600000)]
  0x000001e376b57800 JavaThread "Finalizer" daemon [_thread_blocked, id=9012, stack(0x000000df5e600000,0x000000df5e700000)]
  0x000001e376ba3800 JavaThread "Signal Dispatcher" daemon [_thread_blocked, id=12560, stack(0x000000df5e700000,0x000000df5e800000)]
  0x000001e376ba4800 JavaThread "Attach Listener" daemon [_thread_blocked, id=12636, stack(0x000000df5e800000,0x000000df5e900000)]
=>0x000001e376ba9000 JavaThread "C2 CompilerThread0" daemon [_thread_in_native, id=12456, stack(0x000000df5e900000,0x000000df5ea00000)]
  0x000001e377519000 JavaThread "C1 CompilerThread0" daemon [_thread_blocked, id=14996, stack(0x000000df5ea00000,0x000000df5eb00000)]
  0x000001e377536800 JavaThread "Sweeper thread" daemon [_thread_blocked, id=12312, stack(0x000000df5eb00000,0x000000df5ec00000)]
  0x000001e377619000 JavaThread "Common-Cleaner" daemon [_thread_blocked, id=14216, stack(0x000000df5ec00000,0x000000df5ed00000)]
  0x000001e377637800 JavaThread "Service Thread" daemon [_thread_blocked, id=8340, stack(0x000000df5ed00000,0x000000df5ee00000)]
  0x000001e378d8d000 JavaThread "Daemon health stats" [_thread_blocked, id=4100, stack(0x000000df5f000000,0x000000df5f100000)]
  0x000001e378fd2000 JavaThread "Incoming local TCP Connector on port 62611" [_thread_in_native, id=5392, stack(0x000000df5f300000,0x000000df5f400000)]
  0x000001e378b25800 JavaThread "Daemon periodic checks" [_thread_blocked, id=7324, stack(0x000000df5f600000,0x000000df5f700000)]
  0x000001e378cfd000 JavaThread "Daemon" [_thread_blocked, id=14908, stack(0x000000df5f700000,0x000000df5f800000)]
  0x000001e378d0c000 JavaThread "Handler for socket connection from /127.0.0.1:62611 to /127.0.0.1:62612" [_thread_in_native, id=10412, stack(0x000000df5f800000,0x000000df5f900000)]
  0x000001e379240000 JavaThread "Cancel handler" [_thread_blocked, id=11592, stack(0x000000df5f900000,0x000000df5fa00000)]
  0x000001e37923d800 JavaThread "Daemon worker" [_thread_blocked, id=12632, stack(0x000000df5fa00000,0x000000df5fb00000)]
  0x000001e379090800 JavaThread "Asynchronous log dispatcher for DefaultDaemonConnection: socket connection from /127.0.0.1:62611 to /127.0.0.1:62612" [_thread_blocked, id=12420, stack(0x000000df5fb00000,0x000000df5fc00000)]
  0x000001e379e99800 JavaThread "Stdin handler" [_thread_blocked, id=4796, stack(0x000000df5fc00000,0x000000df5fd00000)]
  0x000001e3791b8800 JavaThread "Thread-8" [_thread_blocked, id=14688, stack(0x000000df5fd00000,0x000000df5fe00000)]
  0x000001e37800a800 JavaThread "Cache worker for file hash cache (C:\Users\Admin\.gradle\caches\6.7.1\fileHashes)" [_thread_blocked, id=13192, stack(0x000000df5fe00000,0x000000df5ff00000)]
  0x000001e37800b800 JavaThread "File lock request listener" [_thread_in_native, id=13468, stack(0x000000df5ff00000,0x000000df60000000)]
  0x000001e378005800 JavaThread "Cache worker for journal cache (C:\Users\Admin\.gradle\caches\journal-1)" [_thread_blocked, id=11904, stack(0x000000df60000000,0x000000df60100000)]
  0x000001e37800c800 JavaThread "Cache worker for file hash cache (D:\AndroidStudioProjects\Eat_Simple\.gradle\6.7.1\fileHashes)" [_thread_blocked, id=5516, stack(0x000000df60100000,0x000000df60200000)]
  0x000001e378006800 JavaThread "Cache worker for checksums cache (D:\AndroidStudioProjects\Eat_Simple\.gradle\checksums)" [_thread_blocked, id=11204, stack(0x000000df60200000,0x000000df60300000)]
  0x000001e378007800 JavaThread "Cache worker for cache directory md-supplier (C:\Users\Admin\.gradle\caches\6.7.1\md-supplier)" [_thread_blocked, id=816, stack(0x000000df60300000,0x000000df60400000)]
  0x000001e378008000 JavaThread "Cache worker for cache directory md-rule (C:\Users\Admin\.gradle\caches\6.7.1\md-rule)" [_thread_blocked, id=3668, stack(0x000000df60400000,0x000000df60500000)]
  0x000001e378009000 JavaThread "Cache worker for execution history cache (C:\Users\Admin\.gradle\caches\6.7.1\executionHistory)" [_thread_blocked, id=11972, stack(0x000000df60500000,0x000000df60600000)]
  0x000001e379d1b000 JavaThread "jar transforms" [_thread_blocked, id=4452, stack(0x000000df60600000,0x000000df60700000)]
  0x000001e379d1c000 JavaThread "Cache worker for file content cache (C:\Users\Admin\.gradle\caches\6.7.1\fileContent)" [_thread_blocked, id=2268, stack(0x000000df60700000,0x000000df60800000)]
  0x000001e379d1e800 JavaThread "Cache worker for Build Output Cleanup Cache (D:\AndroidStudioProjects\Eat_Simple\.gradle\buildOutputCleanup)" [_thread_blocked, id=10220, stack(0x000000df60800000,0x000000df60900000)]
  0x000001e379d1d000 JavaThread "Build operations" [_thread_blocked, id=4928, stack(0x000000df60900000,0x000000df60a00000)]
  0x000001e379d1d800 JavaThread "Build operations Thread 2" [_thread_blocked, id=14272, stack(0x000000df60a00000,0x000000df60b00000)]
  0x000001e379d19800 JavaThread "Build operations Thread 3" [_thread_blocked, id=11948, stack(0x000000df60b00000,0x000000df60c00000)]
  0x000001e379d22800 JavaThread "Build operations Thread 4" [_thread_blocked, id=10076, stack(0x000000df60c00000,0x000000df60d00000)]
  0x000001e379d25000 JavaThread "jar transforms Thread 2" [_thread_blocked, id=5880, stack(0x000000df60d00000,0x000000df60e00000)]
  0x000001e379d20000 JavaThread "jar transforms Thread 3" [_thread_blocked, id=4476, stack(0x000000df60e00000,0x000000df60f00000)]
  0x000001e379d21000 JavaThread "jar transforms Thread 4" [_thread_blocked, id=10524, stack(0x000000df60f00000,0x000000df61000000)]
  0x000001e379d23800 JavaThread "jar transforms Thread 5" [_thread_blocked, id=4092, stack(0x000000df61000000,0x000000df61100000)]
  0x000001e379d27800 JavaThread "jar transforms Thread 6" [_thread_blocked, id=13464, stack(0x000000df61100000,0x000000df61200000)]
  0x000001e379d26000 JavaThread "jar transforms Thread 7" [_thread_blocked, id=3932, stack(0x000000df61200000,0x000000df61300000)]
  0x000001e379d24000 JavaThread "jar transforms Thread 8" [_thread_blocked, id=12820, stack(0x000000df61300000,0x000000df61400000)]
  0x000001e379d26800 JavaThread "jar transforms Thread 9" [_thread_blocked, id=12880, stack(0x000000df61400000,0x000000df61500000)]
  0x000001e379d22000 JavaThread "jar transforms Thread 10" [_thread_blocked, id=11144, stack(0x000000df61500000,0x000000df61600000)]
  0x000001e379d28800 JavaThread "jar transforms Thread 11" [_thread_blocked, id=2856, stack(0x000000df61600000,0x000000df61700000)]
  0x000001e37ba09000 JavaThread "jar transforms Thread 12" [_thread_blocked, id=9768, stack(0x000000df61700000,0x000000df61800000)]
  0x000001e37ba09800 JavaThread "jar transforms Thread 13" [_thread_blocked, id=2096, stack(0x000000df61800000,0x000000df61900000)]
  0x000001e37ba08000 JavaThread "jar transforms Thread 14" [_thread_blocked, id=14456, stack(0x000000df61900000,0x000000df61a00000)]
  0x000001e37ba0a800 JavaThread "jar transforms Thread 15" [_thread_blocked, id=1864, stack(0x000000df61a00000,0x000000df61b00000)]
  0x000001e37ba06800 JavaThread "jar transforms Thread 16" [_thread_blocked, id=10092, stack(0x000000df61b00000,0x000000df61c00000)]
  0x000001e37ba0b800 JavaThread "jar transforms Thread 17" [_thread_blocked, id=11744, stack(0x000000df61c00000,0x000000df61d00000)]
  0x000001e37ba05800 JavaThread "jar transforms Thread 18" [_thread_blocked, id=12920, stack(0x000000df61d00000,0x000000df61e00000)]
  0x000001e37ba07000 JavaThread "jar transforms Thread 19" [_thread_blocked, id=6716, stack(0x000000df61e00000,0x000000df61f00000)]
  0x000001e37ba0e800 JavaThread "jar transforms Thread 20" [_thread_blocked, id=9584, stack(0x000000df61f00000,0x000000df62000000)]
  0x000001e37ba0f800 JavaThread "jar transforms Thread 21" [_thread_blocked, id=3572, stack(0x000000df62000000,0x000000df62100000)]
  0x000001e37ba10000 JavaThread "jar transforms Thread 22" [_thread_blocked, id=11084, stack(0x000000df62100000,0x000000df62200000)]
  0x000001e37ba11000 JavaThread "jar transforms Thread 23" [_thread_blocked, id=11424, stack(0x000000df62200000,0x000000df62300000)]
  0x000001e37ba12000 JavaThread "jar transforms Thread 24" [_thread_blocked, id=13272, stack(0x000000df62300000,0x000000df62400000)]
  0x000001e37ba0c000 JavaThread "jar transforms Thread 25" [_thread_blocked, id=14412, stack(0x000000df62400000,0x000000df62500000)]
  0x000001e37ba12800 JavaThread "jar transforms Thread 26" [_thread_blocked, id=4832, stack(0x000000df62500000,0x000000df62600000)]
  0x000001e37ba0d000 JavaThread "jar transforms Thread 27" [_thread_blocked, id=11444, stack(0x000000df62600000,0x000000df62700000)]
  0x000001e37ba13800 JavaThread "jar transforms Thread 28" [_thread_blocked, id=1372, stack(0x000000df62700000,0x000000df62800000)]
  0x000001e37ba0d800 JavaThread "jar transforms Thread 29" [_thread_blocked, id=4532, stack(0x000000df62800000,0x000000df62900000)]
  0x000001e37ba14000 JavaThread "jar transforms Thread 30" [_thread_blocked, id=3352, stack(0x000000df62900000,0x000000df62a00000)]
  0x000001e3783fc000 JavaThread "jar transforms Thread 31" [_thread_blocked, id=14592, stack(0x000000df62a00000,0x000000df62b00000)]
  0x000001e3783fe800 JavaThread "jar transforms Thread 32" [_thread_blocked, id=5696, stack(0x000000df62b00000,0x000000df62c00000)]
  0x000001e378401000 JavaThread "jar transforms Thread 33" [_thread_blocked, id=1208, stack(0x000000df62c00000,0x000000df62d00000)]
  0x000001e378400000 JavaThread "jar transforms Thread 34" [_thread_blocked, id=13292, stack(0x000000df62d00000,0x000000df62e00000)]
  0x000001e3783fb000 JavaThread "jar transforms Thread 35" [_thread_blocked, id=10772, stack(0x000000df62e00000,0x000000df62f00000)]
  0x000001e3783fc800 JavaThread "jar transforms Thread 36" [_thread_blocked, id=12952, stack(0x000000df62f00000,0x000000df63000000)]
  0x000001e378401800 JavaThread "jar transforms Thread 37" [_thread_blocked, id=5568, stack(0x000000df63000000,0x000000df63100000)]
  0x000001e378403800 JavaThread "jar transforms Thread 38" [_thread_blocked, id=9720, stack(0x000000df63100000,0x000000df63200000)]
  0x000001e378402800 JavaThread "jar transforms Thread 39" [_thread_blocked, id=14780, stack(0x000000df63200000,0x000000df63300000)]
  0x000001e3783fd800 JavaThread "jar transforms Thread 40" [_thread_blocked, id=13064, stack(0x000000df63300000,0x000000df63400000)]
  0x000001e378404000 JavaThread "jar transforms Thread 41" [_thread_blocked, id=5488, stack(0x000000df63400000,0x000000df63500000)]
  0x000001e3783ff000 JavaThread "jar transforms Thread 42" [_thread_blocked, id=6860, stack(0x000000df63500000,0x000000df63600000)]
  0x000001e37840a000 JavaThread "jar transforms Thread 43" [_thread_blocked, id=8668, stack(0x000000df63600000,0x000000df63700000)]
  0x000001e378408000 JavaThread "jar transforms Thread 44" [_thread_blocked, id=11164, stack(0x000000df63700000,0x000000df63800000)]
  0x000001e378409000 JavaThread "jar transforms Thread 45" [_thread_blocked, id=14460, stack(0x000000df63800000,0x000000df63900000)]
  0x000001e378405800 JavaThread "jar transforms Thread 46" [_thread_blocked, id=5540, stack(0x000000df63900000,0x000000df63a00000)]
  0x000001e378406800 JavaThread "jar transforms Thread 47" [_thread_blocked, id=10008, stack(0x000000df63a00000,0x000000df63b00000)]
  0x000001e378405000 JavaThread "jar transforms Thread 48" [_thread_blocked, id=8952, stack(0x000000df63b00000,0x000000df63c00000)]
  0x000001e378407800 JavaThread "jar transforms Thread 49" [_thread_blocked, id=10752, stack(0x000000df63c00000,0x000000df63d00000)]
  0x000001e37a591000 JavaThread "jar transforms Thread 50" [_thread_blocked, id=6252, stack(0x000000df63d00000,0x000000df63e00000)]
  0x000001e37a592000 JavaThread "jar transforms Thread 51" [_thread_blocked, id=14652, stack(0x000000df63e00000,0x000000df63f00000)]
  0x000001e37a58e800 JavaThread "jar transforms Thread 52" [_thread_blocked, id=3728, stack(0x000000df63f00000,0x000000df64000000)]
  0x000001e37a593000 JavaThread "jar transforms Thread 53" [_thread_blocked, id=14600, stack(0x000000df64000000,0x000000df64100000)]
  0x000001e37a58d000 JavaThread "jar transforms Thread 54" [_thread_blocked, id=14988, stack(0x000000df64100000,0x000000df64200000)]
  0x000001e37a58e000 JavaThread "jar transforms Thread 55" [_thread_blocked, id=1736, stack(0x000000df64200000,0x000000df64300000)]
  0x000001e37a58f800 JavaThread "jar transforms Thread 56" [_thread_blocked, id=3592, stack(0x000000df64300000,0x000000df64400000)]
  0x000001e37a593800 JavaThread "jar transforms Thread 57" [_thread_blocked, id=7164, stack(0x000000df64400000,0x000000df64500000)]
  0x000001e37a590800 JavaThread "jar transforms Thread 58" [_thread_blocked, id=1984, stack(0x000000df64500000,0x000000df64600000)]
  0x000001e37a650000 JavaThread "jar transforms Thread 59" [_thread_blocked, id=5984, stack(0x000000df64600000,0x000000df64700000)]
  0x000001e37a64d000 JavaThread "jar transforms Thread 60" [_thread_blocked, id=10332, stack(0x000000df64700000,0x000000df64800000)]
  0x000001e37a651000 JavaThread "jar transforms Thread 61" [_thread_blocked, id=9880, stack(0x000000df64800000,0x000000df64900000)]
  0x000001e37a652000 JavaThread "jar transforms Thread 62" [_thread_blocked, id=8720, stack(0x000000df64900000,0x000000df64a00000)]
  0x000001e37a64e800 JavaThread "jar transforms Thread 63" [_thread_blocked, id=5356, stack(0x000000df64a00000,0x000000df64b00000)]
  0x000001e37a64f800 JavaThread "jar transforms Thread 64" [_thread_blocked, id=12992, stack(0x000000df64b00000,0x000000df64c00000)]
  0x000001e37a652800 JavaThread "jar transforms Thread 65" [_thread_blocked, id=1648, stack(0x000000df64c00000,0x000000df64d00000)]
  0x000001e37a653800 JavaThread "jar transforms Thread 66" [_thread_blocked, id=2848, stack(0x000000df64d00000,0x000000df64e00000)]
  0x000001e37a64e000 JavaThread "jar transforms Thread 67" [_thread_blocked, id=13924, stack(0x000000df64e00000,0x000000df64f00000)]
  0x000001e37a656800 JavaThread "jar transforms Thread 68" [_thread_blocked, id=10996, stack(0x000000df64f00000,0x000000df65000000)]
  0x000001e37a656000 JavaThread "jar transforms Thread 69" [_thread_blocked, id=12888, stack(0x000000df65000000,0x000000df65100000)]
  0x000001e37a658800 JavaThread "jar transforms Thread 70" [_thread_blocked, id=12924, stack(0x000000df65100000,0x000000df65200000)]
  0x000001e37a657800 JavaThread "jar transforms Thread 71" [_thread_blocked, id=14800, stack(0x000000df65200000,0x000000df65300000)]
  0x000001e37a659000 JavaThread "jar transforms Thread 72" [_thread_blocked, id=14464, stack(0x000000df65300000,0x000000df65400000)]
  0x000001e37a655000 JavaThread "jar transforms Thread 73" [_thread_blocked, id=11776, stack(0x000000df65400000,0x000000df65500000)]
  0x000001e37a65a000 JavaThread "jar transforms Thread 74" [_thread_blocked, id=4968, stack(0x000000df65500000,0x000000df65600000)]
  0x000001e37a654800 JavaThread "jar transforms Thread 75" [_thread_blocked, id=10844, stack(0x000000df65600000,0x000000df65700000)]
  0x000001e37a65b000 JavaThread "jar transforms Thread 76" [_thread_blocked, id=14028, stack(0x000000df65700000,0x000000df65800000)]
  0x000001e37a65b800 JavaThread "jar transforms Thread 77" [_thread_blocked, id=6668, stack(0x000000df65800000,0x000000df65900000)]
  0x000001e37a217800 JavaThread "jar transforms Thread 78" [_thread_blocked, id=11912, stack(0x000000df65900000,0x000000df65a00000)]
  0x000001e37a219000 JavaThread "jar transforms Thread 79" [_thread_blocked, id=4248, stack(0x000000df65a00000,0x000000df65b00000)]
  0x000001e37a217000 JavaThread "jar transforms Thread 80" [_thread_blocked, id=6808, stack(0x000000df65b00000,0x000000df65c00000)]
  0x000001e37a21c800 JavaThread "jar transforms Thread 81" [_thread_blocked, id=8892, stack(0x000000df65c00000,0x000000df65d00000)]
  0x000001e37a21a000 JavaThread "jar transforms Thread 82" [_thread_blocked, id=3576, stack(0x000000df65d00000,0x000000df65e00000)]
  0x000001e37a21d800 JavaThread "jar transforms Thread 83" [_thread_blocked, id=13392, stack(0x000000df65e00000,0x000000df65f00000)]
  0x000001e37a21b000 JavaThread "jar transforms Thread 84" [_thread_blocked, id=5348, stack(0x000000df65f00000,0x000000df66000000)]
  0x000001e37a21b800 JavaThread "jar transforms Thread 85" [_thread_blocked, id=248, stack(0x000000df66000000,0x000000df66100000)]
  0x000001e37a21e000 JavaThread "jar transforms Thread 86" [_thread_blocked, id=12548, stack(0x000000df66100000,0x000000df66200000)]
  0x000001e37a218800 JavaThread "jar transforms Thread 87" [_thread_blocked, id=12276, stack(0x000000df66200000,0x000000df66300000)]
  0x000001e37a21f000 JavaThread "jar transforms Thread 88" [_thread_blocked, id=11372, stack(0x000000df66300000,0x000000df66400000)]
  0x000001e37a224800 JavaThread "jar transforms Thread 89" [_thread_blocked, id=5380, stack(0x000000df66400000,0x000000df66500000)]
  0x000001e37a220800 JavaThread "jar transforms Thread 90" [_thread_blocked, id=1708, stack(0x000000df66500000,0x000000df66600000)]
  0x000001e37a225800 JavaThread "jar transforms Thread 91" [_thread_blocked, id=4544, stack(0x000000df66600000,0x000000df66700000)]
  0x000001e37a21f800 JavaThread "jar transforms Thread 92" [_thread_blocked, id=11492, stack(0x000000df66700000,0x000000df66800000)]
  0x000001e37a223000 JavaThread "jar transforms Thread 93" [_thread_blocked, id=2584, stack(0x000000df66800000,0x000000df66900000)]
  0x000001e37a221800 JavaThread "jar transforms Thread 94" [_thread_blocked, id=2120, stack(0x000000df66900000,0x000000df66a00000)]
  0x000001e37a222000 JavaThread "jar transforms Thread 95" [_thread_blocked, id=7836, stack(0x000000df66a00000,0x000000df66b00000)]
  0x000001e37a224000 JavaThread "jar transforms Thread 96" [_thread_blocked, id=1212, stack(0x000000df66b00000,0x000000df66c00000)]
  0x000001e37a11b000 JavaThread "jar transforms Thread 97" [_thread_blocked, id=6620, stack(0x000000df66c00000,0x000000df66d00000)]
  0x000001e37a119800 JavaThread "jar transforms Thread 98" [_thread_blocked, id=10328, stack(0x000000df66d00000,0x000000df66e00000)]
  0x000001e37a11a000 JavaThread "jar transforms Thread 99" [_thread_blocked, id=4188, stack(0x000000df66e00000,0x000000df66f00000)]
  0x000001e37a11c000 JavaThread "Memory manager" [_thread_blocked, id=3300, stack(0x000000df66f00000,0x000000df67000000)]
  0x000001e37a11c800 JavaThread "build event listener" [_thread_blocked, id=12168, stack(0x000000df67000000,0x000000df67100000)]
  0x000001e37a11d800 JavaThread "build event listener" [_thread_blocked, id=8156, stack(0x000000df67100000,0x000000df67200000)]
  0x000001e37a117800 JavaThread "Execution worker for ':'" [_thread_blocked, id=12464, stack(0x000000df67200000,0x000000df67300000)]
  0x000001e37a11e000 JavaThread "Execution worker for ':' Thread 2" [_thread_blocked, id=7724, stack(0x000000df67300000,0x000000df67400000)]
  0x000001e37a118800 JavaThread "Execution worker for ':' Thread 3" [_thread_in_vm, id=4616, stack(0x000000df67400000,0x000000df67500000)]
  0x000001e37a120000 JavaThread "Cache worker for execution history cache (D:\AndroidStudioProjects\Eat_Simple\.gradle\6.7.1\executionHistory)" [_thread_blocked, id=11496, stack(0x000000df67500000,0x000000df67600000)]
  0x000001e37a123000 JavaThread "WorkerExecutor Queue" [_thread_blocked, id=7288, stack(0x000000df67700000,0x000000df67800000)]
  0x000001e37a120800 JavaThread "WorkerExecutor Queue Thread 2" [_thread_in_Java, id=1096, stack(0x000000df67800000,0x000000df67900000)]

Other Threads:
  0x000001e376b43000 VMThread "VM Thread" [stack: 0x000000df5e400000,0x000000df5e500000] [id=15152]
  0x000001e377638800 WatcherThread [stack: 0x000000df5ee00000,0x000000df5ef00000] [id=8428]
  0x000001e35b1d3800 GCTaskThread "GC Thread#0" [stack: 0x000000df5df00000,0x000000df5e000000] [id=960]
  0x000001e37792f800 GCTaskThread "GC Thread#1" [stack: 0x000000df5ef00000,0x000000df5f000000] [id=12072]
  0x000001e378941000 GCTaskThread "GC Thread#2" [stack: 0x000000df5f400000,0x000000df5f500000] [id=10920]
  0x000001e378950000 GCTaskThread "GC Thread#3" [stack: 0x000000df5f500000,0x000000df5f600000] [id=1608]
  0x000001e35b203800 ConcurrentGCThread "G1 Main Marker" [stack: 0x000000df5e000000,0x000000df5e100000] [id=13080]
  0x000001e35b206800 ConcurrentGCThread "G1 Conc#0" [stack: 0x000000df5e100000,0x000000df5e200000] [id=6532]
  0x000001e35b25d800 ConcurrentGCThread "G1 Refine#0" [stack: 0x000000df5e200000,0x000000df5e300000] [id=4648]
  0x000001e35b25e800 ConcurrentGCThread "G1 Young RemSet Sampling" [stack: 0x000000df5e300000,0x000000df5e400000] [id=5004]

Threads with active compile tasks:
C2 CompilerThread0  48124 9732       4       com.android.utils.XmlUtils::append (647 bytes)

VM state:not at safepoint (normal execution)

VM Mutex/Monitor currently owned by a thread: None

Heap address: 0x0000000080000000, size: 2048 MB, Compressed Oops mode: 32-bit
Narrow klass base: 0x0000000000000000, Narrow klass shift: 3
Compressed class space size: 1073741824 Address: 0x0000000100000000

Heap:
 garbage-first heap   total 140288K, used 117204K [0x0000000080000000, 0x0000000100000000)
  region size 1024K, 9 young (9216K), 3 survivors (3072K)
 Metaspace       used 84942K, capacity 86933K, committed 87296K, reserved 1124352K
  class space    used 10956K, capacity 11666K, committed 11776K, reserved 1048576K
Heap Regions: E=young(eden), S=young(survivor), O=old, HS=humongous(starts), HC=humongous(continues), CS=collection set, F=free, A=archive, TAMS=top-at-mark-start (previous, next)
|   0|0x0000000080000000, 0x0000000080100000, 0x0000000080100000|100%| O|  |TAMS 0x0000000080100000, 0x0000000080100000| Untracked 
|   1|0x0000000080100000, 0x0000000080200000, 0x0000000080200000|100%| O|  |TAMS 0x0000000080200000, 0x0000000080200000| Untracked 
|   2|0x0000000080200000, 0x0000000080300000, 0x0000000080300000|100%| O|  |TAMS 0x0000000080300000, 0x0000000080300000| Untracked 
|   3|0x0000000080300000, 0x0000000080400000, 0x0000000080400000|100%|HS|  |TAMS 0x0000000080400000, 0x0000000080400000| Complete 
|   4|0x0000000080400000, 0x0000000080500000, 0x0000000080500000|100%|HC|  |TAMS 0x0000000080500000, 0x0000000080500000| Complete 
|   5|0x0000000080500000, 0x0000000080600000, 0x0000000080600000|100%|HC|  |TAMS 0x0000000080600000, 0x0000000080600000| Complete 
|   6|0x0000000080600000, 0x0000000080700000, 0x0000000080700000|100%| O|  |TAMS 0x0000000080700000, 0x0000000080700000| Untracked 
|   7|0x0000000080700000, 0x0000000080800000, 0x0000000080800000|100%| O|  |TAMS 0x0000000080800000, 0x0000000080800000| Untracked 
|   8|0x0000000080800000, 0x0000000080900000, 0x0000000080900000|100%| O|  |TAMS 0x0000000080900000, 0x0000000080900000| Untracked 
|   9|0x0000000080900000, 0x0000000080a00000, 0x0000000080a00000|100%| O|  |TAMS 0x0000000080a00000, 0x0000000080a00000| Untracked 
|  10|0x0000000080a00000, 0x0000000080b00000, 0x0000000080b00000|100%| O|  |TAMS 0x0000000080b00000, 0x0000000080b00000| Untracked 
|  11|0x0000000080b00000, 0x0000000080c00000, 0x0000000080c00000|100%| O|  |TAMS 0x0000000080c00000, 0x0000000080c00000| Untracked 
|  12|0x0000000080c00000, 0x0000000080d00000, 0x0000000080d00000|100%| O|  |TAMS 0x0000000080d00000, 0x0000000080d00000| Untracked 
|  13|0x0000000080d00000, 0x0000000080e00000, 0x0000000080e00000|100%| O|  |TAMS 0x0000000080e00000, 0x0000000080e00000| Untracked 
|  14|0x0000000080e00000, 0x0000000080f00000, 0x0000000080f00000|100%| O|  |TAMS 0x0000000080f00000, 0x0000000080f00000| Untracked 
|  15|0x0000000080f00000, 0x0000000081000000, 0x0000000081000000|100%| O|  |TAMS 0x0000000081000000, 0x0000000081000000| Untracked 
|  16|0x0000000081000000, 0x0000000081100000, 0x0000000081100000|100%| O|  |TAMS 0x0000000081100000, 0x0000000081100000| Untracked 
|  17|0x0000000081100000, 0x0000000081200000, 0x0000000081200000|100%| O|  |TAMS 0x0000000081200000, 0x0000000081200000| Untracked 
|  18|0x0000000081200000, 0x0000000081300000, 0x0000000081300000|100%| O|  |TAMS 0x0000000081300000, 0x0000000081300000| Untracked 
|  19|0x0000000081300000, 0x0000000081400000, 0x0000000081400000|100%| O|  |TAMS 0x0000000081400000, 0x0000000081400000| Untracked 
|  20|0x0000000081400000, 0x0000000081500000, 0x0000000081500000|100%| O|  |TAMS 0x0000000081500000, 0x0000000081500000| Untracked 
|  21|0x0000000081500000, 0x0000000081600000, 0x0000000081600000|100%| O|  |TAMS 0x0000000081600000, 0x0000000081600000| Untracked 
|  22|0x0000000081600000, 0x0000000081700000, 0x0000000081700000|100%| O|  |TAMS 0x0000000081700000, 0x0000000081700000| Untracked 
|  23|0x0000000081700000, 0x0000000081800000, 0x0000000081800000|100%| O|  |TAMS 0x0000000081800000, 0x0000000081800000| Untracked 
|  24|0x0000000081800000, 0x0000000081900000, 0x0000000081900000|100%|HS|  |TAMS 0x0000000081900000, 0x0000000081900000| Complete 
|  25|0x0000000081900000, 0x0000000081a00000, 0x0000000081a00000|100%|HS|  |TAMS 0x0000000081a00000, 0x0000000081a00000| Complete 
|  26|0x0000000081a00000, 0x0000000081b00000, 0x0000000081b00000|100%|HC|  |TAMS 0x0000000081b00000, 0x0000000081b00000| Complete 
|  27|0x0000000081b00000, 0x0000000081c00000, 0x0000000081c00000|100%| O|  |TAMS 0x0000000081c00000, 0x0000000081c00000| Untracked 
|  28|0x0000000081c00000, 0x0000000081d00000, 0x0000000081d00000|100%| O|  |TAMS 0x0000000081d00000, 0x0000000081d00000| Untracked 
|  29|0x0000000081d00000, 0x0000000081e00000, 0x0000000081e00000|100%| O|  |TAMS 0x0000000081e00000, 0x0000000081e00000| Untracked 
|  30|0x0000000081e00000, 0x0000000081f00000, 0x0000000081f00000|100%| O|  |TAMS 0x0000000081f00000, 0x0000000081f00000| Untracked 
|  31|0x0000000081f00000, 0x0000000082000000, 0x0000000082000000|100%| O|  |TAMS 0x0000000082000000, 0x0000000082000000| Untracked 
|  32|0x0000000082000000, 0x0000000082100000, 0x0000000082100000|100%| O|  |TAMS 0x0000000082100000, 0x0000000082100000| Untracked 
|  33|0x0000000082100000, 0x0000000082200000, 0x0000000082200000|100%| O|  |TAMS 0x0000000082200000, 0x0000000082200000| Untracked 
|  34|0x0000000082200000, 0x0000000082300000, 0x0000000082300000|100%| O|  |TAMS 0x0000000082300000, 0x0000000082300000| Untracked 
|  35|0x0000000082300000, 0x0000000082400000, 0x0000000082400000|100%| O|  |TAMS 0x0000000082400000, 0x0000000082400000| Untracked 
|  36|0x0000000082400000, 0x0000000082500000, 0x0000000082500000|100%| O|  |TAMS 0x0000000082500000, 0x0000000082500000| Untracked 
|  37|0x0000000082500000, 0x0000000082600000, 0x0000000082600000|100%| O|  |TAMS 0x0000000082600000, 0x0000000082600000| Untracked 
|  38|0x0000000082600000, 0x0000000082700000, 0x0000000082700000|100%| O|  |TAMS 0x0000000082700000, 0x0000000082700000| Untracked 
|  39|0x0000000082700000, 0x0000000082800000, 0x0000000082800000|100%| O|  |TAMS 0x0000000082800000, 0x0000000082800000| Untracked 
|  40|0x0000000082800000, 0x0000000082900000, 0x0000000082900000|100%| O|  |TAMS 0x0000000082900000, 0x0000000082900000| Untracked 
|  41|0x0000000082900000, 0x0000000082a00000, 0x0000000082a00000|100%| O|  |TAMS 0x0000000082a00000, 0x0000000082a00000| Untracked 
|  42|0x0000000082a00000, 0x0000000082b00000, 0x0000000082b00000|100%| O|  |TAMS 0x0000000082b00000, 0x0000000082b00000| Untracked 
|  43|0x0000000082b00000, 0x0000000082c00000, 0x0000000082c00000|100%| O|  |TAMS 0x0000000082c00000, 0x0000000082c00000| Untracked 
|  44|0x0000000082c00000, 0x0000000082d00000, 0x0000000082d00000|100%| O|  |TAMS 0x0000000082d00000, 0x0000000082d00000| Untracked 
|  45|0x0000000082d00000, 0x0000000082e00000, 0x0000000082e00000|100%| O|  |TAMS 0x0000000082e00000, 0x0000000082e00000| Untracked 
|  46|0x0000000082e00000, 0x0000000082f00000, 0x0000000082f00000|100%| O|  |TAMS 0x0000000082f00000, 0x0000000082f00000| Untracked 
|  47|0x0000000082f00000, 0x0000000083000000, 0x0000000083000000|100%| O|  |TAMS 0x0000000083000000, 0x0000000083000000| Untracked 
|  48|0x0000000083000000, 0x0000000083100000, 0x0000000083100000|100%| O|  |TAMS 0x0000000083100000, 0x0000000083100000| Untracked 
|  49|0x0000000083100000, 0x0000000083200000, 0x0000000083200000|100%| O|  |TAMS 0x0000000083200000, 0x0000000083200000| Untracked 
|  50|0x0000000083200000, 0x0000000083300000, 0x0000000083300000|100%| O|  |TAMS 0x0000000083300000, 0x0000000083300000| Untracked 
|  51|0x0000000083300000, 0x0000000083400000, 0x0000000083400000|100%| O|  |TAMS 0x0000000083400000, 0x0000000083400000| Untracked 
|  52|0x0000000083400000, 0x0000000083500000, 0x0000000083500000|100%| O|  |TAMS 0x0000000083500000, 0x0000000083500000| Untracked 
|  53|0x0000000083500000, 0x0000000083600000, 0x0000000083600000|100%| O|  |TAMS 0x0000000083600000, 0x0000000083600000| Untracked 
|  54|0x0000000083600000, 0x0000000083700000, 0x0000000083700000|100%| O|  |TAMS 0x0000000083700000, 0x0000000083700000| Untracked 
|  55|0x0000000083700000, 0x0000000083800000, 0x0000000083800000|100%| O|  |TAMS 0x0000000083800000, 0x0000000083800000| Untracked 
|  56|0x0000000083800000, 0x0000000083900000, 0x0000000083900000|100%| O|  |TAMS 0x0000000083900000, 0x0000000083900000| Untracked 
|  57|0x0000000083900000, 0x0000000083a00000, 0x0000000083a00000|100%| O|  |TAMS 0x0000000083a00000, 0x0000000083a00000| Untracked 
|  58|0x0000000083a00000, 0x0000000083b00000, 0x0000000083b00000|100%| O|  |TAMS 0x0000000083b00000, 0x0000000083b00000| Untracked 
|  59|0x0000000083b00000, 0x0000000083c00000, 0x0000000083c00000|100%| O|  |TAMS 0x0000000083c00000, 0x0000000083c00000| Untracked 
|  60|0x0000000083c00000, 0x0000000083d00000, 0x0000000083d00000|100%| O|  |TAMS 0x0000000083d00000, 0x0000000083d00000| Untracked 
|  61|0x0000000083d00000, 0x0000000083e00000, 0x0000000083e00000|100%| O|  |TAMS 0x0000000083e00000, 0x0000000083e00000| Untracked 
|  62|0x0000000083e00000, 0x0000000083f00000, 0x0000000083f00000|100%| O|  |TAMS 0x0000000083f00000, 0x0000000083f00000| Untracked 
|  63|0x0000000083f00000, 0x0000000084000000, 0x0000000084000000|100%| O|  |TAMS 0x0000000084000000, 0x0000000084000000| Untracked 
|  64|0x0000000084000000, 0x0000000084100000, 0x0000000084100000|100%| O|  |TAMS 0x0000000084100000, 0x0000000084100000| Untracked 
|  65|0x0000000084100000, 0x0000000084200000, 0x0000000084200000|100%| O|  |TAMS 0x0000000084200000, 0x0000000084200000| Untracked 
|  66|0x0000000084200000, 0x0000000084300000, 0x0000000084300000|100%| O|  |TAMS 0x0000000084300000, 0x0000000084300000| Untracked 
|  67|0x0000000084300000, 0x0000000084400000, 0x0000000084400000|100%| O|  |TAMS 0x0000000084400000, 0x0000000084400000| Untracked 
|  68|0x0000000084400000, 0x0000000084500000, 0x0000000084500000|100%| O|  |TAMS 0x0000000084500000, 0x0000000084500000| Untracked 
|  69|0x0000000084500000, 0x0000000084600000, 0x0000000084600000|100%| O|  |TAMS 0x0000000084600000, 0x0000000084600000| Untracked 
|  70|0x0000000084600000, 0x0000000084700000, 0x0000000084700000|100%| O|  |TAMS 0x0000000084700000, 0x0000000084700000| Untracked 
|  71|0x0000000084700000, 0x0000000084800000, 0x0000000084800000|100%| O|  |TAMS 0x0000000084800000, 0x0000000084800000| Untracked 
|  72|0x0000000084800000, 0x0000000084900000, 0x0000000084900000|100%| O|  |TAMS 0x0000000084900000, 0x0000000084900000| Untracked 
|  73|0x0000000084900000, 0x0000000084a00000, 0x0000000084a00000|100%| O|  |TAMS 0x0000000084a00000, 0x0000000084a00000| Untracked 
|  74|0x0000000084a00000, 0x0000000084b00000, 0x0000000084b00000|100%| O|  |TAMS 0x0000000084b00000, 0x0000000084b00000| Untracked 
|  75|0x0000000084b00000, 0x0000000084c00000, 0x0000000084c00000|100%| O|  |TAMS 0x0000000084c00000, 0x0000000084c00000| Untracked 
|  76|0x0000000084c00000, 0x0000000084d00000, 0x0000000084d00000|100%| O|  |TAMS 0x0000000084d00000, 0x0000000084d00000| Untracked 
|  77|0x0000000084d00000, 0x0000000084e00000, 0x0000000084e00000|100%| O|  |TAMS 0x0000000084e00000, 0x0000000084e00000| Untracked 
|  78|0x0000000084e00000, 0x0000000084f00000, 0x0000000084f00000|100%| O|  |TAMS 0x0000000084f00000, 0x0000000084f00000| Untracked 
|  79|0x0000000084f00000, 0x0000000085000000, 0x0000000085000000|100%| O|  |TAMS 0x0000000085000000, 0x0000000085000000| Untracked 
|  80|0x0000000085000000, 0x0000000085100000, 0x0000000085100000|100%| O|  |TAMS 0x0000000085100000, 0x0000000085100000| Untracked 
|  81|0x0000000085100000, 0x0000000085200000, 0x0000000085200000|100%| O|  |TAMS 0x0000000085100000, 0x0000000085200000| Untracked 
|  82|0x0000000085200000, 0x0000000085300000, 0x0000000085300000|100%| O|  |TAMS 0x0000000085200000, 0x0000000085300000| Untracked 
|  83|0x0000000085300000, 0x0000000085400000, 0x0000000085400000|100%| O|  |TAMS 0x0000000085300000, 0x0000000085400000| Untracked 
|  84|0x0000000085400000, 0x0000000085500000, 0x0000000085500000|100%| O|  |TAMS 0x0000000085500000, 0x0000000085500000| Untracked 
|  85|0x0000000085500000, 0x0000000085600000, 0x0000000085600000|100%| O|  |TAMS 0x000000008557fa00, 0x0000000085600000| Untracked 
|  86|0x0000000085600000, 0x0000000085700000, 0x0000000085700000|100%| O|  |TAMS 0x0000000085600000, 0x0000000085700000| Untracked 
|  87|0x0000000085700000, 0x0000000085775200, 0x0000000085800000| 45%| O|  |TAMS 0x0000000085700000, 0x0000000085775200| Untracked 
|  88|0x0000000085800000, 0x0000000085900000, 0x0000000085900000|100%|HS|  |TAMS 0x0000000085800000, 0x0000000085800000| Complete 
|  89|0x0000000085900000, 0x0000000085a00000, 0x0000000085a00000|100%|HS|  |TAMS 0x0000000085900000, 0x0000000085900000| Complete 
|  90|0x0000000085a00000, 0x0000000085b00000, 0x0000000085b00000|100%|HC|  |TAMS 0x0000000085a00000, 0x0000000085a00000| Complete 
|  91|0x0000000085b00000, 0x0000000085c00000, 0x0000000085c00000|100%|HS|  |TAMS 0x0000000085b00000, 0x0000000085b00000| Complete 
|  92|0x0000000085c00000, 0x0000000085d00000, 0x0000000085d00000|100%|HC|  |TAMS 0x0000000085c00000, 0x0000000085c00000| Complete 
|  93|0x0000000085d00000, 0x0000000085e00000, 0x0000000085e00000|100%|HC|  |TAMS 0x0000000085d00000, 0x0000000085d00000| Complete 
|  94|0x0000000085e00000, 0x0000000085f00000, 0x0000000085f00000|100%|HC|  |TAMS 0x0000000085e00000, 0x0000000085e00000| Complete 
|  95|0x0000000085f00000, 0x0000000086000000, 0x0000000086000000|100%|HS|  |TAMS 0x0000000085f00000, 0x0000000085f00000| Complete 
|  96|0x0000000086000000, 0x0000000086100000, 0x0000000086100000|100%|HC|  |TAMS 0x0000000086000000, 0x0000000086000000| Complete 
|  97|0x0000000086100000, 0x0000000086200000, 0x0000000086200000|100%|HS|  |TAMS 0x0000000086100000, 0x0000000086100000| Complete 
|  98|0x0000000086200000, 0x0000000086300000, 0x0000000086300000|100%|HC|  |TAMS 0x0000000086200000, 0x0000000086200000| Complete 
|  99|0x0000000086300000, 0x0000000086400000, 0x0000000086400000|100%|HC|  |TAMS 0x0000000086300000, 0x0000000086300000| Complete 
| 100|0x0000000086400000, 0x0000000086500000, 0x0000000086500000|100%|HC|  |TAMS 0x0000000086400000, 0x0000000086400000| Complete 
| 101|0x0000000086500000, 0x0000000086600000, 0x0000000086600000|100%|HS|  |TAMS 0x0000000086500000, 0x0000000086500000| Complete 
| 102|0x0000000086600000, 0x0000000086700000, 0x0000000086700000|100%|HC|  |TAMS 0x0000000086600000, 0x0000000086600000| Complete 
| 103|0x0000000086700000, 0x0000000086800000, 0x0000000086800000|100%|HC|  |TAMS 0x0000000086700000, 0x0000000086700000| Complete 
| 104|0x0000000086800000, 0x0000000086900000, 0x0000000086900000|100%|HC|  |TAMS 0x0000000086800000, 0x0000000086800000| Complete 
| 105|0x0000000086900000, 0x0000000086900000, 0x0000000086a00000|  0%| F|  |TAMS 0x0000000086900000, 0x0000000086900000| Untracked 
| 106|0x0000000086a00000, 0x0000000086a00000, 0x0000000086b00000|  0%| F|  |TAMS 0x0000000086a00000, 0x0000000086a00000| Untracked 
| 107|0x0000000086b00000, 0x0000000086b00000, 0x0000000086c00000|  0%| F|  |TAMS 0x0000000086b00000, 0x0000000086b00000| Untracked 
| 108|0x0000000086c00000, 0x0000000086c00000, 0x0000000086d00000|  0%| F|  |TAMS 0x0000000086c00000, 0x0000000086c00000| Untracked 
| 109|0x0000000086d00000, 0x0000000086d00000, 0x0000000086e00000|  0%| F|  |TAMS 0x0000000086d00000, 0x0000000086d00000| Untracked 
| 110|0x0000000086e00000, 0x0000000086e00000, 0x0000000086f00000|  0%| F|  |TAMS 0x0000000086e00000, 0x0000000086e00000| Untracked 
| 111|0x0000000086f00000, 0x0000000086f00000, 0x0000000087000000|  0%| F|  |TAMS 0x0000000086f00000, 0x0000000086f00000| Untracked 
| 112|0x0000000087000000, 0x0000000087100000, 0x0000000087100000|100%| O|  |TAMS 0x0000000087100000, 0x0000000087100000| Untracked 
| 113|0x0000000087100000, 0x0000000087200000, 0x0000000087200000|100%| O|  |TAMS 0x0000000087200000, 0x0000000087200000| Untracked 
| 114|0x0000000087200000, 0x0000000087200000, 0x0000000087300000|  0%| F|  |TAMS 0x0000000087200000, 0x0000000087200000| Untracked 
| 115|0x0000000087300000, 0x0000000087300000, 0x0000000087400000|  0%| F|  |TAMS 0x0000000087300000, 0x0000000087300000| Untracked 
| 116|0x0000000087400000, 0x0000000087400000, 0x0000000087500000|  0%| F|  |TAMS 0x0000000087400000, 0x0000000087400000| Untracked 
| 117|0x0000000087500000, 0x0000000087500000, 0x0000000087600000|  0%| F|  |TAMS 0x0000000087500000, 0x0000000087500000| Untracked 
| 118|0x0000000087600000, 0x0000000087600000, 0x0000000087700000|  0%| F|  |TAMS 0x0000000087600000, 0x0000000087600000| Untracked 
| 119|0x0000000087700000, 0x0000000087700000, 0x0000000087800000|  0%| F|  |TAMS 0x0000000087700000, 0x0000000087700000| Untracked 
| 120|0x0000000087800000, 0x0000000087800000, 0x0000000087900000|  0%| F|  |TAMS 0x0000000087800000, 0x0000000087800000| Untracked 
| 121|0x0000000087900000, 0x0000000087900000, 0x0000000087a00000|  0%| F|  |TAMS 0x0000000087900000, 0x0000000087900000| Untracked 
| 122|0x0000000087a00000, 0x0000000087a00000, 0x0000000087b00000|  0%| F|  |TAMS 0x0000000087a00000, 0x0000000087a00000| Untracked 
| 123|0x0000000087b00000, 0x0000000087b00000, 0x0000000087c00000|  0%| F|  |TAMS 0x0000000087b00000, 0x0000000087b00000| Untracked 
| 124|0x0000000087c00000, 0x0000000087c00000, 0x0000000087d00000|  0%| F|  |TAMS 0x0000000087c00000, 0x0000000087c00000| Untracked 
| 125|0x0000000087d00000, 0x0000000087d00000, 0x0000000087e00000|  0%| F|  |TAMS 0x0000000087d00000, 0x0000000087d00000| Untracked 
| 126|0x0000000087e00000, 0x0000000087e00000, 0x0000000087f00000|  0%| F|  |TAMS 0x0000000087e00000, 0x0000000087e00000| Untracked 
| 127|0x0000000087f00000, 0x0000000087f00000, 0x0000000088000000|  0%| F|  |TAMS 0x0000000087f00000, 0x0000000087f00000| Untracked 
| 128|0x0000000088000000, 0x0000000088100000, 0x0000000088100000|100%| S|CS|TAMS 0x0000000088000000, 0x0000000088000000| Complete 
| 129|0x0000000088100000, 0x0000000088200000, 0x0000000088200000|100%| S|CS|TAMS 0x0000000088100000, 0x0000000088100000| Complete 
| 130|0x0000000088200000, 0x0000000088300000, 0x0000000088300000|100%| S|CS|TAMS 0x0000000088200000, 0x0000000088200000| Complete 
| 131|0x0000000088300000, 0x000000008833a120, 0x0000000088400000| 22%| E|  |TAMS 0x0000000088300000, 0x0000000088300000| Complete 
| 132|0x0000000088400000, 0x0000000088500000, 0x0000000088500000|100%| E|CS|TAMS 0x0000000088400000, 0x0000000088400000| Complete 
| 133|0x0000000088500000, 0x0000000088600000, 0x0000000088600000|100%| E|CS|TAMS 0x0000000088500000, 0x0000000088500000| Complete 
| 134|0x0000000088600000, 0x0000000088700000, 0x0000000088700000|100%| E|CS|TAMS 0x0000000088600000, 0x0000000088600000| Complete 
| 135|0x0000000088700000, 0x0000000088800000, 0x0000000088800000|100%| E|CS|TAMS 0x0000000088700000, 0x0000000088700000| Complete 
| 136|0x0000000088800000, 0x0000000088900000, 0x0000000088900000|100%| E|CS|TAMS 0x0000000088800000, 0x0000000088800000| Complete 

Card table byte_map: [0x000001e36fd40000,0x000001e370140000] _byte_map_base: 0x000001e36f940000

Marking Bits (Prev, Next): (CMBitMap*) 0x000001e35b1fa9b0, (CMBitMap*) 0x000001e35b1fa978
 Prev Bits: [0x000001e372540000, 0x000001e374540000)
 Next Bits: [0x000001e370540000, 0x000001e372540000)

Polling page: 0x000001e35b2a0000

Metaspace:

Usage:
  Non-class:     73.50 MB capacity,    72.27 MB ( 98%) used,     1.04 MB (  1%) free+waste,   205.81 KB ( <1%) overhead. 
      Class:     11.42 MB capacity,    10.70 MB ( 94%) used,   646.54 KB (  6%) free+waste,    93.00 KB ( <1%) overhead. 
       Both:     84.93 MB capacity,    82.97 MB ( 98%) used,     1.67 MB (  2%) free+waste,   298.81 KB ( <1%) overhead. 

Virtual space:
  Non-class space:       74.00 MB reserved,      73.75 MB (>99%) committed 
      Class space:        1.00 GB reserved,      11.50 MB (  1%) committed 
             Both:        1.07 GB reserved,      85.25 MB (  8%) committed 

Chunk freelists:
   Non-Class:  0 bytes
       Class:  13.00 KB
        Both:  13.00 KB

MaxMetaspaceSize: 17179869184.00 GB
CompressedClassSpaceSize: 1.00 GB

CodeHeap 'non-profiled nmethods': size=120064Kb used=4633Kb max_used=4633Kb free=115430Kb
 bounds [0x000001e367de0000, 0x000001e368270000, 0x000001e36f320000]
CodeHeap 'profiled nmethods': size=120000Kb used=19844Kb max_used=19844Kb free=100155Kb
 bounds [0x000001e3608b0000, 0x000001e361c20000, 0x000001e367de0000]
CodeHeap 'non-nmethods': size=5696Kb used=2287Kb max_used=2318Kb free=3408Kb
 bounds [0x000001e360320000, 0x000001e360590000, 0x000001e3608b0000]
 total_blobs=10229 nmethods=9341 adapters=799
 compilation: enabled
              stopped_count=0, restarted_count=0
 full_count=0

Compilation events (20 events):
Event: 47.841 Thread 0x000001e376ba9000 nmethod 9731 0x000001e368264e90 code [0x000001e368265020, 0x000001e3682651f8]
Event: 47.841 Thread 0x000001e376ba9000 9732       4       com.android.utils.XmlUtils::append (647 bytes)
Event: 47.900 Thread 0x000001e377519000 9734 %     3       java.lang.StringUTF16::getChars @ 16 (42 bytes)
Event: 47.900 Thread 0x000001e377519000 nmethod 9734% 0x000001e361c01b10 code [0x000001e361c01d00, 0x000001e361c020c8]
Event: 47.900 Thread 0x000001e377519000 9735       3       java.lang.StringUTF16::getChars (42 bytes)
Event: 47.901 Thread 0x000001e377519000 nmethod 9735 0x000001e361c02310 code [0x000001e361c024e0, 0x000001e361c02828]
Event: 47.936 Thread 0x000001e377519000 9738       2       java.util.HashMap$ValueSpliterator::tryAdvance (138 bytes)
Event: 47.938 Thread 0x000001e377519000 nmethod 9738 0x000001e361c02a10 code [0x000001e361c02c20, 0x000001e361c030b8]
Event: 47.940 Thread 0x000001e377519000 9739       2       java.lang.management.ManagementFactory$PlatformMBeanFinder$$Lambda$60/0x0000000100174440::test (12 bytes)
Event: 47.940 Thread 0x000001e377519000 nmethod 9739 0x000001e361c03310 code [0x000001e361c034e0, 0x000001e361c03698]
Event: 47.944 Thread 0x000001e377519000 9741       2       java.io.FileOutputStream::write (20 bytes)
Event: 47.944 Thread 0x000001e377519000 nmethod 9741 0x000001e361c03790 code [0x000001e361c03940, 0x000001e361c03a68]
Event: 48.008 Thread 0x000001e377519000 9743       2       java.lang.Class::getFactory (9 bytes)
Event: 48.008 Thread 0x000001e377519000 nmethod 9743 0x000001e361c03b90 code [0x000001e361c03d40, 0x000001e361c04018]
Event: 48.008 Thread 0x000001e377519000 9744       2       sun.reflect.generics.reflectiveObjects.TypeVariableImpl::make (66 bytes)
Event: 48.010 Thread 0x000001e377519000 nmethod 9744 0x000001e361c04110 code [0x000001e361c04340, 0x000001e361c049e8]
Event: 48.010 Thread 0x000001e377519000 9745       2       org.objectweb.asm.AnnotationWriter::computeAnnotationsSize (42 bytes)
Event: 48.011 Thread 0x000001e377519000 nmethod 9745 0x000001e361c04c90 code [0x000001e361c04e60, 0x000001e361c05008]
Event: 48.026 Thread 0x000001e377519000 9746       2       jdk.internal.misc.Unsafe::defineClass (39 bytes)
Event: 48.027 Thread 0x000001e377519000 nmethod 9746 0x000001e361c05190 code [0x000001e361c05360, 0x000001e361c055e8]

GC Heap History (20 events):
Event: 37.478 GC heap before
{Heap before GC invocations=36 (full 0):
 garbage-first heap   total 114688K, used 86614K [0x0000000080000000, 0x0000000100000000)
  region size 1024K, 34 young (34816K), 4 survivors (4096K)
 Metaspace       used 76219K, capacity 78028K, committed 78336K, reserved 1116160K
  class space    used 10007K, capacity 10680K, committed 10752K, reserved 1048576K
}
Event: 37.495 GC heap after
{Heap after GC invocations=37 (full 0):
 garbage-first heap   total 114688K, used 59543K [0x0000000080000000, 0x0000000100000000)
  region size 1024K, 3 young (3072K), 3 survivors (3072K)
 Metaspace       used 76219K, capacity 78028K, committed 78336K, reserved 1116160K
  class space    used 10007K, capacity 10680K, committed 10752K, reserved 1048576K
}
Event: 40.817 GC heap before
{Heap before GC invocations=37 (full 0):
 garbage-first heap   total 114688K, used 88215K [0x0000000080000000, 0x0000000100000000)
  region size 1024K, 32 young (32768K), 3 survivors (3072K)
 Metaspace       used 81635K, capacity 83489K, committed 83584K, reserved 1122304K
  class space    used 10679K, capacity 11383K, committed 11392K, reserved 1048576K
}
Event: 40.844 GC heap after
{Heap after GC invocations=38 (full 0):
 garbage-first heap   total 114688K, used 62717K [0x0000000080000000, 0x0000000100000000)
  region size 1024K, 4 young (4096K), 4 survivors (4096K)
 Metaspace       used 81635K, capacity 83489K, committed 83584K, reserved 1122304K
  class space    used 10679K, capacity 11383K, committed 11392K, reserved 1048576K
}
Event: 42.752 GC heap before
{Heap before GC invocations=39 (full 0):
 garbage-first heap   total 114688K, used 90365K [0x0000000080000000, 0x0000000100000000)
  region size 1024K, 32 young (32768K), 4 survivors (4096K)
 Metaspace       used 82526K, capacity 84428K, committed 84736K, reserved 1122304K
  class space    used 10730K, capacity 11403K, committed 11520K, reserved 1048576K
}
Event: 42.766 GC heap after
{Heap after GC invocations=40 (full 0):
 garbage-first heap   total 114688K, used 65487K [0x0000000080000000, 0x0000000100000000)
  region size 1024K, 3 young (3072K), 3 survivors (3072K)
 Metaspace       used 82526K, capacity 84428K, committed 84736K, reserved 1122304K
  class space    used 10730K, capacity 11403K, committed 11520K, reserved 1048576K
}
Event: 43.982 GC heap before
{Heap before GC invocations=40 (full 0):
 garbage-first heap   total 114688K, used 91087K [0x0000000080000000, 0x0000000100000000)
  region size 1024K, 29 young (29696K), 3 survivors (3072K)
 Metaspace       used 82708K, capacity 84626K, committed 84992K, reserved 1122304K
  class space    used 10730K, capacity 11403K, committed 11520K, reserved 1048576K
}
Event: 43.993 GC heap after
{Heap after GC invocations=41 (full 0):
 garbage-first heap   total 114688K, used 67188K [0x0000000080000000, 0x0000000100000000)
  region size 1024K, 2 young (2048K), 2 survivors (2048K)
 Metaspace       used 82708K, capacity 84626K, committed 84992K, reserved 1122304K
  class space    used 10730K, capacity 11403K, committed 11520K, reserved 1048576K
}
Event: 45.035 GC heap before
{Heap before GC invocations=42 (full 0):
 garbage-first heap   total 114688K, used 92788K [0x0000000080000000, 0x0000000100000000)
  region size 1024K, 28 young (28672K), 2 survivors (2048K)
 Metaspace       used 82935K, capacity 84837K, committed 84992K, reserved 1122304K
  class space    used 10740K, capacity 11423K, committed 11520K, reserved 1048576K
}
Event: 45.048 GC heap after
{Heap after GC invocations=43 (full 0):
 garbage-first heap   total 114688K, used 68224K [0x0000000080000000, 0x0000000100000000)
  region size 1024K, 3 young (3072K), 3 survivors (3072K)
 Metaspace       used 82935K, capacity 84837K, committed 84992K, reserved 1122304K
  class space    used 10740K, capacity 11423K, committed 11520K, reserved 1048576K
}
Event: 45.804 GC heap before
{Heap before GC invocations=44 (full 0):
 garbage-first heap   total 114688K, used 93824K [0x0000000080000000, 0x0000000100000000)
  region size 1024K, 29 young (29696K), 3 survivors (3072K)
 Metaspace       used 83311K, capacity 85143K, committed 85248K, reserved 1122304K
  class space    used 10800K, capacity 11483K, committed 11520K, reserved 1048576K
}
Event: 45.817 GC heap after
{Heap after GC invocations=45 (full 0):
 garbage-first heap   total 114688K, used 69876K [0x0000000080000000, 0x0000000100000000)
  region size 1024K, 3 young (3072K), 3 survivors (3072K)
 Metaspace       used 83311K, capacity 85143K, committed 85248K, reserved 1122304K
  class space    used 10800K, capacity 11483K, committed 11520K, reserved 1048576K
}
Event: 46.625 GC heap before
{Heap before GC invocations=46 (full 0):
 garbage-first heap   total 114688K, used 97524K [0x0000000080000000, 0x0000000100000000)
  region size 1024K, 28 young (28672K), 3 survivors (3072K)
 Metaspace       used 84082K, capacity 85997K, committed 86144K, reserved 1124352K
  class space    used 10877K, capacity 11555K, committed 11648K, reserved 1048576K
}
Event: 46.662 GC heap after
{Heap after GC invocations=47 (full 0):
 garbage-first heap   total 116736K, used 85870K [0x0000000080000000, 0x0000000100000000)
  region size 1024K, 4 young (4096K), 4 survivors (4096K)
 Metaspace       used 84082K, capacity 85997K, committed 86144K, reserved 1124352K
  class space    used 10877K, capacity 11555K, committed 11648K, reserved 1048576K
}
Event: 46.969 GC heap before
{Heap before GC invocations=47 (full 0):
 garbage-first heap   total 116736K, used 96110K [0x0000000080000000, 0x0000000100000000)
  region size 1024K, 14 young (14336K), 4 survivors (4096K)
 Metaspace       used 84272K, capacity 86236K, committed 86400K, reserved 1124352K
  class space    used 10896K, capacity 11590K, committed 11648K, reserved 1048576K
}
Event: 46.987 GC heap after
{Heap after GC invocations=48 (full 0):
 garbage-first heap   total 116736K, used 88574K [0x0000000080000000, 0x0000000100000000)
  region size 1024K, 2 young (2048K), 2 survivors (2048K)
 Metaspace       used 84272K, capacity 86236K, committed 86400K, reserved 1124352K
  class space    used 10896K, capacity 11590K, committed 11648K, reserved 1048576K
}
Event: 47.480 GC heap before
{Heap before GC invocations=48 (full 0):
 garbage-first heap   total 116736K, used 97790K [0x0000000080000000, 0x0000000100000000)
  region size 1024K, 11 young (11264K), 2 survivors (2048K)
 Metaspace       used 84419K, capacity 86364K, committed 86656K, reserved 1124352K
  class space    used 10903K, capacity 11590K, committed 11648K, reserved 1048576K
}
Event: 47.493 GC heap after
{Heap after GC invocations=49 (full 0):
 garbage-first heap   total 140288K, used 89655K [0x0000000080000000, 0x0000000100000000)
  region size 1024K, 2 young (2048K), 2 survivors (2048K)
 Metaspace       used 84419K, capacity 86364K, committed 86656K, reserved 1124352K
  class space    used 10903K, capacity 11590K, committed 11648K, reserved 1048576K
}
Event: 47.673 GC heap before
{Heap before GC invocations=50 (full 0):
 garbage-first heap   total 140288K, used 93751K [0x0000000080000000, 0x0000000100000000)
  region size 1024K, 8 young (8192K), 2 survivors (2048K)
 Metaspace       used 84433K, capacity 86364K, committed 86656K, reserved 1124352K
  class space    used 10903K, capacity 11590K, committed 11648K, reserved 1048576K
}
Event: 47.692 GC heap after
{Heap after GC invocations=51 (full 0):
 garbage-first heap   total 140288K, used 94676K [0x0000000080000000, 0x0000000100000000)
  region size 1024K, 3 young (3072K), 3 survivors (3072K)
 Metaspace       used 84433K, capacity 86364K, committed 86656K, reserved 1124352K
  class space    used 10903K, capacity 11590K, committed 11648K, reserved 1048576K
}

Deoptimization events (20 events):
Event: 47.935 Thread 0x000001e37a117800 DEOPT PACKING pc=0x000001e361ba7900 sp=0x000000df672fad90
Event: 47.935 Thread 0x000001e37a117800 DEOPT UNPACKING pc=0x000001e3603472ce sp=0x000000df672fa308 mode 0
Event: 47.936 Thread 0x000001e37a117800 DEOPT PACKING pc=0x000001e361ba7900 sp=0x000000df672fad90
Event: 47.936 Thread 0x000001e37a117800 DEOPT UNPACKING pc=0x000001e3603472ce sp=0x000000df672fa308 mode 0
Event: 47.936 Thread 0x000001e37a117800 DEOPT PACKING pc=0x000001e361ba7900 sp=0x000000df672fad90
Event: 47.936 Thread 0x000001e37a117800 DEOPT UNPACKING pc=0x000001e3603472ce sp=0x000000df672fa308 mode 0
Event: 47.940 Thread 0x000001e37a117800 DEOPT PACKING pc=0x000001e361ba7900 sp=0x000000df672fad90
Event: 47.940 Thread 0x000001e37a117800 DEOPT UNPACKING pc=0x000001e3603472ce sp=0x000000df672fa308 mode 0
Event: 47.941 Thread 0x000001e37a117800 Uncommon trap: trap_request=0xffffff4d fr.pc=0x000001e3682593b4 relative=0x0000000000000694
Event: 47.941 Thread 0x000001e37a117800 Uncommon trap: reason=unstable_if action=reinterpret pc=0x000001e3682593b4 method=sun.nio.cs.UTF_8$Encoder.encodeArrayLoop(Ljava/nio/CharBuffer;Ljava/nio/ByteBuffer;)Ljava/nio/charset/CoderResult; @ 87 c2
Event: 47.941 Thread 0x000001e37a117800 DEOPT PACKING pc=0x000001e3682593b4 sp=0x000000df672fae60
Event: 47.941 Thread 0x000001e37a117800 DEOPT UNPACKING pc=0x000001e3603474af sp=0x000000df672fae08 mode 2
Event: 48.012 Thread 0x000001e37a117800 Uncommon trap: trap_request=0xffffff4d fr.pc=0x000001e367f0b044 relative=0x0000000000000964
Event: 48.012 Thread 0x000001e37a117800 Uncommon trap: reason=unstable_if action=reinterpret pc=0x000001e367f0b044 method=java.lang.Integer.stringSize(I)I @ 19 c2
Event: 48.012 Thread 0x000001e37a117800 DEOPT PACKING pc=0x000001e367f0b044 sp=0x000000df672fb030
Event: 48.012 Thread 0x000001e37a117800 DEOPT UNPACKING pc=0x000001e3603474af sp=0x000000df672faf88 mode 2
Event: 48.028 Thread 0x000001e37a117800 Uncommon trap: trap_request=0xffffff6e fr.pc=0x000001e3681b2000 relative=0x0000000000000720
Event: 48.028 Thread 0x000001e37a117800 Uncommon trap: reason=speculate_class_check action=maybe_recompile pc=0x000001e3681b2000 method=sun.security.provider.DigestBase.implCompressMultiBlock([BII)I @ 11 c2
Event: 48.028 Thread 0x000001e37a117800 DEOPT PACKING pc=0x000001e3681b2000 sp=0x000000df672f87a0
Event: 48.028 Thread 0x000001e37a117800 DEOPT UNPACKING pc=0x000001e3603474af sp=0x000000df672f86d8 mode 2

Classes redefined (0 events):
No events

Internal exceptions (20 events):
Event: 36.336 Thread 0x000001e3791b8800 Exception <a 'java/lang/NoSuchMethodError'{0x00000000865d3af8}: <clinit>> (0x00000000865d3af8) thrown at [./src/hotspot/share/prims/jni.cpp, line 1362]
Event: 36.336 Thread 0x000001e3791b8800 Exception <a 'java/lang/NoSuchMethodError'{0x00000000865fe448}: <clinit>> (0x00000000865fe448) thrown at [./src/hotspot/share/prims/jni.cpp, line 1362]
Event: 36.348 Thread 0x000001e37923d800 Exception <a 'java/lang/NoSuchMethodError'{0x000000008653d858}: 'java.lang.Object java.lang.invoke.Invokers$Holder.linkToTargetMethod(java.lang.Object, java.lang.Object, java.lang.Object, java.lang.Object, java.lang.Object, java.lang.Object, java.lang.Object, java.lang.Object)'> (0x000000008653d858) thrown at [./src/hotspot/share/interpreter/linkResolver.cpp, line 773]
Event: 36.367 Thread 0x000001e37a11c800 Exception <a 'java/lang/NoSuchMethodError'{0x0000000086d895a0}: <clinit>> (0x0000000086d895a0) thrown at [./src/hotspot/share/prims/jni.cpp, line 1362]
Event: 36.374 Thread 0x000001e37a11c800 Exception <a 'java/lang/NoSuchMethodError'{0x0000000086341a30}: <clinit>> (0x0000000086341a30) thrown at [./src/hotspot/share/prims/jni.cpp, line 1362]
Event: 36.463 Thread 0x000001e3791b8800 Exception <a 'java/lang/NoSuchMethodError'{0x0000000086009eb0}: <clinit>> (0x0000000086009eb0) thrown at [./src/hotspot/share/prims/jni.cpp, line 1362]
Event: 37.004 Thread 0x000001e37a11e000 Exception <a 'java/lang/NoSuchMethodError'{0x0000000085aa9fd0}: 'java.lang.Object java.lang.invoke.Invokers$Holder.linkToTargetMethod(java.lang.Object, java.lang.Object, java.lang.Object, java.lang.Object, java.lang.Object, java.lang.Object, java.lang.Object)'> (0x0000000085aa9fd0) thrown at [./src/hotspot/share/interpreter/linkResolver.cpp, line 773]
Event: 37.844 Thread 0x000001e37a117800 Exception <a 'sun/nio/fs/WindowsException'{0x0000000086cd7690}> (0x0000000086cd7690) thrown at [./src/hotspot/share/prims/jni.cpp, line 615]
Event: 37.862 Thread 0x000001e37a117800 Implicit null exception at 0x000001e367ef1ec8 to 0x000001e367ef51e0
Event: 37.882 Thread 0x000001e37a117800 Exception <a 'java/lang/IncompatibleClassChangeError'{0x0000000086cfb8a0}: Found class java.lang.Object, but interface was expected> (0x0000000086cfb8a0) thrown at [./src/hotspot/share/interpreter/linkResolver.cpp, line 839]
Event: 41.562 Thread 0x000001e37a117800 Exception <a 'java/lang/ClassNotFoundException'{0x0000000086c96618}: sun/misc/SharedSecrets> (0x0000000086c96618) thrown at [./src/hotspot/share/classfile/systemDictionary.cpp, line 231]
Event: 42.146 Thread 0x000001e379d22800 Exception <a 'java/lang/NoSuchMethodError'{0x0000000086332d88}: 'java.lang.Object java.lang.invoke.DirectMethodHandle$Holder.invokeSpecialIFC(java.lang.Object, java.lang.Object, java.lang.Object)'> (0x0000000086332d88) thrown at [./src/hotspot/share/interpreter/linkResolver.cpp, line 773]
Event: 42.147 Thread 0x000001e379d19800 Exception <a 'java/lang/NoSuchMethodError'{0x00000000863163f8}: 'java.lang.Object java.lang.invoke.DirectMethodHandle$Holder.invokeSpecialIFC(java.lang.Object, java.lang.Object, java.lang.Object)'> (0x00000000863163f8) thrown at [./src/hotspot/share/interpreter/linkResolver.cpp, line 773]
Event: 44.350 Thread 0x000001e379d1d000 Implicit null exception at 0x000001e3681ec552 to 0x000001e3681ec960
Event: 44.829 Thread 0x000001e379d1d000 Implicit null exception at 0x000001e3681fe94e to 0x000001e3681ff11c
Event: 45.709 Thread 0x000001e37a117800 Exception <a 'java/lang/NoSuchMethodError'{0x000000008588a040}: 'java.lang.Object java.lang.invoke.DirectMethodHandle$Holder.invokeSpecial(java.lang.Object, java.lang.Object, int, java.lang.Object, java.lang.Object)'> (0x000000008588a040) thrown at [./src/hotspot/share/interpreter/linkResolver.cpp, line 773]
Event: 45.711 Thread 0x000001e37a117800 Exception <a 'java/lang/NoSuchMethodError'{0x00000000858925d0}: 'java.lang.Object java.lang.invoke.DirectMethodHandle$Holder.invokeStatic(java.lang.Object, java.lang.Object, int, java.lang.Object)'> (0x00000000858925d0) thrown at [./src/hotspot/share/interpreter/linkResolver.cpp, line 773]
Event: 45.712 Thread 0x000001e37a117800 Exception <a 'java/lang/NoSuchMethodError'{0x0000000085896508}: 'java.lang.Object java.lang.invoke.Invokers$Holder.linkToTargetMethod(java.lang.Object, int, java.lang.Object, java.lang.Object)'> (0x0000000085896508) thrown at [./src/hotspot/share/interpreter/linkResolver.cpp, line 773]
Event: 45.718 Thread 0x000001e37a117800 Exception <a 'java/lang/NoSuchMethodError'{0x00000000858adea0}: 'void java.lang.invoke.DirectMethodHandle$Holder.invokeVirtual(java.lang.Object, java.lang.Object)'> (0x00000000858adea0) thrown at [./src/hotspot/share/interpreter/linkResolver.cpp, line 773]
Event: 48.028 Thread 0x000001e37a117800 Exception <a 'java/lang/NoSuchMethodError'{0x00000000886be488}: <clinit>> (0x00000000886be488) thrown at [./src/hotspot/share/prims/jni.cpp, line 1362]

Events (20 events):
Event: 48.014 loading class org/gradle/workers/internal/ProvidesWorkResult
Event: 48.014 loading class org/gradle/workers/internal/ProvidesWorkResult done
Event: 48.015 loading class org/gradle/workers/ProcessWorkerSpec
Event: 48.015 loading class org/gradle/workers/ProcessWorkerSpec done
Event: 48.016 loading class org/gradle/workers/ClassLoaderWorkerSpec
Event: 48.016 loading class org/gradle/workers/ClassLoaderWorkerSpec done
Event: 48.022 loading class org/gradle/workers/internal/FixedClassLoaderWorkerRequirement
Event: 48.022 loading class org/gradle/workers/internal/FixedClassLoaderWorkerRequirement done
Event: 48.022 loading class org/gradle/workers/internal/AbstractWorkerRequirement
Event: 48.022 loading class org/gradle/workers/internal/AbstractWorkerRequirement done
Event: 48.024 loading class org/gradle/workers/internal/IsolatedClassLoaderWorkerRequirement
Event: 48.024 loading class org/gradle/workers/internal/IsolatedClassLoaderWorkerRequirement done
Event: 48.028 loading class com/google/common/collect/ImmutableSetMultimap
Event: 48.028 loading class com/google/common/collect/ImmutableSetMultimap done
Event: 48.030 loading class com/google/common/collect/SetMultimap
Event: 48.030 loading class com/google/common/collect/SetMultimap done
Event: 48.031 loading class com/google/common/collect/ImmutableMultimap
Event: 48.031 loading class com/google/common/collect/ImmutableMultimap done
Event: 48.034 loading class com/google/common/collect/BaseImmutableMultimap
Event: 48.034 loading class com/google/common/collect/BaseImmutableMultimap done


Dynamic libraries:
0x00007ff747b50000 - 0x00007ff747b5a000 	C:\Program Files\Android\Android Studio\jre\bin\java.exe
0x00007ffa14370000 - 0x00007ffa14565000 	C:\WINDOWS\SYSTEM32\ntdll.dll
0x00007ffa12c70000 - 0x00007ffa12d2d000 	C:\WINDOWS\System32\KERNEL32.DLL
0x00007ffa11b40000 - 0x00007ffa11e08000 	C:\WINDOWS\System32\KERNELBASE.dll
0x00007ffa12130000 - 0x00007ffa12230000 	C:\WINDOWS\System32\ucrtbase.dll
0x00007ffa0c500000 - 0x00007ffa0c519000 	C:\Program Files\Android\Android Studio\jre\bin\jli.dll
0x00007ffa124a0000 - 0x00007ffa12640000 	C:\WINDOWS\System32\USER32.dll
0x00007ffa0b210000 - 0x00007ffa0b227000 	C:\Program Files\Android\Android Studio\jre\bin\VCRUNTIME140.dll
0x00007ffa12100000 - 0x00007ffa12122000 	C:\WINDOWS\System32\win32u.dll
0x00007ffa04bd0000 - 0x00007ffa04e6a000 	C:\WINDOWS\WinSxS\amd64_microsoft.windows.common-controls_6595b64144ccf1df_6.0.19041.1052_none_60b8f8fd71f5e8cb\COMCTL32.dll
0x00007ffa12bd0000 - 0x00007ffa12c6e000 	C:\WINDOWS\System32\msvcrt.dll
0x00007ffa14250000 - 0x00007ffa1427a000 	C:\WINDOWS\System32\GDI32.dll
0x00007ffa12230000 - 0x00007ffa1233b000 	C:\WINDOWS\System32\gdi32full.dll
0x00007ffa12340000 - 0x00007ffa123dd000 	C:\WINDOWS\System32\msvcp_win.dll
0x00007ffa12b20000 - 0x00007ffa12b50000 	C:\WINDOWS\System32\IMM32.DLL
0x00007ff9f5730000 - 0x00007ff9f57cd000 	C:\Program Files\Android\Android Studio\jre\bin\msvcp140.dll
0x00007ff9de7c0000 - 0x00007ff9df27c000 	C:\Program Files\Android\Android Studio\jre\bin\server\jvm.dll
0x00007ffa14280000 - 0x00007ffa1432c000 	C:\WINDOWS\System32\ADVAPI32.dll
0x00007ffa12700000 - 0x00007ffa1279b000 	C:\WINDOWS\System32\sechost.dll
0x00007ffa13f70000 - 0x00007ffa1409b000 	C:\WINDOWS\System32\RPCRT4.dll
0x00007ffa13f60000 - 0x00007ffa13f68000 	C:\WINDOWS\System32\PSAPI.DLL
0x00007ffa05950000 - 0x00007ffa05977000 	C:\WINDOWS\SYSTEM32\WINMM.dll
0x00007ffa06090000 - 0x00007ffa0609a000 	C:\WINDOWS\SYSTEM32\VERSION.dll
0x00007ffa0d810000 - 0x00007ffa0d819000 	C:\WINDOWS\SYSTEM32\WSOCK32.dll
0x00007ffa12df0000 - 0x00007ffa12e5b000 	C:\WINDOWS\System32\WS2_32.dll
0x00007ffa0fa00000 - 0x00007ffa0fa12000 	C:\WINDOWS\SYSTEM32\kernel.appcore.dll
0x00007ffa0cba0000 - 0x00007ffa0cbb1000 	C:\Program Files\Android\Android Studio\jre\bin\verify.dll
0x00007ffa03bc0000 - 0x00007ffa03da4000 	C:\WINDOWS\SYSTEM32\DBGHELP.DLL
0x00007ff9fadc0000 - 0x00007ff9fadec000 	C:\WINDOWS\SYSTEM32\dbgcore.DLL
0x00007ffa11ab0000 - 0x00007ffa11b33000 	C:\WINDOWS\System32\bcryptPrimitives.dll
0x00007ffa0cb70000 - 0x00007ffa0cb99000 	C:\Program Files\Android\Android Studio\jre\bin\java.dll
0x00007ffa0d800000 - 0x00007ffa0d80b000 	C:\Program Files\Android\Android Studio\jre\bin\jimage.dll
0x00007ffa0af20000 - 0x00007ffa0af38000 	C:\Program Files\Android\Android Studio\jre\bin\zip.dll
0x00007ffa13620000 - 0x00007ffa13d5f000 	C:\WINDOWS\System32\SHELL32.dll
0x00007ffa0fc00000 - 0x00007ffa10390000 	C:\WINDOWS\SYSTEM32\windows.storage.dll
0x00007ffa127c0000 - 0x00007ffa12b15000 	C:\WINDOWS\System32\combase.dll
0x00007ffa11450000 - 0x00007ffa1147c000 	C:\WINDOWS\SYSTEM32\Wldp.dll
0x00007ffa132e0000 - 0x00007ffa1338e000 	C:\WINDOWS\System32\SHCORE.dll
0x00007ffa126a0000 - 0x00007ffa126f5000 	C:\WINDOWS\System32\shlwapi.dll
0x00007ffa119f0000 - 0x00007ffa11a0f000 	C:\WINDOWS\SYSTEM32\profapi.dll
0x00007ffa03220000 - 0x00007ffa0323a000 	C:\Program Files\Android\Android Studio\jre\bin\net.dll
0x00007ffa064e0000 - 0x00007ffa065eb000 	C:\WINDOWS\SYSTEM32\WINHTTP.dll
0x00007ffa111c0000 - 0x00007ffa1122a000 	C:\WINDOWS\system32\mswsock.dll
0x00007ffa01e50000 - 0x00007ffa01e64000 	C:\Program Files\Android\Android Studio\jre\bin\nio.dll
0x00007ffa0c680000 - 0x00007ffa0c6a7000 	C:\Users\Admin\.gradle\native\fdc75f09e3144964f2cf3f50f0aa648679c211496f362492102eb8c894070792\windows-amd64\native-platform.dll
0x00007ff9e2c90000 - 0x00007ff9e2e26000 	C:\Users\Admin\.gradle\native\12488b8bf47d2d4c9fbf2f6322a914ad602e24e48041cd04a747c6da556b65c4\windows-amd64\native-platform-file-events.dll
0x00007ffa0d690000 - 0x00007ffa0d69a000 	C:\Program Files\Android\Android Studio\jre\bin\management.dll
0x00007ffa0d5b0000 - 0x00007ffa0d5bc000 	C:\Program Files\Android\Android Studio\jre\bin\management_ext.dll
0x00007ffa11390000 - 0x00007ffa113a8000 	C:\WINDOWS\SYSTEM32\CRYPTSP.dll
0x00007ffa10b60000 - 0x00007ffa10b94000 	C:\WINDOWS\system32\rsaenh.dll
0x00007ffa11e10000 - 0x00007ffa11e37000 	C:\WINDOWS\System32\bcrypt.dll
0x00007ffa11970000 - 0x00007ffa1199e000 	C:\WINDOWS\SYSTEM32\USERENV.dll
0x00007ffa113b0000 - 0x00007ffa113bc000 	C:\WINDOWS\SYSTEM32\CRYPTBASE.dll
0x00007ffa10eb0000 - 0x00007ffa10eeb000 	C:\WINDOWS\SYSTEM32\IPHLPAPI.DLL
0x00007ffa12de0000 - 0x00007ffa12de8000 	C:\WINDOWS\System32\NSI.dll
0x00007ffa08a30000 - 0x00007ffa08a47000 	C:\WINDOWS\SYSTEM32\dhcpcsvc6.DLL
0x00007ffa089f0000 - 0x00007ffa08a0d000 	C:\WINDOWS\SYSTEM32\dhcpcsvc.DLL
0x00007ffa10ef0000 - 0x00007ffa10fbc000 	C:\WINDOWS\SYSTEM32\DNSAPI.dll
0x00007ffa0a9d0000 - 0x00007ffa0a9db000 	C:\WINDOWS\SYSTEM32\WINNSI.DLL
0x00007ffa00b60000 - 0x00007ffa00b87000 	C:\Program Files\Android\Android Studio\jre\bin\sunec.dll
0x00007ffa06220000 - 0x00007ffa0622a000 	C:\Windows\System32\rasadhlp.dll
0x00007ffa06120000 - 0x00007ffa0619f000 	C:\WINDOWS\System32\fwpuclnt.dll
0x00007ff9f9e20000 - 0x00007ff9f9e37000 	C:\WINDOWS\system32\napinsp.dll
0x00007ff9f9e00000 - 0x00007ff9f9e1b000 	C:\WINDOWS\system32\pnrpnsp.dll
0x00007ff9f9de0000 - 0x00007ff9f9df5000 	C:\WINDOWS\system32\wshbth.dll
0x00007ffa0d560000 - 0x00007ffa0d57d000 	C:\WINDOWS\system32\NLAapi.dll
0x00007ff9f98b0000 - 0x00007ff9f98c2000 	C:\WINDOWS\System32\winrnr.dll

dbghelp: loaded successfully - version: 4.0.5 - missing functions: none
symbol engine: initialized successfully - sym options: 0x614 - pdb path: .;C:\Program Files\Android\Android Studio\jre\bin;C:\WINDOWS\SYSTEM32;C:\WINDOWS\WinSxS\amd64_microsoft.windows.common-controls_6595b64144ccf1df_6.0.19041.1052_none_60b8f8fd71f5e8cb;C:\Program Files\Android\Android Studio\jre\bin\server;C:\Users\Admin\.gradle\native\fdc75f09e3144964f2cf3f50f0aa648679c211496f362492102eb8c894070792\windows-amd64;C:\Users\Admin\.gradle\native\12488b8bf47d2d4c9fbf2f6322a914ad602e24e48041cd04a747c6da556b65c4\windows-amd64

VM Arguments:
jvm_args: --add-opens=java.base/java.util=ALL-UNNAMED --add-opens=java.base/java.lang=ALL-UNNAMED --add-opens=java.base/java.lang.invoke=ALL-UNNAMED --add-opens=java.prefs/java.util.prefs=ALL-UNNAMED -Xmx2048m -Dfile.encoding=UTF-8 -Duser.country=US -Duser.language=en -Duser.variant 
java_command: org.gradle.launcher.daemon.bootstrap.GradleDaemon 6.7.1
java_class_path (initial): C:\Users\Admin\.gradle\wrapper\dists\gradle-6.7.1-all\2moa8rlfac5eqlcfgk98k0deb\gradle-6.7.1\lib\gradle-launcher-6.7.1.jar
Launcher Type: SUN_STANDARD

[Global flags]
     intx CICompilerCount                          = 3                                         {product} {ergonomic}
     uint ConcGCThreads                            = 1                                         {product} {ergonomic}
     uint G1ConcRefinementThreads                  = 4                                         {product} {ergonomic}
   size_t G1HeapRegionSize                         = 1048576                                   {product} {ergonomic}
    uintx GCDrainStackTargetSize                   = 64                                        {product} {ergonomic}
   size_t InitialHeapSize                          = 67108864                                  {product} {ergonomic}
   size_t MarkStackSize                            = 4194304                                   {product} {ergonomic}
   size_t MaxHeapSize                              = 2147483648                                {product} {command line}
   size_t MaxNewSize                               = 1287651328                                {product} {ergonomic}
   size_t MinHeapDeltaBytes                        = 1048576                                   {product} {ergonomic}
    uintx NonNMethodCodeHeapSize                   = 5830732                                {pd product} {ergonomic}
    uintx NonProfiledCodeHeapSize                  = 122913754                              {pd product} {ergonomic}
    uintx ProfiledCodeHeapSize                     = 122913754                              {pd product} {ergonomic}
    uintx ReservedCodeCacheSize                    = 251658240                              {pd product} {ergonomic}
     bool SegmentedCodeCache                       = true                                      {product} {ergonomic}
     bool UseCompressedClassPointers               = true                                 {lp64_product} {ergonomic}
     bool UseCompressedOops                        = true                                 {lp64_product} {ergonomic}
     bool UseG1GC                                  = true                                      {product} {ergonomic}
     bool UseLargePagesIndividualAllocation        = false                                  {pd product} {ergonomic}

Logging:
Log output configuration:
 #0: stdout all=warning uptime,level,tags
 #1: stderr all=off uptime,level,tags

Environment Variables:
PATH=C:\Program Files\Common Files\Oracle\Java\javapath;C:\WINDOWS\system32;C:\WINDOWS;C:\WINDOWS\System32\Wbem;C:\WINDOWS\System32\WindowsPowerShell\v1.0\;C:\WINDOWS\System32\OpenSSH\;C:\Program Files\Java\jdk-15.0.1\bin;C:\Program Files\Microsoft SQL Server\130\Tools\Binn\;C:\Program Files\Git\cmd;C:\Program Files\Microsoft SQL Server\110\Tools\Binn\;C:\Program Files (x86)\Microsoft SQL Server\110\Tools\Binn\ManagementStudio\;C:\Program Files (x86)\Microsoft SQL Server\110\Tools\Binn\;C:\Program Files (x86)\Microsoft Visual Studio 10.0\Common7\IDE\PrivateAssemblies\;C:\Program Files (x86)\Microsoft SQL Server\110\DTS\Binn\;C:\Program Files\Microsoft SQL Server\110\DTS\Binn\;D:\NodeJs\;D:\apache-maven-3.6.0\bin;C:\Users\Admin\AppData\Local\Programs\Python\Python39\Scripts\;C:\Users\Admin\AppData\Local\Programs\Python\Python39\;C:\Users\Admin\AppData\Local\Microsoft\WindowsApps;C:\Users\Admin\AppData\Local\Programs\Microsoft VS Code\bin;C:\Users\Admin\AppData\Roaming\npm;
USERNAME=Admin
OS=Windows_NT
PROCESSOR_IDENTIFIER=Intel64 Family 6 Model 61 Stepping 4, GenuineIntel



---------------  S Y S T E M  ---------------

OS: Windows 10 , 64 bit Build 19041 (10.0.19041.1023)
OS uptime: 23 days 23:20 hours

CPU:total 4 (initial active 4) (2 cores per cpu, 2 threads per core) family 6 model 61 stepping 4, cmov, cx8, fxsr, mmx, sse, sse2, sse3, ssse3, sse4.1, sse4.2, popcnt, avx, avx2, aes, clmul, erms, 3dnowpref, lzcnt, ht, tsc, tscinvbit, bmi1, bmi2, adx, fma

Memory: 4k page, system-wide physical 4005M (311M free)
TotalPageFile size 15839M (AvailPageFile size 11M)
current process WorkingSet (physical memory assigned to process): 348M, peak: 348M
current process commit charge ("private bytes"): 392M, peak: 392M

vm_info: OpenJDK 64-Bit Server VM (11.0.8+10-b944.6842174) for windows-amd64 JRE (11.0.8+10-b944.6842174), built on Sep 19 2020 01:11:42 by "builder" with MS VC++ 14.0 (VS2015)

END.
