#
# There is insufficient memory for the Java Runtime Environment to continue.
# Native memory allocation (malloc) failed to allocate 2340496 bytes for Chunk::new
# Possible reasons:
#   The system is out of physical RAM or swap space
#   The process is running with CompressedOops enabled, and the Java Heap may be blocking the growth of the native heap
# Possible solutions:
#   Reduce memory load on the system
#   Increase physical memory or swap space
#   Check if swap backing store is full
#   Decrease Java heap size (-Xmx/-Xms)
#   Decrease number of Java threads
#   Decrease Java thread stack sizes (-Xss)
#   Set larger code cache with -XX:ReservedCodeCacheSize=
#   JVM is running with Unscaled Compressed Oops mode in which the Java heap is
#     placed in the first 4GB address space. The Java Heap base address is the
#     maximum limit for the native heap growth. Please use -XX:HeapBaseMinAddress
#     to set the Java Heap base and to place the Java Heap above 4GB virtual address.
# This output file may be truncated or incomplete.
#
#  Out of Memory Error (./src/hotspot/share/memory/arena.cpp:197), pid=11216, tid=6956
#
# JRE version: OpenJDK Runtime Environment (11.0.8+10) (build 11.0.8+10-b944.6842174)
# Java VM: OpenJDK 64-Bit Server VM (11.0.8+10-b944.6842174, mixed mode, tiered, compressed oops, g1 gc, windows-amd64)
# No core dump will be written. Minidumps are not enabled by default on client versions of Windows
#

---------------  S U M M A R Y ------------

Command Line: --add-opens=java.base/java.util=ALL-UNNAMED --add-opens=java.base/java.lang=ALL-UNNAMED --add-opens=java.base/java.lang.invoke=ALL-UNNAMED --add-opens=java.prefs/java.util.prefs=ALL-UNNAMED -Xmx2048m -Dfile.encoding=UTF-8 -Duser.country=US -Duser.language=en -Duser.variant org.gradle.launcher.daemon.bootstrap.GradleDaemon 6.7.1

Host: Intel(R) Core(TM) i3-5005U CPU @ 2.00GHz, 4 cores, 3G,  Windows 10 , 64 bit Build 19041 (10.0.19041.1023)
Time: Thu Jul  8 22:32:22 2021 SE Asia Standard Time elapsed time: 215 seconds (0d 0h 3m 35s)

---------------  T H R E A D  ---------------

Current thread (0x000001cb70487000):  JavaThread "C2 CompilerThread0" daemon [_thread_in_native, id=6956, stack(0x0000004636100000,0x0000004636200000)]


Current CompileTask:
C2: 215351 24442       4       com.android.tools.r8.C.a.a.f::a (4333 bytes)

Stack: [0x0000004636100000,0x0000004636200000]
Native frames: (J=compiled Java code, j=interpreted, Vv=VM code, C=native code)
V  [jvm.dll+0x5de50a]
V  [jvm.dll+0x7122f5]
V  [jvm.dll+0x71384d]
V  [jvm.dll+0x713f03]
V  [jvm.dll+0x23e728]
V  [jvm.dll+0xb899c]
V  [jvm.dll+0xb8e9c]
V  [jvm.dll+0x35024d]
V  [jvm.dll+0x193ebc]
V  [jvm.dll+0x1f780e]
V  [jvm.dll+0x1f68d4]
V  [jvm.dll+0x17f32c]
V  [jvm.dll+0x205047]
V  [jvm.dll+0x203891]
V  [jvm.dll+0x6dad3f]
V  [jvm.dll+0x6d3895]
V  [jvm.dll+0x5dd4a6]
C  [ucrtbase.dll+0x21bb2]
C  [KERNEL32.DLL+0x17034]
C  [ntdll.dll+0x52651]


---------------  P R O C E S S  ---------------

Threads class SMR info:
_java_thread_list=0x000001cb7bd40560, length=48, elements={
0x000001cb562ca000, 0x000001cb7042b000, 0x000001cb7042e000, 0x000001cb70481800,
0x000001cb70485000, 0x000001cb70487000, 0x000001cb7048d000, 0x000001cb70497000,
0x000001cb70f2c000, 0x000001cb70f41000, 0x000001cb72b29800, 0x000001cb71e3c800,
0x000001cb72518800, 0x000001cb728f8000, 0x000001cb727fc800, 0x000001cb727f6800,
0x000001cb727f7000, 0x000001cb727f8000, 0x000001cb73095000, 0x000001cb73098000,
0x000001cb75dc7000, 0x000001cb73094000, 0x000001cb73093800, 0x000001cb7309a000,
0x000001cb73096800, 0x000001cb7309d000, 0x000001cb73097800, 0x000001cb7309e000,
0x000001cb75dc8000, 0x000001cb75dc2800, 0x000001cb75dc3000, 0x000001cb727f9000,
0x000001cb7a6a5800, 0x000001cb7a6a6000, 0x000001cb7a6a7000, 0x000001cb7a6a4000,
0x000001cb7a6a8000, 0x000001cb7a6a8800, 0x000001cb7a6a9800, 0x000001cb7a6a4800,
0x000001cb7a6ae800, 0x000001cb7a6ad800, 0x000001cb7a6af000, 0x000001cb7a6ac000,
0x000001cb7a6b0000, 0x000001cb7a6ab000, 0x000001cb7a6b1000, 0x000001cb79d94000
}

Java Threads: ( => current thread )
  0x000001cb562ca000 JavaThread "main" [_thread_blocked, id=9896, stack(0x0000004635600000,0x0000004635700000)]
  0x000001cb7042b000 JavaThread "Reference Handler" daemon [_thread_blocked, id=6464, stack(0x0000004635d00000,0x0000004635e00000)]
  0x000001cb7042e000 JavaThread "Finalizer" daemon [_thread_blocked, id=2404, stack(0x0000004635e00000,0x0000004635f00000)]
  0x000001cb70481800 JavaThread "Signal Dispatcher" daemon [_thread_blocked, id=13536, stack(0x0000004635f00000,0x0000004636000000)]
  0x000001cb70485000 JavaThread "Attach Listener" daemon [_thread_blocked, id=8780, stack(0x0000004636000000,0x0000004636100000)]
=>0x000001cb70487000 JavaThread "C2 CompilerThread0" daemon [_thread_in_native, id=6956, stack(0x0000004636100000,0x0000004636200000)]
  0x000001cb7048d000 JavaThread "C1 CompilerThread0" daemon [_thread_blocked, id=8368, stack(0x0000004636200000,0x0000004636300000)]
  0x000001cb70497000 JavaThread "Sweeper thread" daemon [_thread_blocked, id=2740, stack(0x0000004636300000,0x0000004636400000)]
  0x000001cb70f2c000 JavaThread "Common-Cleaner" daemon [_thread_blocked, id=12484, stack(0x0000004636400000,0x0000004636500000)]
  0x000001cb70f41000 JavaThread "Service Thread" daemon [_thread_blocked, id=13564, stack(0x0000004636500000,0x0000004636600000)]
  0x000001cb72b29800 JavaThread "Daemon health stats" [_thread_blocked, id=4816, stack(0x0000004636800000,0x0000004636900000)]
  0x000001cb71e3c800 JavaThread "Incoming local TCP Connector on port 53510" [_thread_in_native, id=4456, stack(0x0000004636d00000,0x0000004636e00000)]
  0x000001cb72518800 JavaThread "Daemon periodic checks" [_thread_blocked, id=10892, stack(0x0000004636e00000,0x0000004636f00000)]
  0x000001cb728f8000 JavaThread "Daemon" [_thread_blocked, id=7856, stack(0x0000004636f00000,0x0000004637000000)]
  0x000001cb727fc800 JavaThread "Daemon worker" [_thread_blocked, id=6016, stack(0x0000004637200000,0x0000004637300000)]
  0x000001cb727f6800 JavaThread "Cache worker for file hash cache (C:\Users\Admin\.gradle\caches\6.7.1\fileHashes)" [_thread_blocked, id=2808, stack(0x0000004637600000,0x0000004637700000)]
  0x000001cb727f7000 JavaThread "File lock request listener" [_thread_in_native, id=14284, stack(0x0000004637700000,0x0000004637800000)]
  0x000001cb727f8000 JavaThread "Cache worker for journal cache (C:\Users\Admin\.gradle\caches\journal-1)" [_thread_blocked, id=10028, stack(0x0000004637800000,0x0000004637900000)]
  0x000001cb73095000 JavaThread "Cache worker for execution history cache (C:\Users\Admin\.gradle\caches\6.7.1\executionHistory)" [_thread_blocked, id=3548, stack(0x0000004637d00000,0x0000004637e00000)]
  0x000001cb73098000 JavaThread "Cache worker for file content cache (C:\Users\Admin\.gradle\caches\6.7.1\fileContent)" [_thread_blocked, id=14912, stack(0x0000004637f00000,0x0000004638000000)]
  0x000001cb75dc7000 JavaThread "Memory manager" [_thread_blocked, id=13192, stack(0x000000463e700000,0x000000463e800000)]
  0x000001cb73094000 JavaThread "Handler for socket connection from /127.0.0.1:53510 to /127.0.0.1:61584" [_thread_in_native, id=5176, stack(0x0000004635400000,0x0000004635500000)]
  0x000001cb73093800 JavaThread "Cancel handler" [_thread_blocked, id=11872, stack(0x0000004635500000,0x0000004635600000)]
  0x000001cb7309a000 JavaThread "Asynchronous log dispatcher for DefaultDaemonConnection: socket connection from /127.0.0.1:53510 to /127.0.0.1:61584" [_thread_blocked, id=11568, stack(0x0000004636b00000,0x0000004636c00000)]
  0x000001cb73096800 JavaThread "Thread-178" [_thread_blocked, id=11888, stack(0x0000004637000000,0x0000004637100000)]
  0x000001cb7309d000 JavaThread "Cache worker for file hash cache (D:\AndroidStudioProjects\Eat_Simple\.gradle\6.7.1\fileHashes)" [_thread_blocked, id=9436, stack(0x0000004637100000,0x0000004637200000)]
  0x000001cb73097800 JavaThread "Cache worker for checksums cache (D:\AndroidStudioProjects\Eat_Simple\.gradle\checksums)" [_thread_blocked, id=15280, stack(0x0000004637300000,0x0000004637400000)]
  0x000001cb7309e000 JavaThread "Cache worker for cache directory md-supplier (C:\Users\Admin\.gradle\caches\6.7.1\md-supplier)" [_thread_blocked, id=14140, stack(0x0000004637400000,0x0000004637500000)]
  0x000001cb75dc8000 JavaThread "Cache worker for cache directory md-rule (C:\Users\Admin\.gradle\caches\6.7.1\md-rule)" [_thread_blocked, id=11012, stack(0x0000004637500000,0x0000004637600000)]
  0x000001cb75dc2800 JavaThread "Cache worker for Build Output Cleanup Cache (D:\AndroidStudioProjects\Eat_Simple\.gradle\buildOutputCleanup)" [_thread_blocked, id=11660, stack(0x0000004637900000,0x0000004637a00000)]
  0x000001cb75dc3000 JavaThread "Build operations" [_thread_blocked, id=7620, stack(0x0000004637a00000,0x0000004637b00000)]
  0x000001cb727f9000 JavaThread "Build operations Thread 2" [_thread_blocked, id=9536, stack(0x0000004637b00000,0x0000004637c00000)]
  0x000001cb7a6a5800 JavaThread "Build operations Thread 3" [_thread_blocked, id=7940, stack(0x0000004637c00000,0x0000004637d00000)]
  0x000001cb7a6a6000 JavaThread "Build operations Thread 4" [_thread_blocked, id=3360, stack(0x0000004638000000,0x0000004638100000)]
  0x000001cb7a6a7000 JavaThread "build event listener" [_thread_blocked, id=13304, stack(0x0000004638100000,0x0000004638200000)]
  0x000001cb7a6a4000 JavaThread "Execution worker for ':'" [_thread_blocked, id=8184, stack(0x0000004638200000,0x0000004638300000)]
  0x000001cb7a6a8000 JavaThread "Execution worker for ':' Thread 2" [_thread_blocked, id=1228, stack(0x0000004638300000,0x0000004638400000)]
  0x000001cb7a6a8800 JavaThread "Execution worker for ':' Thread 3" [_thread_blocked, id=12668, stack(0x0000004638400000,0x0000004638500000)]
  0x000001cb7a6a9800 JavaThread "Cache worker for execution history cache (D:\AndroidStudioProjects\Eat_Simple\.gradle\6.7.1\executionHistory)" [_thread_blocked, id=6980, stack(0x000000463e900000,0x000000463ea00000)]
  0x000001cb7a6a4800 JavaThread "WorkerExecutor Queue" [_thread_blocked, id=6968, stack(0x000000463ea00000,0x000000463eb00000)]
  0x000001cb7a6ae800 JavaThread "WorkerExecutor Queue Thread 2" [_thread_in_Java, id=13080, stack(0x000000463eb00000,0x000000463ec00000)]
  0x000001cb7a6ad800 JavaThread "WorkerExecutor Queue Thread 4" [_thread_in_Java, id=13296, stack(0x000000463ed00000,0x000000463ee00000)]
  0x000001cb7a6af000 JavaThread "pool-14-thread-1" [_thread_blocked, id=10752, stack(0x000000463ec00000,0x000000463ed00000)]
  0x000001cb7a6ac000 JavaThread "stderr" [_thread_in_native, id=13916, stack(0x000000463ee00000,0x000000463ef00000)]
  0x000001cb7a6b0000 JavaThread "stdout" [_thread_in_native, id=6044, stack(0x000000463ef00000,0x000000463f000000)]
  0x000001cb7a6ab000 JavaThread "Cache worker for Java compile cache (C:\Users\Admin\.gradle\caches\6.7.1\javaCompile)" [_thread_blocked, id=6512, stack(0x000000463f000000,0x000000463f100000)]
  0x000001cb7a6b1000 JavaThread "Cache worker for Java compile cache (D:\AndroidStudioProjects\Eat_Simple\.gradle\6.7.1\javaCompile)" [_thread_blocked, id=4916, stack(0x000000463f100000,0x000000463f200000)]
  0x000001cb79d94000 JavaThread "WorkerExecutor Queue Thread 6" [_thread_in_Java, id=14868, stack(0x000000463f300000,0x000000463f400000)]

Other Threads:
  0x000001cb70423800 VMThread "VM Thread" [stack: 0x0000004635c00000,0x0000004635d00000] [id=12044]
  0x000001cb70f59800 WatcherThread [stack: 0x0000004636600000,0x0000004636700000] [id=6432]
  0x000001cb562e2800 GCTaskThread "GC Thread#0" [stack: 0x0000004635700000,0x0000004635800000] [id=12444]
  0x000001cb7125e800 GCTaskThread "GC Thread#1" [stack: 0x0000004636700000,0x0000004636800000] [id=3760]
  0x000001cb72b62800 GCTaskThread "GC Thread#2" [stack: 0x0000004636900000,0x0000004636a00000] [id=14252]
  0x000001cb722fb000 GCTaskThread "GC Thread#3" [stack: 0x0000004636a00000,0x0000004636b00000] [id=11732]
  0x000001cb56315000 ConcurrentGCThread "G1 Main Marker" [stack: 0x0000004635800000,0x0000004635900000] [id=8544]
  0x000001cb56318000 ConcurrentGCThread "G1 Conc#0" [stack: 0x0000004635900000,0x0000004635a00000] [id=12304]
  0x000001cb56370800 ConcurrentGCThread "G1 Refine#0" [stack: 0x0000004635a00000,0x0000004635b00000] [id=9300]
  0x000001cb56371800 ConcurrentGCThread "G1 Young RemSet Sampling" [stack: 0x0000004635b00000,0x0000004635c00000] [id=1836]

Threads with active compile tasks:
C2 CompilerThread0 215445 24442       4       com.android.tools.r8.C.a.a.f::a (4333 bytes)
C1 CompilerThread0 215445 24901       2       com.android.tools.r8.w.a.a.a.f.h::next (8 bytes)

VM state:not at safepoint (normal execution)

VM Mutex/Monitor currently owned by a thread: None

Heap address: 0x0000000080000000, size: 2048 MB, Compressed Oops mode: 32-bit
Narrow klass base: 0x0000000000000000, Narrow klass shift: 3
Compressed class space size: 1073741824 Address: 0x0000000100000000

Heap:
 garbage-first heap   total 294912K, used 242457K [0x0000000080000000, 0x0000000100000000)
  region size 1024K, 8 young (8192K), 2 survivors (2048K)
 Metaspace       used 140581K, capacity 144649K, committed 144768K, reserved 1175552K
  class space    used 17084K, capacity 18483K, committed 18560K, reserved 1048576K
Heap Regions: E=young(eden), S=young(survivor), O=old, HS=humongous(starts), HC=humongous(continues), CS=collection set, F=free, A=archive, TAMS=top-at-mark-start (previous, next)
|   0|0x0000000080000000, 0x0000000080100000, 0x0000000080100000|100%| O|  |TAMS 0x0000000080100000, 0x0000000080000000| Untracked 
|   1|0x0000000080100000, 0x0000000080200000, 0x0000000080200000|100%| O|  |TAMS 0x0000000080200000, 0x0000000080100000| Untracked 
|   2|0x0000000080200000, 0x0000000080300000, 0x0000000080300000|100%| O|  |TAMS 0x0000000080300000, 0x0000000080200000| Untracked 
|   3|0x0000000080300000, 0x0000000080400000, 0x0000000080400000|100%|HS|  |TAMS 0x0000000080400000, 0x0000000080300000| Complete 
|   4|0x0000000080400000, 0x0000000080500000, 0x0000000080500000|100%|HC|  |TAMS 0x0000000080500000, 0x0000000080400000| Complete 
|   5|0x0000000080500000, 0x0000000080600000, 0x0000000080600000|100%|HC|  |TAMS 0x0000000080600000, 0x0000000080500000| Complete 
|   6|0x0000000080600000, 0x0000000080700000, 0x0000000080700000|100%| O|  |TAMS 0x0000000080700000, 0x0000000080600000| Untracked 
|   7|0x0000000080700000, 0x0000000080800000, 0x0000000080800000|100%| O|  |TAMS 0x0000000080800000, 0x0000000080700000| Untracked 
|   8|0x0000000080800000, 0x0000000080900000, 0x0000000080900000|100%| O|  |TAMS 0x0000000080900000, 0x0000000080800000| Untracked 
|   9|0x0000000080900000, 0x0000000080a00000, 0x0000000080a00000|100%| O|  |TAMS 0x0000000080a00000, 0x0000000080900000| Untracked 
|  10|0x0000000080a00000, 0x0000000080b00000, 0x0000000080b00000|100%| O|  |TAMS 0x0000000080b00000, 0x0000000080a00000| Untracked 
|  11|0x0000000080b00000, 0x0000000080c00000, 0x0000000080c00000|100%| O|  |TAMS 0x0000000080c00000, 0x0000000080b00000| Untracked 
|  12|0x0000000080c00000, 0x0000000080d00000, 0x0000000080d00000|100%| O|  |TAMS 0x0000000080d00000, 0x0000000080c00000| Untracked 
|  13|0x0000000080d00000, 0x0000000080e00000, 0x0000000080e00000|100%| O|  |TAMS 0x0000000080e00000, 0x0000000080d00000| Untracked 
|  14|0x0000000080e00000, 0x0000000080f00000, 0x0000000080f00000|100%| O|  |TAMS 0x0000000080f00000, 0x0000000080e00000| Untracked 
|  15|0x0000000080f00000, 0x0000000081000000, 0x0000000081000000|100%| O|  |TAMS 0x0000000081000000, 0x0000000080f00000| Untracked 
|  16|0x0000000081000000, 0x0000000081100000, 0x0000000081100000|100%| O|  |TAMS 0x0000000081100000, 0x0000000081000000| Untracked 
|  17|0x0000000081100000, 0x0000000081200000, 0x0000000081200000|100%| O|  |TAMS 0x0000000081200000, 0x0000000081100000| Untracked 
|  18|0x0000000081200000, 0x0000000081300000, 0x0000000081300000|100%| O|  |TAMS 0x0000000081300000, 0x0000000081200000| Untracked 
|  19|0x0000000081300000, 0x0000000081400000, 0x0000000081400000|100%| O|  |TAMS 0x0000000081400000, 0x0000000081300000| Untracked 
|  20|0x0000000081400000, 0x0000000081500000, 0x0000000081500000|100%| O|  |TAMS 0x0000000081500000, 0x0000000081400000| Untracked 
|  21|0x0000000081500000, 0x0000000081600000, 0x0000000081600000|100%| O|  |TAMS 0x0000000081600000, 0x0000000081500000| Untracked 
|  22|0x0000000081600000, 0x0000000081700000, 0x0000000081700000|100%| O|  |TAMS 0x0000000081700000, 0x0000000081600000| Untracked 
|  23|0x0000000081700000, 0x0000000081800000, 0x0000000081800000|100%| O|  |TAMS 0x0000000081800000, 0x0000000081700000| Untracked 
|  24|0x0000000081800000, 0x0000000081900000, 0x0000000081900000|100%|HS|  |TAMS 0x0000000081900000, 0x0000000081800000| Complete 
|  25|0x0000000081900000, 0x0000000081a00000, 0x0000000081a00000|100%|HS|  |TAMS 0x0000000081a00000, 0x0000000081900000| Complete 
|  26|0x0000000081a00000, 0x0000000081b00000, 0x0000000081b00000|100%|HC|  |TAMS 0x0000000081b00000, 0x0000000081a00000| Complete 
|  27|0x0000000081b00000, 0x0000000081c00000, 0x0000000081c00000|100%| O|  |TAMS 0x0000000081c00000, 0x0000000081b00000| Untracked 
|  28|0x0000000081c00000, 0x0000000081d00000, 0x0000000081d00000|100%| O|  |TAMS 0x0000000081c00000, 0x0000000081c00000| Untracked 
|  29|0x0000000081d00000, 0x0000000081e00000, 0x0000000081e00000|100%| O|  |TAMS 0x0000000081e00000, 0x0000000081d00000| Untracked 
|  30|0x0000000081e00000, 0x0000000081f00000, 0x0000000081f00000|100%| O|  |TAMS 0x0000000081f00000, 0x0000000081e00000| Untracked 
|  31|0x0000000081f00000, 0x0000000082000000, 0x0000000082000000|100%| O|  |TAMS 0x0000000082000000, 0x0000000081f00000| Untracked 
|  32|0x0000000082000000, 0x0000000082100000, 0x0000000082100000|100%| O|  |TAMS 0x0000000082100000, 0x0000000082000000| Untracked 
|  33|0x0000000082100000, 0x0000000082200000, 0x0000000082200000|100%| O|  |TAMS 0x0000000082200000, 0x0000000082100000| Untracked 
|  34|0x0000000082200000, 0x0000000082300000, 0x0000000082300000|100%| O|  |TAMS 0x0000000082300000, 0x0000000082200000| Untracked 
|  35|0x0000000082300000, 0x0000000082400000, 0x0000000082400000|100%| O|  |TAMS 0x0000000082400000, 0x0000000082300000| Untracked 
|  36|0x0000000082400000, 0x0000000082500000, 0x0000000082500000|100%| O|  |TAMS 0x0000000082500000, 0x0000000082400000| Untracked 
|  37|0x0000000082500000, 0x0000000082600000, 0x0000000082600000|100%| O|  |TAMS 0x0000000082600000, 0x0000000082500000| Untracked 
|  38|0x0000000082600000, 0x0000000082700000, 0x0000000082700000|100%| O|  |TAMS 0x0000000082700000, 0x0000000082600000| Untracked 
|  39|0x0000000082700000, 0x0000000082800000, 0x0000000082800000|100%| O|  |TAMS 0x0000000082800000, 0x0000000082700000| Untracked 
|  40|0x0000000082800000, 0x0000000082900000, 0x0000000082900000|100%| O|  |TAMS 0x0000000082900000, 0x0000000082800000| Untracked 
|  41|0x0000000082900000, 0x0000000082a00000, 0x0000000082a00000|100%| O|  |TAMS 0x0000000082a00000, 0x0000000082900000| Untracked 
|  42|0x0000000082a00000, 0x0000000082b00000, 0x0000000082b00000|100%| O|  |TAMS 0x0000000082a00000, 0x0000000082a00000| Untracked 
|  43|0x0000000082b00000, 0x0000000082c00000, 0x0000000082c00000|100%| O|  |TAMS 0x0000000082c00000, 0x0000000082b00000| Untracked 
|  44|0x0000000082c00000, 0x0000000082d00000, 0x0000000082d00000|100%| O|  |TAMS 0x0000000082d00000, 0x0000000082c00000| Untracked 
|  45|0x0000000082d00000, 0x0000000082e00000, 0x0000000082e00000|100%| O|  |TAMS 0x0000000082e00000, 0x0000000082d00000| Untracked 
|  46|0x0000000082e00000, 0x0000000082f00000, 0x0000000082f00000|100%| O|  |TAMS 0x0000000082f00000, 0x0000000082e00000| Untracked 
|  47|0x0000000082f00000, 0x0000000083000000, 0x0000000083000000|100%| O|  |TAMS 0x0000000083000000, 0x0000000082f00000| Untracked 
|  48|0x0000000083000000, 0x0000000083100000, 0x0000000083100000|100%| O|  |TAMS 0x0000000083100000, 0x0000000083000000| Untracked 
|  49|0x0000000083100000, 0x0000000083200000, 0x0000000083200000|100%| O|  |TAMS 0x0000000083200000, 0x0000000083100000| Untracked 
|  50|0x0000000083200000, 0x0000000083300000, 0x0000000083300000|100%| O|  |TAMS 0x0000000083300000, 0x0000000083200000| Untracked 
|  51|0x0000000083300000, 0x0000000083400000, 0x0000000083400000|100%| O|  |TAMS 0x0000000083400000, 0x0000000083300000| Untracked 
|  52|0x0000000083400000, 0x0000000083500000, 0x0000000083500000|100%| O|  |TAMS 0x0000000083500000, 0x0000000083400000| Untracked 
|  53|0x0000000083500000, 0x0000000083600000, 0x0000000083600000|100%| O|  |TAMS 0x0000000083600000, 0x0000000083500000| Untracked 
|  54|0x0000000083600000, 0x0000000083700000, 0x0000000083700000|100%| O|  |TAMS 0x0000000083700000, 0x0000000083600000| Untracked 
|  55|0x0000000083700000, 0x0000000083800000, 0x0000000083800000|100%| O|  |TAMS 0x0000000083700000, 0x0000000083700000| Untracked 
|  56|0x0000000083800000, 0x0000000083900000, 0x0000000083900000|100%| O|  |TAMS 0x0000000083900000, 0x0000000083800000| Untracked 
|  57|0x0000000083900000, 0x0000000083a00000, 0x0000000083a00000|100%| O|  |TAMS 0x0000000083a00000, 0x0000000083900000| Untracked 
|  58|0x0000000083a00000, 0x0000000083b00000, 0x0000000083b00000|100%| O|  |TAMS 0x0000000083b00000, 0x0000000083a00000| Untracked 
|  59|0x0000000083b00000, 0x0000000083c00000, 0x0000000083c00000|100%| O|  |TAMS 0x0000000083b00000, 0x0000000083b00000| Untracked 
|  60|0x0000000083c00000, 0x0000000083d00000, 0x0000000083d00000|100%|HS|  |TAMS 0x0000000083d00000, 0x0000000083c00000| Complete 
|  61|0x0000000083d00000, 0x0000000083e00000, 0x0000000083e00000|100%|HC|  |TAMS 0x0000000083e00000, 0x0000000083d00000| Complete 
|  62|0x0000000083e00000, 0x0000000083f00000, 0x0000000083f00000|100%|HS|  |TAMS 0x0000000083f00000, 0x0000000083e00000| Complete 
|  63|0x0000000083f00000, 0x0000000084000000, 0x0000000084000000|100%|HC|  |TAMS 0x0000000084000000, 0x0000000083f00000| Complete 
|  64|0x0000000084000000, 0x0000000084100000, 0x0000000084100000|100%|HC|  |TAMS 0x0000000084100000, 0x0000000084000000| Complete 
|  65|0x0000000084100000, 0x0000000084200000, 0x0000000084200000|100%|HS|  |TAMS 0x0000000084200000, 0x0000000084100000| Complete 
|  66|0x0000000084200000, 0x0000000084300000, 0x0000000084300000|100%|HC|  |TAMS 0x0000000084300000, 0x0000000084200000| Complete 
|  67|0x0000000084300000, 0x0000000084400000, 0x0000000084400000|100%|HC|  |TAMS 0x0000000084400000, 0x0000000084300000| Complete 
|  68|0x0000000084400000, 0x0000000084500000, 0x0000000084500000|100%|HC|  |TAMS 0x0000000084500000, 0x0000000084400000| Complete 
|  69|0x0000000084500000, 0x0000000084600000, 0x0000000084600000|100%| O|  |TAMS 0x0000000084500000, 0x0000000084500000| Untracked 
|  70|0x0000000084600000, 0x0000000084700000, 0x0000000084700000|100%| O|  |TAMS 0x0000000084600000, 0x0000000084600000| Untracked 
|  71|0x0000000084700000, 0x0000000084800000, 0x0000000084800000|100%| O|  |TAMS 0x0000000084800000, 0x0000000084700000| Untracked 
|  72|0x0000000084800000, 0x0000000084900000, 0x0000000084900000|100%|HS|  |TAMS 0x0000000084900000, 0x0000000084800000| Complete 
|  73|0x0000000084900000, 0x0000000084a00000, 0x0000000084a00000|100%|HC|  |TAMS 0x0000000084a00000, 0x0000000084900000| Complete 
|  74|0x0000000084a00000, 0x0000000084b00000, 0x0000000084b00000|100%|HC|  |TAMS 0x0000000084b00000, 0x0000000084a00000| Complete 
|  75|0x0000000084b00000, 0x0000000084c00000, 0x0000000084c00000|100%|HC|  |TAMS 0x0000000084c00000, 0x0000000084b00000| Complete 
|  76|0x0000000084c00000, 0x0000000084d00000, 0x0000000084d00000|100%|HS|  |TAMS 0x0000000084d00000, 0x0000000084c00000| Complete 
|  77|0x0000000084d00000, 0x0000000084e00000, 0x0000000084e00000|100%|HC|  |TAMS 0x0000000084e00000, 0x0000000084d00000| Complete 
|  78|0x0000000084e00000, 0x0000000084f00000, 0x0000000084f00000|100%|HC|  |TAMS 0x0000000084f00000, 0x0000000084e00000| Complete 
|  79|0x0000000084f00000, 0x0000000085000000, 0x0000000085000000|100%| O|  |TAMS 0x0000000084f00000, 0x0000000084f00000| Untracked 
|  80|0x0000000085000000, 0x0000000085100000, 0x0000000085100000|100%| O|  |TAMS 0x0000000085100000, 0x0000000085000000| Untracked 
|  81|0x0000000085100000, 0x0000000085200000, 0x0000000085200000|100%| O|  |TAMS 0x0000000085200000, 0x0000000085100000| Untracked 
|  82|0x0000000085200000, 0x0000000085300000, 0x0000000085300000|100%| O|  |TAMS 0x0000000085200000, 0x0000000085200000| Untracked 
|  83|0x0000000085300000, 0x0000000085400000, 0x0000000085400000|100%| O|  |TAMS 0x0000000085400000, 0x0000000085300000| Untracked 
|  84|0x0000000085400000, 0x0000000085500000, 0x0000000085500000|100%| O|  |TAMS 0x0000000085500000, 0x0000000085400000| Untracked 
|  85|0x0000000085500000, 0x0000000085600000, 0x0000000085600000|100%| O|  |TAMS 0x0000000085600000, 0x0000000085500000| Untracked 
|  86|0x0000000085600000, 0x0000000085700000, 0x0000000085700000|100%| O|  |TAMS 0x0000000085600000, 0x0000000085600000| Untracked 
|  87|0x0000000085700000, 0x0000000085800000, 0x0000000085800000|100%| O|  |TAMS 0x0000000085800000, 0x0000000085700000| Untracked 
|  88|0x0000000085800000, 0x0000000085900000, 0x0000000085900000|100%| O|  |TAMS 0x0000000085900000, 0x0000000085800000| Untracked 
|  89|0x0000000085900000, 0x0000000085a00000, 0x0000000085a00000|100%| O|  |TAMS 0x0000000085900000, 0x0000000085900000| Untracked 
|  90|0x0000000085a00000, 0x0000000085b00000, 0x0000000085b00000|100%| O|  |TAMS 0x0000000085b00000, 0x0000000085a00000| Untracked 
|  91|0x0000000085b00000, 0x0000000085c00000, 0x0000000085c00000|100%| O|  |TAMS 0x0000000085c00000, 0x0000000085b00000| Untracked 
|  92|0x0000000085c00000, 0x0000000085d00000, 0x0000000085d00000|100%| O|  |TAMS 0x0000000085d00000, 0x0000000085c00000| Untracked 
|  93|0x0000000085d00000, 0x0000000085e00000, 0x0000000085e00000|100%| O|  |TAMS 0x0000000085d00000, 0x0000000085d00000| Untracked 
|  94|0x0000000085e00000, 0x0000000085f00000, 0x0000000085f00000|100%| O|  |TAMS 0x0000000085e00000, 0x0000000085e00000| Untracked 
|  95|0x0000000085f00000, 0x0000000086000000, 0x0000000086000000|100%| O|  |TAMS 0x0000000085f00000, 0x0000000085f00000| Untracked 
|  96|0x0000000086000000, 0x0000000086100000, 0x0000000086100000|100%| O|  |TAMS 0x0000000086100000, 0x0000000086000000| Untracked 
|  97|0x0000000086100000, 0x0000000086200000, 0x0000000086200000|100%| O|  |TAMS 0x0000000086200000, 0x0000000086100000| Untracked 
|  98|0x0000000086200000, 0x0000000086300000, 0x0000000086300000|100%| O|  |TAMS 0x0000000086200000, 0x0000000086200000| Untracked 
|  99|0x0000000086300000, 0x0000000086400000, 0x0000000086400000|100%| O|  |TAMS 0x0000000086300000, 0x0000000086300000| Untracked 
| 100|0x0000000086400000, 0x0000000086500000, 0x0000000086500000|100%| O|  |TAMS 0x0000000086400000, 0x0000000086400000| Untracked 
| 101|0x0000000086500000, 0x0000000086600000, 0x0000000086600000|100%| O|  |TAMS 0x0000000086500000, 0x0000000086500000| Untracked 
| 102|0x0000000086600000, 0x0000000086700000, 0x0000000086700000|100%| O|  |TAMS 0x0000000086600000, 0x0000000086600000| Untracked 
| 103|0x0000000086700000, 0x0000000086800000, 0x0000000086800000|100%| O|  |TAMS 0x0000000086700000, 0x0000000086700000| Untracked 
| 104|0x0000000086800000, 0x0000000086900000, 0x0000000086900000|100%|HS|  |TAMS 0x0000000086800000, 0x0000000086800000| Complete 
| 105|0x0000000086900000, 0x0000000086a00000, 0x0000000086a00000|100%| O|  |TAMS 0x0000000086900000, 0x0000000086900000| Untracked 
| 106|0x0000000086a00000, 0x0000000086b00000, 0x0000000086b00000|100%| O|  |TAMS 0x0000000086a00000, 0x0000000086a00000| Untracked 
| 107|0x0000000086b00000, 0x0000000086c00000, 0x0000000086c00000|100%| O|  |TAMS 0x0000000086b00000, 0x0000000086b00000| Untracked 
| 108|0x0000000086c00000, 0x0000000086d00000, 0x0000000086d00000|100%| O|  |TAMS 0x0000000086d00000, 0x0000000086c00000| Untracked 
| 109|0x0000000086d00000, 0x0000000086e00000, 0x0000000086e00000|100%| O|  |TAMS 0x0000000086e00000, 0x0000000086d00000| Untracked 
| 110|0x0000000086e00000, 0x0000000086f00000, 0x0000000086f00000|100%| O|  |TAMS 0x0000000086f00000, 0x0000000086e00000| Untracked 
| 111|0x0000000086f00000, 0x0000000087000000, 0x0000000087000000|100%| O|  |TAMS 0x0000000087000000, 0x0000000086f00000| Untracked 
| 112|0x0000000087000000, 0x0000000087100000, 0x0000000087100000|100%| O|  |TAMS 0x0000000087100000, 0x0000000087000000| Untracked 
| 113|0x0000000087100000, 0x0000000087200000, 0x0000000087200000|100%| O|  |TAMS 0x0000000087200000, 0x0000000087100000| Untracked 
| 114|0x0000000087200000, 0x0000000087300000, 0x0000000087300000|100%| O|  |TAMS 0x0000000087300000, 0x0000000087200000| Untracked 
| 115|0x0000000087300000, 0x0000000087400000, 0x0000000087400000|100%| O|  |TAMS 0x0000000087300000, 0x0000000087300000| Untracked 
| 116|0x0000000087400000, 0x0000000087500000, 0x0000000087500000|100%| O|  |TAMS 0x0000000087400000, 0x0000000087400000| Untracked 
| 117|0x0000000087500000, 0x0000000087600000, 0x0000000087600000|100%| O|  |TAMS 0x00000000875ee600, 0x0000000087500000| Untracked 
| 118|0x0000000087600000, 0x0000000087700000, 0x0000000087700000|100%| O|  |TAMS 0x0000000087600000, 0x0000000087600000| Untracked 
| 119|0x0000000087700000, 0x0000000087800000, 0x0000000087800000|100%| O|  |TAMS 0x0000000087700000, 0x0000000087700000| Untracked 
| 120|0x0000000087800000, 0x0000000087900000, 0x0000000087900000|100%| O|  |TAMS 0x0000000087800000, 0x0000000087800000| Untracked 
| 121|0x0000000087900000, 0x0000000087a00000, 0x0000000087a00000|100%| O|  |TAMS 0x0000000087900000, 0x0000000087900000| Untracked 
| 122|0x0000000087a00000, 0x0000000087b00000, 0x0000000087b00000|100%| O|  |TAMS 0x0000000087a00000, 0x0000000087a00000| Untracked 
| 123|0x0000000087b00000, 0x0000000087c00000, 0x0000000087c00000|100%| O|  |TAMS 0x0000000087b00000, 0x0000000087b00000| Untracked 
| 124|0x0000000087c00000, 0x0000000087d00000, 0x0000000087d00000|100%| O|  |TAMS 0x0000000087c00000, 0x0000000087c00000| Untracked 
| 125|0x0000000087d00000, 0x0000000087e00000, 0x0000000087e00000|100%| O|  |TAMS 0x0000000087d00000, 0x0000000087d00000| Untracked 
| 126|0x0000000087e00000, 0x0000000087f00000, 0x0000000087f00000|100%| O|  |TAMS 0x0000000087e00000, 0x0000000087e00000| Untracked 
| 127|0x0000000087f00000, 0x0000000088000000, 0x0000000088000000|100%| O|  |TAMS 0x0000000087f00000, 0x0000000087f00000| Untracked 
| 128|0x0000000088000000, 0x0000000088100000, 0x0000000088100000|100%| O|  |TAMS 0x0000000088000000, 0x0000000088000000| Untracked 
| 129|0x0000000088100000, 0x0000000088200000, 0x0000000088200000|100%| O|  |TAMS 0x0000000088100000, 0x0000000088100000| Untracked 
| 130|0x0000000088200000, 0x0000000088300000, 0x0000000088300000|100%| O|  |TAMS 0x0000000088200000, 0x0000000088200000| Untracked 
| 131|0x0000000088300000, 0x0000000088400000, 0x0000000088400000|100%| O|  |TAMS 0x0000000088300000, 0x0000000088300000| Untracked 
| 132|0x0000000088400000, 0x0000000088500000, 0x0000000088500000|100%| O|  |TAMS 0x0000000088400000, 0x0000000088400000| Untracked 
| 133|0x0000000088500000, 0x0000000088600000, 0x0000000088600000|100%| O|  |TAMS 0x0000000088500000, 0x0000000088500000| Untracked 
| 134|0x0000000088600000, 0x0000000088700000, 0x0000000088700000|100%| O|  |TAMS 0x0000000088600000, 0x0000000088600000| Untracked 
| 135|0x0000000088700000, 0x0000000088800000, 0x0000000088800000|100%| O|  |TAMS 0x0000000088700000, 0x0000000088700000| Untracked 
| 136|0x0000000088800000, 0x0000000088900000, 0x0000000088900000|100%| O|  |TAMS 0x0000000088800000, 0x0000000088800000| Untracked 
| 137|0x0000000088900000, 0x0000000088a00000, 0x0000000088a00000|100%| O|  |TAMS 0x0000000088900000, 0x0000000088900000| Untracked 
| 138|0x0000000088a00000, 0x0000000088b00000, 0x0000000088b00000|100%| O|  |TAMS 0x0000000088a00000, 0x0000000088a00000| Untracked 
| 139|0x0000000088b00000, 0x0000000088c00000, 0x0000000088c00000|100%| O|  |TAMS 0x0000000088b00000, 0x0000000088b00000| Untracked 
| 140|0x0000000088c00000, 0x0000000088d00000, 0x0000000088d00000|100%| O|  |TAMS 0x0000000088c00000, 0x0000000088c00000| Untracked 
| 141|0x0000000088d00000, 0x0000000088e00000, 0x0000000088e00000|100%| O|  |TAMS 0x0000000088d00000, 0x0000000088d00000| Untracked 
| 142|0x0000000088e00000, 0x0000000088f00000, 0x0000000088f00000|100%| O|  |TAMS 0x0000000088e00000, 0x0000000088e00000| Untracked 
| 143|0x0000000088f00000, 0x0000000089000000, 0x0000000089000000|100%| O|  |TAMS 0x0000000088f00000, 0x0000000088f00000| Untracked 
| 144|0x0000000089000000, 0x0000000089100000, 0x0000000089100000|100%| O|  |TAMS 0x0000000089000000, 0x0000000089000000| Untracked 
| 145|0x0000000089100000, 0x0000000089200000, 0x0000000089200000|100%| O|  |TAMS 0x0000000089100000, 0x0000000089100000| Untracked 
| 146|0x0000000089200000, 0x0000000089300000, 0x0000000089300000|100%| O|  |TAMS 0x0000000089200000, 0x0000000089200000| Untracked 
| 147|0x0000000089300000, 0x0000000089400000, 0x0000000089400000|100%| O|  |TAMS 0x0000000089300000, 0x0000000089300000| Untracked 
| 148|0x0000000089400000, 0x0000000089500000, 0x0000000089500000|100%| O|  |TAMS 0x0000000089400000, 0x0000000089400000| Untracked 
| 149|0x0000000089500000, 0x0000000089600000, 0x0000000089600000|100%| O|  |TAMS 0x0000000089500000, 0x0000000089500000| Untracked 
| 150|0x0000000089600000, 0x0000000089700000, 0x0000000089700000|100%| O|  |TAMS 0x0000000089600000, 0x0000000089600000| Untracked 
| 151|0x0000000089700000, 0x0000000089800000, 0x0000000089800000|100%| O|  |TAMS 0x0000000089700000, 0x0000000089700000| Untracked 
| 152|0x0000000089800000, 0x0000000089900000, 0x0000000089900000|100%| O|  |TAMS 0x0000000089800000, 0x0000000089800000| Untracked 
| 153|0x0000000089900000, 0x0000000089a00000, 0x0000000089a00000|100%| O|  |TAMS 0x0000000089900000, 0x0000000089900000| Untracked 
| 154|0x0000000089a00000, 0x0000000089b00000, 0x0000000089b00000|100%| O|  |TAMS 0x0000000089a00000, 0x0000000089a00000| Untracked 
| 155|0x0000000089b00000, 0x0000000089c00000, 0x0000000089c00000|100%| O|  |TAMS 0x0000000089b00000, 0x0000000089b00000| Untracked 
| 156|0x0000000089c00000, 0x0000000089d00000, 0x0000000089d00000|100%| O|  |TAMS 0x0000000089c00000, 0x0000000089c00000| Untracked 
| 157|0x0000000089d00000, 0x0000000089e00000, 0x0000000089e00000|100%| O|  |TAMS 0x0000000089d00000, 0x0000000089d00000| Untracked 
| 158|0x0000000089e00000, 0x0000000089f00000, 0x0000000089f00000|100%| O|  |TAMS 0x0000000089e00000, 0x0000000089e00000| Untracked 
| 159|0x0000000089f00000, 0x000000008a000000, 0x000000008a000000|100%| O|  |TAMS 0x0000000089f00000, 0x0000000089f00000| Untracked 
| 160|0x000000008a000000, 0x000000008a100000, 0x000000008a100000|100%| O|  |TAMS 0x000000008a000000, 0x000000008a000000| Untracked 
| 161|0x000000008a100000, 0x000000008a200000, 0x000000008a200000|100%| O|  |TAMS 0x000000008a100000, 0x000000008a100000| Untracked 
| 162|0x000000008a200000, 0x000000008a300000, 0x000000008a300000|100%| O|  |TAMS 0x000000008a200000, 0x000000008a200000| Untracked 
| 163|0x000000008a300000, 0x000000008a400000, 0x000000008a400000|100%| O|  |TAMS 0x000000008a300000, 0x000000008a300000| Untracked 
| 164|0x000000008a400000, 0x000000008a500000, 0x000000008a500000|100%| O|  |TAMS 0x000000008a400000, 0x000000008a400000| Untracked 
| 165|0x000000008a500000, 0x000000008a600000, 0x000000008a600000|100%| O|  |TAMS 0x000000008a500000, 0x000000008a500000| Untracked 
| 166|0x000000008a600000, 0x000000008a700000, 0x000000008a700000|100%| O|  |TAMS 0x000000008a600000, 0x000000008a600000| Untracked 
| 167|0x000000008a700000, 0x000000008a800000, 0x000000008a800000|100%| O|  |TAMS 0x000000008a700000, 0x000000008a700000| Untracked 
| 168|0x000000008a800000, 0x000000008a900000, 0x000000008a900000|100%| O|  |TAMS 0x000000008a800000, 0x000000008a800000| Untracked 
| 169|0x000000008a900000, 0x000000008aa00000, 0x000000008aa00000|100%| O|  |TAMS 0x000000008a900000, 0x000000008a900000| Untracked 
| 170|0x000000008aa00000, 0x000000008ab00000, 0x000000008ab00000|100%| O|  |TAMS 0x000000008aa00000, 0x000000008aa00000| Untracked 
| 171|0x000000008ab00000, 0x000000008ac00000, 0x000000008ac00000|100%|HS|  |TAMS 0x000000008ab00000, 0x000000008ab00000| Complete 
| 172|0x000000008ac00000, 0x000000008ad00000, 0x000000008ad00000|100%|HC|  |TAMS 0x000000008ac00000, 0x000000008ac00000| Complete 
| 173|0x000000008ad00000, 0x000000008ae00000, 0x000000008ae00000|100%| O|  |TAMS 0x000000008ad00000, 0x000000008ad00000| Untracked 
| 174|0x000000008ae00000, 0x000000008af00000, 0x000000008af00000|100%| O|  |TAMS 0x000000008ae00000, 0x000000008ae00000| Untracked 
| 175|0x000000008af00000, 0x000000008b000000, 0x000000008b000000|100%| O|  |TAMS 0x000000008af00000, 0x000000008af00000| Untracked 
| 176|0x000000008b000000, 0x000000008b100000, 0x000000008b100000|100%| O|  |TAMS 0x000000008b000000, 0x000000008b000000| Untracked 
| 177|0x000000008b100000, 0x000000008b200000, 0x000000008b200000|100%| O|  |TAMS 0x000000008b100000, 0x000000008b100000| Untracked 
| 178|0x000000008b200000, 0x000000008b300000, 0x000000008b300000|100%| O|  |TAMS 0x000000008b200000, 0x000000008b200000| Untracked 
| 179|0x000000008b300000, 0x000000008b400000, 0x000000008b400000|100%| O|  |TAMS 0x000000008b300000, 0x000000008b300000| Untracked 
| 180|0x000000008b400000, 0x000000008b500000, 0x000000008b500000|100%| O|  |TAMS 0x000000008b400000, 0x000000008b400000| Untracked 
| 181|0x000000008b500000, 0x000000008b600000, 0x000000008b600000|100%| O|  |TAMS 0x000000008b500000, 0x000000008b500000| Untracked 
| 182|0x000000008b600000, 0x000000008b700000, 0x000000008b700000|100%| O|  |TAMS 0x000000008b600000, 0x000000008b600000| Untracked 
| 183|0x000000008b700000, 0x000000008b800000, 0x000000008b800000|100%| O|  |TAMS 0x000000008b700000, 0x000000008b700000| Untracked 
| 184|0x000000008b800000, 0x000000008b900000, 0x000000008b900000|100%| O|  |TAMS 0x000000008b800000, 0x000000008b800000| Untracked 
| 185|0x000000008b900000, 0x000000008ba00000, 0x000000008ba00000|100%| O|  |TAMS 0x000000008b900000, 0x000000008b900000| Untracked 
| 186|0x000000008ba00000, 0x000000008bb00000, 0x000000008bb00000|100%| O|  |TAMS 0x000000008ba00000, 0x000000008ba00000| Untracked 
| 187|0x000000008bb00000, 0x000000008bc00000, 0x000000008bc00000|100%| O|  |TAMS 0x000000008bb00000, 0x000000008bb00000| Untracked 
| 188|0x000000008bc00000, 0x000000008bd00000, 0x000000008bd00000|100%| O|  |TAMS 0x000000008bc00000, 0x000000008bc00000| Untracked 
| 189|0x000000008bd00000, 0x000000008be00000, 0x000000008be00000|100%| O|  |TAMS 0x000000008bd00000, 0x000000008bd00000| Untracked 
| 190|0x000000008be00000, 0x000000008bf00000, 0x000000008bf00000|100%| O|  |TAMS 0x000000008be00000, 0x000000008be00000| Untracked 
| 191|0x000000008bf00000, 0x000000008c000000, 0x000000008c000000|100%| O|  |TAMS 0x000000008bf00000, 0x000000008bf00000| Untracked 
| 192|0x000000008c000000, 0x000000008c100000, 0x000000008c100000|100%| O|  |TAMS 0x000000008c000000, 0x000000008c000000| Untracked 
| 193|0x000000008c100000, 0x000000008c200000, 0x000000008c200000|100%| O|  |TAMS 0x000000008c100000, 0x000000008c100000| Untracked 
| 194|0x000000008c200000, 0x000000008c300000, 0x000000008c300000|100%| O|  |TAMS 0x000000008c200000, 0x000000008c200000| Untracked 
| 195|0x000000008c300000, 0x000000008c400000, 0x000000008c400000|100%| O|  |TAMS 0x000000008c300000, 0x000000008c300000| Untracked 
| 196|0x000000008c400000, 0x000000008c500000, 0x000000008c500000|100%| O|  |TAMS 0x000000008c400000, 0x000000008c400000| Untracked 
| 197|0x000000008c500000, 0x000000008c600000, 0x000000008c600000|100%| O|  |TAMS 0x000000008c500000, 0x000000008c500000| Untracked 
| 198|0x000000008c600000, 0x000000008c700000, 0x000000008c700000|100%| O|  |TAMS 0x000000008c600000, 0x000000008c600000| Untracked 
| 199|0x000000008c700000, 0x000000008c800000, 0x000000008c800000|100%| O|  |TAMS 0x000000008c700000, 0x000000008c700000| Untracked 
| 200|0x000000008c800000, 0x000000008c900000, 0x000000008c900000|100%| O|  |TAMS 0x000000008c800000, 0x000000008c800000| Untracked 
| 201|0x000000008c900000, 0x000000008ca00000, 0x000000008ca00000|100%| O|  |TAMS 0x000000008c900000, 0x000000008c900000| Untracked 
| 202|0x000000008ca00000, 0x000000008cb00000, 0x000000008cb00000|100%| O|  |TAMS 0x000000008ca00000, 0x000000008ca00000| Untracked 
| 203|0x000000008cb00000, 0x000000008cc00000, 0x000000008cc00000|100%| O|  |TAMS 0x000000008cb00000, 0x000000008cb00000| Untracked 
| 204|0x000000008cc00000, 0x000000008cd00000, 0x000000008cd00000|100%| O|  |TAMS 0x000000008cc00000, 0x000000008cc00000| Untracked 
| 205|0x000000008cd00000, 0x000000008ce00000, 0x000000008ce00000|100%| O|  |TAMS 0x000000008cd00000, 0x000000008cd00000| Untracked 
| 206|0x000000008ce00000, 0x000000008cf00000, 0x000000008cf00000|100%| O|  |TAMS 0x000000008ce00000, 0x000000008ce00000| Untracked 
| 207|0x000000008cf00000, 0x000000008d000000, 0x000000008d000000|100%| O|  |TAMS 0x000000008cf00000, 0x000000008cf00000| Untracked 
| 208|0x000000008d000000, 0x000000008d100000, 0x000000008d100000|100%| O|  |TAMS 0x000000008d000000, 0x000000008d000000| Untracked 
| 209|0x000000008d100000, 0x000000008d200000, 0x000000008d200000|100%| O|  |TAMS 0x000000008d100000, 0x000000008d100000| Untracked 
| 210|0x000000008d200000, 0x000000008d300000, 0x000000008d300000|100%| O|  |TAMS 0x000000008d200000, 0x000000008d200000| Untracked 
| 211|0x000000008d300000, 0x000000008d400000, 0x000000008d400000|100%| O|  |TAMS 0x000000008d300000, 0x000000008d300000| Untracked 
| 212|0x000000008d400000, 0x000000008d500000, 0x000000008d500000|100%| O|  |TAMS 0x000000008d400000, 0x000000008d400000| Untracked 
| 213|0x000000008d500000, 0x000000008d600000, 0x000000008d600000|100%| O|  |TAMS 0x000000008d500000, 0x000000008d500000| Untracked 
| 214|0x000000008d600000, 0x000000008d700000, 0x000000008d700000|100%| O|  |TAMS 0x000000008d600000, 0x000000008d600000| Untracked 
| 215|0x000000008d700000, 0x000000008d800000, 0x000000008d800000|100%| O|  |TAMS 0x000000008d700000, 0x000000008d700000| Untracked 
| 216|0x000000008d800000, 0x000000008d900000, 0x000000008d900000|100%| O|  |TAMS 0x000000008d800000, 0x000000008d800000| Untracked 
| 217|0x000000008d900000, 0x000000008da00000, 0x000000008da00000|100%| O|  |TAMS 0x000000008d900000, 0x000000008d900000| Untracked 
| 218|0x000000008da00000, 0x000000008db00000, 0x000000008db00000|100%| O|  |TAMS 0x000000008da00000, 0x000000008da00000| Untracked 
| 219|0x000000008db00000, 0x000000008dc00000, 0x000000008dc00000|100%| O|  |TAMS 0x000000008db00000, 0x000000008db00000| Untracked 
| 220|0x000000008dc00000, 0x000000008dd00000, 0x000000008dd00000|100%| O|  |TAMS 0x000000008dc00000, 0x000000008dc00000| Untracked 
| 221|0x000000008dd00000, 0x000000008de00000, 0x000000008de00000|100%| O|  |TAMS 0x000000008dd00000, 0x000000008dd00000| Untracked 
| 222|0x000000008de00000, 0x000000008df00000, 0x000000008df00000|100%| O|  |TAMS 0x000000008de00000, 0x000000008de00000| Untracked 
| 223|0x000000008df00000, 0x000000008e000000, 0x000000008e000000|100%| O|  |TAMS 0x000000008df00000, 0x000000008df00000| Untracked 
| 224|0x000000008e000000, 0x000000008e100000, 0x000000008e100000|100%| O|  |TAMS 0x000000008e000000, 0x000000008e000000| Untracked 
| 225|0x000000008e100000, 0x000000008e200000, 0x000000008e200000|100%| O|  |TAMS 0x000000008e100000, 0x000000008e100000| Untracked 
| 226|0x000000008e200000, 0x000000008e300000, 0x000000008e300000|100%| O|  |TAMS 0x000000008e200000, 0x000000008e200000| Untracked 
| 227|0x000000008e300000, 0x000000008e400000, 0x000000008e400000|100%| O|  |TAMS 0x000000008e300000, 0x000000008e300000| Untracked 
| 228|0x000000008e400000, 0x000000008e500000, 0x000000008e500000|100%| O|  |TAMS 0x000000008e400000, 0x000000008e400000| Untracked 
| 229|0x000000008e500000, 0x000000008e600000, 0x000000008e600000|100%| O|  |TAMS 0x000000008e500000, 0x000000008e500000| Untracked 
| 230|0x000000008e600000, 0x000000008e655e00, 0x000000008e700000| 33%| O|  |TAMS 0x000000008e600000, 0x000000008e600000| Untracked 
| 231|0x000000008e700000, 0x000000008e700000, 0x000000008e800000|  0%| F|  |TAMS 0x000000008e700000, 0x000000008e700000| Untracked 
| 232|0x000000008e800000, 0x000000008e800000, 0x000000008e900000|  0%| F|  |TAMS 0x000000008e800000, 0x000000008e800000| Untracked 
| 233|0x000000008e900000, 0x000000008e900000, 0x000000008ea00000|  0%| F|  |TAMS 0x000000008e900000, 0x000000008e900000| Untracked 
| 234|0x000000008ea00000, 0x000000008ea00000, 0x000000008eb00000|  0%| F|  |TAMS 0x000000008ea00000, 0x000000008ea00000| Untracked 
| 235|0x000000008eb00000, 0x000000008eb00000, 0x000000008ec00000|  0%| F|  |TAMS 0x000000008eb00000, 0x000000008eb00000| Untracked 
| 236|0x000000008ec00000, 0x000000008ec00000, 0x000000008ed00000|  0%| F|  |TAMS 0x000000008ec00000, 0x000000008ec00000| Untracked 
| 237|0x000000008ed00000, 0x000000008ed00000, 0x000000008ee00000|  0%| F|  |TAMS 0x000000008ed00000, 0x000000008ed00000| Untracked 
| 238|0x000000008ee00000, 0x000000008ee00000, 0x000000008ef00000|  0%| F|  |TAMS 0x000000008ee00000, 0x000000008ee00000| Untracked 
| 239|0x000000008ef00000, 0x000000008ef00000, 0x000000008f000000|  0%| F|  |TAMS 0x000000008ef00000, 0x000000008ef00000| Untracked 
| 240|0x000000008f000000, 0x000000008f000000, 0x000000008f100000|  0%| F|  |TAMS 0x000000008f000000, 0x000000008f000000| Untracked 
| 241|0x000000008f100000, 0x000000008f100000, 0x000000008f200000|  0%| F|  |TAMS 0x000000008f100000, 0x000000008f100000| Untracked 
| 242|0x000000008f200000, 0x000000008f200000, 0x000000008f300000|  0%| F|  |TAMS 0x000000008f200000, 0x000000008f200000| Untracked 
| 243|0x000000008f300000, 0x000000008f300000, 0x000000008f400000|  0%| F|  |TAMS 0x000000008f300000, 0x000000008f300000| Untracked 
| 244|0x000000008f400000, 0x000000008f400000, 0x000000008f500000|  0%| F|  |TAMS 0x000000008f400000, 0x000000008f400000| Untracked 
| 245|0x000000008f500000, 0x000000008f500000, 0x000000008f600000|  0%| F|  |TAMS 0x000000008f500000, 0x000000008f500000| Untracked 
| 246|0x000000008f600000, 0x000000008f600000, 0x000000008f700000|  0%| F|  |TAMS 0x000000008f600000, 0x000000008f600000| Untracked 
| 247|0x000000008f700000, 0x000000008f700000, 0x000000008f800000|  0%| F|  |TAMS 0x000000008f700000, 0x000000008f700000| Untracked 
| 248|0x000000008f800000, 0x000000008f800000, 0x000000008f900000|  0%| F|  |TAMS 0x000000008f800000, 0x000000008f800000| Untracked 
| 249|0x000000008f900000, 0x000000008f900000, 0x000000008fa00000|  0%| F|  |TAMS 0x000000008f900000, 0x000000008f900000| Untracked 
| 250|0x000000008fa00000, 0x000000008fa00000, 0x000000008fb00000|  0%| F|  |TAMS 0x000000008fa00000, 0x000000008fa00000| Untracked 
| 251|0x000000008fb00000, 0x000000008fb00000, 0x000000008fc00000|  0%| F|  |TAMS 0x000000008fb00000, 0x000000008fb00000| Untracked 
| 252|0x000000008fc00000, 0x000000008fc00000, 0x000000008fd00000|  0%| F|  |TAMS 0x000000008fc00000, 0x000000008fc00000| Untracked 
| 253|0x000000008fd00000, 0x000000008fd00000, 0x000000008fe00000|  0%| F|  |TAMS 0x000000008fd00000, 0x000000008fd00000| Untracked 
| 254|0x000000008fe00000, 0x000000008fe00000, 0x000000008ff00000|  0%| F|  |TAMS 0x000000008fe00000, 0x000000008fe00000| Untracked 
| 255|0x000000008ff00000, 0x000000008ff00000, 0x0000000090000000|  0%| F|  |TAMS 0x000000008ff00000, 0x000000008ff00000| Untracked 
| 256|0x0000000090000000, 0x0000000090000000, 0x0000000090100000|  0%| F|  |TAMS 0x0000000090000000, 0x0000000090000000| Untracked 
| 257|0x0000000090100000, 0x0000000090100000, 0x0000000090200000|  0%| F|  |TAMS 0x0000000090100000, 0x0000000090100000| Untracked 
| 258|0x0000000090200000, 0x0000000090200000, 0x0000000090300000|  0%| F|  |TAMS 0x0000000090200000, 0x0000000090200000| Untracked 
| 259|0x0000000090300000, 0x0000000090300000, 0x0000000090400000|  0%| F|  |TAMS 0x0000000090300000, 0x0000000090300000| Untracked 
| 260|0x0000000090400000, 0x0000000090400000, 0x0000000090500000|  0%| F|  |TAMS 0x0000000090400000, 0x0000000090400000| Untracked 
| 261|0x0000000090500000, 0x0000000090500000, 0x0000000090600000|  0%| F|  |TAMS 0x0000000090500000, 0x0000000090500000| Untracked 
| 262|0x0000000090600000, 0x0000000090600000, 0x0000000090700000|  0%| F|  |TAMS 0x0000000090600000, 0x0000000090600000| Untracked 
| 263|0x0000000090700000, 0x0000000090700000, 0x0000000090800000|  0%| F|  |TAMS 0x0000000090700000, 0x0000000090700000| Untracked 
| 264|0x0000000090800000, 0x00000000908706c0, 0x0000000090900000| 43%| S|CS|TAMS 0x0000000090800000, 0x0000000090800000| Complete 
| 265|0x0000000090900000, 0x0000000090900000, 0x0000000090a00000|  0%| F|  |TAMS 0x0000000090900000, 0x0000000090900000| Untracked 
| 266|0x0000000090a00000, 0x0000000090b00000, 0x0000000090b00000|100%| S|CS|TAMS 0x0000000090a00000, 0x0000000090a00000| Complete 
| 267|0x0000000090b00000, 0x0000000090b00000, 0x0000000090c00000|  0%| F|  |TAMS 0x0000000090b00000, 0x0000000090b00000| Untracked 
| 268|0x0000000090c00000, 0x0000000090c00000, 0x0000000090d00000|  0%| F|  |TAMS 0x0000000090c00000, 0x0000000090c00000| Untracked 
| 269|0x0000000090d00000, 0x0000000090d00000, 0x0000000090e00000|  0%| F|  |TAMS 0x0000000090d00000, 0x0000000090d00000| Untracked 
| 270|0x0000000090e00000, 0x0000000090e00000, 0x0000000090f00000|  0%| F|  |TAMS 0x0000000090e00000, 0x0000000090e00000| Untracked 
| 271|0x0000000090f00000, 0x0000000090f00000, 0x0000000091000000|  0%| F|  |TAMS 0x0000000090f00000, 0x0000000090f00000| Untracked 
| 272|0x0000000091000000, 0x0000000091000000, 0x0000000091100000|  0%| F|  |TAMS 0x0000000091000000, 0x0000000091000000| Untracked 
| 273|0x0000000091100000, 0x0000000091100000, 0x0000000091200000|  0%| F|  |TAMS 0x0000000091100000, 0x0000000091100000| Untracked 
| 274|0x0000000091200000, 0x0000000091200000, 0x0000000091300000|  0%| F|  |TAMS 0x0000000091200000, 0x0000000091200000| Untracked 
| 275|0x0000000091300000, 0x0000000091300000, 0x0000000091400000|  0%| F|  |TAMS 0x0000000091300000, 0x0000000091300000| Untracked 
| 276|0x0000000091400000, 0x0000000091400000, 0x0000000091500000|  0%| F|  |TAMS 0x0000000091400000, 0x0000000091400000| Untracked 
| 277|0x0000000091500000, 0x0000000091500000, 0x0000000091600000|  0%| F|  |TAMS 0x0000000091500000, 0x0000000091500000| Untracked 
| 278|0x0000000091600000, 0x0000000091600000, 0x0000000091700000|  0%| F|  |TAMS 0x0000000091600000, 0x0000000091600000| Untracked 
| 279|0x0000000091700000, 0x0000000091700000, 0x0000000091800000|  0%| F|  |TAMS 0x0000000091700000, 0x0000000091700000| Untracked 
| 280|0x0000000091800000, 0x0000000091800000, 0x0000000091900000|  0%| F|  |TAMS 0x0000000091800000, 0x0000000091800000| Untracked 
| 281|0x0000000091900000, 0x0000000091900000, 0x0000000091a00000|  0%| F|  |TAMS 0x0000000091900000, 0x0000000091900000| Untracked 
| 282|0x0000000091a00000, 0x0000000091a78d50, 0x0000000091b00000| 47%| E|  |TAMS 0x0000000091a00000, 0x0000000091a00000| Complete 
| 283|0x0000000091b00000, 0x0000000091c00000, 0x0000000091c00000|100%| E|CS|TAMS 0x0000000091b00000, 0x0000000091b00000| Complete 
| 284|0x0000000091c00000, 0x0000000091d00000, 0x0000000091d00000|100%| E|CS|TAMS 0x0000000091c00000, 0x0000000091c00000| Complete 
| 285|0x0000000091d00000, 0x0000000091e00000, 0x0000000091e00000|100%| E|CS|TAMS 0x0000000091d00000, 0x0000000091d00000| Complete 
| 286|0x0000000091e00000, 0x0000000091f00000, 0x0000000091f00000|100%| E|CS|TAMS 0x0000000091e00000, 0x0000000091e00000| Complete 
| 287|0x0000000091f00000, 0x0000000092000000, 0x0000000092000000|100%| E|CS|TAMS 0x0000000091f00000, 0x0000000091f00000| Complete 

Card table byte_map: [0x000001cb69670000,0x000001cb69a70000] _byte_map_base: 0x000001cb69270000

Marking Bits (Prev, Next): (CMBitMap*) 0x000001cb5630bfe0, (CMBitMap*) 0x000001cb5630bfa8
 Prev Bits: [0x000001cb6be70000, 0x000001cb6de70000)
 Next Bits: [0x000001cb69e70000, 0x000001cb6be70000)

Polling page: 0x000001cb54a60000

Metaspace:

Usage:
  Non-class:    123.21 MB capacity,   120.60 MB ( 98%) used,     2.20 MB (  2%) free+waste,   412.00 KB ( <1%) overhead. 
      Class:     18.05 MB capacity,    16.68 MB ( 92%) used,     1.19 MB (  7%) free+waste,   183.00 KB ( <1%) overhead. 
       Both:    141.26 MB capacity,   137.29 MB ( 97%) used,     3.39 MB (  2%) free+waste,   595.00 KB ( <1%) overhead. 

Virtual space:
  Non-class space:      124.00 MB reserved,     123.25 MB (>99%) committed 
      Class space:        1.00 GB reserved,      18.13 MB (  2%) committed 
             Both:        1.12 GB reserved,     141.38 MB ( 12%) committed 

Chunk freelists:
   Non-Class:  42.00 KB
       Class:  13.00 KB
        Both:  55.00 KB

MaxMetaspaceSize: 17179869184.00 GB
CompressedClassSpaceSize: 1.00 GB

CodeHeap 'non-profiled nmethods': size=120064Kb used=13226Kb max_used=13226Kb free=106837Kb
 bounds [0x000001cb61710000, 0x000001cb62400000, 0x000001cb68c50000]
CodeHeap 'profiled nmethods': size=120000Kb used=52749Kb max_used=52749Kb free=67250Kb
 bounds [0x000001cb5a1e0000, 0x000001cb5d580000, 0x000001cb61710000]
CodeHeap 'non-nmethods': size=5696Kb used=2369Kb max_used=2423Kb free=3326Kb
 bounds [0x000001cb59c50000, 0x000001cb59ec0000, 0x000001cb5a1e0000]
 total_blobs=23783 nmethods=22790 adapters=902
 compilation: enabled
              stopped_count=0, restarted_count=0
 full_count=0

Compilation events (20 events):
Event: 215.303 Thread 0x000001cb7048d000 24848       2       com.android.tools.r8.w.a.a.a.f.K$c::iterator (12 bytes)
Event: 215.303 Thread 0x000001cb7048d000 nmethod 24848 0x000001cb5d552910 code [0x000001cb5d552ac0, 0x000001cb5d552cd8]
Event: 215.303 Thread 0x000001cb7048d000 24843       2       java.util.stream.StreamSpliterators$WrappingSpliterator::tryAdvance (36 bytes)
Event: 215.304 Thread 0x000001cb7048d000 nmethod 24843 0x000001cb5d552e10 code [0x000001cb5d553000, 0x000001cb5d553278]
Event: 215.304 Thread 0x000001cb7048d000 24844       2       java.util.stream.StreamSpliterators$AbstractWrappingSpliterator::doAdvance (106 bytes)
Event: 215.305 Thread 0x000001cb7048d000 nmethod 24844 0x000001cb5d553410 code [0x000001cb5d553620, 0x000001cb5d553a08]
Event: 215.305 Thread 0x000001cb7048d000 24850       3       com.android.tools.r8.graph.n0::b (74 bytes)
Event: 215.306 Thread 0x000001cb7048d000 nmethod 24850 0x000001cb5d553c10 code [0x000001cb5d553ea0, 0x000001cb5d554e58]
Event: 215.314 Thread 0x000001cb7048d000 24851       2       com.android.tools.r8.graph.E0$b::<init> (48 bytes)
Event: 215.314 Thread 0x000001cb7048d000 nmethod 24851 0x000001cb5d555310 code [0x000001cb5d5554c0, 0x000001cb5d5556d8]
Event: 215.317 Thread 0x000001cb7048d000 24852       2       java.util.Map::getOrDefault (28 bytes)
Event: 215.317 Thread 0x000001cb7048d000 nmethod 24852 0x000001cb5d555790 code [0x000001cb5d555960, 0x000001cb5d555af8]
Event: 215.317 Thread 0x000001cb7048d000 24853       2       com.android.tools.r8.r.o.W::a (242 bytes)
Event: 215.321 Thread 0x000001cb7048d000 nmethod 24853 0x000001cb5d555c10 code [0x000001cb5d555fc0, 0x000001cb5d556d38]
Event: 215.321 Thread 0x000001cb7048d000 24856       1       com.android.tools.r8.v.b.v0::x1 (2 bytes)
Event: 215.321 Thread 0x000001cb7048d000 nmethod 24856 0x000001cb623fa590 code [0x000001cb623fa740, 0x000001cb623fa7f8]
Event: 215.321 Thread 0x000001cb7048d000 24854       2       com.android.tools.r8.r.o.w::a (20 bytes)
Event: 215.321 Thread 0x000001cb7048d000 nmethod 24854 0x000001cb5d557710 code [0x000001cb5d5578e0, 0x000001cb5d557a58]
Event: 215.321 Thread 0x000001cb7048d000 24855       2       com.android.tools.r8.r.o.W::a (44 bytes)
Event: 215.323 Thread 0x000001cb7048d000 nmethod 24855 0x000001cb5d557b90 code [0x000001cb5d557e00, 0x000001cb5d558868]

GC Heap History (20 events):
Event: 197.090 GC heap before
{Heap before GC invocations=113 (full 0):
 garbage-first heap   total 294912K, used 250830K [0x0000000080000000, 0x0000000100000000)
  region size 1024K, 42 young (43008K), 4 survivors (4096K)
 Metaspace       used 132288K, capacity 136045K, committed 136192K, reserved 1167360K
  class space    used 16063K, capacity 17366K, committed 17408K, reserved 1048576K
}
Event: 197.107 GC heap after
{Heap after GC invocations=114 (full 0):
 garbage-first heap   total 294912K, used 213449K [0x0000000080000000, 0x0000000100000000)
  region size 1024K, 5 young (5120K), 5 survivors (5120K)
 Metaspace       used 132288K, capacity 136045K, committed 136192K, reserved 1167360K
  class space    used 16063K, capacity 17366K, committed 17408K, reserved 1048576K
}
Event: 198.760 GC heap before
{Heap before GC invocations=114 (full 0):
 garbage-first heap   total 294912K, used 251337K [0x0000000080000000, 0x0000000100000000)
  region size 1024K, 42 young (43008K), 5 survivors (5120K)
 Metaspace       used 132478K, capacity 136303K, committed 136448K, reserved 1169408K
  class space    used 16064K, capacity 17366K, committed 17408K, reserved 1048576K
}
Event: 198.792 GC heap after
{Heap after GC invocations=115 (full 0):
 garbage-first heap   total 294912K, used 215040K [0x0000000080000000, 0x0000000100000000)
  region size 1024K, 3 young (3072K), 3 survivors (3072K)
 Metaspace       used 132478K, capacity 136303K, committed 136448K, reserved 1169408K
  class space    used 16064K, capacity 17366K, committed 17408K, reserved 1048576K
}
Event: 207.726 GC heap before
{Heap before GC invocations=115 (full 0):
 garbage-first heap   total 294912K, used 259072K [0x0000000080000000, 0x0000000100000000)
  region size 1024K, 41 young (41984K), 3 survivors (3072K)
 Metaspace       used 133030K, capacity 136885K, committed 137088K, reserved 1169408K
  class space    used 16129K, capacity 17422K, committed 17536K, reserved 1048576K
}
Event: 207.757 GC heap after
{Heap after GC invocations=116 (full 0):
 garbage-first heap   total 294912K, used 216988K [0x0000000080000000, 0x0000000100000000)
  region size 1024K, 5 young (5120K), 5 survivors (5120K)
 Metaspace       used 133030K, capacity 136885K, committed 137088K, reserved 1169408K
  class space    used 16129K, capacity 17422K, committed 17536K, reserved 1048576K
}
Event: 209.303 GC heap before
{Heap before GC invocations=116 (full 0):
 garbage-first heap   total 294912K, used 254876K [0x0000000080000000, 0x0000000100000000)
  region size 1024K, 43 young (44032K), 5 survivors (5120K)
 Metaspace       used 134229K, capacity 138101K, committed 138240K, reserved 1169408K
  class space    used 16275K, capacity 17591K, committed 17664K, reserved 1048576K
}
Event: 209.345 GC heap after
{Heap after GC invocations=117 (full 0):
 garbage-first heap   total 294912K, used 223776K [0x0000000080000000, 0x0000000100000000)
  region size 1024K, 6 young (6144K), 6 survivors (6144K)
 Metaspace       used 134229K, capacity 138101K, committed 138240K, reserved 1169408K
  class space    used 16275K, capacity 17591K, committed 17664K, reserved 1048576K
}
Event: 209.990 GC heap before
{Heap before GC invocations=117 (full 0):
 garbage-first heap   total 294912K, used 253472K [0x0000000080000000, 0x0000000100000000)
  region size 1024K, 36 young (36864K), 6 survivors (6144K)
 Metaspace       used 135125K, capacity 139035K, committed 139136K, reserved 1171456K
  class space    used 16402K, capacity 17727K, committed 17792K, reserved 1048576K
}
Event: 210.036 GC heap after
{Heap after GC invocations=118 (full 0):
 garbage-first heap   total 294912K, used 232448K [0x0000000080000000, 0x0000000100000000)
  region size 1024K, 5 young (5120K), 5 survivors (5120K)
 Metaspace       used 135125K, capacity 139035K, committed 139136K, reserved 1171456K
  class space    used 16402K, capacity 17727K, committed 17792K, reserved 1048576K
}
Event: 212.028 GC heap before
{Heap before GC invocations=118 (full 0):
 garbage-first heap   total 294912K, used 253952K [0x0000000080000000, 0x0000000100000000)
  region size 1024K, 26 young (26624K), 5 survivors (5120K)
 Metaspace       used 138223K, capacity 142308K, committed 142464K, reserved 1173504K
  class space    used 16869K, capacity 18253K, committed 18304K, reserved 1048576K
}
Event: 212.063 GC heap after
{Heap after GC invocations=119 (full 0):
 garbage-first heap   total 294912K, used 235751K [0x0000000080000000, 0x0000000100000000)
  region size 1024K, 3 young (3072K), 3 survivors (3072K)
 Metaspace       used 138223K, capacity 142308K, committed 142464K, reserved 1173504K
  class space    used 16869K, capacity 18253K, committed 18304K, reserved 1048576K
}
Event: 212.876 GC heap before
{Heap before GC invocations=119 (full 0):
 garbage-first heap   total 294912K, used 255207K [0x0000000080000000, 0x0000000100000000)
  region size 1024K, 22 young (22528K), 3 survivors (3072K)
 Metaspace       used 139552K, capacity 143728K, committed 144000K, reserved 1175552K
  class space    used 17017K, capacity 18443K, committed 18560K, reserved 1048576K
}
Event: 212.894 GC heap after
{Heap after GC invocations=120 (full 0):
 garbage-first heap   total 294912K, used 235912K [0x0000000080000000, 0x0000000100000000)
  region size 1024K, 1 young (1024K), 1 survivors (1024K)
 Metaspace       used 139552K, capacity 143728K, committed 144000K, reserved 1175552K
  class space    used 17017K, capacity 18443K, committed 18560K, reserved 1048576K
}
Event: 213.642 GC heap before
{Heap before GC invocations=120 (full 0):
 garbage-first heap   total 294912K, used 256392K [0x0000000080000000, 0x0000000100000000)
  region size 1024K, 21 young (21504K), 1 survivors (1024K)
 Metaspace       used 139813K, capacity 143933K, committed 144256K, reserved 1175552K
  class space    used 17045K, capacity 18444K, committed 18560K, reserved 1048576K
}
Event: 213.650 GC heap after
{Heap after GC invocations=121 (full 0):
 garbage-first heap   total 294912K, used 237354K [0x0000000080000000, 0x0000000100000000)
  region size 1024K, 2 young (2048K), 2 survivors (2048K)
 Metaspace       used 139813K, capacity 143933K, committed 144256K, reserved 1175552K
  class space    used 17045K, capacity 18444K, committed 18560K, reserved 1048576K
}
Event: 214.197 GC heap before
{Heap before GC invocations=121 (full 0):
 garbage-first heap   total 294912K, used 257834K [0x0000000080000000, 0x0000000100000000)
  region size 1024K, 22 young (22528K), 2 survivors (2048K)
 Metaspace       used 140133K, capacity 144228K, committed 144512K, reserved 1175552K
  class space    used 17071K, capacity 18478K, committed 18560K, reserved 1048576K
}
Event: 214.209 GC heap after
{Heap after GC invocations=122 (full 0):
 garbage-first heap   total 294912K, used 236451K [0x0000000080000000, 0x0000000100000000)
  region size 1024K, 1 young (1024K), 1 survivors (1024K)
 Metaspace       used 140133K, capacity 144228K, committed 144512K, reserved 1175552K
  class space    used 17071K, capacity 18478K, committed 18560K, reserved 1048576K
}
Event: 214.693 GC heap before
{Heap before GC invocations=122 (full 0):
 garbage-first heap   total 294912K, used 257955K [0x0000000080000000, 0x0000000100000000)
  region size 1024K, 22 young (22528K), 1 survivors (1024K)
 Metaspace       used 140372K, capacity 144511K, committed 144768K, reserved 1175552K
  class space    used 17078K, capacity 18483K, committed 18560K, reserved 1048576K
}
Event: 214.703 GC heap after
{Heap after GC invocations=123 (full 0):
 garbage-first heap   total 294912K, used 236852K [0x0000000080000000, 0x0000000100000000)
  region size 1024K, 1 young (1024K), 1 survivors (1024K)
 Metaspace       used 140372K, capacity 144511K, committed 144768K, reserved 1175552K
  class space    used 17078K, capacity 18483K, committed 18560K, reserved 1048576K
}

Deoptimization events (20 events):
Event: 214.292 Thread 0x000001cb79d94000 DEOPT PACKING pc=0x000001cb5ceff0d8 sp=0x000000463f3fbc60
Event: 214.292 Thread 0x000001cb79d94000 DEOPT UNPACKING pc=0x000001cb59c772ce sp=0x000000463f3fb588 mode 0
Event: 214.313 Thread 0x000001cb79d94000 DEOPT PACKING pc=0x000001cb5d0ae00a sp=0x000000463f3fc320
Event: 214.313 Thread 0x000001cb79d94000 DEOPT UNPACKING pc=0x000001cb59c772ce sp=0x000000463f3fbae8 mode 0
Event: 214.370 Thread 0x000001cb7a6ad800 Uncommon trap: trap_request=0x00000024 fr.pc=0x000001cb623752c8 relative=0x0000000000003cc8
Event: 214.370 Thread 0x000001cb7a6ad800 Uncommon trap: reason=unloaded action=reinterpret pc=0x000001cb623752c8 method=com.android.tools.r8.graph.a1$c.a()V @ 371 c2
Event: 214.370 Thread 0x000001cb7a6ad800 DEOPT PACKING pc=0x000001cb623752c8 sp=0x000000463edfb3e0
Event: 214.370 Thread 0x000001cb7a6ad800 DEOPT UNPACKING pc=0x000001cb59c774af sp=0x000000463edfb3c0 mode 2
Event: 214.551 Thread 0x000001cb7a6ae800 DEOPT PACKING pc=0x000001cb5d0a0c0f sp=0x000000463ebfcae0
Event: 214.551 Thread 0x000001cb7a6ae800 DEOPT UNPACKING pc=0x000001cb59c772ce sp=0x000000463ebfc088 mode 0
Event: 214.590 Thread 0x000001cb79d94000 DEOPT PACKING pc=0x000001cb5d0dc14c sp=0x000000463f3fc2f0
Event: 214.590 Thread 0x000001cb79d94000 DEOPT UNPACKING pc=0x000001cb59c772ce sp=0x000000463f3fb808 mode 0
Event: 214.669 Thread 0x000001cb79d94000 DEOPT PACKING pc=0x000001cb5cee39fb sp=0x000000463f3fbbd0
Event: 214.669 Thread 0x000001cb79d94000 DEOPT UNPACKING pc=0x000001cb59c772ce sp=0x000000463f3fb0a0 mode 0
Event: 215.266 Thread 0x000001cb79d94000 DEOPT PACKING pc=0x000001cb5d0f9436 sp=0x000000463f3fc8d0
Event: 215.266 Thread 0x000001cb79d94000 DEOPT UNPACKING pc=0x000001cb59c772ce sp=0x000000463f3fbdb8 mode 0
Event: 215.305 Thread 0x000001cb79d94000 DEOPT PACKING pc=0x000001cb5d0bc074 sp=0x000000463f3fccd0
Event: 215.305 Thread 0x000001cb79d94000 DEOPT UNPACKING pc=0x000001cb59c772ce sp=0x000000463f3fc1a0 mode 0
Event: 215.305 Thread 0x000001cb79d94000 DEOPT PACKING pc=0x000001cb5cee39da sp=0x000000463f3fbd20
Event: 215.305 Thread 0x000001cb79d94000 DEOPT UNPACKING pc=0x000001cb59c772ce sp=0x000000463f3fb1f8 mode 0

Classes redefined (0 events):
No events

Internal exceptions (20 events):
Event: 208.375 Thread 0x000001cb7a6a4800 Exception <a 'sun/nio/fs/WindowsException'{0x0000000090817f30}> (0x0000000090817f30) thrown at [./src/hotspot/share/prims/jni.cpp, line 615]
Event: 209.705 Thread 0x000001cb7a6ad800 Exception <a 'java/lang/NoSuchMethodError'{0x00000000907c01d0}: 'void java.lang.invoke.DirectMethodHandle$Holder.invokeStatic(java.lang.Object, java.lang.Object, java.lang.Object, int)'> (0x00000000907c01d0) thrown at [./src/hotspot/share/interpreter/linkResolver.cpp, line 773]
Event: 209.730 Thread 0x000001cb79d94000 Exception <a 'java/lang/NoSuchMethodError'{0x00000000907e8680}: 'void java.lang.invoke.DirectMethodHandle$Holder.invokeStatic(java.lang.Object, java.lang.Object, java.lang.Object, int)'> (0x00000000907e8680) thrown at [./src/hotspot/share/interpreter/linkResolver.cpp, line 773]
Event: 209.731 Thread 0x000001cb7a6a4800 Exception <a 'java/lang/NoSuchMethodError'{0x00000000907d5128}: 'void java.lang.invoke.DirectMethodHandle$Holder.invokeStatic(java.lang.Object, java.lang.Object, java.lang.Object, int)'> (0x00000000907d5128) thrown at [./src/hotspot/share/interpreter/linkResolver.cpp, line 773]
Event: 209.734 Thread 0x000001cb7a6ae800 Exception <a 'java/lang/IncompatibleClassChangeError'{0x000000009098d710}: Found class java.lang.Object, but interface was expected> (0x000000009098d710) thrown at [./src/hotspot/share/interpreter/linkResolver.cpp, line 839]
Event: 209.734 Thread 0x000001cb79d94000 Exception <a 'java/lang/IncompatibleClassChangeError'{0x0000000090600108}: Found class java.lang.Object, but interface was expected> (0x0000000090600108) thrown at [./src/hotspot/share/interpreter/linkResolver.cpp, line 839]
Event: 209.738 Thread 0x000001cb7a6ad800 Exception <a 'java/lang/IncompatibleClassChangeError'{0x00000000907c5650}: Found class java.lang.Object, but interface was expected> (0x00000000907c5650) thrown at [./src/hotspot/share/interpreter/linkResolver.cpp, line 839]
Event: 209.739 Thread 0x000001cb7a6a4800 Exception <a 'java/lang/IncompatibleClassChangeError'{0x00000000907f41c0}: Found class java.lang.Object, but interface was expected> (0x00000000907f41c0) thrown at [./src/hotspot/share/interpreter/linkResolver.cpp, line 839]
Event: 210.292 Thread 0x000001cb7a6ae800 Exception <a 'java/lang/NoSuchMethodError'{0x0000000091953180}: 'long java.lang.invoke.DirectMethodHandle$Holder.invokeStatic(java.lang.Object, java.lang.Object)'> (0x0000000091953180) thrown at [./src/hotspot/share/interpreter/linkResolver.cpp, line 773]
Event: 210.320 Thread 0x000001cb7a6ae800 Exception <a 'java/lang/NoSuchMethodError'{0x0000000091845238}: 'void java.lang.invoke.DirectMethodHandle$Holder.invokeSpecial(java.lang.Object, java.lang.Object, int, java.lang.Object)'> (0x0000000091845238) thrown at [./src/hotspot/share/interpreter/linkResolver.cpp, line 773]
Event: 210.320 Thread 0x000001cb7a6ad800 Exception <a 'java/lang/NoSuchMethodError'{0x0000000091868b30}: 'void java.lang.invoke.DirectMethodHandle$Holder.invokeSpecial(java.lang.Object, java.lang.Object, int, java.lang.Object)'> (0x0000000091868b30) thrown at [./src/hotspot/share/interpreter/linkResolver.cpp, line 773]
Event: 210.320 Thread 0x000001cb79d94000 Exception <a 'java/lang/NoSuchMethodError'{0x00000000918095e8}: 'void java.lang.invoke.DirectMethodHandle$Holder.invokeSpecial(java.lang.Object, java.lang.Object, int, java.lang.Object)'> (0x00000000918095e8) thrown at [./src/hotspot/share/interpreter/linkResolver.cpp, line 773]
Event: 210.320 Thread 0x000001cb7a6a4800 Exception <a 'java/lang/NoSuchMethodError'{0x000000009185d0c8}: 'void java.lang.invoke.DirectMethodHandle$Holder.invokeSpecial(java.lang.Object, java.lang.Object, int, java.lang.Object)'> (0x000000009185d0c8) thrown at [./src/hotspot/share/interpreter/linkResolver.cpp, line 773]
Event: 210.653 Thread 0x000001cb7a6ae800 Exception <a 'java/lang/NoSuchMethodError'{0x0000000091575f70}: 'java.lang.Object java.lang.invoke.DirectMethodHandle$Holder.invokeVirtual(java.lang.Object, java.lang.Object, int, java.lang.Object)'> (0x0000000091575f70) thrown at [./src/hotspot/share/interpreter/linkResolver.cpp, line 773]
Event: 210.653 Thread 0x000001cb7a6a4800 Exception <a 'java/lang/NoSuchMethodError'{0x0000000091509298}: 'java.lang.Object java.lang.invoke.DirectMethodHandle$Holder.invokeVirtual(java.lang.Object, java.lang.Object, int, java.lang.Object)'> (0x0000000091509298) thrown at [./src/hotspot/share/interpreter/linkResolver.cpp, line 773]
Event: 210.653 Thread 0x000001cb79d94000 Exception <a 'java/lang/NoSuchMethodError'{0x000000009150c5b8}: 'java.lang.Object java.lang.invoke.DirectMethodHandle$Holder.invokeVirtual(java.lang.Object, java.lang.Object, int, java.lang.Object)'> (0x000000009150c5b8) thrown at [./src/hotspot/share/interpreter/linkResolver.cpp, line 773]
Event: 210.670 Thread 0x000001cb7a6ad800 Exception <a 'java/lang/NoSuchMethodError'{0x0000000091570638}: 'java.lang.Object java.lang.invoke.DirectMethodHandle$Holder.invokeVirtual(java.lang.Object, java.lang.Object, int, java.lang.Object)'> (0x0000000091570638) thrown at [./src/hotspot/share/interpreter/linkResolver.cpp, line 773]
Event: 211.221 Thread 0x000001cb79d94000 Exception <a 'java/lang/NoSuchMethodError'{0x000000009148eec8}: 'void java.lang.invoke.DirectMethodHandle$Holder.invokeVirtual(java.lang.Object, java.lang.Object, int, java.lang.Object)'> (0x000000009148eec8) thrown at [./src/hotspot/share/interpreter/linkResolver.cpp, line 773]
Event: 211.520 Thread 0x000001cb7a6ad800 Exception <a 'java/lang/NoSuchMethodError'{0x00000000912e2c08}: 'java.lang.Object java.lang.invoke.DirectMethodHandle$Holder.newInvokeSpecial(java.lang.Object, int)'> (0x00000000912e2c08) thrown at [./src/hotspot/share/interpreter/linkResolver.cpp, line 773]
Event: 212.536 Thread 0x000001cb7a6a4800 Exception <a 'java/lang/NoSuchMethodError'{0x00000000913d45f8}: 'java.lang.Object java.lang.invoke.DirectMethodHandle$Holder.invokeInterface(java.lang.Object, java.lang.Object, int)'> (0x00000000913d45f8) thrown at [./src/hotspot/share/interpreter/linkResolver.cpp, line 773]

Events (20 events):
Event: 214.217 loading class com/android/tools/r8/graph/n0
Event: 214.217 loading class com/android/tools/r8/graph/n0 done
Event: 214.247 loading class java/util/IdentityHashMap$ValueIterator
Event: 214.252 loading class java/util/IdentityHashMap$ValueIterator done
Event: 214.252 Executing VM operation: Deoptimize
Event: 214.276 Executing VM operation: Deoptimize done
Event: 214.438 loading class com/android/tools/r8/graph/f0
Event: 214.438 loading class com/android/tools/r8/graph/f0 done
Event: 214.438 loading class com/android/tools/r8/ir/optimize/f0
Event: 214.438 loading class com/android/tools/r8/ir/optimize/f0 done
Event: 214.438 loading class com/android/tools/r8/graph/f0
Event: 214.438 loading class com/android/tools/r8/graph/f0 done
Event: 214.624 Executing VM operation: ICBufferFull
Event: 214.639 Executing VM operation: ICBufferFull done
Event: 214.640 loading class com/android/tools/r8/code/z0
Event: 214.640 loading class com/android/tools/r8/code/z0 done
Event: 214.641 loading class com/android/tools/r8/code/y0
Event: 214.641 loading class com/android/tools/r8/code/y0 done
Event: 214.692 Executing VM operation: G1CollectForAllocation
Event: 214.703 Executing VM operation: G1CollectForAllocation done


Dynamic libraries:
0x00007ff758af0000 - 0x00007ff758afa000 	C:\Program Files\Android\Android Studio\jre\bin\java.exe
0x00007ffa14370000 - 0x00007ffa14565000 	C:\WINDOWS\SYSTEM32\ntdll.dll
0x00007ffa12c70000 - 0x00007ffa12d2d000 	C:\WINDOWS\System32\KERNEL32.DLL
0x00007ffa11b40000 - 0x00007ffa11e08000 	C:\WINDOWS\System32\KERNELBASE.dll
0x00007ffa12130000 - 0x00007ffa12230000 	C:\WINDOWS\System32\ucrtbase.dll
0x00007ffa0c500000 - 0x00007ffa0c519000 	C:\Program Files\Android\Android Studio\jre\bin\jli.dll
0x00007ffa0b210000 - 0x00007ffa0b227000 	C:\Program Files\Android\Android Studio\jre\bin\VCRUNTIME140.dll
0x00007ffa124a0000 - 0x00007ffa12640000 	C:\WINDOWS\System32\USER32.dll
0x00007ffa12100000 - 0x00007ffa12122000 	C:\WINDOWS\System32\win32u.dll
0x00007ffa14250000 - 0x00007ffa1427a000 	C:\WINDOWS\System32\GDI32.dll
0x00007ffa12230000 - 0x00007ffa1233b000 	C:\WINDOWS\System32\gdi32full.dll
0x00007ffa12340000 - 0x00007ffa123dd000 	C:\WINDOWS\System32\msvcp_win.dll
0x00007ffa04bd0000 - 0x00007ffa04e6a000 	C:\WINDOWS\WinSxS\amd64_microsoft.windows.common-controls_6595b64144ccf1df_6.0.19041.1052_none_60b8f8fd71f5e8cb\COMCTL32.dll
0x00007ffa12bd0000 - 0x00007ffa12c6e000 	C:\WINDOWS\System32\msvcrt.dll
0x00007ffa12b20000 - 0x00007ffa12b50000 	C:\WINDOWS\System32\IMM32.DLL
0x00007ff9f5730000 - 0x00007ff9f57cd000 	C:\Program Files\Android\Android Studio\jre\bin\msvcp140.dll
0x00007ff9de7c0000 - 0x00007ff9df27c000 	C:\Program Files\Android\Android Studio\jre\bin\server\jvm.dll
0x00007ffa14280000 - 0x00007ffa1432c000 	C:\WINDOWS\System32\ADVAPI32.dll
0x00007ffa12700000 - 0x00007ffa1279b000 	C:\WINDOWS\System32\sechost.dll
0x00007ffa13f70000 - 0x00007ffa1409b000 	C:\WINDOWS\System32\RPCRT4.dll
0x00007ffa13f60000 - 0x00007ffa13f68000 	C:\WINDOWS\System32\PSAPI.DLL
0x00007ffa0d810000 - 0x00007ffa0d819000 	C:\WINDOWS\SYSTEM32\WSOCK32.dll
0x00007ffa12df0000 - 0x00007ffa12e5b000 	C:\WINDOWS\System32\WS2_32.dll
0x00007ffa05950000 - 0x00007ffa05977000 	C:\WINDOWS\SYSTEM32\WINMM.dll
0x00007ffa06090000 - 0x00007ffa0609a000 	C:\WINDOWS\SYSTEM32\VERSION.dll
0x00007ffa0fa00000 - 0x00007ffa0fa12000 	C:\WINDOWS\SYSTEM32\kernel.appcore.dll
0x00007ffa0cba0000 - 0x00007ffa0cbb1000 	C:\Program Files\Android\Android Studio\jre\bin\verify.dll
0x00007ffa03bc0000 - 0x00007ffa03da4000 	C:\WINDOWS\SYSTEM32\DBGHELP.DLL
0x00007ff9fadc0000 - 0x00007ff9fadec000 	C:\WINDOWS\SYSTEM32\dbgcore.DLL
0x00007ffa11ab0000 - 0x00007ffa11b33000 	C:\WINDOWS\System32\bcryptPrimitives.dll
0x00007ffa0cb70000 - 0x00007ffa0cb99000 	C:\Program Files\Android\Android Studio\jre\bin\java.dll
0x00007ffa0d800000 - 0x00007ffa0d80b000 	C:\Program Files\Android\Android Studio\jre\bin\jimage.dll
0x00007ffa0af20000 - 0x00007ffa0af38000 	C:\Program Files\Android\Android Studio\jre\bin\zip.dll
0x00007ffa13620000 - 0x00007ffa13d5f000 	C:\WINDOWS\System32\SHELL32.dll
0x00007ffa0fc00000 - 0x00007ffa10390000 	C:\WINDOWS\SYSTEM32\windows.storage.dll
0x00007ffa127c0000 - 0x00007ffa12b15000 	C:\WINDOWS\System32\combase.dll
0x00007ffa11450000 - 0x00007ffa1147c000 	C:\WINDOWS\SYSTEM32\Wldp.dll
0x00007ffa132e0000 - 0x00007ffa1338e000 	C:\WINDOWS\System32\SHCORE.dll
0x00007ffa126a0000 - 0x00007ffa126f5000 	C:\WINDOWS\System32\shlwapi.dll
0x00007ffa119f0000 - 0x00007ffa11a0f000 	C:\WINDOWS\SYSTEM32\profapi.dll
0x00007ffa03220000 - 0x00007ffa0323a000 	C:\Program Files\Android\Android Studio\jre\bin\net.dll
0x00007ffa064e0000 - 0x00007ffa065eb000 	C:\WINDOWS\SYSTEM32\WINHTTP.dll
0x00007ffa111c0000 - 0x00007ffa1122a000 	C:\WINDOWS\system32\mswsock.dll
0x00007ffa01e50000 - 0x00007ffa01e64000 	C:\Program Files\Android\Android Studio\jre\bin\nio.dll
0x00007ffa0c680000 - 0x00007ffa0c6a7000 	C:\Users\Admin\.gradle\native\fdc75f09e3144964f2cf3f50f0aa648679c211496f362492102eb8c894070792\windows-amd64\native-platform.dll
0x00007ff9e2c90000 - 0x00007ff9e2e26000 	C:\Users\Admin\.gradle\native\12488b8bf47d2d4c9fbf2f6322a914ad602e24e48041cd04a747c6da556b65c4\windows-amd64\native-platform-file-events.dll
0x00007ffa0d690000 - 0x00007ffa0d69a000 	C:\Program Files\Android\Android Studio\jre\bin\management.dll
0x00007ffa0d5b0000 - 0x00007ffa0d5bc000 	C:\Program Files\Android\Android Studio\jre\bin\management_ext.dll
0x00007ffa11390000 - 0x00007ffa113a8000 	C:\WINDOWS\SYSTEM32\CRYPTSP.dll
0x00007ffa10b60000 - 0x00007ffa10b94000 	C:\WINDOWS\system32\rsaenh.dll
0x00007ffa11e10000 - 0x00007ffa11e37000 	C:\WINDOWS\System32\bcrypt.dll
0x00007ffa11970000 - 0x00007ffa1199e000 	C:\WINDOWS\SYSTEM32\USERENV.dll
0x00007ffa113b0000 - 0x00007ffa113bc000 	C:\WINDOWS\SYSTEM32\CRYPTBASE.dll
0x00007ffa10eb0000 - 0x00007ffa10eeb000 	C:\WINDOWS\SYSTEM32\IPHLPAPI.DLL
0x00007ffa12de0000 - 0x00007ffa12de8000 	C:\WINDOWS\System32\NSI.dll
0x00007ffa08a30000 - 0x00007ffa08a47000 	C:\WINDOWS\SYSTEM32\dhcpcsvc6.DLL
0x00007ffa089f0000 - 0x00007ffa08a0d000 	C:\WINDOWS\SYSTEM32\dhcpcsvc.DLL
0x00007ffa10ef0000 - 0x00007ffa10fbc000 	C:\WINDOWS\SYSTEM32\DNSAPI.dll
0x00007ffa0a9d0000 - 0x00007ffa0a9db000 	C:\WINDOWS\SYSTEM32\WINNSI.DLL
0x00007ffa00b60000 - 0x00007ffa00b87000 	C:\Program Files\Android\Android Studio\jre\bin\sunec.dll
0x00007ff9f9e20000 - 0x00007ff9f9e37000 	C:\WINDOWS\system32\napinsp.dll
0x00007ff9f9e00000 - 0x00007ff9f9e1b000 	C:\WINDOWS\system32\pnrpnsp.dll
0x00007ff9f9de0000 - 0x00007ff9f9df5000 	C:\WINDOWS\system32\wshbth.dll
0x00007ffa0d560000 - 0x00007ffa0d57d000 	C:\WINDOWS\system32\NLAapi.dll
0x00007ff9f98b0000 - 0x00007ff9f98c2000 	C:\WINDOWS\System32\winrnr.dll
0x00007ffa06220000 - 0x00007ffa0622a000 	C:\Windows\System32\rasadhlp.dll
0x00007ffa06120000 - 0x00007ffa0619f000 	C:\WINDOWS\System32\fwpuclnt.dll

dbghelp: loaded successfully - version: 4.0.5 - missing functions: none
symbol engine: initialized successfully - sym options: 0x614 - pdb path: .;C:\Program Files\Android\Android Studio\jre\bin;C:\WINDOWS\SYSTEM32;C:\WINDOWS\WinSxS\amd64_microsoft.windows.common-controls_6595b64144ccf1df_6.0.19041.1052_none_60b8f8fd71f5e8cb;C:\Program Files\Android\Android Studio\jre\bin\server;C:\Users\Admin\.gradle\native\fdc75f09e3144964f2cf3f50f0aa648679c211496f362492102eb8c894070792\windows-amd64;C:\Users\Admin\.gradle\native\12488b8bf47d2d4c9fbf2f6322a914ad602e24e48041cd04a747c6da556b65c4\windows-amd64

VM Arguments:
jvm_args: --add-opens=java.base/java.util=ALL-UNNAMED --add-opens=java.base/java.lang=ALL-UNNAMED --add-opens=java.base/java.lang.invoke=ALL-UNNAMED --add-opens=java.prefs/java.util.prefs=ALL-UNNAMED -Xmx2048m -Dfile.encoding=UTF-8 -Duser.country=US -Duser.language=en -Duser.variant 
java_command: org.gradle.launcher.daemon.bootstrap.GradleDaemon 6.7.1
java_class_path (initial): C:\Users\Admin\.gradle\wrapper\dists\gradle-6.7.1-all\2moa8rlfac5eqlcfgk98k0deb\gradle-6.7.1\lib\gradle-launcher-6.7.1.jar
Launcher Type: SUN_STANDARD

[Global flags]
     intx CICompilerCount                          = 3                                         {product} {ergonomic}
     uint ConcGCThreads                            = 1                                         {product} {ergonomic}
     uint G1ConcRefinementThreads                  = 4                                         {product} {ergonomic}
   size_t G1HeapRegionSize                         = 1048576                                   {product} {ergonomic}
    uintx GCDrainStackTargetSize                   = 64                                        {product} {ergonomic}
   size_t InitialHeapSize                          = 67108864                                  {product} {ergonomic}
   size_t MarkStackSize                            = 4194304                                   {product} {ergonomic}
   size_t MaxHeapSize                              = 2147483648                                {product} {command line}
   size_t MaxNewSize                               = 1287651328                                {product} {ergonomic}
   size_t MinHeapDeltaBytes                        = 1048576                                   {product} {ergonomic}
    uintx NonNMethodCodeHeapSize                   = 5830732                                {pd product} {ergonomic}
    uintx NonProfiledCodeHeapSize                  = 122913754                              {pd product} {ergonomic}
    uintx ProfiledCodeHeapSize                     = 122913754                              {pd product} {ergonomic}
    uintx ReservedCodeCacheSize                    = 251658240                              {pd product} {ergonomic}
     bool SegmentedCodeCache                       = true                                      {product} {ergonomic}
     bool UseCompressedClassPointers               = true                                 {lp64_product} {ergonomic}
     bool UseCompressedOops                        = true                                 {lp64_product} {ergonomic}
     bool UseG1GC                                  = true                                      {product} {ergonomic}
     bool UseLargePagesIndividualAllocation        = false                                  {pd product} {ergonomic}

Logging:
Log output configuration:
 #0: stdout all=warning uptime,level,tags
 #1: stderr all=off uptime,level,tags

Environment Variables:
PATH=C:\Program Files\Common Files\Oracle\Java\javapath;C:\WINDOWS\system32;C:\WINDOWS;C:\WINDOWS\System32\Wbem;C:\WINDOWS\System32\WindowsPowerShell\v1.0\;C:\WINDOWS\System32\OpenSSH\;C:\Program Files\Java\jdk-15.0.1\bin;C:\Program Files\Microsoft SQL Server\130\Tools\Binn\;C:\Program Files\Git\cmd;C:\Program Files\Microsoft SQL Server\110\Tools\Binn\;C:\Program Files (x86)\Microsoft SQL Server\110\Tools\Binn\ManagementStudio\;C:\Program Files (x86)\Microsoft SQL Server\110\Tools\Binn\;C:\Program Files (x86)\Microsoft Visual Studio 10.0\Common7\IDE\PrivateAssemblies\;C:\Program Files (x86)\Microsoft SQL Server\110\DTS\Binn\;C:\Program Files\Microsoft SQL Server\110\DTS\Binn\;D:\NodeJs\;D:\apache-maven-3.6.0\bin;C:\Users\Admin\AppData\Local\Programs\Python\Python39\Scripts\;C:\Users\Admin\AppData\Local\Programs\Python\Python39\;C:\Users\Admin\AppData\Local\Microsoft\WindowsApps;C:\Users\Admin\AppData\Local\Programs\Microsoft VS Code\bin;C:\Users\Admin\AppData\Roaming\npm;
USERNAME=Admin
OS=Windows_NT
PROCESSOR_IDENTIFIER=Intel64 Family 6 Model 61 Stepping 4, GenuineIntel



---------------  S Y S T E M  ---------------

OS: Windows 10 , 64 bit Build 19041 (10.0.19041.1023)
OS uptime: 23 days 23:33 hours

CPU:total 4 (initial active 4) (2 cores per cpu, 2 threads per core) family 6 model 61 stepping 4, cmov, cx8, fxsr, mmx, sse, sse2, sse3, ssse3, sse4.1, sse4.2, popcnt, avx, avx2, aes, clmul, erms, 3dnowpref, lzcnt, ht, tsc, tscinvbit, bmi1, bmi2, adx, fma

Memory: 4k page, system-wide physical 4005M (242M free)
TotalPageFile size 15839M (AvailPageFile size 8M)
current process WorkingSet (physical memory assigned to process): 344M, peak: 440M
current process commit charge ("private bytes"): 678M, peak: 680M

vm_info: OpenJDK 64-Bit Server VM (11.0.8+10-b944.6842174) for windows-amd64 JRE (11.0.8+10-b944.6842174), built on Sep 19 2020 01:11:42 by "builder" with MS VC++ 14.0 (VS2015)

END.
