#
# There is insufficient memory for the Java Runtime Environment to continue.
# Native memory allocation (malloc) failed to allocate 32744 bytes for ChunkPool::allocate
# Possible reasons:
#   The system is out of physical RAM or swap space
#   The process is running with CompressedOops enabled, and the Java Heap may be blocking the growth of the native heap
# Possible solutions:
#   Reduce memory load on the system
#   Increase physical memory or swap space
#   Check if swap backing store is full
#   Decrease Java heap size (-Xmx/-Xms)
#   Decrease number of Java threads
#   Decrease Java thread stack sizes (-Xss)
#   Set larger code cache with -XX:ReservedCodeCacheSize=
#   JVM is running with Unscaled Compressed Oops mode in which the Java heap is
#     placed in the first 4GB address space. The Java Heap base address is the
#     maximum limit for the native heap growth. Please use -XX:HeapBaseMinAddress
#     to set the Java Heap base and to place the Java Heap above 4GB virtual address.
# This output file may be truncated or incomplete.
#
#  Out of Memory Error (./src/hotspot/share/memory/arena.cpp:81), pid=8364, tid=12212
#
# JRE version: OpenJDK Runtime Environment (11.0.8+10) (build 11.0.8+10-b944.6842174)
# Java VM: OpenJDK 64-Bit Server VM (11.0.8+10-b944.6842174, mixed mode, tiered, compressed oops, g1 gc, windows-amd64)
# No core dump will be written. Minidumps are not enabled by default on client versions of Windows
#

---------------  S U M M A R Y ------------

Command Line: --add-opens=java.base/java.util=ALL-UNNAMED --add-opens=java.base/java.lang=ALL-UNNAMED --add-opens=java.base/java.lang.invoke=ALL-UNNAMED --add-opens=java.prefs/java.util.prefs=ALL-UNNAMED -Xmx2048m -Dfile.encoding=UTF-8 -Duser.country=US -Duser.language=en -Duser.variant org.gradle.launcher.daemon.bootstrap.GradleDaemon 6.7.1

Host: Intel(R) Core(TM) i3-5005U CPU @ 2.00GHz, 4 cores, 3G,  Windows 10 , 64 bit Build 19041 (10.0.19041.1023)
Time: Thu Jul  8 22:21:12 2021 SE Asia Standard Time elapsed time: 40 seconds (0d 0h 0m 40s)

---------------  T H R E A D  ---------------

Current thread (0x000002729dee7000):  JavaThread "C2 CompilerThread0" daemon [_thread_in_native, id=12212, stack(0x000000ffa6a00000,0x000000ffa6b00000)]


Current CompileTask:
C2:  40834 10215 %     4       com.google.gson.stream.JsonWriter::string @ 37 (169 bytes)

Stack: [0x000000ffa6a00000,0x000000ffa6b00000]
Native frames: (J=compiled Java code, j=interpreted, Vv=VM code, C=native code)
V  [jvm.dll+0x5de50a]
V  [jvm.dll+0x7122f5]
V  [jvm.dll+0x71384d]
V  [jvm.dll+0x713f03]
V  [jvm.dll+0x23e728]
V  [jvm.dll+0xb8beb]
V  [jvm.dll+0xb8e9c]
V  [jvm.dll+0x35562c]
V  [jvm.dll+0x4e69ae]
V  [jvm.dll+0x4e5dc3]
V  [jvm.dll+0x4e6596]
V  [jvm.dll+0x193ed1]
V  [jvm.dll+0x1f780e]
V  [jvm.dll+0x1f68d4]
V  [jvm.dll+0x17f32c]
V  [jvm.dll+0x205047]
V  [jvm.dll+0x203891]
V  [jvm.dll+0x6dad3f]
V  [jvm.dll+0x6d3895]
V  [jvm.dll+0x5dd4a6]
C  [ucrtbase.dll+0x21bb2]
C  [KERNEL32.DLL+0x17034]
C  [ntdll.dll+0x52651]


---------------  P R O C E S S  ---------------

Threads class SMR info:
_java_thread_list=0x00000272a498b330, length=142, elements={
0x0000027281baa800, 0x000002729d55f000, 0x000002729d561000, 0x000002729dee2800,
0x000002729dee3800, 0x000002729dee7000, 0x000002729d5ba800, 0x000002729d5be000,
0x000002729e021800, 0x000002729e05a800, 0x000002729fd8b800, 0x000002729fdd4800,
0x00000272a035a000, 0x000002729f4ad000, 0x00000272a05cd800, 0x000002729f233000,
0x000002729f566800, 0x000002729f567000, 0x000002729fe0b800, 0x000002729e528000,
0x000002729fa40000, 0x000002729fa44000, 0x000002729fa41800, 0x000002729fa42800,
0x000002729fa3f000, 0x000002729fa45800, 0x000002729fa43000, 0x000002729fa44800,
0x000002729fa40800, 0x00000272a4653800, 0x00000272a4652800, 0x00000272a4655800,
0x00000272a4654000, 0x00000272a4650000, 0x00000272a4656800, 0x00000272a4651800,
0x00000272a4651000, 0x00000272a4659000, 0x00000272a465a000, 0x00000272a465c800,
0x00000272a465d000, 0x00000272a4658000, 0x00000272a465a800, 0x00000272a4657800,
0x00000272a465b800, 0x00000272a465e000, 0x00000272a465e800, 0x00000272a0223800,
0x00000272a0225000, 0x00000272a0226000, 0x00000272a0227800, 0x00000272a0228800,
0x00000272a022a000, 0x00000272a0229000, 0x00000272a0224800, 0x00000272a022b000,
0x00000272a022c800, 0x00000272a0226800, 0x00000272a0231800, 0x00000272a022f800,
0x00000272a022b800, 0x00000272a022e000, 0x00000272a022f000, 0x00000272a0232000,
0x00000272a022d800, 0x00000272a0230800, 0x00000272a0552800, 0x00000272a0555000,
0x00000272a0551000, 0x00000272a0556000, 0x00000272a0553800, 0x00000272a0552000,
0x00000272a0554800, 0x00000272a0550800, 0x00000272a0558800, 0x00000272a055b000,
0x00000272a055a000, 0x00000272a055b800, 0x00000272a0557000, 0x00000272a0559000,
0x00000272a055c800, 0x00000272a055d800, 0x00000272a0557800, 0x00000272a055e000,
0x00000272a055f000, 0x000002729f958800, 0x000002729f959800, 0x000002729f95e000,
0x000002729f95a000, 0x000002729f960800, 0x000002729f95d800, 0x000002729f95c000,
0x000002729f95f000, 0x000002729f960000, 0x000002729f95b000, 0x000002729f95c800,
0x000002729f961800, 0x000002729f966800, 0x000002729f967000, 0x000002729f963000,
0x000002729f964000, 0x000002729f965000, 0x000002729f962800, 0x000002729f965800,
0x00000272a2295800, 0x00000272a2298000, 0x00000272a229c000, 0x00000272a2296800,
0x00000272a229b000, 0x00000272a2298800, 0x00000272a229d000, 0x00000272a2297000,
0x00000272a229d800, 0x00000272a229e800, 0x00000272a229f800, 0x00000272a2299800,
0x00000272a229a800, 0x00000272a22a3800, 0x00000272a22a0000, 0x00000272a22a4000,
0x00000272a22a2800, 0x00000272a22a1000, 0x00000272a22a1800, 0x00000272a0314000,
0x00000272a0310800, 0x00000272a0312000, 0x00000272a0315800, 0x00000272a0317000,
0x00000272a0313000, 0x00000272a0314800, 0x00000272a0311800, 0x00000272a031b000,
0x00000272a0316800, 0x00000272a031a800, 0x00000272a031c000, 0x00000272a0319800,
0x00000272a031d000, 0x00000272a031d800, 0x00000272a0318000, 0x00000272a031e800,
0x00000272a031f000, 0x00000272a8f59800
}

Java Threads: ( => current thread )
  0x0000027281baa800 JavaThread "main" [_thread_blocked, id=5948, stack(0x000000ffa5f00000,0x000000ffa6000000)]
  0x000002729d55f000 JavaThread "Reference Handler" daemon [_thread_blocked, id=1176, stack(0x000000ffa6600000,0x000000ffa6700000)]
  0x000002729d561000 JavaThread "Finalizer" daemon [_thread_blocked, id=15200, stack(0x000000ffa6700000,0x000000ffa6800000)]
  0x000002729dee2800 JavaThread "Signal Dispatcher" daemon [_thread_blocked, id=7900, stack(0x000000ffa6800000,0x000000ffa6900000)]
  0x000002729dee3800 JavaThread "Attach Listener" daemon [_thread_blocked, id=7832, stack(0x000000ffa6900000,0x000000ffa6a00000)]
=>0x000002729dee7000 JavaThread "C2 CompilerThread0" daemon [_thread_in_native, id=12212, stack(0x000000ffa6a00000,0x000000ffa6b00000)]
  0x000002729d5ba800 JavaThread "C1 CompilerThread0" daemon [_thread_blocked, id=4492, stack(0x000000ffa6b00000,0x000000ffa6c00000)]
  0x000002729d5be000 JavaThread "Sweeper thread" daemon [_thread_blocked, id=13304, stack(0x000000ffa6c00000,0x000000ffa6d00000)]
  0x000002729e021800 JavaThread "Common-Cleaner" daemon [_thread_blocked, id=12688, stack(0x000000ffa6d00000,0x000000ffa6e00000)]
  0x000002729e05a800 JavaThread "Service Thread" daemon [_thread_blocked, id=10424, stack(0x000000ffa6e00000,0x000000ffa6f00000)]
  0x000002729fd8b800 JavaThread "Daemon health stats" [_thread_blocked, id=7728, stack(0x000000ffa7200000,0x000000ffa7300000)]
  0x000002729fdd4800 JavaThread "Incoming local TCP Connector on port 54183" [_thread_in_native, id=4044, stack(0x000000ffa7400000,0x000000ffa7500000)]
  0x00000272a035a000 JavaThread "Daemon periodic checks" [_thread_blocked, id=14860, stack(0x000000ffa7700000,0x000000ffa7800000)]
  0x000002729f4ad000 JavaThread "Daemon" [_thread_blocked, id=9232, stack(0x000000ffa7800000,0x000000ffa7900000)]
  0x00000272a05cd800 JavaThread "Handler for socket connection from /127.0.0.1:54183 to /127.0.0.1:54184" [_thread_in_native, id=14352, stack(0x000000ffa7900000,0x000000ffa7a00000)]
  0x000002729f233000 JavaThread "Cancel handler" [_thread_blocked, id=3004, stack(0x000000ffa7a00000,0x000000ffa7b00000)]
  0x000002729f566800 JavaThread "Daemon worker" [_thread_in_vm, id=15320, stack(0x000000ffa7b00000,0x000000ffa7c00000)]
  0x000002729f567000 JavaThread "Asynchronous log dispatcher for DefaultDaemonConnection: socket connection from /127.0.0.1:54183 to /127.0.0.1:54184" [_thread_blocked, id=7556, stack(0x000000ffa7c00000,0x000000ffa7d00000)]
  0x000002729fe0b800 JavaThread "Stdin handler" [_thread_blocked, id=8912, stack(0x000000ffa7d00000,0x000000ffa7e00000)]
  0x000002729e528000 JavaThread "Thread-8" [_thread_blocked, id=14368, stack(0x000000ffa7e00000,0x000000ffa7f00000)]
  0x000002729fa40000 JavaThread "Cache worker for file hash cache (C:\Users\Admin\.gradle\caches\6.7.1\fileHashes)" [_thread_blocked, id=14428, stack(0x000000ffa7f00000,0x000000ffa8000000)]
  0x000002729fa44000 JavaThread "File lock request listener" [_thread_in_native, id=10680, stack(0x000000ffa8000000,0x000000ffa8100000)]
  0x000002729fa41800 JavaThread "Cache worker for journal cache (C:\Users\Admin\.gradle\caches\journal-1)" [_thread_blocked, id=6852, stack(0x000000ffa8100000,0x000000ffa8200000)]
  0x000002729fa42800 JavaThread "Cache worker for file hash cache (D:\AndroidStudioProjects\Eat_Simple\.gradle\6.7.1\fileHashes)" [_thread_blocked, id=14296, stack(0x000000ffa8300000,0x000000ffa8400000)]
  0x000002729fa3f000 JavaThread "Cache worker for checksums cache (D:\AndroidStudioProjects\Eat_Simple\.gradle\checksums)" [_thread_blocked, id=2644, stack(0x000000ffa8400000,0x000000ffa8500000)]
  0x000002729fa45800 JavaThread "Cache worker for cache directory md-supplier (C:\Users\Admin\.gradle\caches\6.7.1\md-supplier)" [_thread_blocked, id=1876, stack(0x000000ffa8500000,0x000000ffa8600000)]
  0x000002729fa43000 JavaThread "Cache worker for cache directory md-rule (C:\Users\Admin\.gradle\caches\6.7.1\md-rule)" [_thread_blocked, id=12712, stack(0x000000ffa8600000,0x000000ffa8700000)]
  0x000002729fa44800 JavaThread "Cache worker for execution history cache (C:\Users\Admin\.gradle\caches\6.7.1\executionHistory)" [_thread_blocked, id=8504, stack(0x000000ffa8700000,0x000000ffa8800000)]
  0x000002729fa40800 JavaThread "jar transforms" [_thread_blocked, id=3980, stack(0x000000ffa8800000,0x000000ffa8900000)]
  0x00000272a4653800 JavaThread "Cache worker for file content cache (C:\Users\Admin\.gradle\caches\6.7.1\fileContent)" [_thread_blocked, id=13480, stack(0x000000ffa8900000,0x000000ffa8a00000)]
  0x00000272a4652800 JavaThread "Cache worker for Build Output Cleanup Cache (D:\AndroidStudioProjects\Eat_Simple\.gradle\buildOutputCleanup)" [_thread_blocked, id=692, stack(0x000000ffa8a00000,0x000000ffa8b00000)]
  0x00000272a4655800 JavaThread "Build operations" [_thread_blocked, id=8988, stack(0x000000ffa8b00000,0x000000ffa8c00000)]
  0x00000272a4654000 JavaThread "Build operations Thread 2" [_thread_blocked, id=3260, stack(0x000000ffa8c00000,0x000000ffa8d00000)]
  0x00000272a4650000 JavaThread "Build operations Thread 3" [_thread_blocked, id=8636, stack(0x000000ffa8d00000,0x000000ffa8e00000)]
  0x00000272a4656800 JavaThread "Build operations Thread 4" [_thread_blocked, id=11860, stack(0x000000ffa8e00000,0x000000ffa8f00000)]
  0x00000272a4651800 JavaThread "jar transforms Thread 2" [_thread_blocked, id=9676, stack(0x000000ffa8f00000,0x000000ffa9000000)]
  0x00000272a4651000 JavaThread "jar transforms Thread 3" [_thread_blocked, id=7764, stack(0x000000ffa9000000,0x000000ffa9100000)]
  0x00000272a4659000 JavaThread "jar transforms Thread 4" [_thread_blocked, id=1396, stack(0x000000ffa9100000,0x000000ffa9200000)]
  0x00000272a465a000 JavaThread "jar transforms Thread 5" [_thread_blocked, id=14680, stack(0x000000ffa9200000,0x000000ffa9300000)]
  0x00000272a465c800 JavaThread "jar transforms Thread 6" [_thread_blocked, id=8604, stack(0x000000ffa9300000,0x000000ffa9400000)]
  0x00000272a465d000 JavaThread "jar transforms Thread 7" [_thread_blocked, id=9176, stack(0x000000ffa9400000,0x000000ffa9500000)]
  0x00000272a4658000 JavaThread "jar transforms Thread 8" [_thread_blocked, id=2180, stack(0x000000ffa9500000,0x000000ffa9600000)]
  0x00000272a465a800 JavaThread "jar transforms Thread 9" [_thread_blocked, id=13452, stack(0x000000ffa9600000,0x000000ffa9700000)]
  0x00000272a4657800 JavaThread "jar transforms Thread 10" [_thread_blocked, id=5708, stack(0x000000ffa9700000,0x000000ffa9800000)]
  0x00000272a465b800 JavaThread "jar transforms Thread 11" [_thread_blocked, id=5260, stack(0x000000ffa9800000,0x000000ffa9900000)]
  0x00000272a465e000 JavaThread "jar transforms Thread 12" [_thread_blocked, id=14872, stack(0x000000ffa9900000,0x000000ffa9a00000)]
  0x00000272a465e800 JavaThread "jar transforms Thread 13" [_thread_blocked, id=4272, stack(0x000000ffa9a00000,0x000000ffa9b00000)]
  0x00000272a0223800 JavaThread "jar transforms Thread 14" [_thread_blocked, id=4668, stack(0x000000ffa9b00000,0x000000ffa9c00000)]
  0x00000272a0225000 JavaThread "jar transforms Thread 15" [_thread_blocked, id=12588, stack(0x000000ffa9c00000,0x000000ffa9d00000)]
  0x00000272a0226000 JavaThread "jar transforms Thread 16" [_thread_blocked, id=9916, stack(0x000000ffa9d00000,0x000000ffa9e00000)]
  0x00000272a0227800 JavaThread "jar transforms Thread 17" [_thread_blocked, id=1056, stack(0x000000ffa9e00000,0x000000ffa9f00000)]
  0x00000272a0228800 JavaThread "jar transforms Thread 18" [_thread_blocked, id=4664, stack(0x000000ffa9f00000,0x000000ffaa000000)]
  0x00000272a022a000 JavaThread "jar transforms Thread 19" [_thread_blocked, id=6436, stack(0x000000ffaa000000,0x000000ffaa100000)]
  0x00000272a0229000 JavaThread "jar transforms Thread 20" [_thread_blocked, id=9712, stack(0x000000ffaa100000,0x000000ffaa200000)]
  0x00000272a0224800 JavaThread "jar transforms Thread 21" [_thread_blocked, id=9836, stack(0x000000ffaa200000,0x000000ffaa300000)]
  0x00000272a022b000 JavaThread "jar transforms Thread 22" [_thread_blocked, id=2836, stack(0x000000ffaa300000,0x000000ffaa400000)]
  0x00000272a022c800 JavaThread "jar transforms Thread 23" [_thread_blocked, id=12208, stack(0x000000ffaa400000,0x000000ffaa500000)]
  0x00000272a0226800 JavaThread "jar transforms Thread 24" [_thread_blocked, id=14992, stack(0x000000ffaa500000,0x000000ffaa600000)]
  0x00000272a0231800 JavaThread "jar transforms Thread 25" [_thread_blocked, id=10936, stack(0x000000ffaa600000,0x000000ffaa700000)]
  0x00000272a022f800 JavaThread "jar transforms Thread 26" [_thread_blocked, id=12644, stack(0x000000ffaa700000,0x000000ffaa800000)]
  0x00000272a022b800 JavaThread "jar transforms Thread 27" [_thread_blocked, id=11728, stack(0x000000ffaa800000,0x000000ffaa900000)]
  0x00000272a022e000 JavaThread "jar transforms Thread 28" [_thread_blocked, id=9252, stack(0x000000ffaa900000,0x000000ffaaa00000)]
  0x00000272a022f000 JavaThread "jar transforms Thread 29" [_thread_blocked, id=12900, stack(0x000000ffaaa00000,0x000000ffaab00000)]
  0x00000272a0232000 JavaThread "jar transforms Thread 30" [_thread_blocked, id=6004, stack(0x000000ffaab00000,0x000000ffaac00000)]
  0x00000272a022d800 JavaThread "jar transforms Thread 31" [_thread_blocked, id=7448, stack(0x000000ffaac00000,0x000000ffaad00000)]
  0x00000272a0230800 JavaThread "jar transforms Thread 32" [_thread_blocked, id=15240, stack(0x000000ffaad00000,0x000000ffaae00000)]
  0x00000272a0552800 JavaThread "jar transforms Thread 33" [_thread_blocked, id=12000, stack(0x000000ffaae00000,0x000000ffaaf00000)]
  0x00000272a0555000 JavaThread "jar transforms Thread 34" [_thread_blocked, id=4300, stack(0x000000ffaaf00000,0x000000ffab000000)]
  0x00000272a0551000 JavaThread "jar transforms Thread 35" [_thread_blocked, id=4536, stack(0x000000ffab000000,0x000000ffab100000)]
  0x00000272a0556000 JavaThread "jar transforms Thread 36" [_thread_blocked, id=11648, stack(0x000000ffab100000,0x000000ffab200000)]
  0x00000272a0553800 JavaThread "jar transforms Thread 37" [_thread_blocked, id=11104, stack(0x000000ffab200000,0x000000ffab300000)]
  0x00000272a0552000 JavaThread "jar transforms Thread 38" [_thread_blocked, id=15076, stack(0x000000ffab300000,0x000000ffab400000)]
  0x00000272a0554800 JavaThread "jar transforms Thread 39" [_thread_blocked, id=5264, stack(0x000000ffab400000,0x000000ffab500000)]
  0x00000272a0550800 JavaThread "jar transforms Thread 40" [_thread_blocked, id=9356, stack(0x000000ffab500000,0x000000ffab600000)]
  0x00000272a0558800 JavaThread "jar transforms Thread 41" [_thread_blocked, id=2176, stack(0x000000ffab600000,0x000000ffab700000)]
  0x00000272a055b000 JavaThread "jar transforms Thread 42" [_thread_blocked, id=7880, stack(0x000000ffab700000,0x000000ffab800000)]
  0x00000272a055a000 JavaThread "jar transforms Thread 43" [_thread_blocked, id=15032, stack(0x000000ffab800000,0x000000ffab900000)]
  0x00000272a055b800 JavaThread "jar transforms Thread 44" [_thread_blocked, id=10132, stack(0x000000ffab900000,0x000000ffaba00000)]
  0x00000272a0557000 JavaThread "jar transforms Thread 45" [_thread_blocked, id=13708, stack(0x000000ffaba00000,0x000000ffabb00000)]
  0x00000272a0559000 JavaThread "jar transforms Thread 46" [_thread_blocked, id=14140, stack(0x000000ffabb00000,0x000000ffabc00000)]
  0x00000272a055c800 JavaThread "jar transforms Thread 47" [_thread_blocked, id=1788, stack(0x000000ffabc00000,0x000000ffabd00000)]
  0x00000272a055d800 JavaThread "jar transforms Thread 48" [_thread_blocked, id=7592, stack(0x000000ffabd00000,0x000000ffabe00000)]
  0x00000272a0557800 JavaThread "jar transforms Thread 49" [_thread_blocked, id=14932, stack(0x000000ffabe00000,0x000000ffabf00000)]
  0x00000272a055e000 JavaThread "jar transforms Thread 50" [_thread_blocked, id=3656, stack(0x000000ffabf00000,0x000000ffac000000)]
  0x00000272a055f000 JavaThread "jar transforms Thread 51" [_thread_blocked, id=7996, stack(0x000000ffac000000,0x000000ffac100000)]
  0x000002729f958800 JavaThread "jar transforms Thread 52" [_thread_blocked, id=7304, stack(0x000000ffac100000,0x000000ffac200000)]
  0x000002729f959800 JavaThread "jar transforms Thread 53" [_thread_blocked, id=6092, stack(0x000000ffac200000,0x000000ffac300000)]
  0x000002729f95e000 JavaThread "jar transforms Thread 54" [_thread_blocked, id=6512, stack(0x000000ffac300000,0x000000ffac400000)]
  0x000002729f95a000 JavaThread "jar transforms Thread 55" [_thread_blocked, id=8140, stack(0x000000ffac400000,0x000000ffac500000)]
  0x000002729f960800 JavaThread "jar transforms Thread 56" [_thread_blocked, id=10868, stack(0x000000ffac500000,0x000000ffac600000)]
  0x000002729f95d800 JavaThread "jar transforms Thread 57" [_thread_blocked, id=11756, stack(0x000000ffac600000,0x000000ffac700000)]
  0x000002729f95c000 JavaThread "jar transforms Thread 58" [_thread_blocked, id=11208, stack(0x000000ffac700000,0x000000ffac800000)]
  0x000002729f95f000 JavaThread "jar transforms Thread 59" [_thread_blocked, id=11100, stack(0x000000ffac800000,0x000000ffac900000)]
  0x000002729f960000 JavaThread "jar transforms Thread 60" [_thread_blocked, id=14656, stack(0x000000ffac900000,0x000000ffaca00000)]
  0x000002729f95b000 JavaThread "jar transforms Thread 61" [_thread_blocked, id=7296, stack(0x000000ffaca00000,0x000000ffacb00000)]
  0x000002729f95c800 JavaThread "jar transforms Thread 62" [_thread_blocked, id=6036, stack(0x000000ffacb00000,0x000000ffacc00000)]
  0x000002729f961800 JavaThread "jar transforms Thread 63" [_thread_blocked, id=11256, stack(0x000000ffacc00000,0x000000ffacd00000)]
  0x000002729f966800 JavaThread "jar transforms Thread 64" [_thread_blocked, id=14840, stack(0x000000ffacd00000,0x000000fface00000)]
  0x000002729f967000 JavaThread "jar transforms Thread 65" [_thread_blocked, id=7124, stack(0x000000fface00000,0x000000ffacf00000)]
  0x000002729f963000 JavaThread "jar transforms Thread 66" [_thread_blocked, id=3420, stack(0x000000ffacf00000,0x000000ffad000000)]
  0x000002729f964000 JavaThread "jar transforms Thread 67" [_thread_blocked, id=8552, stack(0x000000ffad000000,0x000000ffad100000)]
  0x000002729f965000 JavaThread "jar transforms Thread 68" [_thread_blocked, id=12980, stack(0x000000ffad100000,0x000000ffad200000)]
  0x000002729f962800 JavaThread "jar transforms Thread 69" [_thread_blocked, id=14676, stack(0x000000ffad200000,0x000000ffad300000)]
  0x000002729f965800 JavaThread "jar transforms Thread 70" [_thread_blocked, id=13068, stack(0x000000ffad300000,0x000000ffad400000)]
  0x00000272a2295800 JavaThread "jar transforms Thread 71" [_thread_blocked, id=2432, stack(0x000000ffad400000,0x000000ffad500000)]
  0x00000272a2298000 JavaThread "jar transforms Thread 72" [_thread_blocked, id=12708, stack(0x000000ffad500000,0x000000ffad600000)]
  0x00000272a229c000 JavaThread "jar transforms Thread 73" [_thread_blocked, id=4636, stack(0x000000ffad600000,0x000000ffad700000)]
  0x00000272a2296800 JavaThread "jar transforms Thread 74" [_thread_blocked, id=8284, stack(0x000000ffad700000,0x000000ffad800000)]
  0x00000272a229b000 JavaThread "jar transforms Thread 75" [_thread_blocked, id=11916, stack(0x000000ffad800000,0x000000ffad900000)]
  0x00000272a2298800 JavaThread "jar transforms Thread 76" [_thread_blocked, id=15008, stack(0x000000ffad900000,0x000000ffada00000)]
  0x00000272a229d000 JavaThread "jar transforms Thread 77" [_thread_blocked, id=11316, stack(0x000000ffada00000,0x000000ffadb00000)]
  0x00000272a2297000 JavaThread "jar transforms Thread 78" [_thread_blocked, id=12796, stack(0x000000ffadb00000,0x000000ffadc00000)]
  0x00000272a229d800 JavaThread "jar transforms Thread 79" [_thread_blocked, id=4608, stack(0x000000ffadc00000,0x000000ffadd00000)]
  0x00000272a229e800 JavaThread "jar transforms Thread 80" [_thread_blocked, id=11600, stack(0x000000ffadd00000,0x000000ffade00000)]
  0x00000272a229f800 JavaThread "jar transforms Thread 81" [_thread_blocked, id=9972, stack(0x000000ffade00000,0x000000ffadf00000)]
  0x00000272a2299800 JavaThread "jar transforms Thread 82" [_thread_blocked, id=2020, stack(0x000000ffadf00000,0x000000ffae000000)]
  0x00000272a229a800 JavaThread "jar transforms Thread 83" [_thread_blocked, id=11224, stack(0x000000ffae000000,0x000000ffae100000)]
  0x00000272a22a3800 JavaThread "jar transforms Thread 84" [_thread_blocked, id=4464, stack(0x000000ffae100000,0x000000ffae200000)]
  0x00000272a22a0000 JavaThread "jar transforms Thread 85" [_thread_blocked, id=7368, stack(0x000000ffae200000,0x000000ffae300000)]
  0x00000272a22a4000 JavaThread "jar transforms Thread 86" [_thread_blocked, id=1888, stack(0x000000ffae300000,0x000000ffae400000)]
  0x00000272a22a2800 JavaThread "jar transforms Thread 87" [_thread_blocked, id=10376, stack(0x000000ffae400000,0x000000ffae500000)]
  0x00000272a22a1000 JavaThread "jar transforms Thread 88" [_thread_blocked, id=15328, stack(0x000000ffae500000,0x000000ffae600000)]
  0x00000272a22a1800 JavaThread "jar transforms Thread 89" [_thread_blocked, id=6180, stack(0x000000ffae600000,0x000000ffae700000)]
  0x00000272a0314000 JavaThread "jar transforms Thread 90" [_thread_blocked, id=11308, stack(0x000000ffae700000,0x000000ffae800000)]
  0x00000272a0310800 JavaThread "jar transforms Thread 91" [_thread_blocked, id=14704, stack(0x000000ffae800000,0x000000ffae900000)]
  0x00000272a0312000 JavaThread "jar transforms Thread 92" [_thread_blocked, id=108, stack(0x000000ffae900000,0x000000ffaea00000)]
  0x00000272a0315800 JavaThread "jar transforms Thread 93" [_thread_blocked, id=10112, stack(0x000000ffaea00000,0x000000ffaeb00000)]
  0x00000272a0317000 JavaThread "jar transforms Thread 94" [_thread_blocked, id=11232, stack(0x000000ffaeb00000,0x000000ffaec00000)]
  0x00000272a0313000 JavaThread "jar transforms Thread 95" [_thread_blocked, id=11060, stack(0x000000ffaec00000,0x000000ffaed00000)]
  0x00000272a0314800 JavaThread "jar transforms Thread 96" [_thread_blocked, id=7636, stack(0x000000ffaed00000,0x000000ffaee00000)]
  0x00000272a0311800 JavaThread "jar transforms Thread 97" [_thread_blocked, id=13036, stack(0x000000ffaee00000,0x000000ffaef00000)]
  0x00000272a031b000 JavaThread "jar transforms Thread 98" [_thread_blocked, id=15288, stack(0x000000ffaef00000,0x000000ffaf000000)]
  0x00000272a0316800 JavaThread "jar transforms Thread 99" [_thread_blocked, id=880, stack(0x000000ffaf000000,0x000000ffaf100000)]
  0x00000272a031a800 JavaThread "Memory manager" [_thread_blocked, id=15128, stack(0x000000ffa8200000,0x000000ffa8300000)]
  0x00000272a031c000 JavaThread "build event listener" [_thread_blocked, id=528, stack(0x000000ffaf100000,0x000000ffaf200000)]
  0x00000272a0319800 JavaThread "build event listener" [_thread_blocked, id=4088, stack(0x000000ffaf200000,0x000000ffaf300000)]
  0x00000272a031d000 JavaThread "Execution worker for ':'" [_thread_blocked, id=4420, stack(0x000000ffaf300000,0x000000ffaf400000)]
  0x00000272a031d800 JavaThread "Execution worker for ':' Thread 2" [_thread_blocked, id=3048, stack(0x000000ffaf400000,0x000000ffaf500000)]
  0x00000272a0318000 JavaThread "Execution worker for ':' Thread 3" [_thread_blocked, id=10492, stack(0x000000ffaf500000,0x000000ffaf600000)]
  0x00000272a031e800 JavaThread "Cache worker for execution history cache (D:\AndroidStudioProjects\Eat_Simple\.gradle\6.7.1\executionHistory)" [_thread_blocked, id=13496, stack(0x000000ffaf600000,0x000000ffaf700000)]
  0x00000272a031f000 JavaThread "WorkerExecutor Queue" [_thread_in_vm, id=4428, stack(0x000000ffaf900000,0x000000ffafa00000)]
  0x00000272a8f59800 JavaThread "WorkerExecutor Queue Thread 2" [_thread_new, id=13532, stack(0x0000000000000000,0x0000000000000000)]

Other Threads:
  0x000002729d559000 VMThread "VM Thread" [stack: 0x000000ffa6500000,0x000000ffa6600000] [id=3496]
  0x000002729e05c800 WatcherThread [stack: 0x000000ffa6f00000,0x000000ffa7000000] [id=10348]
  0x0000027281bc3000 GCTaskThread "GC Thread#0" [stack: 0x000000ffa6000000,0x000000ffa6100000] [id=4892]
  0x000002729e7e6000 GCTaskThread "GC Thread#1" [stack: 0x000000ffa7000000,0x000000ffa7100000] [id=10904]
  0x000002729f946000 GCTaskThread "GC Thread#2" [stack: 0x000000ffa7500000,0x000000ffa7600000] [id=8980]
  0x000002729f5a6000 GCTaskThread "GC Thread#3" [stack: 0x000000ffa7600000,0x000000ffa7700000] [id=15260]
  0x0000027281bf4000 ConcurrentGCThread "G1 Main Marker" [stack: 0x000000ffa6100000,0x000000ffa6200000] [id=11320]
  0x0000027281bf6000 ConcurrentGCThread "G1 Conc#0" [stack: 0x000000ffa6200000,0x000000ffa6300000] [id=14612]
  0x0000027281c4f000 ConcurrentGCThread "G1 Refine#0" [stack: 0x000000ffa6300000,0x000000ffa6400000] [id=5144]
  0x00000272a2905800 ConcurrentGCThread "G1 Refine#1" [stack: 0x000000ffaf800000,0x000000ffaf900000] [id=15216]
  0x0000027281c50000 ConcurrentGCThread "G1 Young RemSet Sampling" [stack: 0x000000ffa6400000,0x000000ffa6500000] [id=5980]

Threads with active compile tasks:
C2 CompilerThread0  40909 10215 %     4       com.google.gson.stream.JsonWriter::string @ 37 (169 bytes)

VM state:not at safepoint (normal execution)

VM Mutex/Monitor currently owned by a thread: None

Heap address: 0x0000000080000000, size: 2048 MB, Compressed Oops mode: 32-bit
Narrow klass base: 0x0000000000000000, Narrow klass shift: 3
Compressed class space size: 1073741824 Address: 0x0000000100000000

Heap:
 garbage-first heap   total 199680K, used 135168K [0x0000000080000000, 0x0000000100000000)
  region size 1024K, 19 young (19456K), 6 survivors (6144K)
 Metaspace       used 85030K, capacity 87103K, committed 87296K, reserved 1124352K
  class space    used 10928K, capacity 11671K, committed 11776K, reserved 1048576K
Heap Regions: E=young(eden), S=young(survivor), O=old, HS=humongous(starts), HC=humongous(continues), CS=collection set, F=free, A=archive, TAMS=top-at-mark-start (previous, next)
|   0|0x0000000080000000, 0x0000000080100000, 0x0000000080100000|100%| O|  |TAMS 0x0000000080100000, 0x0000000080000000| Updating 
|   1|0x0000000080100000, 0x0000000080200000, 0x0000000080200000|100%| O|  |TAMS 0x0000000080200000, 0x0000000080100000| Updating 
|   2|0x0000000080200000, 0x0000000080300000, 0x0000000080300000|100%| O|  |TAMS 0x0000000080300000, 0x0000000080200000| Updating 
|   3|0x0000000080300000, 0x0000000080400000, 0x0000000080400000|100%|HS|  |TAMS 0x0000000080400000, 0x0000000080300000| Complete 
|   4|0x0000000080400000, 0x0000000080500000, 0x0000000080500000|100%|HC|  |TAMS 0x0000000080500000, 0x0000000080400000| Complete 
|   5|0x0000000080500000, 0x0000000080600000, 0x0000000080600000|100%|HC|  |TAMS 0x0000000080600000, 0x0000000080500000| Complete 
|   6|0x0000000080600000, 0x0000000080700000, 0x0000000080700000|100%| O|  |TAMS 0x0000000080700000, 0x0000000080600000| Updating 
|   7|0x0000000080700000, 0x0000000080800000, 0x0000000080800000|100%| O|  |TAMS 0x0000000080800000, 0x0000000080700000| Updating 
|   8|0x0000000080800000, 0x0000000080900000, 0x0000000080900000|100%| O|  |TAMS 0x0000000080900000, 0x0000000080800000| Updating 
|   9|0x0000000080900000, 0x0000000080a00000, 0x0000000080a00000|100%| O|  |TAMS 0x0000000080a00000, 0x0000000080900000| Updating 
|  10|0x0000000080a00000, 0x0000000080b00000, 0x0000000080b00000|100%| O|  |TAMS 0x0000000080b00000, 0x0000000080a00000| Updating 
|  11|0x0000000080b00000, 0x0000000080c00000, 0x0000000080c00000|100%| O|  |TAMS 0x0000000080c00000, 0x0000000080b00000| Updating 
|  12|0x0000000080c00000, 0x0000000080d00000, 0x0000000080d00000|100%| O|  |TAMS 0x0000000080d00000, 0x0000000080c00000| Updating 
|  13|0x0000000080d00000, 0x0000000080e00000, 0x0000000080e00000|100%| O|  |TAMS 0x0000000080e00000, 0x0000000080d00000| Updating 
|  14|0x0000000080e00000, 0x0000000080f00000, 0x0000000080f00000|100%| O|  |TAMS 0x0000000080f00000, 0x0000000080e00000| Updating 
|  15|0x0000000080f00000, 0x0000000081000000, 0x0000000081000000|100%| O|  |TAMS 0x0000000081000000, 0x0000000080f00000| Updating 
|  16|0x0000000081000000, 0x0000000081100000, 0x0000000081100000|100%| O|  |TAMS 0x0000000081100000, 0x0000000081000000| Updating 
|  17|0x0000000081100000, 0x0000000081200000, 0x0000000081200000|100%| O|  |TAMS 0x0000000081200000, 0x0000000081100000| Updating 
|  18|0x0000000081200000, 0x0000000081300000, 0x0000000081300000|100%| O|  |TAMS 0x0000000081300000, 0x0000000081200000| Updating 
|  19|0x0000000081300000, 0x0000000081400000, 0x0000000081400000|100%| O|  |TAMS 0x0000000081400000, 0x0000000081300000| Updating 
|  20|0x0000000081400000, 0x0000000081500000, 0x0000000081500000|100%| O|  |TAMS 0x0000000081500000, 0x0000000081400000| Updating 
|  21|0x0000000081500000, 0x0000000081600000, 0x0000000081600000|100%| O|  |TAMS 0x0000000081600000, 0x0000000081500000| Updating 
|  22|0x0000000081600000, 0x0000000081700000, 0x0000000081700000|100%| O|  |TAMS 0x0000000081700000, 0x0000000081600000| Updating 
|  23|0x0000000081700000, 0x0000000081800000, 0x0000000081800000|100%| O|  |TAMS 0x0000000081800000, 0x0000000081700000| Updating 
|  24|0x0000000081800000, 0x0000000081900000, 0x0000000081900000|100%|HS|  |TAMS 0x0000000081900000, 0x0000000081800000| Complete 
|  25|0x0000000081900000, 0x0000000081a00000, 0x0000000081a00000|100%|HS|  |TAMS 0x0000000081a00000, 0x0000000081900000| Complete 
|  26|0x0000000081a00000, 0x0000000081b00000, 0x0000000081b00000|100%|HC|  |TAMS 0x0000000081b00000, 0x0000000081a00000| Complete 
|  27|0x0000000081b00000, 0x0000000081c00000, 0x0000000081c00000|100%| O|  |TAMS 0x0000000081c00000, 0x0000000081b00000| Updating 
|  28|0x0000000081c00000, 0x0000000081d00000, 0x0000000081d00000|100%| O|  |TAMS 0x0000000081d00000, 0x0000000081c00000| Updating 
|  29|0x0000000081d00000, 0x0000000081e00000, 0x0000000081e00000|100%| O|  |TAMS 0x0000000081e00000, 0x0000000081d00000| Updating 
|  30|0x0000000081e00000, 0x0000000081f00000, 0x0000000081f00000|100%| O|  |TAMS 0x0000000081f00000, 0x0000000081e00000| Updating 
|  31|0x0000000081f00000, 0x0000000082000000, 0x0000000082000000|100%| O|  |TAMS 0x0000000082000000, 0x0000000081f00000| Updating 
|  32|0x0000000082000000, 0x0000000082100000, 0x0000000082100000|100%| O|  |TAMS 0x0000000082100000, 0x0000000082000000| Updating 
|  33|0x0000000082100000, 0x0000000082200000, 0x0000000082200000|100%| O|  |TAMS 0x0000000082200000, 0x0000000082100000| Updating 
|  34|0x0000000082200000, 0x0000000082300000, 0x0000000082300000|100%| O|  |TAMS 0x0000000082300000, 0x0000000082200000| Updating 
|  35|0x0000000082300000, 0x0000000082400000, 0x0000000082400000|100%| O|  |TAMS 0x0000000082400000, 0x0000000082300000| Updating 
|  36|0x0000000082400000, 0x0000000082500000, 0x0000000082500000|100%| O|  |TAMS 0x0000000082500000, 0x0000000082400000| Updating 
|  37|0x0000000082500000, 0x0000000082600000, 0x0000000082600000|100%| O|  |TAMS 0x0000000082600000, 0x0000000082500000| Updating 
|  38|0x0000000082600000, 0x0000000082700000, 0x0000000082700000|100%| O|  |TAMS 0x0000000082700000, 0x0000000082600000| Updating 
|  39|0x0000000082700000, 0x0000000082800000, 0x0000000082800000|100%| O|  |TAMS 0x0000000082800000, 0x0000000082700000| Updating 
|  40|0x0000000082800000, 0x0000000082900000, 0x0000000082900000|100%| O|  |TAMS 0x0000000082900000, 0x0000000082800000| Updating 
|  41|0x0000000082900000, 0x0000000082a00000, 0x0000000082a00000|100%| O|  |TAMS 0x0000000082a00000, 0x0000000082900000| Updating 
|  42|0x0000000082a00000, 0x0000000082b00000, 0x0000000082b00000|100%| O|  |TAMS 0x0000000082b00000, 0x0000000082a00000| Updating 
|  43|0x0000000082b00000, 0x0000000082c00000, 0x0000000082c00000|100%| O|  |TAMS 0x0000000082c00000, 0x0000000082b00000| Updating 
|  44|0x0000000082c00000, 0x0000000082d00000, 0x0000000082d00000|100%| O|  |TAMS 0x0000000082d00000, 0x0000000082c00000| Updating 
|  45|0x0000000082d00000, 0x0000000082e00000, 0x0000000082e00000|100%| O|  |TAMS 0x0000000082e00000, 0x0000000082d00000| Updating 
|  46|0x0000000082e00000, 0x0000000082f00000, 0x0000000082f00000|100%| O|  |TAMS 0x0000000082f00000, 0x0000000082e00000| Updating 
|  47|0x0000000082f00000, 0x0000000083000000, 0x0000000083000000|100%| O|  |TAMS 0x0000000083000000, 0x0000000082f00000| Updating 
|  48|0x0000000083000000, 0x0000000083100000, 0x0000000083100000|100%| O|  |TAMS 0x0000000083100000, 0x0000000083000000| Updating 
|  49|0x0000000083100000, 0x0000000083200000, 0x0000000083200000|100%| O|  |TAMS 0x0000000083200000, 0x0000000083100000| Updating 
|  50|0x0000000083200000, 0x0000000083300000, 0x0000000083300000|100%| O|  |TAMS 0x0000000083300000, 0x0000000083200000| Updating 
|  51|0x0000000083300000, 0x0000000083400000, 0x0000000083400000|100%| O|  |TAMS 0x0000000083400000, 0x0000000083300000| Updating 
|  52|0x0000000083400000, 0x0000000083500000, 0x0000000083500000|100%| O|  |TAMS 0x0000000083500000, 0x0000000083400000| Updating 
|  53|0x0000000083500000, 0x0000000083600000, 0x0000000083600000|100%| O|  |TAMS 0x0000000083600000, 0x0000000083500000| Updating 
|  54|0x0000000083600000, 0x0000000083700000, 0x0000000083700000|100%| O|  |TAMS 0x0000000083700000, 0x0000000083600000| Updating 
|  55|0x0000000083700000, 0x0000000083800000, 0x0000000083800000|100%| O|  |TAMS 0x0000000083800000, 0x0000000083700000| Updating 
|  56|0x0000000083800000, 0x0000000083900000, 0x0000000083900000|100%| O|  |TAMS 0x0000000083900000, 0x0000000083800000| Updating 
|  57|0x0000000083900000, 0x0000000083a00000, 0x0000000083a00000|100%| O|  |TAMS 0x0000000083a00000, 0x0000000083900000| Updating 
|  58|0x0000000083a00000, 0x0000000083b00000, 0x0000000083b00000|100%| O|  |TAMS 0x0000000083b00000, 0x0000000083a00000| Updating 
|  59|0x0000000083b00000, 0x0000000083c00000, 0x0000000083c00000|100%| O|  |TAMS 0x0000000083c00000, 0x0000000083b00000| Updating 
|  60|0x0000000083c00000, 0x0000000083d00000, 0x0000000083d00000|100%| O|  |TAMS 0x0000000083d00000, 0x0000000083c00000| Updating 
|  61|0x0000000083d00000, 0x0000000083e00000, 0x0000000083e00000|100%| O|  |TAMS 0x0000000083e00000, 0x0000000083d00000| Updating 
|  62|0x0000000083e00000, 0x0000000083f00000, 0x0000000083f00000|100%| O|  |TAMS 0x0000000083f00000, 0x0000000083e00000| Updating 
|  63|0x0000000083f00000, 0x0000000084000000, 0x0000000084000000|100%| O|  |TAMS 0x0000000084000000, 0x0000000083f00000| Updating 
|  64|0x0000000084000000, 0x0000000084100000, 0x0000000084100000|100%| O|  |TAMS 0x0000000084100000, 0x0000000084000000| Updating 
|  65|0x0000000084100000, 0x0000000084200000, 0x0000000084200000|100%| O|  |TAMS 0x0000000084200000, 0x0000000084100000| Updating 
|  66|0x0000000084200000, 0x0000000084300000, 0x0000000084300000|100%| O|  |TAMS 0x0000000084300000, 0x0000000084200000| Updating 
|  67|0x0000000084300000, 0x0000000084400000, 0x0000000084400000|100%| O|  |TAMS 0x0000000084400000, 0x0000000084300000| Updating 
|  68|0x0000000084400000, 0x0000000084500000, 0x0000000084500000|100%| O|  |TAMS 0x0000000084500000, 0x0000000084400000| Updating 
|  69|0x0000000084500000, 0x0000000084600000, 0x0000000084600000|100%| O|  |TAMS 0x0000000084600000, 0x0000000084500000| Updating 
|  70|0x0000000084600000, 0x0000000084700000, 0x0000000084700000|100%| O|  |TAMS 0x0000000084700000, 0x0000000084600000| Updating 
|  71|0x0000000084700000, 0x0000000084800000, 0x0000000084800000|100%|HS|  |TAMS 0x0000000084800000, 0x0000000084700000| Complete 
|  72|0x0000000084800000, 0x0000000084900000, 0x0000000084900000|100%| O|  |TAMS 0x0000000084900000, 0x0000000084800000| Updating 
|  73|0x0000000084900000, 0x0000000084a00000, 0x0000000084a00000|100%| O|  |TAMS 0x0000000084a00000, 0x0000000084900000| Updating 
|  74|0x0000000084a00000, 0x0000000084b00000, 0x0000000084b00000|100%| O|  |TAMS 0x0000000084b00000, 0x0000000084a00000| Updating 
|  75|0x0000000084b00000, 0x0000000084c00000, 0x0000000084c00000|100%| O|  |TAMS 0x0000000084c00000, 0x0000000084b00000| Updating 
|  76|0x0000000084c00000, 0x0000000084d00000, 0x0000000084d00000|100%| O|  |TAMS 0x0000000084d00000, 0x0000000084c00000| Updating 
|  77|0x0000000084d00000, 0x0000000084e00000, 0x0000000084e00000|100%| O|  |TAMS 0x0000000084e00000, 0x0000000084d00000| Updating 
|  78|0x0000000084e00000, 0x0000000084f00000, 0x0000000084f00000|100%| O|  |TAMS 0x0000000084f00000, 0x0000000084e00000| Updating 
|  79|0x0000000084f00000, 0x0000000085000000, 0x0000000085000000|100%| O|  |TAMS 0x0000000085000000, 0x0000000084f00000| Updating 
|  80|0x0000000085000000, 0x0000000085100000, 0x0000000085100000|100%| O|  |TAMS 0x0000000085100000, 0x0000000085000000| Updating 
|  81|0x0000000085100000, 0x0000000085200000, 0x0000000085200000|100%| O|  |TAMS 0x0000000085200000, 0x0000000085100000| Updating 
|  82|0x0000000085200000, 0x0000000085300000, 0x0000000085300000|100%| O|  |TAMS 0x0000000085300000, 0x0000000085200000| Updating 
|  83|0x0000000085300000, 0x0000000085400000, 0x0000000085400000|100%| O|  |TAMS 0x0000000085400000, 0x0000000085300000| Updating 
|  84|0x0000000085400000, 0x0000000085500000, 0x0000000085500000|100%| O|  |TAMS 0x0000000085500000, 0x0000000085400000| Updating 
|  85|0x0000000085500000, 0x0000000085600000, 0x0000000085600000|100%| O|  |TAMS 0x0000000085600000, 0x0000000085500000| Updating 
|  86|0x0000000085600000, 0x0000000085700000, 0x0000000085700000|100%| O|  |TAMS 0x0000000085700000, 0x0000000085600000| Updating 
|  87|0x0000000085700000, 0x0000000085800000, 0x0000000085800000|100%| O|  |TAMS 0x0000000085800000, 0x0000000085700000| Updating 
|  88|0x0000000085800000, 0x0000000085900000, 0x0000000085900000|100%| O|  |TAMS 0x0000000085900000, 0x0000000085800000| Updating 
|  89|0x0000000085900000, 0x0000000085a00000, 0x0000000085a00000|100%| O|  |TAMS 0x0000000085a00000, 0x0000000085900000| Updating 
|  90|0x0000000085a00000, 0x0000000085b00000, 0x0000000085b00000|100%| O|  |TAMS 0x0000000085b00000, 0x0000000085a00000| Updating 
|  91|0x0000000085b00000, 0x0000000085c00000, 0x0000000085c00000|100%| O|  |TAMS 0x0000000085c00000, 0x0000000085b00000| Updating 
|  92|0x0000000085c00000, 0x0000000085d00000, 0x0000000085d00000|100%| O|  |TAMS 0x0000000085d00000, 0x0000000085c00000| Updating 
|  93|0x0000000085d00000, 0x0000000085e00000, 0x0000000085e00000|100%|HS|  |TAMS 0x0000000085d00000, 0x0000000085d00000| Complete 
|  94|0x0000000085e00000, 0x0000000085f00000, 0x0000000085f00000|100%|HS|  |TAMS 0x0000000085e00000, 0x0000000085e00000| Complete 
|  95|0x0000000085f00000, 0x0000000086000000, 0x0000000086000000|100%|HC|  |TAMS 0x0000000085f00000, 0x0000000085f00000| Complete 
|  96|0x0000000086000000, 0x0000000086100000, 0x0000000086100000|100%|HS|  |TAMS 0x0000000086000000, 0x0000000086000000| Complete 
|  97|0x0000000086100000, 0x0000000086200000, 0x0000000086200000|100%|HC|  |TAMS 0x0000000086100000, 0x0000000086100000| Complete 
|  98|0x0000000086200000, 0x0000000086300000, 0x0000000086300000|100%|HC|  |TAMS 0x0000000086200000, 0x0000000086200000| Complete 
|  99|0x0000000086300000, 0x0000000086400000, 0x0000000086400000|100%|HC|  |TAMS 0x0000000086300000, 0x0000000086300000| Complete 
| 100|0x0000000086400000, 0x0000000086400000, 0x0000000086500000|  0%| F|  |TAMS 0x0000000086400000, 0x0000000086400000| Untracked 
| 101|0x0000000086500000, 0x0000000086600000, 0x0000000086600000|100%| O|  |TAMS 0x0000000086600000, 0x0000000086500000| Updating 
| 102|0x0000000086600000, 0x0000000086700000, 0x0000000086700000|100%| O|  |TAMS 0x0000000086700000, 0x0000000086600000| Updating 
| 103|0x0000000086700000, 0x0000000086800000, 0x0000000086800000|100%| O|  |TAMS 0x0000000086800000, 0x0000000086700000| Updating 
| 104|0x0000000086800000, 0x0000000086900000, 0x0000000086900000|100%| O|  |TAMS 0x0000000086900000, 0x0000000086800000| Updating 
| 105|0x0000000086900000, 0x0000000086a00000, 0x0000000086a00000|100%|HS|  |TAMS 0x0000000086900000, 0x0000000086900000| Complete 
| 106|0x0000000086a00000, 0x0000000086b00000, 0x0000000086b00000|100%|HC|  |TAMS 0x0000000086a00000, 0x0000000086a00000| Complete 
| 107|0x0000000086b00000, 0x0000000086c00000, 0x0000000086c00000|100%|HS|  |TAMS 0x0000000086b00000, 0x0000000086b00000| Complete 
| 108|0x0000000086c00000, 0x0000000086d00000, 0x0000000086d00000|100%|HC|  |TAMS 0x0000000086c00000, 0x0000000086c00000| Complete 
| 109|0x0000000086d00000, 0x0000000086e00000, 0x0000000086e00000|100%|HC|  |TAMS 0x0000000086d00000, 0x0000000086d00000| Complete 
| 110|0x0000000086e00000, 0x0000000086f00000, 0x0000000086f00000|100%|HC|  |TAMS 0x0000000086e00000, 0x0000000086e00000| Complete 
| 111|0x0000000086f00000, 0x0000000087000000, 0x0000000087000000|100%|HS|  |TAMS 0x0000000086f00000, 0x0000000086f00000| Complete 
| 112|0x0000000087000000, 0x0000000087100000, 0x0000000087100000|100%|HC|  |TAMS 0x0000000087000000, 0x0000000087000000| Complete 
| 113|0x0000000087100000, 0x0000000087200000, 0x0000000087200000|100%|HC|  |TAMS 0x0000000087100000, 0x0000000087100000| Complete 
| 114|0x0000000087200000, 0x0000000087300000, 0x0000000087300000|100%|HC|  |TAMS 0x0000000087200000, 0x0000000087200000| Complete 
| 115|0x0000000087300000, 0x0000000087300000, 0x0000000087400000|  0%| F|  |TAMS 0x0000000087300000, 0x0000000087300000| Untracked 
| 116|0x0000000087400000, 0x0000000087400000, 0x0000000087500000|  0%| F|  |TAMS 0x0000000087400000, 0x0000000087400000| Untracked 
| 117|0x0000000087500000, 0x0000000087500000, 0x0000000087600000|  0%| F|  |TAMS 0x0000000087500000, 0x0000000087500000| Untracked 
| 118|0x0000000087600000, 0x0000000087600000, 0x0000000087700000|  0%| F|  |TAMS 0x0000000087600000, 0x0000000087600000| Untracked 
| 119|0x0000000087700000, 0x0000000087700000, 0x0000000087800000|  0%| F|  |TAMS 0x0000000087700000, 0x0000000087700000| Untracked 
| 120|0x0000000087800000, 0x0000000087800000, 0x0000000087900000|  0%| F|  |TAMS 0x0000000087800000, 0x0000000087800000| Untracked 
| 121|0x0000000087900000, 0x0000000087900000, 0x0000000087a00000|  0%| F|  |TAMS 0x0000000087900000, 0x0000000087900000| Untracked 
| 122|0x0000000087a00000, 0x0000000087a00000, 0x0000000087b00000|  0%| F|  |TAMS 0x0000000087a00000, 0x0000000087a00000| Untracked 
| 123|0x0000000087b00000, 0x0000000087b00000, 0x0000000087c00000|  0%| F|  |TAMS 0x0000000087b00000, 0x0000000087b00000| Untracked 
| 124|0x0000000087c00000, 0x0000000087c00000, 0x0000000087d00000|  0%| F|  |TAMS 0x0000000087c00000, 0x0000000087c00000| Untracked 
| 125|0x0000000087d00000, 0x0000000087d00000, 0x0000000087e00000|  0%| F|  |TAMS 0x0000000087d00000, 0x0000000087d00000| Untracked 
| 126|0x0000000087e00000, 0x0000000087e00000, 0x0000000087f00000|  0%| F|  |TAMS 0x0000000087e00000, 0x0000000087e00000| Untracked 
| 127|0x0000000087f00000, 0x0000000087f00000, 0x0000000088000000|  0%| F|  |TAMS 0x0000000087f00000, 0x0000000087f00000| Untracked 
| 128|0x0000000088000000, 0x0000000088000000, 0x0000000088100000|  0%| F|  |TAMS 0x0000000088000000, 0x0000000088000000| Untracked 
| 129|0x0000000088100000, 0x0000000088100000, 0x0000000088200000|  0%| F|  |TAMS 0x0000000088100000, 0x0000000088100000| Untracked 
| 130|0x0000000088200000, 0x0000000088200000, 0x0000000088300000|  0%| F|  |TAMS 0x0000000088200000, 0x0000000088200000| Untracked 
| 131|0x0000000088300000, 0x0000000088300000, 0x0000000088400000|  0%| F|  |TAMS 0x0000000088300000, 0x0000000088300000| Untracked 
| 132|0x0000000088400000, 0x0000000088400000, 0x0000000088500000|  0%| F|  |TAMS 0x0000000088400000, 0x0000000088400000| Untracked 
| 133|0x0000000088500000, 0x0000000088500000, 0x0000000088600000|  0%| F|  |TAMS 0x0000000088500000, 0x0000000088500000| Untracked 
| 134|0x0000000088600000, 0x0000000088600000, 0x0000000088700000|  0%| F|  |TAMS 0x0000000088600000, 0x0000000088600000| Untracked 
| 135|0x0000000088700000, 0x0000000088700000, 0x0000000088800000|  0%| F|  |TAMS 0x0000000088700000, 0x0000000088700000| Untracked 
| 136|0x0000000088800000, 0x0000000088800000, 0x0000000088900000|  0%| F|  |TAMS 0x0000000088800000, 0x0000000088800000| Untracked 
| 137|0x0000000088900000, 0x0000000088900000, 0x0000000088a00000|  0%| F|  |TAMS 0x0000000088900000, 0x0000000088900000| Untracked 
| 138|0x0000000088a00000, 0x0000000088a00000, 0x0000000088b00000|  0%| F|  |TAMS 0x0000000088a00000, 0x0000000088a00000| Untracked 
| 139|0x0000000088b00000, 0x0000000088b00000, 0x0000000088c00000|  0%| F|  |TAMS 0x0000000088b00000, 0x0000000088b00000| Untracked 
| 140|0x0000000088c00000, 0x0000000088c00000, 0x0000000088d00000|  0%| F|  |TAMS 0x0000000088c00000, 0x0000000088c00000| Untracked 
| 141|0x0000000088d00000, 0x0000000088d00000, 0x0000000088e00000|  0%| F|  |TAMS 0x0000000088d00000, 0x0000000088d00000| Untracked 
| 142|0x0000000088e00000, 0x0000000088e00000, 0x0000000088f00000|  0%| F|  |TAMS 0x0000000088e00000, 0x0000000088e00000| Untracked 
| 143|0x0000000088f00000, 0x0000000088f00000, 0x0000000089000000|  0%| F|  |TAMS 0x0000000088f00000, 0x0000000088f00000| Untracked 
| 144|0x0000000089000000, 0x0000000089000000, 0x0000000089100000|  0%| F|  |TAMS 0x0000000089000000, 0x0000000089000000| Untracked 
| 145|0x0000000089100000, 0x0000000089100000, 0x0000000089200000|  0%| F|  |TAMS 0x0000000089100000, 0x0000000089100000| Untracked 
| 146|0x0000000089200000, 0x0000000089300000, 0x0000000089300000|100%| S|CS|TAMS 0x0000000089200000, 0x0000000089200000| Complete 
| 147|0x0000000089300000, 0x0000000089400000, 0x0000000089400000|100%| S|CS|TAMS 0x0000000089300000, 0x0000000089300000| Complete 
| 148|0x0000000089400000, 0x0000000089500000, 0x0000000089500000|100%| S|CS|TAMS 0x0000000089400000, 0x0000000089400000| Complete 
| 149|0x0000000089500000, 0x0000000089600000, 0x0000000089600000|100%| S|CS|TAMS 0x0000000089500000, 0x0000000089500000| Complete 
| 150|0x0000000089600000, 0x0000000089700000, 0x0000000089700000|100%| S|CS|TAMS 0x0000000089600000, 0x0000000089600000| Complete 
| 151|0x0000000089700000, 0x0000000089800000, 0x0000000089800000|100%| S|CS|TAMS 0x0000000089700000, 0x0000000089700000| Complete 
| 152|0x0000000089800000, 0x0000000089800000, 0x0000000089900000|  0%| F|  |TAMS 0x0000000089800000, 0x0000000089800000| Untracked 
| 153|0x0000000089900000, 0x0000000089900000, 0x0000000089a00000|  0%| F|  |TAMS 0x0000000089900000, 0x0000000089900000| Untracked 
| 154|0x0000000089a00000, 0x0000000089a00000, 0x0000000089b00000|  0%| F|  |TAMS 0x0000000089a00000, 0x0000000089a00000| Untracked 
| 155|0x0000000089b00000, 0x0000000089b00000, 0x0000000089c00000|  0%| F|  |TAMS 0x0000000089b00000, 0x0000000089b00000| Untracked 
| 156|0x0000000089c00000, 0x0000000089c00000, 0x0000000089d00000|  0%| F|  |TAMS 0x0000000089c00000, 0x0000000089c00000| Untracked 
| 157|0x0000000089d00000, 0x0000000089d00000, 0x0000000089e00000|  0%| F|  |TAMS 0x0000000089d00000, 0x0000000089d00000| Untracked 
| 158|0x0000000089e00000, 0x0000000089e00000, 0x0000000089f00000|  0%| F|  |TAMS 0x0000000089e00000, 0x0000000089e00000| Untracked 
| 159|0x0000000089f00000, 0x0000000089f00000, 0x000000008a000000|  0%| F|  |TAMS 0x0000000089f00000, 0x0000000089f00000| Untracked 
| 160|0x000000008a000000, 0x000000008a000000, 0x000000008a100000|  0%| F|  |TAMS 0x000000008a000000, 0x000000008a000000| Untracked 
| 161|0x000000008a100000, 0x000000008a100000, 0x000000008a200000|  0%| F|  |TAMS 0x000000008a100000, 0x000000008a100000| Untracked 
| 162|0x000000008a200000, 0x000000008a200000, 0x000000008a300000|  0%| F|  |TAMS 0x000000008a200000, 0x000000008a200000| Untracked 
| 163|0x000000008a300000, 0x000000008a300000, 0x000000008a400000|  0%| F|  |TAMS 0x000000008a300000, 0x000000008a300000| Untracked 
| 164|0x000000008a400000, 0x000000008a400000, 0x000000008a500000|  0%| F|  |TAMS 0x000000008a400000, 0x000000008a400000| Untracked 
| 165|0x000000008a500000, 0x000000008a500000, 0x000000008a600000|  0%| F|  |TAMS 0x000000008a500000, 0x000000008a500000| Untracked 
| 166|0x000000008a600000, 0x000000008a600000, 0x000000008a700000|  0%| F|  |TAMS 0x000000008a600000, 0x000000008a600000| Untracked 
| 167|0x000000008a700000, 0x000000008a700000, 0x000000008a800000|  0%| F|  |TAMS 0x000000008a700000, 0x000000008a700000| Untracked 
| 168|0x000000008a800000, 0x000000008a800000, 0x000000008a900000|  0%| F|  |TAMS 0x000000008a800000, 0x000000008a800000| Untracked 
| 169|0x000000008a900000, 0x000000008a900000, 0x000000008aa00000|  0%| F|  |TAMS 0x000000008a900000, 0x000000008a900000| Untracked 
| 170|0x000000008aa00000, 0x000000008aa00000, 0x000000008ab00000|  0%| F|  |TAMS 0x000000008aa00000, 0x000000008aa00000| Untracked 
| 171|0x000000008ab00000, 0x000000008ab00000, 0x000000008ac00000|  0%| F|  |TAMS 0x000000008ab00000, 0x000000008ab00000| Untracked 
| 172|0x000000008ac00000, 0x000000008ac00000, 0x000000008ad00000|  0%| F|  |TAMS 0x000000008ac00000, 0x000000008ac00000| Untracked 
| 173|0x000000008ad00000, 0x000000008ad00000, 0x000000008ae00000|  0%| F|  |TAMS 0x000000008ad00000, 0x000000008ad00000| Untracked 
| 174|0x000000008ae00000, 0x000000008ae00000, 0x000000008af00000|  0%| F|  |TAMS 0x000000008ae00000, 0x000000008ae00000| Untracked 
| 175|0x000000008af00000, 0x000000008af00000, 0x000000008b000000|  0%| F|  |TAMS 0x000000008af00000, 0x000000008af00000| Untracked 
| 176|0x000000008b000000, 0x000000008b000000, 0x000000008b100000|  0%| F|  |TAMS 0x000000008b000000, 0x000000008b000000| Untracked 
| 177|0x000000008b100000, 0x000000008b100000, 0x000000008b200000|  0%| F|  |TAMS 0x000000008b100000, 0x000000008b100000| Untracked 
| 178|0x000000008b200000, 0x000000008b200000, 0x000000008b300000|  0%| F|  |TAMS 0x000000008b200000, 0x000000008b200000| Untracked 
| 179|0x000000008b300000, 0x000000008b300000, 0x000000008b400000|  0%| F|  |TAMS 0x000000008b300000, 0x000000008b300000| Untracked 
| 180|0x000000008b400000, 0x000000008b400000, 0x000000008b500000|  0%| F|  |TAMS 0x000000008b400000, 0x000000008b400000| Untracked 
| 181|0x000000008b500000, 0x000000008b500000, 0x000000008b600000|  0%| F|  |TAMS 0x000000008b500000, 0x000000008b500000| Untracked 
| 182|0x000000008b600000, 0x000000008b6d4258, 0x000000008b700000| 82%| E|  |TAMS 0x000000008b600000, 0x000000008b600000| Complete 
| 183|0x000000008b700000, 0x000000008b800000, 0x000000008b800000|100%| E|CS|TAMS 0x000000008b700000, 0x000000008b700000| Complete 
| 184|0x000000008b800000, 0x000000008b900000, 0x000000008b900000|100%| E|CS|TAMS 0x000000008b800000, 0x000000008b800000| Complete 
| 185|0x000000008b900000, 0x000000008ba00000, 0x000000008ba00000|100%| E|CS|TAMS 0x000000008b900000, 0x000000008b900000| Complete 
| 186|0x000000008ba00000, 0x000000008bb00000, 0x000000008bb00000|100%| E|CS|TAMS 0x000000008ba00000, 0x000000008ba00000| Complete 
| 187|0x000000008bb00000, 0x000000008bc00000, 0x000000008bc00000|100%| E|CS|TAMS 0x000000008bb00000, 0x000000008bb00000| Complete 
| 188|0x000000008bc00000, 0x000000008bd00000, 0x000000008bd00000|100%| E|CS|TAMS 0x000000008bc00000, 0x000000008bc00000| Complete 
| 189|0x000000008bd00000, 0x000000008be00000, 0x000000008be00000|100%| E|CS|TAMS 0x000000008bd00000, 0x000000008bd00000| Complete 
| 190|0x000000008be00000, 0x000000008bf00000, 0x000000008bf00000|100%| E|CS|TAMS 0x000000008be00000, 0x000000008be00000| Complete 
| 191|0x000000008bf00000, 0x000000008c000000, 0x000000008c000000|100%| E|CS|TAMS 0x000000008bf00000, 0x000000008bf00000| Complete 
| 192|0x000000008c000000, 0x000000008c100000, 0x000000008c100000|100%| E|CS|TAMS 0x000000008c000000, 0x000000008c000000| Complete 
| 193|0x000000008c100000, 0x000000008c200000, 0x000000008c200000|100%| E|CS|TAMS 0x000000008c100000, 0x000000008c100000| Complete 
| 194|0x000000008c200000, 0x000000008c300000, 0x000000008c300000|100%| E|CS|TAMS 0x000000008c200000, 0x000000008c200000| Complete 

Card table byte_map: [0x0000027296740000,0x0000027296b40000] _byte_map_base: 0x0000027296340000

Marking Bits (Prev, Next): (CMBitMap*) 0x0000027281beab88, (CMBitMap*) 0x0000027281beabc0
 Prev Bits: [0x0000027296f40000, 0x0000027298f40000)
 Next Bits: [0x0000027298f40000, 0x000002729af40000)

Polling page: 0x0000027281c90000

Metaspace:

Usage:
  Non-class:     73.66 MB capacity,    72.37 MB ( 98%) used,     1.10 MB (  1%) free+waste,   206.44 KB ( <1%) overhead. 
      Class:     11.40 MB capacity,    10.67 MB ( 94%) used,   649.73 KB (  6%) free+waste,    93.19 KB ( <1%) overhead. 
       Both:     85.06 MB capacity,    83.04 MB ( 98%) used,     1.73 MB (  2%) free+waste,   299.63 KB ( <1%) overhead. 

Virtual space:
  Non-class space:       74.00 MB reserved,      73.75 MB (>99%) committed 
      Class space:        1.00 GB reserved,      11.50 MB (  1%) committed 
             Both:        1.07 GB reserved,      85.25 MB (  8%) committed 

Chunk freelists:
   Non-Class:  24.00 KB
       Class:  9.00 KB
        Both:  33.00 KB

MaxMetaspaceSize: 17179869184.00 GB
CompressedClassSpaceSize: 1.00 GB

CodeHeap 'non-profiled nmethods': size=120064Kb used=5279Kb max_used=5279Kb free=114784Kb
 bounds [0x000002728e7e0000, 0x000002728ed10000, 0x0000027295d20000]
CodeHeap 'profiled nmethods': size=120000Kb used=21923Kb max_used=21923Kb free=98076Kb
 bounds [0x00000272872b0000, 0x0000027288820000, 0x000002728e7e0000]
CodeHeap 'non-nmethods': size=5696Kb used=2280Kb max_used=2319Kb free=3416Kb
 bounds [0x0000027286d20000, 0x0000027286f90000, 0x00000272872b0000]
 total_blobs=10805 nmethods=9928 adapters=788
 compilation: enabled
              stopped_count=0, restarted_count=0
 full_count=0

Compilation events (20 events):
Event: 40.804 Thread 0x000002729d5ba800 10361   !   2       java.io.ObjectStreamClass::newInstance (157 bytes)
Event: 40.806 Thread 0x000002729d5ba800 nmethod 10361 0x00000272887fe990 code [0x00000272887fece0, 0x00000272887ffad8]
Event: 40.806 Thread 0x000002729d5ba800 10362   !   2       java.io.ObjectInputStream::readSerialData (563 bytes)
Event: 40.812 Thread 0x000002729d5ba800 nmethod 10362 0x0000027288800a10 code [0x0000027288800de0, 0x00000272888026f8]
Event: 40.813 Thread 0x000002729d5ba800 10364       2       java.io.ObjectInputStream$BlockDataInputStream::read (138 bytes)
Event: 40.814 Thread 0x000002729d5ba800 nmethod 10364 0x0000027288803990 code [0x0000027288803b80, 0x0000027288803f68]
Event: 40.814 Thread 0x000002729d5ba800 10365   !   2       jdk.internal.reflect.GeneratedSerializationConstructorAccessor47::newInstance (49 bytes)
Event: 40.815 Thread 0x000002729d5ba800 nmethod 10365 0x0000027288804110 code [0x0000027288804300, 0x0000027288804608]
Event: 40.815 Thread 0x000002729d5ba800 10366       2       java.io.ObjectInputStream$BlockDataInputStream::currentBlockRemaining (41 bytes)
Event: 40.815 Thread 0x000002729d5ba800 nmethod 10366 0x0000027288804810 code [0x00000272888049c0, 0x0000027288804b88]
Event: 40.816 Thread 0x000002729d5ba800 10367       2       java.io.ObjectInputStream$BlockDataInputStream::readFully (42 bytes)
Event: 40.816 Thread 0x000002729d5ba800 nmethod 10367 0x0000027288804c90 code [0x0000027288804e60, 0x00000272888050d8]
Event: 40.817 Thread 0x000002729d5ba800 10368       2       java.io.ObjectStreamClass$FieldReflector::setPrimFieldValues (329 bytes)
Event: 40.818 Thread 0x000002729d5ba800 nmethod 10368 0x0000027288805210 code [0x0000027288805440, 0x0000027288805ab8]
Event: 40.819 Thread 0x000002729d5ba800 10369   !   2       java.io.ObjectInputStream::readObject (160 bytes)
Event: 40.821 Thread 0x000002729d5ba800 nmethod 10369 0x0000027288805f90 code [0x00000272888061c0, 0x0000027288806738]
Event: 40.822 Thread 0x000002729d5ba800 10370   !   2       jdk.internal.reflect.GeneratedSerializationConstructorAccessor48::newInstance (49 bytes)
Event: 40.823 Thread 0x000002729d5ba800 nmethod 10370 0x0000027288806d10 code [0x0000027288806f00, 0x0000027288807208]
Event: 40.823 Thread 0x000002729d5ba800 10371   !   2       jdk.internal.reflect.GeneratedSerializationConstructorAccessor49::newInstance (49 bytes)
Event: 40.823 Thread 0x000002729d5ba800 nmethod 10371 0x0000027288807410 code [0x0000027288807600, 0x0000027288807908]

GC Heap History (20 events):
Event: 30.595 GC heap before
{Heap before GC invocations=46 (full 0):
 garbage-first heap   total 138240K, used 99678K [0x0000000080000000, 0x0000000100000000)
  region size 1024K, 41 young (41984K), 5 survivors (5120K)
 Metaspace       used 82103K, capacity 84012K, committed 84096K, reserved 1122304K
  class space    used 10694K, capacity 11376K, committed 11392K, reserved 1048576K
}
Event: 30.613 GC heap after
{Heap after GC invocations=47 (full 0):
 garbage-first heap   total 138240K, used 66786K [0x0000000080000000, 0x0000000100000000)
  region size 1024K, 6 young (6144K), 6 survivors (6144K)
 Metaspace       used 82103K, capacity 84012K, committed 84096K, reserved 1122304K
  class space    used 10694K, capacity 11376K, committed 11392K, reserved 1048576K
}
Event: 31.870 GC heap before
{Heap before GC invocations=47 (full 0):
 garbage-first heap   total 138240K, used 103650K [0x0000000080000000, 0x0000000100000000)
  region size 1024K, 43 young (44032K), 6 survivors (6144K)
 Metaspace       used 82355K, capacity 84290K, committed 84352K, reserved 1122304K
  class space    used 10694K, capacity 11376K, committed 11392K, reserved 1048576K
}
Event: 31.883 GC heap after
{Heap after GC invocations=48 (full 0):
 garbage-first heap   total 138240K, used 68926K [0x0000000080000000, 0x0000000100000000)
  region size 1024K, 5 young (5120K), 5 survivors (5120K)
 Metaspace       used 82355K, capacity 84290K, committed 84352K, reserved 1122304K
  class space    used 10694K, capacity 11376K, committed 11392K, reserved 1048576K
}
Event: 31.983 GC heap before
{Heap before GC invocations=48 (full 0):
 garbage-first heap   total 138240K, used 71998K [0x0000000080000000, 0x0000000100000000)
  region size 1024K, 9 young (9216K), 5 survivors (5120K)
 Metaspace       used 82453K, capacity 84356K, committed 84608K, reserved 1122304K
  class space    used 10711K, capacity 11376K, committed 11392K, reserved 1048576K
}
Event: 31.993 GC heap after
{Heap after GC invocations=49 (full 0):
 garbage-first heap   total 138240K, used 68736K [0x0000000080000000, 0x0000000100000000)
  region size 1024K, 3 young (3072K), 3 survivors (3072K)
 Metaspace       used 82453K, capacity 84356K, committed 84608K, reserved 1122304K
  class space    used 10711K, capacity 11376K, committed 11392K, reserved 1048576K
}
Event: 33.315 GC heap before
{Heap before GC invocations=50 (full 0):
 garbage-first heap   total 138240K, used 108672K [0x0000000080000000, 0x0000000100000000)
  region size 1024K, 42 young (43008K), 3 survivors (3072K)
 Metaspace       used 83571K, capacity 85510K, committed 85632K, reserved 1124352K
  class space    used 10848K, capacity 11562K, committed 11648K, reserved 1048576K
}
Event: 33.327 GC heap after
{Heap after GC invocations=51 (full 0):
 garbage-first heap   total 165888K, used 71086K [0x0000000080000000, 0x0000000100000000)
  region size 1024K, 5 young (5120K), 5 survivors (5120K)
 Metaspace       used 83571K, capacity 85510K, committed 85632K, reserved 1124352K
  class space    used 10848K, capacity 11562K, committed 11648K, reserved 1048576K
}
Event: 34.954 GC heap before
{Heap before GC invocations=51 (full 0):
 garbage-first heap   total 165888K, used 131502K [0x0000000080000000, 0x0000000100000000)
  region size 1024K, 64 young (65536K), 5 survivors (5120K)
 Metaspace       used 83953K, capacity 85974K, committed 86144K, reserved 1124352K
  class space    used 10848K, capacity 11562K, committed 11648K, reserved 1048576K
}
Event: 34.972 GC heap after
{Heap after GC invocations=52 (full 0):
 garbage-first heap   total 165888K, used 74164K [0x0000000080000000, 0x0000000100000000)
  region size 1024K, 6 young (6144K), 6 survivors (6144K)
 Metaspace       used 83953K, capacity 85974K, committed 86144K, reserved 1124352K
  class space    used 10848K, capacity 11562K, committed 11648K, reserved 1048576K
}
Event: 36.047 GC heap before
{Heap before GC invocations=52 (full 0):
 garbage-first heap   total 165888K, used 133556K [0x0000000080000000, 0x0000000100000000)
  region size 1024K, 65 young (66560K), 6 survivors (6144K)
 Metaspace       used 84066K, capacity 86102K, committed 86400K, reserved 1124352K
  class space    used 10848K, capacity 11562K, committed 11648K, reserved 1048576K
}
Event: 36.071 GC heap after
{Heap after GC invocations=53 (full 0):
 garbage-first heap   total 165888K, used 81761K [0x0000000080000000, 0x0000000100000000)
  region size 1024K, 9 young (9216K), 9 survivors (9216K)
 Metaspace       used 84066K, capacity 86102K, committed 86400K, reserved 1124352K
  class space    used 10848K, capacity 11562K, committed 11648K, reserved 1048576K
}
Event: 36.495 GC heap before
{Heap before GC invocations=53 (full 0):
 garbage-first heap   total 165888K, used 106337K [0x0000000080000000, 0x0000000100000000)
  region size 1024K, 32 young (32768K), 9 survivors (9216K)
 Metaspace       used 84068K, capacity 86102K, committed 86400K, reserved 1124352K
  class space    used 10848K, capacity 11562K, committed 11648K, reserved 1048576K
}
Event: 36.516 GC heap after
{Heap after GC invocations=54 (full 0):
 garbage-first heap   total 165888K, used 86409K [0x0000000080000000, 0x0000000100000000)
  region size 1024K, 4 young (4096K), 4 survivors (4096K)
 Metaspace       used 84068K, capacity 86102K, committed 86400K, reserved 1124352K
  class space    used 10848K, capacity 11562K, committed 11648K, reserved 1048576K
}
Event: 37.153 GC heap before
{Heap before GC invocations=55 (full 0):
 garbage-first heap   total 165888K, used 124297K [0x0000000080000000, 0x0000000100000000)
  region size 1024K, 40 young (40960K), 4 survivors (4096K)
 Metaspace       used 84085K, capacity 86085K, committed 86400K, reserved 1124352K
  class space    used 10845K, capacity 11556K, committed 11648K, reserved 1048576K
}
Event: 37.178 GC heap after
{Heap after GC invocations=56 (full 0):
 garbage-first heap   total 199680K, used 94582K [0x0000000080000000, 0x0000000100000000)
  region size 1024K, 5 young (5120K), 5 survivors (5120K)
 Metaspace       used 84085K, capacity 86085K, committed 86400K, reserved 1124352K
  class space    used 10845K, capacity 11556K, committed 11648K, reserved 1048576K
}
Event: 38.623 GC heap before
{Heap before GC invocations=56 (full 0):
 garbage-first heap   total 199680K, used 115062K [0x0000000080000000, 0x0000000100000000)
  region size 1024K, 27 young (27648K), 5 survivors (5120K)
 Metaspace       used 84446K, capacity 86442K, committed 86656K, reserved 1124352K
  class space    used 10878K, capacity 11590K, committed 11648K, reserved 1048576K
}
Event: 38.647 GC heap after
{Heap after GC invocations=57 (full 0):
 garbage-first heap   total 199680K, used 97379K [0x0000000080000000, 0x0000000100000000)
  region size 1024K, 3 young (3072K), 3 survivors (3072K)
 Metaspace       used 84446K, capacity 86442K, committed 86656K, reserved 1124352K
  class space    used 10878K, capacity 11590K, committed 11648K, reserved 1048576K
}
Event: 40.229 GC heap before
{Heap before GC invocations=58 (full 0):
 garbage-first heap   total 199680K, used 145507K [0x0000000080000000, 0x0000000100000000)
  region size 1024K, 43 young (44032K), 3 survivors (3072K)
 Metaspace       used 84593K, capacity 86580K, committed 86656K, reserved 1124352K
  class space    used 10890K, capacity 11593K, committed 11648K, reserved 1048576K
}
Event: 40.267 GC heap after
{Heap after GC invocations=59 (full 0):
 garbage-first heap   total 199680K, used 105472K [0x0000000080000000, 0x0000000100000000)
  region size 1024K, 6 young (6144K), 6 survivors (6144K)
 Metaspace       used 84593K, capacity 86580K, committed 86656K, reserved 1124352K
  class space    used 10890K, capacity 11593K, committed 11648K, reserved 1048576K
}

Deoptimization events (20 events):
Event: 40.196 Thread 0x000002729f566800 DEOPT PACKING pc=0x000002728ece2ce8 sp=0x000000ffa7bf7a40
Event: 40.196 Thread 0x000002729f566800 DEOPT UNPACKING pc=0x0000027286d474af sp=0x000000ffa7bf79c8 mode 2
Event: 40.478 Thread 0x000002729f566800 Uncommon trap: trap_request=0xffffff4d fr.pc=0x000002728ecfe7fc relative=0x0000000000006efc
Event: 40.478 Thread 0x000002729f566800 Uncommon trap: reason=unstable_if action=reinterpret pc=0x000002728ecfe7fc method=com.android.utils.XmlUtils.append(Lcom/android/utils/XmlUtils$PositionAwareStringBuilder;Lorg/w3c/dom/Node;Ljava/util/Map;Ljava/util/Set;)V @ 546 c2
Event: 40.478 Thread 0x000002729f566800 DEOPT PACKING pc=0x000002728ecfe7fc sp=0x000000ffa7bf7b70
Event: 40.478 Thread 0x000002729f566800 DEOPT UNPACKING pc=0x0000027286d474af sp=0x000000ffa7bf7b38 mode 2
Event: 40.606 Thread 0x000002729f566800 Uncommon trap: trap_request=0xffffff4d fr.pc=0x000002728e948844 relative=0x0000000000000964
Event: 40.606 Thread 0x000002729f566800 Uncommon trap: reason=unstable_if action=reinterpret pc=0x000002728e948844 method=java.lang.Integer.stringSize(I)I @ 19 c2
Event: 40.606 Thread 0x000002729f566800 DEOPT PACKING pc=0x000002728e948844 sp=0x000000ffa7bf7bb0
Event: 40.606 Thread 0x000002729f566800 DEOPT UNPACKING pc=0x0000027286d474af sp=0x000000ffa7bf7b08 mode 2
Event: 40.646 Thread 0x000002729f566800 DEOPT PACKING pc=0x00000272880077e1 sp=0x000000ffa7bf4fb0
Event: 40.646 Thread 0x000002729f566800 DEOPT UNPACKING pc=0x0000027286d472ce sp=0x000000ffa7bf4478 mode 0
Event: 40.674 Thread 0x000002729f566800 DEOPT PACKING pc=0x00000272887dd9ab sp=0x000000ffa7bf6130
Event: 40.674 Thread 0x000002729f566800 DEOPT UNPACKING pc=0x0000027286d472ce sp=0x000000ffa7bf55d8 mode 0
Event: 40.680 Thread 0x000002729f566800 DEOPT PACKING pc=0x00000272887dcd34 sp=0x000000ffa7bf6570
Event: 40.680 Thread 0x000002729f566800 DEOPT UNPACKING pc=0x0000027286d472ce sp=0x000000ffa7bf5a50 mode 0
Event: 40.721 Thread 0x000002729f566800 Uncommon trap: trap_request=0xffffff4d fr.pc=0x000002728e92cb18 relative=0x0000000000000078
Event: 40.721 Thread 0x000002729f566800 Uncommon trap: reason=unstable_if action=reinterpret pc=0x000002728e92cb18 method=java.lang.Integer.stringSize(I)I @ 19 c2
Event: 40.721 Thread 0x000002729f566800 DEOPT PACKING pc=0x000002728e92cb18 sp=0x000000ffa7bf7b70
Event: 40.721 Thread 0x000002729f566800 DEOPT UNPACKING pc=0x0000027286d474af sp=0x000000ffa7bf7af0 mode 2

Classes redefined (0 events):
No events

Internal exceptions (20 events):
Event: 26.589 Thread 0x000002729e528000 Exception <a 'java/lang/NoSuchMethodError'{0x00000000865b0748}: <clinit>> (0x00000000865b0748) thrown at [./src/hotspot/share/prims/jni.cpp, line 1362]
Event: 26.619 Thread 0x00000272a031c000 Exception <a 'java/lang/NoSuchMethodError'{0x00000000864ae0a8}: <clinit>> (0x00000000864ae0a8) thrown at [./src/hotspot/share/prims/jni.cpp, line 1362]
Event: 26.627 Thread 0x00000272a031c000 Exception <a 'java/lang/NoSuchMethodError'{0x00000000864c75c8}: <clinit>> (0x00000000864c75c8) thrown at [./src/hotspot/share/prims/jni.cpp, line 1362]
Event: 26.696 Thread 0x000002729e528000 Exception <a 'java/lang/NoSuchMethodError'{0x000000008619f098}: <clinit>> (0x000000008619f098) thrown at [./src/hotspot/share/prims/jni.cpp, line 1362]
Event: 26.922 Thread 0x00000272a031d800 Exception <a 'java/lang/NoSuchMethodError'{0x0000000085bfaf98}: 'java.lang.Object java.lang.invoke.Invokers$Holder.linkToTargetMethod(java.lang.Object, java.lang.Object, java.lang.Object, java.lang.Object, java.lang.Object, java.lang.Object, java.lang.Object)'> (0x0000000085bfaf98) thrown at [./src/hotspot/share/interpreter/linkResolver.cpp, line 773]
Event: 27.341 Thread 0x00000272a031d800 Exception <a 'sun/nio/fs/WindowsException'{0x0000000086b96778}> (0x0000000086b96778) thrown at [./src/hotspot/share/prims/jni.cpp, line 615]
Event: 27.351 Thread 0x00000272a031d800 Implicit null exception at 0x000002728e9229a4 to 0x000002728e925360
Event: 27.361 Thread 0x00000272a031d800 Exception <a 'java/lang/IncompatibleClassChangeError'{0x0000000086bbab48}: Found class java.lang.Object, but interface was expected> (0x0000000086bbab48) thrown at [./src/hotspot/share/interpreter/linkResolver.cpp, line 839]
Event: 28.713 Thread 0x00000272a031d800 Exception <a 'java/lang/ClassNotFoundException'{0x0000000088631c98}: sun/misc/SharedSecrets> (0x0000000088631c98) thrown at [./src/hotspot/share/classfile/systemDictionary.cpp, line 231]
Event: 29.768 Thread 0x00000272a4656800 Exception <a 'java/lang/NoSuchMethodError'{0x0000000087d2f2c8}: 'java.lang.Object java.lang.invoke.DirectMethodHandle$Holder.invokeSpecialIFC(java.lang.Object, java.lang.Object, java.lang.Object)'> (0x0000000087d2f2c8) thrown at [./src/hotspot/share/interpreter/linkResolver.cpp, line 773]
Event: 29.768 Thread 0x00000272a4655800 Exception <a 'java/lang/NoSuchMethodError'{0x0000000087d26b80}: 'java.lang.Object java.lang.invoke.DirectMethodHandle$Holder.invokeSpecialIFC(java.lang.Object, java.lang.Object, java.lang.Object)'> (0x0000000087d26b80) thrown at [./src/hotspot/share/interpreter/linkResolver.cpp, line 773]
Event: 31.474 Thread 0x00000272a4650000 Implicit null exception at 0x000002728ec04487 to 0x000002728ec04c3c
Event: 31.613 Thread 0x00000272a4654000 Implicit null exception at 0x000002728ec08857 to 0x000002728ec0917c
Event: 32.528 Thread 0x000002729f566800 Exception <a 'java/lang/NoSuchMethodError'{0x0000000086b7fcc8}: 'java.lang.Object java.lang.invoke.DirectMethodHandle$Holder.invokeSpecial(java.lang.Object, java.lang.Object, int, java.lang.Object, java.lang.Object)'> (0x0000000086b7fcc8) thrown at [./src/hotspot/share/interpreter/linkResolver.cpp, line 773]
Event: 32.529 Thread 0x000002729f566800 Exception <a 'java/lang/NoSuchMethodError'{0x0000000086b88a50}: 'java.lang.Object java.lang.invoke.DirectMethodHandle$Holder.invokeStatic(java.lang.Object, java.lang.Object, int, java.lang.Object)'> (0x0000000086b88a50) thrown at [./src/hotspot/share/interpreter/linkResolver.cpp, line 773]
Event: 32.529 Thread 0x000002729f566800 Exception <a 'java/lang/NoSuchMethodError'{0x0000000086b8cf40}: 'java.lang.Object java.lang.invoke.Invokers$Holder.linkToTargetMethod(java.lang.Object, int, java.lang.Object, java.lang.Object)'> (0x0000000086b8cf40) thrown at [./src/hotspot/share/interpreter/linkResolver.cpp, line 773]
Event: 32.532 Thread 0x000002729f566800 Exception <a 'java/lang/NoSuchMethodError'{0x0000000086ba60a8}: 'void java.lang.invoke.DirectMethodHandle$Holder.invokeVirtual(java.lang.Object, java.lang.Object)'> (0x0000000086ba60a8) thrown at [./src/hotspot/share/interpreter/linkResolver.cpp, line 773]
Event: 40.478 Thread 0x000002729f566800 Implicit null exception at 0x000002728ecf8e47 to 0x000002728ecfe7e0
Event: 40.616 Thread 0x000002729f566800 Exception <a 'java/lang/NoSuchMethodError'{0x000000008bf689a0}: <clinit>> (0x000000008bf689a0) thrown at [./src/hotspot/share/prims/jni.cpp, line 1362]
Event: 40.701 Thread 0x000002729f566800 Exception <a 'java/lang/NoSuchMethodError'{0x000000008bccc268}: <clinit>> (0x000000008bccc268) thrown at [./src/hotspot/share/prims/jni.cpp, line 1362]

Events (20 events):
Event: 40.759 loading class org/gradle/workers/internal/AbstractWorker$Result
Event: 40.759 loading class org/gradle/workers/internal/AbstractWorker$Result done
Event: 40.760 loading class org/gradle/workers/internal/ExecuteWorkItemBuildOperationType$Result
Event: 40.760 loading class org/gradle/workers/internal/ExecuteWorkItemBuildOperationType$Result done
Event: 40.760 loading class org/gradle/workers/internal/IsolatedParametersActionExecutionSpec
Event: 40.760 loading class org/gradle/workers/internal/IsolatedParametersActionExecutionSpec done
Event: 40.760 loading class org/gradle/workers/WorkerExecutor
Event: 40.760 loading class org/gradle/workers/WorkerExecutor done
Event: 40.760 loading class org/gradle/workers/internal/NoIsolationWorkerFactory$1
Event: 40.760 loading class org/gradle/workers/internal/NoIsolationWorkerFactory$1 done
Event: 40.761 loading class org/gradle/workers/internal/AbstractWorker$Work
Event: 40.761 loading class org/gradle/workers/internal/AbstractWorker$Work done
Event: 40.762 loading class org/gradle/workers/internal/AbstractWorker$1
Event: 40.762 loading class org/gradle/workers/internal/AbstractWorker$1 done
Event: 40.762 loading class org/gradle/workers/internal/AbstractWorker$Details
Event: 40.762 loading class org/gradle/workers/internal/AbstractWorker$Details done
Event: 40.763 loading class org/gradle/workers/internal/ExecuteWorkItemBuildOperationType$Details
Event: 40.763 loading class org/gradle/workers/internal/ExecuteWorkItemBuildOperationType$Details done
Event: 40.764 loading class org/gradle/workers/internal/NoIsolationWorkerFactory$1$1
Event: 40.764 loading class org/gradle/workers/internal/NoIsolationWorkerFactory$1$1 done


Dynamic libraries:
0x00007ff603a50000 - 0x00007ff603a5a000 	C:\Program Files\Android\Android Studio\jre\bin\java.exe
0x00007ffa14370000 - 0x00007ffa14565000 	C:\WINDOWS\SYSTEM32\ntdll.dll
0x00007ffa12c70000 - 0x00007ffa12d2d000 	C:\WINDOWS\System32\KERNEL32.DLL
0x00007ffa11b40000 - 0x00007ffa11e08000 	C:\WINDOWS\System32\KERNELBASE.dll
0x00007ffa12130000 - 0x00007ffa12230000 	C:\WINDOWS\System32\ucrtbase.dll
0x00007ffa0c500000 - 0x00007ffa0c517000 	C:\Program Files\Android\Android Studio\jre\bin\VCRUNTIME140.dll
0x00007ffa0b210000 - 0x00007ffa0b229000 	C:\Program Files\Android\Android Studio\jre\bin\jli.dll
0x00007ffa124a0000 - 0x00007ffa12640000 	C:\WINDOWS\System32\USER32.dll
0x00007ffa04bd0000 - 0x00007ffa04e6a000 	C:\WINDOWS\WinSxS\amd64_microsoft.windows.common-controls_6595b64144ccf1df_6.0.19041.1052_none_60b8f8fd71f5e8cb\COMCTL32.dll
0x00007ffa12100000 - 0x00007ffa12122000 	C:\WINDOWS\System32\win32u.dll
0x00007ffa14250000 - 0x00007ffa1427a000 	C:\WINDOWS\System32\GDI32.dll
0x00007ffa12bd0000 - 0x00007ffa12c6e000 	C:\WINDOWS\System32\msvcrt.dll
0x00007ffa12230000 - 0x00007ffa1233b000 	C:\WINDOWS\System32\gdi32full.dll
0x00007ffa12340000 - 0x00007ffa123dd000 	C:\WINDOWS\System32\msvcp_win.dll
0x00007ffa12b20000 - 0x00007ffa12b50000 	C:\WINDOWS\System32\IMM32.DLL
0x00007ff9f5730000 - 0x00007ff9f57cd000 	C:\Program Files\Android\Android Studio\jre\bin\msvcp140.dll
0x00007ff9de7c0000 - 0x00007ff9df27c000 	C:\Program Files\Android\Android Studio\jre\bin\server\jvm.dll
0x00007ffa14280000 - 0x00007ffa1432c000 	C:\WINDOWS\System32\ADVAPI32.dll
0x00007ffa12700000 - 0x00007ffa1279b000 	C:\WINDOWS\System32\sechost.dll
0x00007ffa13f70000 - 0x00007ffa1409b000 	C:\WINDOWS\System32\RPCRT4.dll
0x00007ffa13f60000 - 0x00007ffa13f68000 	C:\WINDOWS\System32\PSAPI.DLL
0x00007ffa0d810000 - 0x00007ffa0d819000 	C:\WINDOWS\SYSTEM32\WSOCK32.dll
0x00007ffa12df0000 - 0x00007ffa12e5b000 	C:\WINDOWS\System32\WS2_32.dll
0x00007ffa05950000 - 0x00007ffa05977000 	C:\WINDOWS\SYSTEM32\WINMM.dll
0x00007ffa06090000 - 0x00007ffa0609a000 	C:\WINDOWS\SYSTEM32\VERSION.dll
0x00007ffa0fa00000 - 0x00007ffa0fa12000 	C:\WINDOWS\SYSTEM32\kernel.appcore.dll
0x00007ffa0cba0000 - 0x00007ffa0cbb1000 	C:\Program Files\Android\Android Studio\jre\bin\verify.dll
0x00007ffa03bc0000 - 0x00007ffa03da4000 	C:\WINDOWS\SYSTEM32\DBGHELP.DLL
0x00007ff9fadc0000 - 0x00007ff9fadec000 	C:\WINDOWS\SYSTEM32\dbgcore.DLL
0x00007ffa11ab0000 - 0x00007ffa11b33000 	C:\WINDOWS\System32\bcryptPrimitives.dll
0x00007ffa0cb70000 - 0x00007ffa0cb99000 	C:\Program Files\Android\Android Studio\jre\bin\java.dll
0x00007ffa0d800000 - 0x00007ffa0d80b000 	C:\Program Files\Android\Android Studio\jre\bin\jimage.dll
0x00007ffa0af20000 - 0x00007ffa0af38000 	C:\Program Files\Android\Android Studio\jre\bin\zip.dll
0x00007ffa13620000 - 0x00007ffa13d5f000 	C:\WINDOWS\System32\SHELL32.dll
0x00007ffa0fc00000 - 0x00007ffa10390000 	C:\WINDOWS\SYSTEM32\windows.storage.dll
0x00007ffa127c0000 - 0x00007ffa12b15000 	C:\WINDOWS\System32\combase.dll
0x00007ffa11450000 - 0x00007ffa1147c000 	C:\WINDOWS\SYSTEM32\Wldp.dll
0x00007ffa132e0000 - 0x00007ffa1338e000 	C:\WINDOWS\System32\SHCORE.dll
0x00007ffa126a0000 - 0x00007ffa126f5000 	C:\WINDOWS\System32\shlwapi.dll
0x00007ffa119f0000 - 0x00007ffa11a0f000 	C:\WINDOWS\SYSTEM32\profapi.dll
0x00007ffa03220000 - 0x00007ffa0323a000 	C:\Program Files\Android\Android Studio\jre\bin\net.dll
0x00007ffa064e0000 - 0x00007ffa065eb000 	C:\WINDOWS\SYSTEM32\WINHTTP.dll
0x00007ffa111c0000 - 0x00007ffa1122a000 	C:\WINDOWS\system32\mswsock.dll
0x00007ffa01e50000 - 0x00007ffa01e64000 	C:\Program Files\Android\Android Studio\jre\bin\nio.dll
0x00007ffa0c680000 - 0x00007ffa0c6a7000 	C:\Users\Admin\.gradle\native\fdc75f09e3144964f2cf3f50f0aa648679c211496f362492102eb8c894070792\windows-amd64\native-platform.dll
0x00007ff9e2c90000 - 0x00007ff9e2e26000 	C:\Users\Admin\.gradle\native\12488b8bf47d2d4c9fbf2f6322a914ad602e24e48041cd04a747c6da556b65c4\windows-amd64\native-platform-file-events.dll
0x00007ffa0d690000 - 0x00007ffa0d69a000 	C:\Program Files\Android\Android Studio\jre\bin\management.dll
0x00007ffa0d5b0000 - 0x00007ffa0d5bc000 	C:\Program Files\Android\Android Studio\jre\bin\management_ext.dll
0x00007ffa11390000 - 0x00007ffa113a8000 	C:\WINDOWS\SYSTEM32\CRYPTSP.dll
0x00007ffa10b60000 - 0x00007ffa10b94000 	C:\WINDOWS\system32\rsaenh.dll
0x00007ffa11e10000 - 0x00007ffa11e37000 	C:\WINDOWS\System32\bcrypt.dll
0x00007ffa11970000 - 0x00007ffa1199e000 	C:\WINDOWS\SYSTEM32\USERENV.dll
0x00007ffa113b0000 - 0x00007ffa113bc000 	C:\WINDOWS\SYSTEM32\CRYPTBASE.dll
0x00007ffa10eb0000 - 0x00007ffa10eeb000 	C:\WINDOWS\SYSTEM32\IPHLPAPI.DLL
0x00007ffa12de0000 - 0x00007ffa12de8000 	C:\WINDOWS\System32\NSI.dll
0x00007ffa08a30000 - 0x00007ffa08a47000 	C:\WINDOWS\SYSTEM32\dhcpcsvc6.DLL
0x00007ffa089f0000 - 0x00007ffa08a0d000 	C:\WINDOWS\SYSTEM32\dhcpcsvc.DLL
0x00007ffa10ef0000 - 0x00007ffa10fbc000 	C:\WINDOWS\SYSTEM32\DNSAPI.dll
0x00007ffa0a9d0000 - 0x00007ffa0a9db000 	C:\WINDOWS\SYSTEM32\WINNSI.DLL
0x00007ffa00b60000 - 0x00007ffa00b87000 	C:\Program Files\Android\Android Studio\jre\bin\sunec.dll
0x00007ff9f9e20000 - 0x00007ff9f9e37000 	C:\WINDOWS\system32\napinsp.dll
0x00007ff9f9e00000 - 0x00007ff9f9e1b000 	C:\WINDOWS\system32\pnrpnsp.dll
0x00007ff9f9de0000 - 0x00007ff9f9df5000 	C:\WINDOWS\system32\wshbth.dll
0x00007ffa0d560000 - 0x00007ffa0d57d000 	C:\WINDOWS\system32\NLAapi.dll
0x00007ff9f98b0000 - 0x00007ff9f98c2000 	C:\WINDOWS\System32\winrnr.dll
0x00007ffa06220000 - 0x00007ffa0622a000 	C:\Windows\System32\rasadhlp.dll
0x00007ffa06120000 - 0x00007ffa0619f000 	C:\WINDOWS\System32\fwpuclnt.dll

dbghelp: loaded successfully - version: 4.0.5 - missing functions: none
symbol engine: initialized successfully - sym options: 0x614 - pdb path: .;C:\Program Files\Android\Android Studio\jre\bin;C:\WINDOWS\SYSTEM32;C:\WINDOWS\WinSxS\amd64_microsoft.windows.common-controls_6595b64144ccf1df_6.0.19041.1052_none_60b8f8fd71f5e8cb;C:\Program Files\Android\Android Studio\jre\bin\server;C:\Users\Admin\.gradle\native\fdc75f09e3144964f2cf3f50f0aa648679c211496f362492102eb8c894070792\windows-amd64;C:\Users\Admin\.gradle\native\12488b8bf47d2d4c9fbf2f6322a914ad602e24e48041cd04a747c6da556b65c4\windows-amd64

VM Arguments:
jvm_args: --add-opens=java.base/java.util=ALL-UNNAMED --add-opens=java.base/java.lang=ALL-UNNAMED --add-opens=java.base/java.lang.invoke=ALL-UNNAMED --add-opens=java.prefs/java.util.prefs=ALL-UNNAMED -Xmx2048m -Dfile.encoding=UTF-8 -Duser.country=US -Duser.language=en -Duser.variant 
java_command: org.gradle.launcher.daemon.bootstrap.GradleDaemon 6.7.1
java_class_path (initial): C:\Users\Admin\.gradle\wrapper\dists\gradle-6.7.1-all\2moa8rlfac5eqlcfgk98k0deb\gradle-6.7.1\lib\gradle-launcher-6.7.1.jar
Launcher Type: SUN_STANDARD

[Global flags]
     intx CICompilerCount                          = 3                                         {product} {ergonomic}
     uint ConcGCThreads                            = 1                                         {product} {ergonomic}
     uint G1ConcRefinementThreads                  = 4                                         {product} {ergonomic}
   size_t G1HeapRegionSize                         = 1048576                                   {product} {ergonomic}
    uintx GCDrainStackTargetSize                   = 64                                        {product} {ergonomic}
   size_t InitialHeapSize                          = 67108864                                  {product} {ergonomic}
   size_t MarkStackSize                            = 4194304                                   {product} {ergonomic}
   size_t MaxHeapSize                              = 2147483648                                {product} {command line}
   size_t MaxNewSize                               = 1287651328                                {product} {ergonomic}
   size_t MinHeapDeltaBytes                        = 1048576                                   {product} {ergonomic}
    uintx NonNMethodCodeHeapSize                   = 5830732                                {pd product} {ergonomic}
    uintx NonProfiledCodeHeapSize                  = 122913754                              {pd product} {ergonomic}
    uintx ProfiledCodeHeapSize                     = 122913754                              {pd product} {ergonomic}
    uintx ReservedCodeCacheSize                    = 251658240                              {pd product} {ergonomic}
     bool SegmentedCodeCache                       = true                                      {product} {ergonomic}
     bool UseCompressedClassPointers               = true                                 {lp64_product} {ergonomic}
     bool UseCompressedOops                        = true                                 {lp64_product} {ergonomic}
     bool UseG1GC                                  = true                                      {product} {ergonomic}
     bool UseLargePagesIndividualAllocation        = false                                  {pd product} {ergonomic}

Logging:
Log output configuration:
 #0: stdout all=warning uptime,level,tags
 #1: stderr all=off uptime,level,tags

Environment Variables:
PATH=C:\Program Files\Common Files\Oracle\Java\javapath;C:\WINDOWS\system32;C:\WINDOWS;C:\WINDOWS\System32\Wbem;C:\WINDOWS\System32\WindowsPowerShell\v1.0\;C:\WINDOWS\System32\OpenSSH\;C:\Program Files\Java\jdk-15.0.1\bin;C:\Program Files\Microsoft SQL Server\130\Tools\Binn\;C:\Program Files\Git\cmd;C:\Program Files\Microsoft SQL Server\110\Tools\Binn\;C:\Program Files (x86)\Microsoft SQL Server\110\Tools\Binn\ManagementStudio\;C:\Program Files (x86)\Microsoft SQL Server\110\Tools\Binn\;C:\Program Files (x86)\Microsoft Visual Studio 10.0\Common7\IDE\PrivateAssemblies\;C:\Program Files (x86)\Microsoft SQL Server\110\DTS\Binn\;C:\Program Files\Microsoft SQL Server\110\DTS\Binn\;D:\NodeJs\;D:\apache-maven-3.6.0\bin;C:\Users\Admin\AppData\Local\Programs\Python\Python39\Scripts\;C:\Users\Admin\AppData\Local\Programs\Python\Python39\;C:\Users\Admin\AppData\Local\Microsoft\WindowsApps;C:\Users\Admin\AppData\Local\Programs\Microsoft VS Code\bin;C:\Users\Admin\AppData\Roaming\npm;
USERNAME=Admin
OS=Windows_NT
PROCESSOR_IDENTIFIER=Intel64 Family 6 Model 61 Stepping 4, GenuineIntel



---------------  S Y S T E M  ---------------

OS: Windows 10 , 64 bit Build 19041 (10.0.19041.1023)
OS uptime: 23 days 23:22 hours

CPU:total 4 (initial active 4) (2 cores per cpu, 2 threads per core) family 6 model 61 stepping 4, cmov, cx8, fxsr, mmx, sse, sse2, sse3, ssse3, sse4.1, sse4.2, popcnt, avx, avx2, aes, clmul, erms, 3dnowpref, lzcnt, ht, tsc, tscinvbit, bmi1, bmi2, adx, fma

Memory: 4k page, system-wide physical 4005M (286M free)
TotalPageFile size 15839M (AvailPageFile size 10M)
current process WorkingSet (physical memory assigned to process): 434M, peak: 434M
current process commit charge ("private bytes"): 474M, peak: 474M

vm_info: OpenJDK 64-Bit Server VM (11.0.8+10-b944.6842174) for windows-amd64 JRE (11.0.8+10-b944.6842174), built on Sep 19 2020 01:11:42 by "builder" with MS VC++ 14.0 (VS2015)

END.
