#
# There is insufficient memory for the Java Runtime Environment to continue.
# Native memory allocation (malloc) failed to allocate 1453456 bytes for Chunk::new
# Possible reasons:
#   The system is out of physical RAM or swap space
#   The process is running with CompressedOops enabled, and the Java Heap may be blocking the growth of the native heap
# Possible solutions:
#   Reduce memory load on the system
#   Increase physical memory or swap space
#   Check if swap backing store is full
#   Decrease Java heap size (-Xmx/-Xms)
#   Decrease number of Java threads
#   Decrease Java thread stack sizes (-Xss)
#   Set larger code cache with -XX:ReservedCodeCacheSize=
#   JVM is running with Unscaled Compressed Oops mode in which the Java heap is
#     placed in the first 4GB address space. The Java Heap base address is the
#     maximum limit for the native heap growth. Please use -XX:HeapBaseMinAddress
#     to set the Java Heap base and to place the Java Heap above 4GB virtual address.
# This output file may be truncated or incomplete.
#
#  Out of Memory Error (./src/hotspot/share/memory/arena.cpp:197), pid=14084, tid=7224
#
# JRE version: OpenJDK Runtime Environment (11.0.8+10) (build 11.0.8+10-b944.6842174)
# Java VM: OpenJDK 64-Bit Server VM (11.0.8+10-b944.6842174, mixed mode, tiered, compressed oops, g1 gc, windows-amd64)
# No core dump will be written. Minidumps are not enabled by default on client versions of Windows
#

---------------  S U M M A R Y ------------

Command Line: --add-opens=java.base/java.util=ALL-UNNAMED --add-opens=java.base/java.lang=ALL-UNNAMED --add-opens=java.base/java.lang.invoke=ALL-UNNAMED --add-opens=java.prefs/java.util.prefs=ALL-UNNAMED -Xmx2048m -Dfile.encoding=UTF-8 -Duser.country=US -Duser.language=en -Duser.variant org.gradle.launcher.daemon.bootstrap.GradleDaemon 6.7.1

Host: Intel(R) Core(TM) i3-5005U CPU @ 2.00GHz, 4 cores, 3G,  Windows 10 , 64 bit Build 19041 (10.0.19041.1023)
Time: Thu Jul  8 22:23:00 2021 SE Asia Standard Time elapsed time: 37 seconds (0d 0h 0m 37s)

---------------  T H R E A D  ---------------

Current thread (0x0000020e55da6000):  JavaThread "C2 CompilerThread0" daemon [_thread_in_native, id=7224, stack(0x000000d1e2700000,0x000000d1e2800000)]


Current CompileTask:
C2:  37123 11701       4       org.gradle.internal.snapshot.SnapshotUtil::getMetadataFromChildren (317 bytes)

Stack: [0x000000d1e2700000,0x000000d1e2800000]
Native frames: (J=compiled Java code, j=interpreted, Vv=VM code, C=native code)
V  [jvm.dll+0x5de50a]
V  [jvm.dll+0x7122f5]
V  [jvm.dll+0x71384d]
V  [jvm.dll+0x713f03]
V  [jvm.dll+0x23e728]
V  [jvm.dll+0xb899c]
V  [jvm.dll+0xb8e9c]
V  [jvm.dll+0x35024d]
V  [jvm.dll+0x31dea3]
V  [jvm.dll+0x31d39a]
V  [jvm.dll+0x1f7702]
V  [jvm.dll+0x1f68d4]
V  [jvm.dll+0x17f32c]
V  [jvm.dll+0x205047]
V  [jvm.dll+0x203891]
V  [jvm.dll+0x6dad3f]
V  [jvm.dll+0x6d3895]
V  [jvm.dll+0x5dd4a6]
C  [ucrtbase.dll+0x21bb2]
C  [KERNEL32.DLL+0x17034]
C  [ntdll.dll+0x52651]


---------------  P R O C E S S  ---------------

Threads class SMR info:
_java_thread_list=0x0000020e5874e530, length=144, elements={
0x0000020e3bb6a800, 0x0000020e55d4a000, 0x0000020e55d4c000, 0x0000020e55d55000,
0x0000020e55d56000, 0x0000020e55da6000, 0x0000020e55daf800, 0x0000020e55dc2000,
0x0000020e56848000, 0x0000020e5684b800, 0x0000020e57e43000, 0x0000020e578c5000,
0x0000020e57186800, 0x0000020e57b88800, 0x0000020e5804f000, 0x0000020e57c3e800,
0x0000020e57e62000, 0x0000020e5880f000, 0x0000020e56d71000, 0x0000020e56a71800,
0x0000020e569f5000, 0x0000020e569f3800, 0x0000020e569f4800, 0x0000020e569f6000,
0x0000020e569f7000, 0x0000020e569f7800, 0x0000020e569f2000, 0x0000020e569f8800,
0x0000020e569f3000, 0x0000020e5ae1b000, 0x0000020e5ae17800, 0x0000020e5ae1a000,
0x0000020e5ae16000, 0x0000020e5ae1c800, 0x0000020e5ae17000, 0x0000020e5ae1e800,
0x0000020e5ae1d800, 0x0000020e5ae18800, 0x0000020e5ae20800, 0x0000020e5ae1f000,
0x0000020e5ae21800, 0x0000020e5ae22800, 0x0000020e5ae20000, 0x0000020e5ae23000,
0x0000020e5ae24000, 0x0000020e5936a800, 0x0000020e59369800, 0x0000020e5936b000,
0x0000020e5936c000, 0x0000020e5936d000, 0x0000020e59368800, 0x0000020e59367000,
0x0000020e5936d800, 0x0000020e59368000, 0x0000020e59374000, 0x0000020e5936f800,
0x0000020e59370000, 0x0000020e59371000, 0x0000020e5936e800, 0x0000020e59371800,
0x0000020e59372800, 0x0000020e59375000, 0x0000020e59376000, 0x0000020e59373800,
0x0000020e5933d000, 0x0000020e59338800, 0x0000020e5933d800, 0x0000020e59338000,
0x0000020e5933f000, 0x0000020e5933c000, 0x0000020e5933e800, 0x0000020e59339800,
0x0000020e59340000, 0x0000020e5933a800, 0x0000020e59341000, 0x0000020e5933b000,
0x0000020e59346800, 0x0000020e59342800, 0x0000020e59341800, 0x0000020e59344000,
0x0000020e59346000, 0x0000020e59343800, 0x0000020e59345000, 0x0000020e58864000,
0x0000020e58866800, 0x0000020e58863000, 0x0000020e58865000, 0x0000020e58867000,
0x0000020e58862800, 0x0000020e58865800, 0x0000020e58861800, 0x0000020e58869800,
0x0000020e5886b800, 0x0000020e58868000, 0x0000020e5886c000, 0x0000020e5886d000,
0x0000020e5886d800, 0x0000020e5886e800, 0x0000020e58869000, 0x0000020e5886f800,
0x0000020e58870000, 0x0000020e5886a800, 0x0000020e5b236800, 0x0000020e5b237800,
0x0000020e5b23d000, 0x0000020e5b239000, 0x0000020e5b23a800, 0x0000020e5b23b800,
0x0000020e5b23c000, 0x0000020e5b23e000, 0x0000020e5b238000, 0x0000020e5b23e800,
0x0000020e5b23f800, 0x0000020e5b23a000, 0x0000020e5b240800, 0x0000020e5b243000,
0x0000020e5b243800, 0x0000020e5b245000, 0x0000020e5b244800, 0x0000020e5b241000,
0x0000020e5b242000, 0x0000020e5aa08000, 0x0000020e5aa0a800, 0x0000020e5aa0a000,
0x0000020e5aa0b800, 0x0000020e5aa0e000, 0x0000020e5aa0c800, 0x0000020e5aa0d000,
0x0000020e5aa09000, 0x0000020e5aa12000, 0x0000020e5aa10800, 0x0000020e5aa11000,
0x0000020e5aa13000, 0x0000020e5aa13800, 0x0000020e5aa0e800, 0x0000020e5aa14800,
0x0000020e5aa15000, 0x0000020e5aa0f800, 0x0000020e5aa16000, 0x0000020e5aa17000,
0x0000020e5927a000, 0x0000020e5927b000, 0x0000020e5927c000, 0x0000020e5927c800
}

Java Threads: ( => current thread )
  0x0000020e3bb6a800 JavaThread "main" [_thread_blocked, id=1832, stack(0x000000d1e1c00000,0x000000d1e1d00000)]
  0x0000020e55d4a000 JavaThread "Reference Handler" daemon [_thread_blocked, id=11888, stack(0x000000d1e2300000,0x000000d1e2400000)]
  0x0000020e55d4c000 JavaThread "Finalizer" daemon [_thread_blocked, id=8976, stack(0x000000d1e2400000,0x000000d1e2500000)]
  0x0000020e55d55000 JavaThread "Signal Dispatcher" daemon [_thread_blocked, id=1360, stack(0x000000d1e2500000,0x000000d1e2600000)]
  0x0000020e55d56000 JavaThread "Attach Listener" daemon [_thread_blocked, id=14420, stack(0x000000d1e2600000,0x000000d1e2700000)]
=>0x0000020e55da6000 JavaThread "C2 CompilerThread0" daemon [_thread_in_native, id=7224, stack(0x000000d1e2700000,0x000000d1e2800000)]
  0x0000020e55daf800 JavaThread "C1 CompilerThread0" daemon [_thread_blocked, id=6608, stack(0x000000d1e2800000,0x000000d1e2900000)]
  0x0000020e55dc2000 JavaThread "Sweeper thread" daemon [_thread_blocked, id=8700, stack(0x000000d1e2900000,0x000000d1e2a00000)]
  0x0000020e56848000 JavaThread "Common-Cleaner" daemon [_thread_blocked, id=11852, stack(0x000000d1e2a00000,0x000000d1e2b00000)]
  0x0000020e5684b800 JavaThread "Service Thread" daemon [_thread_blocked, id=11996, stack(0x000000d1e2b00000,0x000000d1e2c00000)]
  0x0000020e57e43000 JavaThread "Daemon health stats" [_thread_blocked, id=10804, stack(0x000000d1e2e00000,0x000000d1e2f00000)]
  0x0000020e578c5000 JavaThread "Incoming local TCP Connector on port 58054" [_thread_in_native, id=9344, stack(0x000000d1e3300000,0x000000d1e3400000)]
  0x0000020e57186800 JavaThread "Daemon periodic checks" [_thread_blocked, id=10320, stack(0x000000d1e3400000,0x000000d1e3500000)]
  0x0000020e57b88800 JavaThread "Daemon" [_thread_blocked, id=9192, stack(0x000000d1e3500000,0x000000d1e3600000)]
  0x0000020e5804f000 JavaThread "Handler for socket connection from /127.0.0.1:58054 to /127.0.0.1:58055" [_thread_in_native, id=5316, stack(0x000000d1e3600000,0x000000d1e3700000)]
  0x0000020e57c3e800 JavaThread "Cancel handler" [_thread_blocked, id=13108, stack(0x000000d1e3700000,0x000000d1e3800000)]
  0x0000020e57e62000 JavaThread "Daemon worker" [_thread_blocked, id=8624, stack(0x000000d1e3800000,0x000000d1e3900000)]
  0x0000020e5880f000 JavaThread "Asynchronous log dispatcher for DefaultDaemonConnection: socket connection from /127.0.0.1:58054 to /127.0.0.1:58055" [_thread_blocked, id=7412, stack(0x000000d1e3900000,0x000000d1e3a00000)]
  0x0000020e56d71000 JavaThread "Stdin handler" [_thread_blocked, id=6088, stack(0x000000d1e3a00000,0x000000d1e3b00000)]
  0x0000020e56a71800 JavaThread "Thread-8" [_thread_blocked, id=14728, stack(0x000000d1e3b00000,0x000000d1e3c00000)]
  0x0000020e569f5000 JavaThread "Cache worker for file hash cache (C:\Users\Admin\.gradle\caches\6.7.1\fileHashes)" [_thread_blocked, id=5220, stack(0x000000d1e3c00000,0x000000d1e3d00000)]
  0x0000020e569f3800 JavaThread "File lock request listener" [_thread_in_native, id=2232, stack(0x000000d1e3d00000,0x000000d1e3e00000)]
  0x0000020e569f4800 JavaThread "Cache worker for journal cache (C:\Users\Admin\.gradle\caches\journal-1)" [_thread_blocked, id=14632, stack(0x000000d1e3e00000,0x000000d1e3f00000)]
  0x0000020e569f6000 JavaThread "Cache worker for file hash cache (D:\AndroidStudioProjects\Eat_Simple\.gradle\6.7.1\fileHashes)" [_thread_blocked, id=352, stack(0x000000d1e3f00000,0x000000d1e4000000)]
  0x0000020e569f7000 JavaThread "Cache worker for checksums cache (D:\AndroidStudioProjects\Eat_Simple\.gradle\checksums)" [_thread_blocked, id=4256, stack(0x000000d1e4000000,0x000000d1e4100000)]
  0x0000020e569f7800 JavaThread "Cache worker for cache directory md-supplier (C:\Users\Admin\.gradle\caches\6.7.1\md-supplier)" [_thread_blocked, id=9084, stack(0x000000d1e4100000,0x000000d1e4200000)]
  0x0000020e569f2000 JavaThread "Cache worker for cache directory md-rule (C:\Users\Admin\.gradle\caches\6.7.1\md-rule)" [_thread_blocked, id=6748, stack(0x000000d1e4200000,0x000000d1e4300000)]
  0x0000020e569f8800 JavaThread "Cache worker for execution history cache (C:\Users\Admin\.gradle\caches\6.7.1\executionHistory)" [_thread_blocked, id=1316, stack(0x000000d1e4300000,0x000000d1e4400000)]
  0x0000020e569f3000 JavaThread "jar transforms" [_thread_blocked, id=2188, stack(0x000000d1e4400000,0x000000d1e4500000)]
  0x0000020e5ae1b000 JavaThread "Cache worker for file content cache (C:\Users\Admin\.gradle\caches\6.7.1\fileContent)" [_thread_blocked, id=7000, stack(0x000000d1e4500000,0x000000d1e4600000)]
  0x0000020e5ae17800 JavaThread "Cache worker for Build Output Cleanup Cache (D:\AndroidStudioProjects\Eat_Simple\.gradle\buildOutputCleanup)" [_thread_blocked, id=9696, stack(0x000000d1e4600000,0x000000d1e4700000)]
  0x0000020e5ae1a000 JavaThread "Build operations" [_thread_blocked, id=1624, stack(0x000000d1e4700000,0x000000d1e4800000)]
  0x0000020e5ae16000 JavaThread "Build operations Thread 2" [_thread_blocked, id=6572, stack(0x000000d1e4800000,0x000000d1e4900000)]
  0x0000020e5ae1c800 JavaThread "Build operations Thread 3" [_thread_blocked, id=928, stack(0x000000d1e4900000,0x000000d1e4a00000)]
  0x0000020e5ae17000 JavaThread "Build operations Thread 4" [_thread_blocked, id=2616, stack(0x000000d1e4a00000,0x000000d1e4b00000)]
  0x0000020e5ae1e800 JavaThread "jar transforms Thread 2" [_thread_blocked, id=5556, stack(0x000000d1e4b00000,0x000000d1e4c00000)]
  0x0000020e5ae1d800 JavaThread "jar transforms Thread 3" [_thread_blocked, id=9424, stack(0x000000d1e4c00000,0x000000d1e4d00000)]
  0x0000020e5ae18800 JavaThread "jar transforms Thread 4" [_thread_blocked, id=12624, stack(0x000000d1e4d00000,0x000000d1e4e00000)]
  0x0000020e5ae20800 JavaThread "jar transforms Thread 5" [_thread_blocked, id=6804, stack(0x000000d1e4e00000,0x000000d1e4f00000)]
  0x0000020e5ae1f000 JavaThread "jar transforms Thread 6" [_thread_blocked, id=14552, stack(0x000000d1e4f00000,0x000000d1e5000000)]
  0x0000020e5ae21800 JavaThread "jar transforms Thread 7" [_thread_blocked, id=6776, stack(0x000000d1e5000000,0x000000d1e5100000)]
  0x0000020e5ae22800 JavaThread "jar transforms Thread 8" [_thread_blocked, id=8744, stack(0x000000d1e5100000,0x000000d1e5200000)]
  0x0000020e5ae20000 JavaThread "jar transforms Thread 9" [_thread_blocked, id=4696, stack(0x000000d1e5200000,0x000000d1e5300000)]
  0x0000020e5ae23000 JavaThread "jar transforms Thread 10" [_thread_blocked, id=10532, stack(0x000000d1e5300000,0x000000d1e5400000)]
  0x0000020e5ae24000 JavaThread "jar transforms Thread 11" [_thread_blocked, id=6484, stack(0x000000d1e5400000,0x000000d1e5500000)]
  0x0000020e5936a800 JavaThread "jar transforms Thread 12" [_thread_blocked, id=2052, stack(0x000000d1e5500000,0x000000d1e5600000)]
  0x0000020e59369800 JavaThread "jar transforms Thread 13" [_thread_blocked, id=15228, stack(0x000000d1e5600000,0x000000d1e5700000)]
  0x0000020e5936b000 JavaThread "jar transforms Thread 14" [_thread_blocked, id=5216, stack(0x000000d1e5700000,0x000000d1e5800000)]
  0x0000020e5936c000 JavaThread "jar transforms Thread 15" [_thread_blocked, id=14568, stack(0x000000d1e5800000,0x000000d1e5900000)]
  0x0000020e5936d000 JavaThread "jar transforms Thread 16" [_thread_blocked, id=11128, stack(0x000000d1e5900000,0x000000d1e5a00000)]
  0x0000020e59368800 JavaThread "jar transforms Thread 17" [_thread_blocked, id=3904, stack(0x000000d1e5a00000,0x000000d1e5b00000)]
  0x0000020e59367000 JavaThread "jar transforms Thread 18" [_thread_blocked, id=13572, stack(0x000000d1e5b00000,0x000000d1e5c00000)]
  0x0000020e5936d800 JavaThread "jar transforms Thread 19" [_thread_blocked, id=8656, stack(0x000000d1e5c00000,0x000000d1e5d00000)]
  0x0000020e59368000 JavaThread "jar transforms Thread 20" [_thread_blocked, id=12840, stack(0x000000d1e5d00000,0x000000d1e5e00000)]
  0x0000020e59374000 JavaThread "jar transforms Thread 21" [_thread_blocked, id=14260, stack(0x000000d1e5e00000,0x000000d1e5f00000)]
  0x0000020e5936f800 JavaThread "jar transforms Thread 22" [_thread_blocked, id=10780, stack(0x000000d1e5f00000,0x000000d1e6000000)]
  0x0000020e59370000 JavaThread "jar transforms Thread 23" [_thread_blocked, id=14036, stack(0x000000d1e6000000,0x000000d1e6100000)]
  0x0000020e59371000 JavaThread "jar transforms Thread 24" [_thread_blocked, id=13660, stack(0x000000d1e6100000,0x000000d1e6200000)]
  0x0000020e5936e800 JavaThread "jar transforms Thread 25" [_thread_blocked, id=12268, stack(0x000000d1e6200000,0x000000d1e6300000)]
  0x0000020e59371800 JavaThread "jar transforms Thread 26" [_thread_blocked, id=13584, stack(0x000000d1e6300000,0x000000d1e6400000)]
  0x0000020e59372800 JavaThread "jar transforms Thread 27" [_thread_blocked, id=10480, stack(0x000000d1e6400000,0x000000d1e6500000)]
  0x0000020e59375000 JavaThread "jar transforms Thread 28" [_thread_blocked, id=1860, stack(0x000000d1e6500000,0x000000d1e6600000)]
  0x0000020e59376000 JavaThread "jar transforms Thread 29" [_thread_blocked, id=8348, stack(0x000000d1e6600000,0x000000d1e6700000)]
  0x0000020e59373800 JavaThread "jar transforms Thread 30" [_thread_blocked, id=15172, stack(0x000000d1e6700000,0x000000d1e6800000)]
  0x0000020e5933d000 JavaThread "jar transforms Thread 31" [_thread_blocked, id=9436, stack(0x000000d1e6800000,0x000000d1e6900000)]
  0x0000020e59338800 JavaThread "jar transforms Thread 32" [_thread_blocked, id=8292, stack(0x000000d1e6900000,0x000000d1e6a00000)]
  0x0000020e5933d800 JavaThread "jar transforms Thread 33" [_thread_blocked, id=7540, stack(0x000000d1e6a00000,0x000000d1e6b00000)]
  0x0000020e59338000 JavaThread "jar transforms Thread 34" [_thread_blocked, id=7432, stack(0x000000d1e6b00000,0x000000d1e6c00000)]
  0x0000020e5933f000 JavaThread "jar transforms Thread 35" [_thread_blocked, id=4640, stack(0x000000d1e6c00000,0x000000d1e6d00000)]
  0x0000020e5933c000 JavaThread "jar transforms Thread 36" [_thread_blocked, id=7572, stack(0x000000d1e6d00000,0x000000d1e6e00000)]
  0x0000020e5933e800 JavaThread "jar transforms Thread 37" [_thread_blocked, id=15068, stack(0x000000d1e6e00000,0x000000d1e6f00000)]
  0x0000020e59339800 JavaThread "jar transforms Thread 38" [_thread_blocked, id=11004, stack(0x000000d1e6f00000,0x000000d1e7000000)]
  0x0000020e59340000 JavaThread "jar transforms Thread 39" [_thread_blocked, id=10268, stack(0x000000d1e7000000,0x000000d1e7100000)]
  0x0000020e5933a800 JavaThread "jar transforms Thread 40" [_thread_blocked, id=12692, stack(0x000000d1e7100000,0x000000d1e7200000)]
  0x0000020e59341000 JavaThread "jar transforms Thread 41" [_thread_blocked, id=13576, stack(0x000000d1e7200000,0x000000d1e7300000)]
  0x0000020e5933b000 JavaThread "jar transforms Thread 42" [_thread_blocked, id=8500, stack(0x000000d1e7300000,0x000000d1e7400000)]
  0x0000020e59346800 JavaThread "jar transforms Thread 43" [_thread_blocked, id=568, stack(0x000000d1e7400000,0x000000d1e7500000)]
  0x0000020e59342800 JavaThread "jar transforms Thread 44" [_thread_blocked, id=3020, stack(0x000000d1e7500000,0x000000d1e7600000)]
  0x0000020e59341800 JavaThread "jar transforms Thread 45" [_thread_blocked, id=11216, stack(0x000000d1e7600000,0x000000d1e7700000)]
  0x0000020e59344000 JavaThread "jar transforms Thread 46" [_thread_blocked, id=4704, stack(0x000000d1e7700000,0x000000d1e7800000)]
  0x0000020e59346000 JavaThread "jar transforms Thread 47" [_thread_blocked, id=7028, stack(0x000000d1e7800000,0x000000d1e7900000)]
  0x0000020e59343800 JavaThread "jar transforms Thread 48" [_thread_blocked, id=12364, stack(0x000000d1e7900000,0x000000d1e7a00000)]
  0x0000020e59345000 JavaThread "jar transforms Thread 49" [_thread_blocked, id=4724, stack(0x000000d1e7a00000,0x000000d1e7b00000)]
  0x0000020e58864000 JavaThread "jar transforms Thread 50" [_thread_blocked, id=11156, stack(0x000000d1e7b00000,0x000000d1e7c00000)]
  0x0000020e58866800 JavaThread "jar transforms Thread 51" [_thread_blocked, id=12940, stack(0x000000d1e7c00000,0x000000d1e7d00000)]
  0x0000020e58863000 JavaThread "jar transforms Thread 52" [_thread_blocked, id=10812, stack(0x000000d1e7d00000,0x000000d1e7e00000)]
  0x0000020e58865000 JavaThread "jar transforms Thread 53" [_thread_blocked, id=11752, stack(0x000000d1e7e00000,0x000000d1e7f00000)]
  0x0000020e58867000 JavaThread "jar transforms Thread 54" [_thread_blocked, id=10440, stack(0x000000d1e7f00000,0x000000d1e8000000)]
  0x0000020e58862800 JavaThread "jar transforms Thread 55" [_thread_blocked, id=14404, stack(0x000000d1e8000000,0x000000d1e8100000)]
  0x0000020e58865800 JavaThread "jar transforms Thread 56" [_thread_blocked, id=6128, stack(0x000000d1e8100000,0x000000d1e8200000)]
  0x0000020e58861800 JavaThread "jar transforms Thread 57" [_thread_blocked, id=9896, stack(0x000000d1e8200000,0x000000d1e8300000)]
  0x0000020e58869800 JavaThread "jar transforms Thread 58" [_thread_blocked, id=12444, stack(0x000000d1e8300000,0x000000d1e8400000)]
  0x0000020e5886b800 JavaThread "jar transforms Thread 59" [_thread_blocked, id=8544, stack(0x000000d1e8400000,0x000000d1e8500000)]
  0x0000020e58868000 JavaThread "jar transforms Thread 60" [_thread_blocked, id=12304, stack(0x000000d1e8500000,0x000000d1e8600000)]
  0x0000020e5886c000 JavaThread "jar transforms Thread 61" [_thread_blocked, id=9300, stack(0x000000d1e8600000,0x000000d1e8700000)]
  0x0000020e5886d000 JavaThread "jar transforms Thread 62" [_thread_blocked, id=1836, stack(0x000000d1e8700000,0x000000d1e8800000)]
  0x0000020e5886d800 JavaThread "jar transforms Thread 63" [_thread_blocked, id=12044, stack(0x000000d1e8800000,0x000000d1e8900000)]
  0x0000020e5886e800 JavaThread "jar transforms Thread 64" [_thread_blocked, id=6464, stack(0x000000d1e8900000,0x000000d1e8a00000)]
  0x0000020e58869000 JavaThread "jar transforms Thread 65" [_thread_blocked, id=2404, stack(0x000000d1e8a00000,0x000000d1e8b00000)]
  0x0000020e5886f800 JavaThread "jar transforms Thread 66" [_thread_blocked, id=13536, stack(0x000000d1e8b00000,0x000000d1e8c00000)]
  0x0000020e58870000 JavaThread "jar transforms Thread 67" [_thread_blocked, id=8780, stack(0x000000d1e8c00000,0x000000d1e8d00000)]
  0x0000020e5886a800 JavaThread "jar transforms Thread 68" [_thread_blocked, id=6956, stack(0x000000d1e8d00000,0x000000d1e8e00000)]
  0x0000020e5b236800 JavaThread "jar transforms Thread 69" [_thread_blocked, id=8368, stack(0x000000d1e8e00000,0x000000d1e8f00000)]
  0x0000020e5b237800 JavaThread "jar transforms Thread 70" [_thread_blocked, id=2740, stack(0x000000d1e8f00000,0x000000d1e9000000)]
  0x0000020e5b23d000 JavaThread "jar transforms Thread 71" [_thread_blocked, id=12484, stack(0x000000d1e9000000,0x000000d1e9100000)]
  0x0000020e5b239000 JavaThread "jar transforms Thread 72" [_thread_blocked, id=8384, stack(0x000000d1e9100000,0x000000d1e9200000)]
  0x0000020e5b23a800 JavaThread "jar transforms Thread 73" [_thread_blocked, id=13564, stack(0x000000d1e9200000,0x000000d1e9300000)]
  0x0000020e5b23b800 JavaThread "jar transforms Thread 74" [_thread_blocked, id=6432, stack(0x000000d1e9300000,0x000000d1e9400000)]
  0x0000020e5b23c000 JavaThread "jar transforms Thread 75" [_thread_blocked, id=10748, stack(0x000000d1e9400000,0x000000d1e9500000)]
  0x0000020e5b23e000 JavaThread "jar transforms Thread 76" [_thread_blocked, id=2628, stack(0x000000d1e9500000,0x000000d1e9600000)]
  0x0000020e5b238000 JavaThread "jar transforms Thread 77" [_thread_blocked, id=9820, stack(0x000000d1e9600000,0x000000d1e9700000)]
  0x0000020e5b23e800 JavaThread "jar transforms Thread 78" [_thread_blocked, id=5244, stack(0x000000d1e9700000,0x000000d1e9800000)]
  0x0000020e5b23f800 JavaThread "jar transforms Thread 79" [_thread_blocked, id=4512, stack(0x000000d1e9800000,0x000000d1e9900000)]
  0x0000020e5b23a000 JavaThread "jar transforms Thread 80" [_thread_blocked, id=13180, stack(0x000000d1e9900000,0x000000d1e9a00000)]
  0x0000020e5b240800 JavaThread "jar transforms Thread 81" [_thread_blocked, id=14160, stack(0x000000d1e9a00000,0x000000d1e9b00000)]
  0x0000020e5b243000 JavaThread "jar transforms Thread 82" [_thread_blocked, id=12716, stack(0x000000d1e9b00000,0x000000d1e9c00000)]
  0x0000020e5b243800 JavaThread "jar transforms Thread 83" [_thread_blocked, id=14828, stack(0x000000d1e9c00000,0x000000d1e9d00000)]
  0x0000020e5b245000 JavaThread "jar transforms Thread 84" [_thread_blocked, id=7692, stack(0x000000d1e9d00000,0x000000d1e9e00000)]
  0x0000020e5b244800 JavaThread "jar transforms Thread 85" [_thread_blocked, id=1084, stack(0x000000d1e9e00000,0x000000d1e9f00000)]
  0x0000020e5b241000 JavaThread "jar transforms Thread 86" [_thread_blocked, id=11500, stack(0x000000d1e9f00000,0x000000d1ea000000)]
  0x0000020e5b242000 JavaThread "jar transforms Thread 87" [_thread_blocked, id=3760, stack(0x000000d1ea000000,0x000000d1ea100000)]
  0x0000020e5aa08000 JavaThread "jar transforms Thread 88" [_thread_blocked, id=9872, stack(0x000000d1ea100000,0x000000d1ea200000)]
  0x0000020e5aa0a800 JavaThread "jar transforms Thread 89" [_thread_blocked, id=9596, stack(0x000000d1ea200000,0x000000d1ea300000)]
  0x0000020e5aa0a000 JavaThread "jar transforms Thread 90" [_thread_blocked, id=9464, stack(0x000000d1ea300000,0x000000d1ea400000)]
  0x0000020e5aa0b800 JavaThread "jar transforms Thread 91" [_thread_blocked, id=8432, stack(0x000000d1ea400000,0x000000d1ea500000)]
  0x0000020e5aa0e000 JavaThread "jar transforms Thread 92" [_thread_blocked, id=5340, stack(0x000000d1ea500000,0x000000d1ea600000)]
  0x0000020e5aa0c800 JavaThread "jar transforms Thread 93" [_thread_blocked, id=14624, stack(0x000000d1ea600000,0x000000d1ea700000)]
  0x0000020e5aa0d000 JavaThread "jar transforms Thread 94" [_thread_blocked, id=6756, stack(0x000000d1ea700000,0x000000d1ea800000)]
  0x0000020e5aa09000 JavaThread "jar transforms Thread 95" [_thread_blocked, id=11836, stack(0x000000d1ea800000,0x000000d1ea900000)]
  0x0000020e5aa12000 JavaThread "jar transforms Thread 96" [_thread_blocked, id=7604, stack(0x000000d1ea900000,0x000000d1eaa00000)]
  0x0000020e5aa10800 JavaThread "jar transforms Thread 97" [_thread_blocked, id=6664, stack(0x000000d1eaa00000,0x000000d1eab00000)]
  0x0000020e5aa11000 JavaThread "jar transforms Thread 98" [_thread_blocked, id=10304, stack(0x000000d1eab00000,0x000000d1eac00000)]
  0x0000020e5aa13000 JavaThread "jar transforms Thread 99" [_thread_blocked, id=4816, stack(0x000000d1eac00000,0x000000d1ead00000)]
  0x0000020e5aa13800 JavaThread "Memory manager" [_thread_blocked, id=11900, stack(0x000000d1ead00000,0x000000d1eae00000)]
  0x0000020e5aa0e800 JavaThread "build event listener" [_thread_blocked, id=3052, stack(0x000000d1eae00000,0x000000d1eaf00000)]
  0x0000020e5aa14800 JavaThread "build event listener" [_thread_blocked, id=14228, stack(0x000000d1eaf00000,0x000000d1eb000000)]
  0x0000020e5aa15000 JavaThread "Execution worker for ':'" [_thread_blocked, id=6288, stack(0x000000d1eb000000,0x000000d1eb100000)]
  0x0000020e5aa0f800 JavaThread "Execution worker for ':' Thread 2" [_thread_blocked, id=14252, stack(0x000000d1eb100000,0x000000d1eb200000)]
  0x0000020e5aa16000 JavaThread "Execution worker for ':' Thread 3" [_thread_blocked, id=11732, stack(0x000000d1eb200000,0x000000d1eb300000)]
  0x0000020e5aa17000 JavaThread "Cache worker for execution history cache (D:\AndroidStudioProjects\Eat_Simple\.gradle\6.7.1\executionHistory)" [_thread_blocked, id=14256, stack(0x000000d1eb300000,0x000000d1eb400000)]
  0x0000020e5927a000 JavaThread "WorkerExecutor Queue" [_thread_blocked, id=4456, stack(0x000000d1eb500000,0x000000d1eb600000)]
  0x0000020e5927b000 JavaThread "WorkerExecutor Queue Thread 2" [_thread_in_native, id=7464, stack(0x000000d1eb600000,0x000000d1eb700000)]
  0x0000020e5927c000 JavaThread "WorkerExecutor Queue Thread 3" [_thread_blocked, id=3344, stack(0x000000d1eb700000,0x000000d1eb800000)]
  0x0000020e5927c800 JavaThread "WorkerExecutor Queue Thread 4" [_thread_blocked, id=10892, stack(0x000000d1eb800000,0x000000d1eb900000)]

Other Threads:
  0x0000020e55d42000 VMThread "VM Thread" [stack: 0x000000d1e2200000,0x000000d1e2300000] [id=15280] _threads_hazard_ptr=0x0000020e5874e530
  0x0000020e5684d800 WatcherThread [stack: 0x000000d1e2c00000,0x000000d1e2d00000] [id=13100]
  0x0000020e3bb83000 GCTaskThread "GC Thread#0" [stack: 0x000000d1e1d00000,0x000000d1e1e00000] [id=260]
  0x0000020e5715c800 GCTaskThread "GC Thread#1" [stack: 0x000000d1e2d00000,0x000000d1e2e00000] [id=9736]
  0x0000020e57532800 GCTaskThread "GC Thread#2" [stack: 0x000000d1e2f00000,0x000000d1e3000000] [id=5908]
  0x0000020e57fe7000 GCTaskThread "GC Thread#3" [stack: 0x000000d1e3000000,0x000000d1e3100000] [id=9060]
  0x0000020e3bbb3800 ConcurrentGCThread "G1 Main Marker" [stack: 0x000000d1e1e00000,0x000000d1e1f00000] [id=10604]
  0x0000020e3bbb7000 ConcurrentGCThread "G1 Conc#0" [stack: 0x000000d1e1f00000,0x000000d1e2000000] [id=13112]
  0x0000020e3bc0e800 ConcurrentGCThread "G1 Refine#0" [stack: 0x000000d1e2000000,0x000000d1e2100000] [id=1820]
  0x0000020e3bc0f800 ConcurrentGCThread "G1 Young RemSet Sampling" [stack: 0x000000d1e2100000,0x000000d1e2200000] [id=14104]

Threads with active compile tasks:
C2 CompilerThread0  37205 11701       4       org.gradle.internal.snapshot.SnapshotUtil::getMetadataFromChildren (317 bytes)

VM state:not at safepoint (normal execution)

VM Mutex/Monitor currently owned by a thread: None

Heap address: 0x0000000080000000, size: 2048 MB, Compressed Oops mode: 32-bit
Narrow klass base: 0x0000000000000000, Narrow klass shift: 3
Compressed class space size: 1073741824 Address: 0x0000000100000000

Heap:
 garbage-first heap   total 199680K, used 118981K [0x0000000080000000, 0x0000000100000000)
  region size 1024K, 25 young (25600K), 5 survivors (5120K)
 Metaspace       used 89045K, capacity 91089K, committed 91340K, reserved 1128448K
  class space    used 11224K, capacity 11940K, committed 12032K, reserved 1048576K
Heap Regions: E=young(eden), S=young(survivor), O=old, HS=humongous(starts), HC=humongous(continues), CS=collection set, F=free, A=archive, TAMS=top-at-mark-start (previous, next)
|   0|0x0000000080000000, 0x0000000080100000, 0x0000000080100000|100%| O|  |TAMS 0x0000000080100000, 0x0000000080000000| Updating 
|   1|0x0000000080100000, 0x0000000080200000, 0x0000000080200000|100%| O|  |TAMS 0x0000000080200000, 0x0000000080100000| Updating 
|   2|0x0000000080200000, 0x0000000080300000, 0x0000000080300000|100%| O|  |TAMS 0x0000000080300000, 0x0000000080200000| Updating 
|   3|0x0000000080300000, 0x0000000080400000, 0x0000000080400000|100%|HS|  |TAMS 0x0000000080400000, 0x0000000080300000| Complete 
|   4|0x0000000080400000, 0x0000000080500000, 0x0000000080500000|100%|HC|  |TAMS 0x0000000080500000, 0x0000000080400000| Complete 
|   5|0x0000000080500000, 0x0000000080600000, 0x0000000080600000|100%|HC|  |TAMS 0x0000000080600000, 0x0000000080500000| Complete 
|   6|0x0000000080600000, 0x0000000080700000, 0x0000000080700000|100%| O|  |TAMS 0x0000000080700000, 0x0000000080600000| Updating 
|   7|0x0000000080700000, 0x0000000080800000, 0x0000000080800000|100%| O|  |TAMS 0x0000000080800000, 0x0000000080700000| Updating 
|   8|0x0000000080800000, 0x0000000080900000, 0x0000000080900000|100%| O|  |TAMS 0x0000000080900000, 0x0000000080800000| Updating 
|   9|0x0000000080900000, 0x0000000080a00000, 0x0000000080a00000|100%| O|  |TAMS 0x0000000080a00000, 0x0000000080900000| Updating 
|  10|0x0000000080a00000, 0x0000000080b00000, 0x0000000080b00000|100%| O|  |TAMS 0x0000000080b00000, 0x0000000080a00000| Updating 
|  11|0x0000000080b00000, 0x0000000080c00000, 0x0000000080c00000|100%| O|  |TAMS 0x0000000080c00000, 0x0000000080b00000| Updating 
|  12|0x0000000080c00000, 0x0000000080d00000, 0x0000000080d00000|100%| O|  |TAMS 0x0000000080d00000, 0x0000000080c00000| Updating 
|  13|0x0000000080d00000, 0x0000000080e00000, 0x0000000080e00000|100%| O|  |TAMS 0x0000000080e00000, 0x0000000080d00000| Updating 
|  14|0x0000000080e00000, 0x0000000080f00000, 0x0000000080f00000|100%| O|  |TAMS 0x0000000080f00000, 0x0000000080e00000| Updating 
|  15|0x0000000080f00000, 0x0000000081000000, 0x0000000081000000|100%| O|  |TAMS 0x0000000081000000, 0x0000000080f00000| Updating 
|  16|0x0000000081000000, 0x0000000081100000, 0x0000000081100000|100%| O|  |TAMS 0x0000000081100000, 0x0000000081000000| Updating 
|  17|0x0000000081100000, 0x0000000081200000, 0x0000000081200000|100%| O|  |TAMS 0x0000000081200000, 0x0000000081100000| Updating 
|  18|0x0000000081200000, 0x0000000081300000, 0x0000000081300000|100%| O|  |TAMS 0x0000000081300000, 0x0000000081200000| Updating 
|  19|0x0000000081300000, 0x0000000081400000, 0x0000000081400000|100%| O|  |TAMS 0x0000000081400000, 0x0000000081300000| Updating 
|  20|0x0000000081400000, 0x0000000081500000, 0x0000000081500000|100%| O|  |TAMS 0x0000000081500000, 0x0000000081400000| Updating 
|  21|0x0000000081500000, 0x0000000081600000, 0x0000000081600000|100%| O|  |TAMS 0x0000000081600000, 0x0000000081500000| Updating 
|  22|0x0000000081600000, 0x0000000081700000, 0x0000000081700000|100%| O|  |TAMS 0x0000000081700000, 0x0000000081600000| Updating 
|  23|0x0000000081700000, 0x0000000081800000, 0x0000000081800000|100%|HS|  |TAMS 0x0000000081800000, 0x0000000081700000| Complete 
|  24|0x0000000081800000, 0x0000000081900000, 0x0000000081900000|100%|HS|  |TAMS 0x0000000081900000, 0x0000000081800000| Complete 
|  25|0x0000000081900000, 0x0000000081a00000, 0x0000000081a00000|100%|HC|  |TAMS 0x0000000081a00000, 0x0000000081900000| Complete 
|  26|0x0000000081a00000, 0x0000000081b00000, 0x0000000081b00000|100%| O|  |TAMS 0x0000000081b00000, 0x0000000081a00000| Updating 
|  27|0x0000000081b00000, 0x0000000081c00000, 0x0000000081c00000|100%| O|  |TAMS 0x0000000081c00000, 0x0000000081b00000| Updating 
|  28|0x0000000081c00000, 0x0000000081d00000, 0x0000000081d00000|100%| O|  |TAMS 0x0000000081d00000, 0x0000000081c00000| Updating 
|  29|0x0000000081d00000, 0x0000000081e00000, 0x0000000081e00000|100%| O|  |TAMS 0x0000000081e00000, 0x0000000081d00000| Updating 
|  30|0x0000000081e00000, 0x0000000081f00000, 0x0000000081f00000|100%| O|  |TAMS 0x0000000081f00000, 0x0000000081e00000| Updating 
|  31|0x0000000081f00000, 0x0000000082000000, 0x0000000082000000|100%| O|  |TAMS 0x0000000082000000, 0x0000000081f00000| Updating 
|  32|0x0000000082000000, 0x0000000082100000, 0x0000000082100000|100%| O|  |TAMS 0x0000000082100000, 0x0000000082000000| Updating 
|  33|0x0000000082100000, 0x0000000082200000, 0x0000000082200000|100%| O|  |TAMS 0x0000000082200000, 0x0000000082100000| Updating 
|  34|0x0000000082200000, 0x0000000082300000, 0x0000000082300000|100%| O|  |TAMS 0x0000000082300000, 0x0000000082200000| Updating 
|  35|0x0000000082300000, 0x0000000082400000, 0x0000000082400000|100%| O|  |TAMS 0x0000000082400000, 0x0000000082300000| Updating 
|  36|0x0000000082400000, 0x0000000082500000, 0x0000000082500000|100%| O|  |TAMS 0x0000000082500000, 0x0000000082400000| Updating 
|  37|0x0000000082500000, 0x0000000082600000, 0x0000000082600000|100%| O|  |TAMS 0x0000000082600000, 0x0000000082500000| Updating 
|  38|0x0000000082600000, 0x0000000082700000, 0x0000000082700000|100%| O|  |TAMS 0x0000000082700000, 0x0000000082600000| Updating 
|  39|0x0000000082700000, 0x0000000082800000, 0x0000000082800000|100%| O|  |TAMS 0x0000000082800000, 0x0000000082700000| Updating 
|  40|0x0000000082800000, 0x0000000082900000, 0x0000000082900000|100%| O|  |TAMS 0x0000000082900000, 0x0000000082800000| Updating 
|  41|0x0000000082900000, 0x0000000082a00000, 0x0000000082a00000|100%| O|  |TAMS 0x0000000082a00000, 0x0000000082900000| Updating 
|  42|0x0000000082a00000, 0x0000000082b00000, 0x0000000082b00000|100%| O|  |TAMS 0x0000000082b00000, 0x0000000082a00000| Updating 
|  43|0x0000000082b00000, 0x0000000082c00000, 0x0000000082c00000|100%| O|  |TAMS 0x0000000082c00000, 0x0000000082b00000| Updating 
|  44|0x0000000082c00000, 0x0000000082d00000, 0x0000000082d00000|100%| O|  |TAMS 0x0000000082d00000, 0x0000000082c00000| Updating 
|  45|0x0000000082d00000, 0x0000000082e00000, 0x0000000082e00000|100%| O|  |TAMS 0x0000000082e00000, 0x0000000082d00000| Updating 
|  46|0x0000000082e00000, 0x0000000082f00000, 0x0000000082f00000|100%| O|  |TAMS 0x0000000082f00000, 0x0000000082e00000| Updating 
|  47|0x0000000082f00000, 0x0000000083000000, 0x0000000083000000|100%| O|  |TAMS 0x0000000083000000, 0x0000000082f00000| Updating 
|  48|0x0000000083000000, 0x0000000083100000, 0x0000000083100000|100%| O|  |TAMS 0x0000000083100000, 0x0000000083000000| Updating 
|  49|0x0000000083100000, 0x0000000083200000, 0x0000000083200000|100%| O|  |TAMS 0x0000000083200000, 0x0000000083100000| Updating 
|  50|0x0000000083200000, 0x0000000083300000, 0x0000000083300000|100%| O|  |TAMS 0x0000000083300000, 0x0000000083200000| Updating 
|  51|0x0000000083300000, 0x0000000083400000, 0x0000000083400000|100%| O|  |TAMS 0x0000000083400000, 0x0000000083300000| Updating 
|  52|0x0000000083400000, 0x0000000083500000, 0x0000000083500000|100%| O|  |TAMS 0x0000000083500000, 0x0000000083400000| Updating 
|  53|0x0000000083500000, 0x0000000083600000, 0x0000000083600000|100%| O|  |TAMS 0x0000000083600000, 0x0000000083500000| Updating 
|  54|0x0000000083600000, 0x0000000083700000, 0x0000000083700000|100%| O|  |TAMS 0x0000000083700000, 0x0000000083600000| Updating 
|  55|0x0000000083700000, 0x0000000083800000, 0x0000000083800000|100%| O|  |TAMS 0x0000000083800000, 0x0000000083700000| Updating 
|  56|0x0000000083800000, 0x0000000083900000, 0x0000000083900000|100%| O|  |TAMS 0x0000000083900000, 0x0000000083800000| Updating 
|  57|0x0000000083900000, 0x0000000083a00000, 0x0000000083a00000|100%| O|  |TAMS 0x0000000083a00000, 0x0000000083900000| Updating 
|  58|0x0000000083a00000, 0x0000000083b00000, 0x0000000083b00000|100%| O|  |TAMS 0x0000000083b00000, 0x0000000083a00000| Updating 
|  59|0x0000000083b00000, 0x0000000083c00000, 0x0000000083c00000|100%| O|  |TAMS 0x0000000083c00000, 0x0000000083b00000| Updating 
|  60|0x0000000083c00000, 0x0000000083d00000, 0x0000000083d00000|100%| O|  |TAMS 0x0000000083d00000, 0x0000000083c00000| Updating 
|  61|0x0000000083d00000, 0x0000000083e00000, 0x0000000083e00000|100%| O|  |TAMS 0x0000000083e00000, 0x0000000083d00000| Updating 
|  62|0x0000000083e00000, 0x0000000083f00000, 0x0000000083f00000|100%| O|  |TAMS 0x0000000083f00000, 0x0000000083e00000| Updating 
|  63|0x0000000083f00000, 0x0000000084000000, 0x0000000084000000|100%| O|  |TAMS 0x0000000084000000, 0x0000000083f00000| Updating 
|  64|0x0000000084000000, 0x0000000084100000, 0x0000000084100000|100%| O|  |TAMS 0x0000000084100000, 0x0000000084000000| Updating 
|  65|0x0000000084100000, 0x0000000084200000, 0x0000000084200000|100%| O|  |TAMS 0x0000000084200000, 0x0000000084100000| Updating 
|  66|0x0000000084200000, 0x0000000084300000, 0x0000000084300000|100%| O|  |TAMS 0x0000000084300000, 0x0000000084200000| Updating 
|  67|0x0000000084300000, 0x0000000084300000, 0x0000000084400000|  0%| F|  |TAMS 0x0000000084300000, 0x0000000084300000| Untracked 
|  68|0x0000000084400000, 0x0000000084500000, 0x0000000084500000|100%| O|  |TAMS 0x0000000084500000, 0x0000000084400000| Updating 
|  69|0x0000000084500000, 0x0000000084600000, 0x0000000084600000|100%| O|  |TAMS 0x0000000084600000, 0x0000000084500000| Updating 
|  70|0x0000000084600000, 0x0000000084700000, 0x0000000084700000|100%| O|  |TAMS 0x0000000084700000, 0x0000000084600000| Updating 
|  71|0x0000000084700000, 0x0000000084700000, 0x0000000084800000|  0%| F|  |TAMS 0x0000000084700000, 0x0000000084700000| Untracked 
|  72|0x0000000084800000, 0x0000000084800000, 0x0000000084900000|  0%| F|  |TAMS 0x0000000084800000, 0x0000000084800000| Untracked 
|  73|0x0000000084900000, 0x0000000084a00000, 0x0000000084a00000|100%| O|  |TAMS 0x0000000084a00000, 0x0000000084900000| Updating 
|  74|0x0000000084a00000, 0x0000000084b00000, 0x0000000084b00000|100%| O|  |TAMS 0x0000000084b00000, 0x0000000084a00000| Updating 
|  75|0x0000000084b00000, 0x0000000084c00000, 0x0000000084c00000|100%| O|  |TAMS 0x0000000084c00000, 0x0000000084b00000| Updating 
|  76|0x0000000084c00000, 0x0000000084d00000, 0x0000000084d00000|100%| O|  |TAMS 0x0000000084d00000, 0x0000000084c00000| Updating 
|  77|0x0000000084d00000, 0x0000000084e00000, 0x0000000084e00000|100%| O|  |TAMS 0x0000000084e00000, 0x0000000084d00000| Updating 
|  78|0x0000000084e00000, 0x0000000084e00000, 0x0000000084f00000|  0%| F|  |TAMS 0x0000000084e00000, 0x0000000084e00000| Untracked 
|  79|0x0000000084f00000, 0x0000000085000000, 0x0000000085000000|100%| O|  |TAMS 0x0000000085000000, 0x0000000084f00000| Updating 
|  80|0x0000000085000000, 0x0000000085100000, 0x0000000085100000|100%| O|  |TAMS 0x0000000085100000, 0x0000000085000000| Updating 
|  81|0x0000000085100000, 0x0000000085100000, 0x0000000085200000|  0%| F|  |TAMS 0x0000000085100000, 0x0000000085100000| Untracked 
|  82|0x0000000085200000, 0x0000000085200000, 0x0000000085300000|  0%| F|  |TAMS 0x0000000085200000, 0x0000000085200000| Untracked 
|  83|0x0000000085300000, 0x0000000085400000, 0x0000000085400000|100%| O|  |TAMS 0x0000000085400000, 0x0000000085300000| Updating 
|  84|0x0000000085400000, 0x0000000085400000, 0x0000000085500000|  0%| F|  |TAMS 0x0000000085400000, 0x0000000085400000| Untracked 
|  85|0x0000000085500000, 0x0000000085600000, 0x0000000085600000|100%| O|  |TAMS 0x0000000085600000, 0x0000000085500000| Updating 
|  86|0x0000000085600000, 0x0000000085600000, 0x0000000085700000|  0%| F|  |TAMS 0x0000000085600000, 0x0000000085600000| Untracked 
|  87|0x0000000085700000, 0x0000000085800000, 0x0000000085800000|100%| O|  |TAMS 0x0000000085800000, 0x0000000085700000| Updating 
|  88|0x0000000085800000, 0x0000000085900000, 0x0000000085900000|100%| O|  |TAMS 0x0000000085900000, 0x0000000085800000| Updating 
|  89|0x0000000085900000, 0x0000000085a00000, 0x0000000085a00000|100%| O|  |TAMS 0x0000000085a00000, 0x0000000085900000| Updating 
|  90|0x0000000085a00000, 0x0000000085a00000, 0x0000000085b00000|  0%| F|  |TAMS 0x0000000085a00000, 0x0000000085a00000| Untracked 
|  91|0x0000000085b00000, 0x0000000085c00000, 0x0000000085c00000|100%| O|  |TAMS 0x0000000085c00000, 0x0000000085b00000| Updating 
|  92|0x0000000085c00000, 0x0000000085d00000, 0x0000000085d00000|100%| O|  |TAMS 0x0000000085d00000, 0x0000000085c00000| Updating 
|  93|0x0000000085d00000, 0x0000000085d00000, 0x0000000085e00000|  0%| F|  |TAMS 0x0000000085d00000, 0x0000000085d00000| Untracked 
|  94|0x0000000085e00000, 0x0000000085f00000, 0x0000000085f00000|100%| O|  |TAMS 0x0000000085f00000, 0x0000000085e00000| Updating 
|  95|0x0000000085f00000, 0x0000000085f00000, 0x0000000086000000|  0%| F|  |TAMS 0x0000000085f00000, 0x0000000085f00000| Untracked 
|  96|0x0000000086000000, 0x0000000086100000, 0x0000000086100000|100%| O|  |TAMS 0x0000000086100000, 0x0000000086000000| Updating 
|  97|0x0000000086100000, 0x0000000086100000, 0x0000000086200000|  0%| F|  |TAMS 0x0000000086100000, 0x0000000086100000| Untracked 
|  98|0x0000000086200000, 0x0000000086300000, 0x0000000086300000|100%| O|  |TAMS 0x0000000086300000, 0x0000000086200000| Updating 
|  99|0x0000000086300000, 0x0000000086400000, 0x0000000086400000|100%| O|  |TAMS 0x0000000086400000, 0x0000000086300000| Updating 
| 100|0x0000000086400000, 0x0000000086500000, 0x0000000086500000|100%| O|  |TAMS 0x0000000086500000, 0x0000000086400000| Updating 
| 101|0x0000000086500000, 0x0000000086600000, 0x0000000086600000|100%| O|  |TAMS 0x0000000086600000, 0x0000000086500000| Updating 
| 102|0x0000000086600000, 0x0000000086700000, 0x0000000086700000|100%| O|  |TAMS 0x0000000086700000, 0x0000000086600000| Updating 
| 103|0x0000000086700000, 0x0000000086800000, 0x0000000086800000|100%| O|  |TAMS 0x0000000086800000, 0x0000000086700000| Updating 
| 104|0x0000000086800000, 0x00000000868f8600, 0x0000000086900000| 97%| O|  |TAMS 0x00000000868f8600, 0x0000000086800000| Updating 
| 105|0x0000000086900000, 0x0000000086900000, 0x0000000086a00000|  0%| F|  |TAMS 0x0000000086900000, 0x0000000086900000| Untracked 
| 106|0x0000000086a00000, 0x0000000086a00000, 0x0000000086b00000|  0%| F|  |TAMS 0x0000000086a00000, 0x0000000086a00000| Untracked 
| 107|0x0000000086b00000, 0x0000000086b00000, 0x0000000086c00000|  0%| F|  |TAMS 0x0000000086b00000, 0x0000000086b00000| Untracked 
| 108|0x0000000086c00000, 0x0000000086c00000, 0x0000000086d00000|  0%| F|  |TAMS 0x0000000086c00000, 0x0000000086c00000| Untracked 
| 109|0x0000000086d00000, 0x0000000086d00000, 0x0000000086e00000|  0%| F|  |TAMS 0x0000000086d00000, 0x0000000086d00000| Untracked 
| 110|0x0000000086e00000, 0x0000000086e00000, 0x0000000086f00000|  0%| F|  |TAMS 0x0000000086e00000, 0x0000000086e00000| Untracked 
| 111|0x0000000086f00000, 0x0000000086f00000, 0x0000000087000000|  0%| F|  |TAMS 0x0000000086f00000, 0x0000000086f00000| Untracked 
| 112|0x0000000087000000, 0x0000000087000000, 0x0000000087100000|  0%| F|  |TAMS 0x0000000087000000, 0x0000000087000000| Untracked 
| 113|0x0000000087100000, 0x0000000087100000, 0x0000000087200000|  0%| F|  |TAMS 0x0000000087100000, 0x0000000087100000| Untracked 
| 114|0x0000000087200000, 0x0000000087200000, 0x0000000087300000|  0%| F|  |TAMS 0x0000000087200000, 0x0000000087200000| Untracked 
| 115|0x0000000087300000, 0x0000000087300000, 0x0000000087400000|  0%| F|  |TAMS 0x0000000087300000, 0x0000000087300000| Untracked 
| 116|0x0000000087400000, 0x0000000087400000, 0x0000000087500000|  0%| F|  |TAMS 0x0000000087400000, 0x0000000087400000| Untracked 
| 117|0x0000000087500000, 0x0000000087500000, 0x0000000087600000|  0%| F|  |TAMS 0x0000000087500000, 0x0000000087500000| Untracked 
| 118|0x0000000087600000, 0x0000000087600000, 0x0000000087700000|  0%| F|  |TAMS 0x0000000087600000, 0x0000000087600000| Untracked 
| 119|0x0000000087700000, 0x0000000087700000, 0x0000000087800000|  0%| F|  |TAMS 0x0000000087700000, 0x0000000087700000| Untracked 
| 120|0x0000000087800000, 0x0000000087800000, 0x0000000087900000|  0%| F|  |TAMS 0x0000000087800000, 0x0000000087800000| Untracked 
| 121|0x0000000087900000, 0x0000000087900000, 0x0000000087a00000|  0%| F|  |TAMS 0x0000000087900000, 0x0000000087900000| Untracked 
| 122|0x0000000087a00000, 0x0000000087a00000, 0x0000000087b00000|  0%| F|  |TAMS 0x0000000087a00000, 0x0000000087a00000| Untracked 
| 123|0x0000000087b00000, 0x0000000087b00000, 0x0000000087c00000|  0%| F|  |TAMS 0x0000000087b00000, 0x0000000087b00000| Untracked 
| 124|0x0000000087c00000, 0x0000000087c00000, 0x0000000087d00000|  0%| F|  |TAMS 0x0000000087c00000, 0x0000000087c00000| Untracked 
| 125|0x0000000087d00000, 0x0000000087d00000, 0x0000000087e00000|  0%| F|  |TAMS 0x0000000087d00000, 0x0000000087d00000| Untracked 
| 126|0x0000000087e00000, 0x0000000087e00000, 0x0000000087f00000|  0%| F|  |TAMS 0x0000000087e00000, 0x0000000087e00000| Untracked 
| 127|0x0000000087f00000, 0x0000000087f00000, 0x0000000088000000|  0%| F|  |TAMS 0x0000000087f00000, 0x0000000087f00000| Untracked 
| 128|0x0000000088000000, 0x0000000088000000, 0x0000000088100000|  0%| F|  |TAMS 0x0000000088000000, 0x0000000088000000| Untracked 
| 129|0x0000000088100000, 0x0000000088100000, 0x0000000088200000|  0%| F|  |TAMS 0x0000000088100000, 0x0000000088100000| Untracked 
| 130|0x0000000088200000, 0x0000000088200000, 0x0000000088300000|  0%| F|  |TAMS 0x0000000088200000, 0x0000000088200000| Untracked 
| 131|0x0000000088300000, 0x0000000088300000, 0x0000000088400000|  0%| F|  |TAMS 0x0000000088300000, 0x0000000088300000| Untracked 
| 132|0x0000000088400000, 0x0000000088400000, 0x0000000088500000|  0%| F|  |TAMS 0x0000000088400000, 0x0000000088400000| Untracked 
| 133|0x0000000088500000, 0x0000000088500000, 0x0000000088600000|  0%| F|  |TAMS 0x0000000088500000, 0x0000000088500000| Untracked 
| 134|0x0000000088600000, 0x0000000088600000, 0x0000000088700000|  0%| F|  |TAMS 0x0000000088600000, 0x0000000088600000| Untracked 
| 135|0x0000000088700000, 0x0000000088700000, 0x0000000088800000|  0%| F|  |TAMS 0x0000000088700000, 0x0000000088700000| Untracked 
| 136|0x0000000088800000, 0x0000000088800000, 0x0000000088900000|  0%| F|  |TAMS 0x0000000088800000, 0x0000000088800000| Untracked 
| 137|0x0000000088900000, 0x0000000088900000, 0x0000000088a00000|  0%| F|  |TAMS 0x0000000088900000, 0x0000000088900000| Untracked 
| 138|0x0000000088a00000, 0x0000000088a00000, 0x0000000088b00000|  0%| F|  |TAMS 0x0000000088a00000, 0x0000000088a00000| Untracked 
| 139|0x0000000088b00000, 0x0000000088b00000, 0x0000000088c00000|  0%| F|  |TAMS 0x0000000088b00000, 0x0000000088b00000| Untracked 
| 140|0x0000000088c00000, 0x0000000088c00000, 0x0000000088d00000|  0%| F|  |TAMS 0x0000000088c00000, 0x0000000088c00000| Untracked 
| 141|0x0000000088d00000, 0x0000000088d00000, 0x0000000088e00000|  0%| F|  |TAMS 0x0000000088d00000, 0x0000000088d00000| Untracked 
| 142|0x0000000088e00000, 0x0000000088e00000, 0x0000000088f00000|  0%| F|  |TAMS 0x0000000088e00000, 0x0000000088e00000| Untracked 
| 143|0x0000000088f00000, 0x0000000088f00000, 0x0000000089000000|  0%| F|  |TAMS 0x0000000088f00000, 0x0000000088f00000| Untracked 
| 144|0x0000000089000000, 0x0000000089000000, 0x0000000089100000|  0%| F|  |TAMS 0x0000000089000000, 0x0000000089000000| Untracked 
| 145|0x0000000089100000, 0x0000000089100000, 0x0000000089200000|  0%| F|  |TAMS 0x0000000089100000, 0x0000000089100000| Untracked 
| 146|0x0000000089200000, 0x0000000089238e28, 0x0000000089300000| 22%| S|CS|TAMS 0x0000000089200000, 0x0000000089200000| Complete 
| 147|0x0000000089300000, 0x0000000089400000, 0x0000000089400000|100%| S|CS|TAMS 0x0000000089300000, 0x0000000089300000| Complete 
| 148|0x0000000089400000, 0x0000000089500000, 0x0000000089500000|100%| S|CS|TAMS 0x0000000089400000, 0x0000000089400000| Complete 
| 149|0x0000000089500000, 0x0000000089600000, 0x0000000089600000|100%| S|CS|TAMS 0x0000000089500000, 0x0000000089500000| Complete 
| 150|0x0000000089600000, 0x0000000089700000, 0x0000000089700000|100%| S|CS|TAMS 0x0000000089600000, 0x0000000089600000| Complete 
| 151|0x0000000089700000, 0x0000000089700000, 0x0000000089800000|  0%| F|  |TAMS 0x0000000089700000, 0x0000000089700000| Untracked 
| 152|0x0000000089800000, 0x0000000089800000, 0x0000000089900000|  0%| F|  |TAMS 0x0000000089800000, 0x0000000089800000| Untracked 
| 153|0x0000000089900000, 0x0000000089900000, 0x0000000089a00000|  0%| F|  |TAMS 0x0000000089900000, 0x0000000089900000| Untracked 
| 154|0x0000000089a00000, 0x0000000089a00000, 0x0000000089b00000|  0%| F|  |TAMS 0x0000000089a00000, 0x0000000089a00000| Untracked 
| 155|0x0000000089b00000, 0x0000000089b00000, 0x0000000089c00000|  0%| F|  |TAMS 0x0000000089b00000, 0x0000000089b00000| Untracked 
| 156|0x0000000089c00000, 0x0000000089c00000, 0x0000000089d00000|  0%| F|  |TAMS 0x0000000089c00000, 0x0000000089c00000| Untracked 
| 157|0x0000000089d00000, 0x0000000089d00000, 0x0000000089e00000|  0%| F|  |TAMS 0x0000000089d00000, 0x0000000089d00000| Untracked 
| 158|0x0000000089e00000, 0x0000000089e00000, 0x0000000089f00000|  0%| F|  |TAMS 0x0000000089e00000, 0x0000000089e00000| Untracked 
| 159|0x0000000089f00000, 0x0000000089f00000, 0x000000008a000000|  0%| F|  |TAMS 0x0000000089f00000, 0x0000000089f00000| Untracked 
| 160|0x000000008a000000, 0x000000008a000000, 0x000000008a100000|  0%| F|  |TAMS 0x000000008a000000, 0x000000008a000000| Untracked 
| 161|0x000000008a100000, 0x000000008a100000, 0x000000008a200000|  0%| F|  |TAMS 0x000000008a100000, 0x000000008a100000| Untracked 
| 162|0x000000008a200000, 0x000000008a200000, 0x000000008a300000|  0%| F|  |TAMS 0x000000008a200000, 0x000000008a200000| Untracked 
| 163|0x000000008a300000, 0x000000008a300000, 0x000000008a400000|  0%| F|  |TAMS 0x000000008a300000, 0x000000008a300000| Untracked 
| 164|0x000000008a400000, 0x000000008a400000, 0x000000008a500000|  0%| F|  |TAMS 0x000000008a400000, 0x000000008a400000| Untracked 
| 165|0x000000008a500000, 0x000000008a500000, 0x000000008a600000|  0%| F|  |TAMS 0x000000008a500000, 0x000000008a500000| Untracked 
| 166|0x000000008a600000, 0x000000008a600000, 0x000000008a700000|  0%| F|  |TAMS 0x000000008a600000, 0x000000008a600000| Untracked 
| 167|0x000000008a700000, 0x000000008a700000, 0x000000008a800000|  0%| F|  |TAMS 0x000000008a700000, 0x000000008a700000| Untracked 
| 168|0x000000008a800000, 0x000000008a800000, 0x000000008a900000|  0%| F|  |TAMS 0x000000008a800000, 0x000000008a800000| Untracked 
| 169|0x000000008a900000, 0x000000008a900000, 0x000000008aa00000|  0%| F|  |TAMS 0x000000008a900000, 0x000000008a900000| Untracked 
| 170|0x000000008aa00000, 0x000000008aa00000, 0x000000008ab00000|  0%| F|  |TAMS 0x000000008aa00000, 0x000000008aa00000| Untracked 
| 171|0x000000008ab00000, 0x000000008ab00000, 0x000000008ac00000|  0%| F|  |TAMS 0x000000008ab00000, 0x000000008ab00000| Untracked 
| 172|0x000000008ac00000, 0x000000008ac00000, 0x000000008ad00000|  0%| F|  |TAMS 0x000000008ac00000, 0x000000008ac00000| Untracked 
| 173|0x000000008ad00000, 0x000000008ad00000, 0x000000008ae00000|  0%| F|  |TAMS 0x000000008ad00000, 0x000000008ad00000| Untracked 
| 174|0x000000008ae00000, 0x000000008ae2b6f8, 0x000000008af00000| 16%| E|  |TAMS 0x000000008ae00000, 0x000000008ae00000| Complete 
| 175|0x000000008af00000, 0x000000008b000000, 0x000000008b000000|100%| E|CS|TAMS 0x000000008af00000, 0x000000008af00000| Complete 
| 176|0x000000008b000000, 0x000000008b100000, 0x000000008b100000|100%| E|CS|TAMS 0x000000008b000000, 0x000000008b000000| Complete 
| 177|0x000000008b100000, 0x000000008b200000, 0x000000008b200000|100%| E|CS|TAMS 0x000000008b100000, 0x000000008b100000| Complete 
| 178|0x000000008b200000, 0x000000008b300000, 0x000000008b300000|100%| E|CS|TAMS 0x000000008b200000, 0x000000008b200000| Complete 
| 179|0x000000008b300000, 0x000000008b400000, 0x000000008b400000|100%| E|CS|TAMS 0x000000008b300000, 0x000000008b300000| Complete 
| 180|0x000000008b400000, 0x000000008b500000, 0x000000008b500000|100%| E|CS|TAMS 0x000000008b400000, 0x000000008b400000| Complete 
| 181|0x000000008b500000, 0x000000008b600000, 0x000000008b600000|100%| E|CS|TAMS 0x000000008b500000, 0x000000008b500000| Complete 
| 182|0x000000008b600000, 0x000000008b700000, 0x000000008b700000|100%| E|CS|TAMS 0x000000008b600000, 0x000000008b600000| Complete 
| 183|0x000000008b700000, 0x000000008b800000, 0x000000008b800000|100%| E|CS|TAMS 0x000000008b700000, 0x000000008b700000| Complete 
| 184|0x000000008b800000, 0x000000008b900000, 0x000000008b900000|100%| E|CS|TAMS 0x000000008b800000, 0x000000008b800000| Complete 
| 185|0x000000008b900000, 0x000000008ba00000, 0x000000008ba00000|100%| E|CS|TAMS 0x000000008b900000, 0x000000008b900000| Complete 
| 186|0x000000008ba00000, 0x000000008bb00000, 0x000000008bb00000|100%| E|CS|TAMS 0x000000008ba00000, 0x000000008ba00000| Complete 
| 187|0x000000008bb00000, 0x000000008bc00000, 0x000000008bc00000|100%| E|CS|TAMS 0x000000008bb00000, 0x000000008bb00000| Complete 
| 188|0x000000008bc00000, 0x000000008bd00000, 0x000000008bd00000|100%| E|CS|TAMS 0x000000008bc00000, 0x000000008bc00000| Complete 
| 189|0x000000008bd00000, 0x000000008be00000, 0x000000008be00000|100%| E|CS|TAMS 0x000000008bd00000, 0x000000008bd00000| Complete 
| 190|0x000000008be00000, 0x000000008bf00000, 0x000000008bf00000|100%| E|CS|TAMS 0x000000008be00000, 0x000000008be00000| Complete 
| 191|0x000000008bf00000, 0x000000008c000000, 0x000000008c000000|100%| E|CS|TAMS 0x000000008bf00000, 0x000000008bf00000| Complete 
| 192|0x000000008c000000, 0x000000008c100000, 0x000000008c100000|100%| E|CS|TAMS 0x000000008c000000, 0x000000008c000000| Complete 
| 193|0x000000008c100000, 0x000000008c200000, 0x000000008c200000|100%| E|CS|TAMS 0x000000008c100000, 0x000000008c100000| Complete 
| 194|0x000000008c200000, 0x000000008c300000, 0x000000008c300000|100%| E|CS|TAMS 0x000000008c200000, 0x000000008c200000| Complete 

Card table byte_map: [0x0000020e4ef40000,0x0000020e4f340000] _byte_map_base: 0x0000020e4eb40000

Marking Bits (Prev, Next): (CMBitMap*) 0x0000020e3bbaac90, (CMBitMap*) 0x0000020e3bbaac58
 Prev Bits: [0x0000020e51740000, 0x0000020e53740000)
 Next Bits: [0x0000020e4f740000, 0x0000020e51740000)

Polling page: 0x0000020e3bc50000

Metaspace:

Usage:
  Non-class:     77.29 MB capacity,    76.00 MB ( 98%) used,     1.09 MB (  1%) free+waste,   213.38 KB ( <1%) overhead. 
      Class:     11.66 MB capacity,    10.96 MB ( 94%) used,   621.23 KB (  5%) free+waste,    94.50 KB ( <1%) overhead. 
       Both:     88.95 MB capacity,    86.96 MB ( 98%) used,     1.69 MB (  2%) free+waste,   307.88 KB ( <1%) overhead. 

Virtual space:
  Non-class space:       78.00 MB reserved,      77.45 MB (>99%) committed 
      Class space:        1.00 GB reserved,      11.75 MB (  1%) committed 
             Both:        1.08 GB reserved,      89.20 MB (  8%) committed 

Chunk freelists:
   Non-Class:  31.00 KB
       Class:  0 bytes
        Both:  31.00 KB

MaxMetaspaceSize: 17179869184.00 GB
CompressedClassSpaceSize: 1.00 GB

CodeHeap 'non-profiled nmethods': size=120064Kb used=5044Kb max_used=5044Kb free=115020Kb
 bounds [0x0000020e46fd0000, 0x0000020e474c0000, 0x0000020e4e510000]
CodeHeap 'profiled nmethods': size=120000Kb used=23846Kb max_used=23846Kb free=96154Kb
 bounds [0x0000020e3faa0000, 0x0000020e411f0000, 0x0000020e46fd0000]
CodeHeap 'non-nmethods': size=5696Kb used=2285Kb max_used=2365Kb free=3411Kb
 bounds [0x0000020e3f510000, 0x0000020e3f780000, 0x0000020e3faa0000]
 total_blobs=12305 nmethods=11422 adapters=792
 compilation: enabled
              stopped_count=0, restarted_count=0
 full_count=0

Compilation events (20 events):
Event: 37.038 Thread 0x0000020e55daf800 11879 %     3       com.google.protobuf.CodedOutputStream$AbstractBufferedEncoder::bufferUInt32NoTag @ 12 (183 bytes)
Event: 37.039 Thread 0x0000020e55daf800 nmethod 11879% 0x0000020e411e8590 code [0x0000020e411e87a0, 0x0000020e411e8d78]
Event: 37.039 Thread 0x0000020e55daf800 11880       2       com.android.aapt.Resources$Styleable::getSerializedSize (72 bytes)
Event: 37.040 Thread 0x0000020e55daf800 nmethod 11880 0x0000020e411e9090 code [0x0000020e411e92a0, 0x0000020e411e95b8]
Event: 37.041 Thread 0x0000020e55daf800 11881       3       com.google.protobuf.CodedOutputStream$AbstractBufferedEncoder::bufferUInt32NoTag (183 bytes)
Event: 37.041 Thread 0x0000020e55daf800 nmethod 11881 0x0000020e411e9790 code [0x0000020e411e99a0, 0x0000020e411e9ef8]
Event: 37.045 Thread 0x0000020e55daf800 11882       2       com.sun.org.apache.xerces.internal.utils.XMLSecurityPropertyManager$Property::equalsName (17 bytes)
Event: 37.045 Thread 0x0000020e55daf800 nmethod 11882 0x0000020e411ea190 code [0x0000020e411ea340, 0x0000020e411ea488]
Event: 37.051 Thread 0x0000020e55daf800 11883       1       com.android.aaptcompiler.ResourceTablePackage::getGroups$aaptcompiler (5 bytes)
Event: 37.052 Thread 0x0000020e55daf800 nmethod 11883 0x0000020e474bc710 code [0x0000020e474bc8c0, 0x0000020e474bc978]
Event: 37.075 Thread 0x0000020e55daf800 11885       1       com.android.aaptcompiler.buffer.BigBuffer$Block::getBlockSize$aaptcompiler (5 bytes)
Event: 37.075 Thread 0x0000020e55daf800 nmethod 11885 0x0000020e474bca10 code [0x0000020e474bcbc0, 0x0000020e474bcc78]
Event: 37.075 Thread 0x0000020e55daf800 11886       1       com.android.aaptcompiler.buffer.BigBuffer$Block::setSize$aaptcompiler (6 bytes)
Event: 37.075 Thread 0x0000020e55daf800 nmethod 11886 0x0000020e474bcd10 code [0x0000020e474bcec0, 0x0000020e474bcf78]
Event: 37.075 Thread 0x0000020e55daf800 11887       2       sun.nio.ch.FileChannelImpl::<init> (144 bytes)
Event: 37.076 Thread 0x0000020e55daf800 nmethod 11887 0x0000020e411ea590 code [0x0000020e411ea7a0, 0x0000020e411eb078]
Event: 37.088 Thread 0x0000020e55daf800 11888       2       jdk.internal.misc.Unsafe::convEndian (16 bytes)
Event: 37.088 Thread 0x0000020e55daf800 nmethod 11888 0x0000020e411eb310 code [0x0000020e411eb4c0, 0x0000020e411eb5d8]
Event: 37.098 Thread 0x0000020e55daf800 11890       2       kotlin.text.CharsKt__CharKt::equals (77 bytes)
Event: 37.098 Thread 0x0000020e55daf800 nmethod 11890 0x0000020e411eb690 code [0x0000020e411eb8a0, 0x0000020e411ebb58]

GC Heap History (20 events):
Event: 28.000 GC heap before
{Heap before GC invocations=29 (full 0):
 garbage-first heap   total 138240K, used 101609K [0x0000000080000000, 0x0000000100000000)
  region size 1024K, 41 young (41984K), 4 survivors (4096K)
 Metaspace       used 82429K, capacity 84350K, committed 84556K, reserved 1122304K
  class space    used 10709K, capacity 11374K, committed 11392K, reserved 1048576K
}
Event: 28.012 GC heap after
{Heap after GC invocations=30 (full 0):
 garbage-first heap   total 138240K, used 67207K [0x0000000080000000, 0x0000000100000000)
  region size 1024K, 5 young (5120K), 5 survivors (5120K)
 Metaspace       used 82429K, capacity 84350K, committed 84556K, reserved 1122304K
  class space    used 10709K, capacity 11374K, committed 11392K, reserved 1048576K
}
Event: 29.804 GC heap before
{Heap before GC invocations=31 (full 0):
 garbage-first heap   total 138240K, used 112263K [0x0000000080000000, 0x0000000100000000)
  region size 1024K, 49 young (50176K), 5 survivors (5120K)
 Metaspace       used 83595K, capacity 85570K, committed 85836K, reserved 1124352K
  class space    used 10847K, capacity 11561K, committed 11648K, reserved 1048576K
}
Event: 29.820 GC heap after
{Heap after GC invocations=32 (full 0):
 garbage-first heap   total 138240K, used 69549K [0x0000000080000000, 0x0000000100000000)
  region size 1024K, 5 young (5120K), 5 survivors (5120K)
 Metaspace       used 83595K, capacity 85570K, committed 85836K, reserved 1124352K
  class space    used 10847K, capacity 11561K, committed 11648K, reserved 1048576K
}
Event: 30.673 GC heap before
{Heap before GC invocations=32 (full 0):
 garbage-first heap   total 138240K, used 112557K [0x0000000080000000, 0x0000000100000000)
  region size 1024K, 47 young (48128K), 5 survivors (5120K)
 Metaspace       used 83896K, capacity 85902K, committed 86092K, reserved 1124352K
  class space    used 10847K, capacity 11561K, committed 11648K, reserved 1048576K
}
Event: 30.699 GC heap after
{Heap after GC invocations=33 (full 0):
 garbage-first heap   total 165888K, used 71504K [0x0000000080000000, 0x0000000100000000)
  region size 1024K, 5 young (5120K), 5 survivors (5120K)
 Metaspace       used 83896K, capacity 85902K, committed 86092K, reserved 1124352K
  class space    used 10847K, capacity 11561K, committed 11648K, reserved 1048576K
}
Event: 31.858 GC heap before
{Heap before GC invocations=34 (full 0):
 garbage-first heap   total 165888K, used 126800K [0x0000000080000000, 0x0000000100000000)
  region size 1024K, 60 young (61440K), 5 survivors (5120K)
 Metaspace       used 84000K, capacity 86080K, committed 86348K, reserved 1124352K
  class space    used 10844K, capacity 11556K, committed 11648K, reserved 1048576K
}
Event: 31.880 GC heap after
{Heap after GC invocations=35 (full 0):
 garbage-first heap   total 165888K, used 79030K [0x0000000080000000, 0x0000000100000000)
  region size 1024K, 8 young (8192K), 8 survivors (8192K)
 Metaspace       used 84000K, capacity 86080K, committed 86348K, reserved 1124352K
  class space    used 10844K, capacity 11556K, committed 11648K, reserved 1048576K
}
Event: 32.717 GC heap before
{Heap before GC invocations=35 (full 0):
 garbage-first heap   total 165888K, used 133302K [0x0000000080000000, 0x0000000100000000)
  region size 1024K, 59 young (60416K), 8 survivors (8192K)
 Metaspace       used 84040K, capacity 86080K, committed 86348K, reserved 1124352K
  class space    used 10844K, capacity 11556K, committed 11648K, reserved 1048576K
}
Event: 32.750 GC heap after
{Heap after GC invocations=36 (full 0):
 garbage-first heap   total 165888K, used 88984K [0x0000000080000000, 0x0000000100000000)
  region size 1024K, 8 young (8192K), 8 survivors (8192K)
 Metaspace       used 84040K, capacity 86080K, committed 86348K, reserved 1124352K
  class space    used 10844K, capacity 11556K, committed 11648K, reserved 1048576K
}
Event: 33.425 GC heap before
{Heap before GC invocations=36 (full 0):
 garbage-first heap   total 165888K, used 133016K [0x0000000080000000, 0x0000000100000000)
  region size 1024K, 51 young (52224K), 8 survivors (8192K)
 Metaspace       used 84411K, capacity 86441K, committed 86604K, reserved 1124352K
  class space    used 10877K, capacity 11590K, committed 11648K, reserved 1048576K
}
Event: 33.451 GC heap after
{Heap after GC invocations=37 (full 0):
 garbage-first heap   total 165888K, used 95578K [0x0000000080000000, 0x0000000100000000)
  region size 1024K, 6 young (6144K), 6 survivors (6144K)
 Metaspace       used 84411K, capacity 86441K, committed 86604K, reserved 1124352K
  class space    used 10877K, capacity 11590K, committed 11648K, reserved 1048576K
}
Event: 34.585 GC heap before
{Heap before GC invocations=38 (full 0):
 garbage-first heap   total 165888K, used 140634K [0x0000000080000000, 0x0000000100000000)
  region size 1024K, 43 young (44032K), 6 survivors (6144K)
 Metaspace       used 84592K, capacity 86579K, committed 86860K, reserved 1124352K
  class space    used 10889K, capacity 11593K, committed 11648K, reserved 1048576K
}
Event: 34.622 GC heap after
{Heap after GC invocations=39 (full 0):
 garbage-first heap   total 199680K, used 100975K [0x0000000080000000, 0x0000000100000000)
  region size 1024K, 6 young (6144K), 6 survivors (6144K)
 Metaspace       used 84592K, capacity 86579K, committed 86860K, reserved 1124352K
  class space    used 10889K, capacity 11593K, committed 11648K, reserved 1048576K
}
Event: 34.708 GC heap before
{Heap before GC invocations=39 (full 0):
 garbage-first heap   total 199680K, used 105071K [0x0000000080000000, 0x0000000100000000)
  region size 1024K, 11 young (11264K), 6 survivors (6144K)
 Metaspace       used 84593K, capacity 86579K, committed 86860K, reserved 1124352K
  class space    used 10889K, capacity 11593K, committed 11648K, reserved 1048576K
}
Event: 34.736 GC heap after
{Heap after GC invocations=40 (full 0):
 garbage-first heap   total 199680K, used 105551K [0x0000000080000000, 0x0000000100000000)
  region size 1024K, 5 young (5120K), 5 survivors (5120K)
 Metaspace       used 84593K, capacity 86579K, committed 86860K, reserved 1124352K
  class space    used 10889K, capacity 11593K, committed 11648K, reserved 1048576K
}
Event: 36.093 GC heap before
{Heap before GC invocations=41 (full 0):
 garbage-first heap   total 199680K, used 169039K [0x0000000080000000, 0x0000000100000000)
  region size 1024K, 50 young (51200K), 5 survivors (5120K)
 Metaspace       used 88074K, capacity 90142K, committed 90188K, reserved 1128448K
  class space    used 11166K, capacity 11904K, committed 11904K, reserved 1048576K
}
Event: 36.116 GC heap after
{Heap after GC invocations=42 (full 0):
 garbage-first heap   total 199680K, used 109930K [0x0000000080000000, 0x0000000100000000)
  region size 1024K, 6 young (6144K), 6 survivors (6144K)
 Metaspace       used 88074K, capacity 90142K, committed 90188K, reserved 1128448K
  class space    used 11166K, capacity 11904K, committed 11904K, reserved 1048576K
}
Event: 36.827 GC heap before
{Heap before GC invocations=42 (full 0):
 garbage-first heap   total 199680K, used 153962K [0x0000000080000000, 0x0000000100000000)
  region size 1024K, 50 young (51200K), 6 survivors (6144K)
 Metaspace       used 88863K, capacity 90897K, committed 91084K, reserved 1128448K
  class space    used 11213K, capacity 11940K, committed 12032K, reserved 1048576K
}
Event: 36.847 GC heap after
{Heap after GC invocations=43 (full 0):
 garbage-first heap   total 199680K, used 113861K [0x0000000080000000, 0x0000000100000000)
  region size 1024K, 5 young (5120K), 5 survivors (5120K)
 Metaspace       used 88863K, capacity 90897K, committed 91084K, reserved 1128448K
  class space    used 11213K, capacity 11940K, committed 12032K, reserved 1048576K
}

Deoptimization events (20 events):
Event: 36.636 Thread 0x0000020e5aa16000 DEOPT PACKING pc=0x0000020e4118028f sp=0x000000d1eb2fa3e0
Event: 36.636 Thread 0x0000020e5aa16000 DEOPT UNPACKING pc=0x0000020e3f5372ce sp=0x000000d1eb2f9908 mode 0
Event: 36.639 Thread 0x0000020e5aa16000 DEOPT PACKING pc=0x0000020e4118028f sp=0x000000d1eb2fa2e0
Event: 36.639 Thread 0x0000020e5aa16000 DEOPT UNPACKING pc=0x0000020e3f5372ce sp=0x000000d1eb2f9808 mode 0
Event: 36.639 Thread 0x0000020e5aa16000 DEOPT PACKING pc=0x0000020e40ff5bc9 sp=0x000000d1eb2f9eb0
Event: 36.639 Thread 0x0000020e5aa16000 DEOPT UNPACKING pc=0x0000020e3f5372ce sp=0x000000d1eb2f93f0 mode 0
Event: 36.654 Thread 0x0000020e5927b000 DEOPT PACKING pc=0x0000020e410b7b78 sp=0x000000d1eb6fd470
Event: 36.654 Thread 0x0000020e5927b000 DEOPT UNPACKING pc=0x0000020e3f5372ce sp=0x000000d1eb6fc930 mode 0
Event: 36.685 Thread 0x0000020e5927a000 DEOPT PACKING pc=0x0000020e40ff3d49 sp=0x000000d1eb5fd250
Event: 36.685 Thread 0x0000020e5927a000 DEOPT UNPACKING pc=0x0000020e3f5372ce sp=0x000000d1eb5fc6e0 mode 0
Event: 36.747 Thread 0x0000020e5927b000 DEOPT PACKING pc=0x0000020e40ff3d49 sp=0x000000d1eb6fd4c0
Event: 36.747 Thread 0x0000020e5927b000 DEOPT UNPACKING pc=0x0000020e3f5372ce sp=0x000000d1eb6fc950 mode 0
Event: 36.795 Thread 0x0000020e5ae1a000 DEOPT PACKING pc=0x0000020e4066236e sp=0x000000d1e47fc070
Event: 36.795 Thread 0x0000020e5ae1a000 DEOPT UNPACKING pc=0x0000020e3f5372ce sp=0x000000d1e47fb488 mode 0
Event: 37.001 Thread 0x0000020e5927b000 DEOPT PACKING pc=0x0000020e4105e314 sp=0x000000d1eb6fd4c0
Event: 37.001 Thread 0x0000020e5927b000 DEOPT UNPACKING pc=0x0000020e3f5372ce sp=0x000000d1eb6fc968 mode 0
Event: 37.004 Thread 0x0000020e569f4800 DEOPT PACKING pc=0x0000020e401020e0 sp=0x000000d1e3efe710
Event: 37.004 Thread 0x0000020e569f4800 DEOPT UNPACKING pc=0x0000020e3f5372ce sp=0x000000d1e3efdb98 mode 0
Event: 37.031 Thread 0x0000020e5927b000 DEOPT PACKING pc=0x0000020e4110c933 sp=0x000000d1eb6fcf90
Event: 37.031 Thread 0x0000020e5927b000 DEOPT UNPACKING pc=0x0000020e3f5372ce sp=0x000000d1eb6fc470 mode 0

Classes redefined (0 events):
No events

Internal exceptions (20 events):
Event: 22.804 Thread 0x0000020e56a71800 Exception <a 'java/lang/NoSuchMethodError'{0x0000000087cabe48}: <clinit>> (0x0000000087cabe48) thrown at [./src/hotspot/share/prims/jni.cpp, line 1362]
Event: 23.064 Thread 0x0000020e57e62000 Exception <a 'java/lang/NoSuchMethodError'{0x00000000875369d8}: 'java.lang.Object java.lang.invoke.Invokers$Holder.linkToTargetMethod(java.lang.Object, java.lang.Object, java.lang.Object, java.lang.Object, java.lang.Object, java.lang.Object, java.lang.Object)'> (0x00000000875369d8) thrown at [./src/hotspot/share/interpreter/linkResolver.cpp, line 773]
Event: 23.509 Thread 0x0000020e5aa15000 Exception <a 'sun/nio/fs/WindowsException'{0x00000000868c4488}> (0x00000000868c4488) thrown at [./src/hotspot/share/prims/jni.cpp, line 615]
Event: 23.521 Thread 0x0000020e5aa15000 Implicit null exception at 0x0000020e471b17b7 to 0x0000020e471b4218
Event: 23.531 Thread 0x0000020e5aa15000 Exception <a 'java/lang/IncompatibleClassChangeError'{0x00000000868e8fe8}: Found class java.lang.Object, but interface was expected> (0x00000000868e8fe8) thrown at [./src/hotspot/share/interpreter/linkResolver.cpp, line 839]
Event: 25.371 Thread 0x0000020e5aa15000 Exception <a 'java/lang/ClassNotFoundException'{0x0000000087fe0d38}: sun/misc/SharedSecrets> (0x0000000087fe0d38) thrown at [./src/hotspot/share/classfile/systemDictionary.cpp, line 231]
Event: 25.833 Thread 0x0000020e5ae16000 Exception <a 'java/lang/NoSuchMethodError'{0x0000000087697a38}: 'java.lang.Object java.lang.invoke.DirectMethodHandle$Holder.invokeSpecialIFC(java.lang.Object, java.lang.Object, java.lang.Object)'> (0x0000000087697a38) thrown at [./src/hotspot/share/interpreter/linkResolver.cpp, line 773]
Event: 25.833 Thread 0x0000020e5ae1c800 Exception <a 'java/lang/NoSuchMethodError'{0x0000000087669498}: 'java.lang.Object java.lang.invoke.DirectMethodHandle$Holder.invokeSpecialIFC(java.lang.Object, java.lang.Object, java.lang.Object)'> (0x0000000087669498) thrown at [./src/hotspot/share/interpreter/linkResolver.cpp, line 773]
Event: 27.868 Thread 0x0000020e5ae1a000 Implicit null exception at 0x0000020e4737ac38 to 0x0000020e4737c940
Event: 28.974 Thread 0x0000020e5aa0f800 Exception <a 'java/lang/NoSuchMethodError'{0x0000000086dca3a0}: 'java.lang.Object java.lang.invoke.DirectMethodHandle$Holder.invokeSpecial(java.lang.Object, java.lang.Object, int, java.lang.Object, java.lang.Object)'> (0x0000000086dca3a0) thrown at [./src/hotspot/share/interpreter/linkResolver.cpp, line 773]
Event: 28.975 Thread 0x0000020e5aa0f800 Exception <a 'java/lang/NoSuchMethodError'{0x0000000086dd2b80}: 'java.lang.Object java.lang.invoke.DirectMethodHandle$Holder.invokeStatic(java.lang.Object, java.lang.Object, int, java.lang.Object)'> (0x0000000086dd2b80) thrown at [./src/hotspot/share/interpreter/linkResolver.cpp, line 773]
Event: 28.976 Thread 0x0000020e5aa0f800 Exception <a 'java/lang/NoSuchMethodError'{0x0000000086dd6878}: 'java.lang.Object java.lang.invoke.Invokers$Holder.linkToTargetMethod(java.lang.Object, int, java.lang.Object, java.lang.Object)'> (0x0000000086dd6878) thrown at [./src/hotspot/share/interpreter/linkResolver.cpp, line 773]
Event: 28.981 Thread 0x0000020e5aa0f800 Exception <a 'java/lang/NoSuchMethodError'{0x0000000086dee4c8}: 'void java.lang.invoke.DirectMethodHandle$Holder.invokeVirtual(java.lang.Object, java.lang.Object)'> (0x0000000086dee4c8) thrown at [./src/hotspot/share/interpreter/linkResolver.cpp, line 773]
Event: 34.811 Thread 0x0000020e5aa0f800 Implicit null exception at 0x0000020e474640b7 to 0x0000020e47469a98
Event: 34.811 Thread 0x0000020e5aa0f800 Implicit null exception at 0x0000020e474640b7 to 0x0000020e47469a98
Event: 34.813 Thread 0x0000020e5aa0f800 Implicit null exception at 0x0000020e474640b7 to 0x0000020e47469a98
Event: 34.937 Thread 0x0000020e5aa0f800 Exception <a 'java/lang/NoSuchMethodError'{0x000000008bf3adb8}: <clinit>> (0x000000008bf3adb8) thrown at [./src/hotspot/share/prims/jni.cpp, line 1362]
Event: 34.998 Thread 0x0000020e5aa0f800 Exception <a 'java/lang/NoSuchMethodError'{0x000000008b77e758}: <clinit>> (0x000000008b77e758) thrown at [./src/hotspot/share/prims/jni.cpp, line 1362]
Event: 35.285 Thread 0x0000020e5aa15000 Exception <a 'java/lang/NoSuchMethodError'{0x000000008a551768}: <clinit>> (0x000000008a551768) thrown at [./src/hotspot/share/prims/jni.cpp, line 1362]
Event: 35.525 Thread 0x0000020e5ae1a000 Implicit null exception at 0x0000020e473a1c52 to 0x0000020e473a2058

Events (20 events):
Event: 36.821 loading class com/android/aapt/Resources$Id$Builder
Event: 36.821 loading class com/android/aapt/Resources$Id$Builder done
Event: 36.827 Executing VM operation: G1CollectForAllocation
Event: 36.848 Executing VM operation: G1CollectForAllocation done
Event: 36.875 loading class com/android/aapt/Resources$Primitive$EmptyType$1
Event: 36.875 loading class com/android/aapt/Resources$Primitive$EmptyType$1 done
Event: 36.876 loading class com/android/aapt/Resources$Primitive$EmptyType$Builder
Event: 36.876 loading class com/android/aapt/Resources$Primitive$EmptyType$Builder done
Event: 36.882 loading class com/android/aapt/Resources$Styleable$1
Event: 36.882 loading class com/android/aapt/Resources$Styleable$1 done
Event: 36.883 loading class com/android/aapt/Resources$Styleable$Builder
Event: 36.883 loading class com/android/aapt/Resources$Styleable$Builder done
Event: 36.884 loading class com/android/aapt/Resources$Styleable$Entry
Event: 36.884 loading class com/android/aapt/Resources$Styleable$Entry done
Event: 36.936 loading class com/android/aapt/Resources$Styleable$EntryOrBuilder
Event: 36.936 loading class com/android/aapt/Resources$Styleable$EntryOrBuilder done
Event: 36.942 loading class com/android/aapt/Resources$Styleable$Entry$1
Event: 36.942 loading class com/android/aapt/Resources$Styleable$Entry$1 done
Event: 36.942 loading class com/android/aapt/Resources$Styleable$Entry$Builder
Event: 36.942 loading class com/android/aapt/Resources$Styleable$Entry$Builder done


Dynamic libraries:
0x00007ff7e2d80000 - 0x00007ff7e2d8a000 	C:\Program Files\Android\Android Studio\jre\bin\java.exe
0x00007ffa14370000 - 0x00007ffa14565000 	C:\WINDOWS\SYSTEM32\ntdll.dll
0x00007ffa12c70000 - 0x00007ffa12d2d000 	C:\WINDOWS\System32\KERNEL32.DLL
0x00007ffa11b40000 - 0x00007ffa11e08000 	C:\WINDOWS\System32\KERNELBASE.dll
0x00007ffa12130000 - 0x00007ffa12230000 	C:\WINDOWS\System32\ucrtbase.dll
0x00007ffa0f320000 - 0x00007ffa0f339000 	C:\Program Files\Android\Android Studio\jre\bin\jli.dll
0x00007ffa0c660000 - 0x00007ffa0c677000 	C:\Program Files\Android\Android Studio\jre\bin\VCRUNTIME140.dll
0x00007ffa124a0000 - 0x00007ffa12640000 	C:\WINDOWS\System32\USER32.dll
0x00007ffa12100000 - 0x00007ffa12122000 	C:\WINDOWS\System32\win32u.dll
0x00007ffa04bd0000 - 0x00007ffa04e6a000 	C:\WINDOWS\WinSxS\amd64_microsoft.windows.common-controls_6595b64144ccf1df_6.0.19041.1052_none_60b8f8fd71f5e8cb\COMCTL32.dll
0x00007ffa14250000 - 0x00007ffa1427a000 	C:\WINDOWS\System32\GDI32.dll
0x00007ffa12230000 - 0x00007ffa1233b000 	C:\WINDOWS\System32\gdi32full.dll
0x00007ffa12bd0000 - 0x00007ffa12c6e000 	C:\WINDOWS\System32\msvcrt.dll
0x00007ffa12340000 - 0x00007ffa123dd000 	C:\WINDOWS\System32\msvcp_win.dll
0x00007ffa12b20000 - 0x00007ffa12b50000 	C:\WINDOWS\System32\IMM32.DLL
0x00007ffa00a20000 - 0x00007ffa00abd000 	C:\Program Files\Android\Android Studio\jre\bin\msvcp140.dll
0x00007ff9de7c0000 - 0x00007ff9df27c000 	C:\Program Files\Android\Android Studio\jre\bin\server\jvm.dll
0x00007ffa14280000 - 0x00007ffa1432c000 	C:\WINDOWS\System32\ADVAPI32.dll
0x00007ffa12700000 - 0x00007ffa1279b000 	C:\WINDOWS\System32\sechost.dll
0x00007ffa13f70000 - 0x00007ffa1409b000 	C:\WINDOWS\System32\RPCRT4.dll
0x00007ffa13f60000 - 0x00007ffa13f68000 	C:\WINDOWS\System32\PSAPI.DLL
0x00007ffa0d810000 - 0x00007ffa0d819000 	C:\WINDOWS\SYSTEM32\WSOCK32.dll
0x00007ffa05950000 - 0x00007ffa05977000 	C:\WINDOWS\SYSTEM32\WINMM.dll
0x00007ffa06090000 - 0x00007ffa0609a000 	C:\WINDOWS\SYSTEM32\VERSION.dll
0x00007ffa12df0000 - 0x00007ffa12e5b000 	C:\WINDOWS\System32\WS2_32.dll
0x00007ffa0fa00000 - 0x00007ffa0fa12000 	C:\WINDOWS\SYSTEM32\kernel.appcore.dll
0x00007ffa0cba0000 - 0x00007ffa0cbb1000 	C:\Program Files\Android\Android Studio\jre\bin\verify.dll
0x00007ffa03bc0000 - 0x00007ffa03da4000 	C:\WINDOWS\SYSTEM32\DBGHELP.DLL
0x00007ff9fadc0000 - 0x00007ff9fadec000 	C:\WINDOWS\SYSTEM32\dbgcore.DLL
0x00007ffa11ab0000 - 0x00007ffa11b33000 	C:\WINDOWS\System32\bcryptPrimitives.dll
0x00007ffa0cb70000 - 0x00007ffa0cb99000 	C:\Program Files\Android\Android Studio\jre\bin\java.dll
0x00007ffa0d800000 - 0x00007ffa0d80b000 	C:\Program Files\Android\Android Studio\jre\bin\jimage.dll
0x00007ffa0af20000 - 0x00007ffa0af38000 	C:\Program Files\Android\Android Studio\jre\bin\zip.dll
0x00007ffa13620000 - 0x00007ffa13d5f000 	C:\WINDOWS\System32\SHELL32.dll
0x00007ffa0fc00000 - 0x00007ffa10390000 	C:\WINDOWS\SYSTEM32\windows.storage.dll
0x00007ffa127c0000 - 0x00007ffa12b15000 	C:\WINDOWS\System32\combase.dll
0x00007ffa11450000 - 0x00007ffa1147c000 	C:\WINDOWS\SYSTEM32\Wldp.dll
0x00007ffa132e0000 - 0x00007ffa1338e000 	C:\WINDOWS\System32\SHCORE.dll
0x00007ffa126a0000 - 0x00007ffa126f5000 	C:\WINDOWS\System32\shlwapi.dll
0x00007ffa119f0000 - 0x00007ffa11a0f000 	C:\WINDOWS\SYSTEM32\profapi.dll
0x00007ffa03220000 - 0x00007ffa0323a000 	C:\Program Files\Android\Android Studio\jre\bin\net.dll
0x00007ffa064e0000 - 0x00007ffa065eb000 	C:\WINDOWS\SYSTEM32\WINHTTP.dll
0x00007ffa111c0000 - 0x00007ffa1122a000 	C:\WINDOWS\system32\mswsock.dll
0x00007ffa01e50000 - 0x00007ffa01e64000 	C:\Program Files\Android\Android Studio\jre\bin\nio.dll
0x00007ffa0c680000 - 0x00007ffa0c6a7000 	C:\Users\Admin\.gradle\native\fdc75f09e3144964f2cf3f50f0aa648679c211496f362492102eb8c894070792\windows-amd64\native-platform.dll
0x00007ff9e2c90000 - 0x00007ff9e2e26000 	C:\Users\Admin\.gradle\native\12488b8bf47d2d4c9fbf2f6322a914ad602e24e48041cd04a747c6da556b65c4\windows-amd64\native-platform-file-events.dll
0x00007ffa0d690000 - 0x00007ffa0d69a000 	C:\Program Files\Android\Android Studio\jre\bin\management.dll
0x00007ffa0d5b0000 - 0x00007ffa0d5bc000 	C:\Program Files\Android\Android Studio\jre\bin\management_ext.dll
0x00007ffa11390000 - 0x00007ffa113a8000 	C:\WINDOWS\SYSTEM32\CRYPTSP.dll
0x00007ffa10b60000 - 0x00007ffa10b94000 	C:\WINDOWS\system32\rsaenh.dll
0x00007ffa11e10000 - 0x00007ffa11e37000 	C:\WINDOWS\System32\bcrypt.dll
0x00007ffa11970000 - 0x00007ffa1199e000 	C:\WINDOWS\SYSTEM32\USERENV.dll
0x00007ffa113b0000 - 0x00007ffa113bc000 	C:\WINDOWS\SYSTEM32\CRYPTBASE.dll
0x00007ffa10eb0000 - 0x00007ffa10eeb000 	C:\WINDOWS\SYSTEM32\IPHLPAPI.DLL
0x00007ffa12de0000 - 0x00007ffa12de8000 	C:\WINDOWS\System32\NSI.dll
0x00007ffa08a30000 - 0x00007ffa08a47000 	C:\WINDOWS\SYSTEM32\dhcpcsvc6.DLL
0x00007ffa089f0000 - 0x00007ffa08a0d000 	C:\WINDOWS\SYSTEM32\dhcpcsvc.DLL
0x00007ffa10ef0000 - 0x00007ffa10fbc000 	C:\WINDOWS\SYSTEM32\DNSAPI.dll
0x00007ffa0a9d0000 - 0x00007ffa0a9db000 	C:\WINDOWS\SYSTEM32\WINNSI.DLL
0x00007ffa00b60000 - 0x00007ffa00b87000 	C:\Program Files\Android\Android Studio\jre\bin\sunec.dll
0x00007ff9f9e20000 - 0x00007ff9f9e37000 	C:\WINDOWS\system32\napinsp.dll
0x00007ff9f9e00000 - 0x00007ff9f9e1b000 	C:\WINDOWS\system32\pnrpnsp.dll
0x00007ff9f9de0000 - 0x00007ff9f9df5000 	C:\WINDOWS\system32\wshbth.dll
0x00007ffa0d560000 - 0x00007ffa0d57d000 	C:\WINDOWS\system32\NLAapi.dll
0x00007ff9f98b0000 - 0x00007ff9f98c2000 	C:\WINDOWS\System32\winrnr.dll
0x00007ffa06220000 - 0x00007ffa0622a000 	C:\Windows\System32\rasadhlp.dll
0x00007ffa06120000 - 0x00007ffa0619f000 	C:\WINDOWS\System32\fwpuclnt.dll

dbghelp: loaded successfully - version: 4.0.5 - missing functions: none
symbol engine: initialized successfully - sym options: 0x614 - pdb path: .;C:\Program Files\Android\Android Studio\jre\bin;C:\WINDOWS\SYSTEM32;C:\WINDOWS\WinSxS\amd64_microsoft.windows.common-controls_6595b64144ccf1df_6.0.19041.1052_none_60b8f8fd71f5e8cb;C:\Program Files\Android\Android Studio\jre\bin\server;C:\Users\Admin\.gradle\native\fdc75f09e3144964f2cf3f50f0aa648679c211496f362492102eb8c894070792\windows-amd64;C:\Users\Admin\.gradle\native\12488b8bf47d2d4c9fbf2f6322a914ad602e24e48041cd04a747c6da556b65c4\windows-amd64

VM Arguments:
jvm_args: --add-opens=java.base/java.util=ALL-UNNAMED --add-opens=java.base/java.lang=ALL-UNNAMED --add-opens=java.base/java.lang.invoke=ALL-UNNAMED --add-opens=java.prefs/java.util.prefs=ALL-UNNAMED -Xmx2048m -Dfile.encoding=UTF-8 -Duser.country=US -Duser.language=en -Duser.variant 
java_command: org.gradle.launcher.daemon.bootstrap.GradleDaemon 6.7.1
java_class_path (initial): C:\Users\Admin\.gradle\wrapper\dists\gradle-6.7.1-all\2moa8rlfac5eqlcfgk98k0deb\gradle-6.7.1\lib\gradle-launcher-6.7.1.jar
Launcher Type: SUN_STANDARD

[Global flags]
     intx CICompilerCount                          = 3                                         {product} {ergonomic}
     uint ConcGCThreads                            = 1                                         {product} {ergonomic}
     uint G1ConcRefinementThreads                  = 4                                         {product} {ergonomic}
   size_t G1HeapRegionSize                         = 1048576                                   {product} {ergonomic}
    uintx GCDrainStackTargetSize                   = 64                                        {product} {ergonomic}
   size_t InitialHeapSize                          = 67108864                                  {product} {ergonomic}
   size_t MarkStackSize                            = 4194304                                   {product} {ergonomic}
   size_t MaxHeapSize                              = 2147483648                                {product} {command line}
   size_t MaxNewSize                               = 1287651328                                {product} {ergonomic}
   size_t MinHeapDeltaBytes                        = 1048576                                   {product} {ergonomic}
    uintx NonNMethodCodeHeapSize                   = 5830732                                {pd product} {ergonomic}
    uintx NonProfiledCodeHeapSize                  = 122913754                              {pd product} {ergonomic}
    uintx ProfiledCodeHeapSize                     = 122913754                              {pd product} {ergonomic}
    uintx ReservedCodeCacheSize                    = 251658240                              {pd product} {ergonomic}
     bool SegmentedCodeCache                       = true                                      {product} {ergonomic}
     bool UseCompressedClassPointers               = true                                 {lp64_product} {ergonomic}
     bool UseCompressedOops                        = true                                 {lp64_product} {ergonomic}
     bool UseG1GC                                  = true                                      {product} {ergonomic}
     bool UseLargePagesIndividualAllocation        = false                                  {pd product} {ergonomic}

Logging:
Log output configuration:
 #0: stdout all=warning uptime,level,tags
 #1: stderr all=off uptime,level,tags

Environment Variables:
PATH=C:\Program Files\Common Files\Oracle\Java\javapath;C:\WINDOWS\system32;C:\WINDOWS;C:\WINDOWS\System32\Wbem;C:\WINDOWS\System32\WindowsPowerShell\v1.0\;C:\WINDOWS\System32\OpenSSH\;C:\Program Files\Java\jdk-15.0.1\bin;C:\Program Files\Microsoft SQL Server\130\Tools\Binn\;C:\Program Files\Git\cmd;C:\Program Files\Microsoft SQL Server\110\Tools\Binn\;C:\Program Files (x86)\Microsoft SQL Server\110\Tools\Binn\ManagementStudio\;C:\Program Files (x86)\Microsoft SQL Server\110\Tools\Binn\;C:\Program Files (x86)\Microsoft Visual Studio 10.0\Common7\IDE\PrivateAssemblies\;C:\Program Files (x86)\Microsoft SQL Server\110\DTS\Binn\;C:\Program Files\Microsoft SQL Server\110\DTS\Binn\;D:\NodeJs\;D:\apache-maven-3.6.0\bin;C:\Users\Admin\AppData\Local\Programs\Python\Python39\Scripts\;C:\Users\Admin\AppData\Local\Programs\Python\Python39\;C:\Users\Admin\AppData\Local\Microsoft\WindowsApps;C:\Users\Admin\AppData\Local\Programs\Microsoft VS Code\bin;C:\Users\Admin\AppData\Roaming\npm;
USERNAME=Admin
OS=Windows_NT
PROCESSOR_IDENTIFIER=Intel64 Family 6 Model 61 Stepping 4, GenuineIntel



---------------  S Y S T E M  ---------------

OS: Windows 10 , 64 bit Build 19041 (10.0.19041.1023)
OS uptime: 23 days 23:23 hours

CPU:total 4 (initial active 4) (2 cores per cpu, 2 threads per core) family 6 model 61 stepping 4, cmov, cx8, fxsr, mmx, sse, sse2, sse3, ssse3, sse4.1, sse4.2, popcnt, avx, avx2, aes, clmul, erms, 3dnowpref, lzcnt, ht, tsc, tscinvbit, bmi1, bmi2, adx, fma

Memory: 4k page, system-wide physical 4005M (280M free)
TotalPageFile size 15839M (AvailPageFile size 9M)
current process WorkingSet (physical memory assigned to process): 457M, peak: 457M
current process commit charge ("private bytes"): 488M, peak: 489M

vm_info: OpenJDK 64-Bit Server VM (11.0.8+10-b944.6842174) for windows-amd64 JRE (11.0.8+10-b944.6842174), built on Sep 19 2020 01:11:42 by "builder" with MS VC++ 14.0 (VS2015)

END.
